<?xml version="1.0" encoding="UTF-8"?>
<testsuites name="Run all test cases" time="2817" tests="49" failures="13" errors="0">
   <testsuite name="Run all test cases" tests="49" failures="13" errors="0" time="2817" timestamp="2019-05-23 10:09:39" hostname="MinhCuong - 192.168.112.29" id="Test Suites/Run all test cases">
      <properties>
         <property name="deviceName" value=""/>
         <property name="devicePlatform" value=""/>
         <property name="logFolder" value="D:\\HCMUS DATA\\Tern2-4th\\CCDNCTPTPM\\BT\\HW2\\Project\\TED_Team-Test_Project\\TED_Team-Test_Project\\Reports\\Run all test cases\\20190523_100936"/>
         <property name="logFiles" value="D:\\HCMUS DATA\\Tern2-4th\\CCDNCTPTPM\\BT\\HW2\\Project\\TED_Team-Test_Project\\TED_Team-Test_Project\\Reports\\Run all test cases\\20190523_100936\\execution0.log"/>
         <property name="attachments" value="D:\\HCMUS DATA\\Tern2-4th\\CCDNCTPTPM\\BT\\HW2\\Project\\TED_Team-Test_Project\\TED_Team-Test_Project\\Reports\\Run all test cases\\20190523_100936\\1558581275873.png, D:\\HCMUS DATA\\Tern2-4th\\CCDNCTPTPM\\BT\\HW2\\Project\\TED_Team-Test_Project\\TED_Team-Test_Project\\Reports\\Run all test cases\\20190523_100936\\1558581400971.png, D:\\HCMUS DATA\\Tern2-4th\\CCDNCTPTPM\\BT\\HW2\\Project\\TED_Team-Test_Project\\TED_Team-Test_Project\\Reports\\Run all test cases\\20190523_100936\\1558581513514.png, D:\\HCMUS DATA\\Tern2-4th\\CCDNCTPTPM\\BT\\HW2\\Project\\TED_Team-Test_Project\\TED_Team-Test_Project\\Reports\\Run all test cases\\20190523_100936\\1558581557520.png, D:\\HCMUS DATA\\Tern2-4th\\CCDNCTPTPM\\BT\\HW2\\Project\\TED_Team-Test_Project\\TED_Team-Test_Project\\Reports\\Run all test cases\\20190523_100936\\1558581600841.png, D:\\HCMUS DATA\\Tern2-4th\\CCDNCTPTPM\\BT\\HW2\\Project\\TED_Team-Test_Project\\TED_Team-Test_Project\\Reports\\Run all test cases\\20190523_100936\\1558581646668.png, D:\\HCMUS DATA\\Tern2-4th\\CCDNCTPTPM\\BT\\HW2\\Project\\TED_Team-Test_Project\\TED_Team-Test_Project\\Reports\\Run all test cases\\20190523_100936\\1558581700107.png, D:\\HCMUS DATA\\Tern2-4th\\CCDNCTPTPM\\BT\\HW2\\Project\\TED_Team-Test_Project\\TED_Team-Test_Project\\Reports\\Run all test cases\\20190523_100936\\1558581752824.png, D:\\HCMUS DATA\\Tern2-4th\\CCDNCTPTPM\\BT\\HW2\\Project\\TED_Team-Test_Project\\TED_Team-Test_Project\\Reports\\Run all test cases\\20190523_100936\\1558581808403.png, D:\\HCMUS DATA\\Tern2-4th\\CCDNCTPTPM\\BT\\HW2\\Project\\TED_Team-Test_Project\\TED_Team-Test_Project\\Reports\\Run all test cases\\20190523_100936\\1558581861909.png, D:\\HCMUS DATA\\Tern2-4th\\CCDNCTPTPM\\BT\\HW2\\Project\\TED_Team-Test_Project\\TED_Team-Test_Project\\Reports\\Run all test cases\\20190523_100936\\1558581917944.png, D:\\HCMUS DATA\\Tern2-4th\\CCDNCTPTPM\\BT\\HW2\\Project\\TED_Team-Test_Project\\TED_Team-Test_Project\\Reports\\Run all test cases\\20190523_100936\\1558581976309.png, D:\\HCMUS DATA\\Tern2-4th\\CCDNCTPTPM\\BT\\HW2\\Project\\TED_Team-Test_Project\\TED_Team-Test_Project\\Reports\\Run all test cases\\20190523_100936\\1558582036362.png, D:\\HCMUS DATA\\Tern2-4th\\CCDNCTPTPM\\BT\\HW2\\Project\\TED_Team-Test_Project\\TED_Team-Test_Project\\Reports\\Run all test cases\\20190523_100936\\1558582098078.png, D:\\HCMUS DATA\\Tern2-4th\\CCDNCTPTPM\\BT\\HW2\\Project\\TED_Team-Test_Project\\TED_Team-Test_Project\\Reports\\Run all test cases\\20190523_100936\\1558582157171.png, D:\\HCMUS DATA\\Tern2-4th\\CCDNCTPTPM\\BT\\HW2\\Project\\TED_Team-Test_Project\\TED_Team-Test_Project\\Reports\\Run all test cases\\20190523_100936\\1558583260196.png, D:\\HCMUS DATA\\Tern2-4th\\CCDNCTPTPM\\BT\\HW2\\Project\\TED_Team-Test_Project\\TED_Team-Test_Project\\Reports\\Run all test cases\\20190523_100936\\1558583313403.png, D:\\HCMUS DATA\\Tern2-4th\\CCDNCTPTPM\\BT\\HW2\\Project\\TED_Team-Test_Project\\TED_Team-Test_Project\\Reports\\Run all test cases\\20190523_100936\\1558583365329.png, D:\\HCMUS DATA\\Tern2-4th\\CCDNCTPTPM\\BT\\HW2\\Project\\TED_Team-Test_Project\\TED_Team-Test_Project\\Reports\\Run all test cases\\20190523_100936\\1558583417715.png, D:\\HCMUS DATA\\Tern2-4th\\CCDNCTPTPM\\BT\\HW2\\Project\\TED_Team-Test_Project\\TED_Team-Test_Project\\Reports\\Run all test cases\\20190523_100936\\1558583467606.png, D:\\HCMUS DATA\\Tern2-4th\\CCDNCTPTPM\\BT\\HW2\\Project\\TED_Team-Test_Project\\TED_Team-Test_Project\\Reports\\Run all test cases\\20190523_100936\\1558583528630.png, D:\\HCMUS DATA\\Tern2-4th\\CCDNCTPTPM\\BT\\HW2\\Project\\TED_Team-Test_Project\\TED_Team-Test_Project\\Reports\\Run all test cases\\20190523_100936\\1558583583144.png, D:\\HCMUS DATA\\Tern2-4th\\CCDNCTPTPM\\BT\\HW2\\Project\\TED_Team-Test_Project\\TED_Team-Test_Project\\Reports\\Run all test cases\\20190523_100936\\1558583634463.png, D:\\HCMUS DATA\\Tern2-4th\\CCDNCTPTPM\\BT\\HW2\\Project\\TED_Team-Test_Project\\TED_Team-Test_Project\\Reports\\Run all test cases\\20190523_100936\\1558583689331.png, D:\\HCMUS DATA\\Tern2-4th\\CCDNCTPTPM\\BT\\HW2\\Project\\TED_Team-Test_Project\\TED_Team-Test_Project\\Reports\\Run all test cases\\20190523_100936\\1558583742643.png, D:\\HCMUS DATA\\Tern2-4th\\CCDNCTPTPM\\BT\\HW2\\Project\\TED_Team-Test_Project\\TED_Team-Test_Project\\Reports\\Run all test cases\\20190523_100936\\1558583795290.png"/>
         <property name="hostName" value="MinhCuong - 192.168.112.29"/>
         <property name="os" value="Windows 10 64bit"/>
         <property name="katalonVersion" value="6.1.2.2"/>
         <property name="browser" value="Firefox 66.0"/>
         <property name="hostAddress" value="192.168.112.29"/>
         <property name="sessionId" value="a1f4219d-560b-403b-8d81-592d8b4abf2e"/>
         <property name="seleniumVersion" value="3.7.1"/>
         <property name="proxyInformation" value="ProxyInformation{proxyOption=NO_PROXY, proxyServerType=HTTP, password=, proxyServerAddress=, proxyServerPort=0}"/>
         <property name="platform" value="Windows 10"/>
      </properties>
      <testcase name="Test Cases/5 Test case using For/Login - Logout" classname="Test Cases/5 Test case using For/Login - Logout" status="PASSED">
         <system-out><![CDATA[2019-05-23 10:09:39 - [TEST_CASE][PASSED] - Test Cases/5 Test case using For/Login - Logout: Test Cases/5 Test case using For/Login - Logout

2019-05-23 10:09:40 - [TEST_STEP][PASSED] - openBrowser(""): Browser is opened with url: ''

2019-05-23 10:09:40 - [MESSAGE][INFO] - Starting 'Firefox' driver

2019-05-23 10:09:40 - [MESSAGE][INFO] - Action delay is set to 0 seconds

2019-05-23 10:09:45 - [MESSAGE][PASSED] - Browser is opened with url: ''

2019-05-23 10:09:45 - [TEST_STEP][PASSED] - navigateToUrl("http://127.0.0.1:3000/"): Navigate to 'http://127.0.0.1:3000/' successfully

2019-05-23 10:09:47 - [MESSAGE][PASSED] - Navigate to 'http://127.0.0.1:3000/' successfully

2019-05-23 10:09:47 - [TEST_STEP][PASSED] - click(findTestObject("Object Repository/Page_Spectrum/button_Log in or sign up")): Object: 'Object Repository/Page_Spectrum/button_Log in or sign up' is clicked on

2019-05-23 10:09:52 - [MESSAGE][PASSED] - Object: 'Object Repository/Page_Spectrum/button_Log in or sign up' is clicked on

2019-05-23 10:09:52 - [TEST_STEP][PASSED] - click(findTestObject("Object Repository/Page_Spectrum/span_Sign in with GitHub")): Object: 'Object Repository/Page_Spectrum/span_Sign in with GitHub' is clicked on

2019-05-23 10:10:06 - [MESSAGE][PASSED] - Object: 'Object Repository/Page_Spectrum/span_Sign in with GitHub' is clicked on

2019-05-23 10:10:06 - [TEST_STEP][PASSED] - setText(findTestObject("Object Repository/Page_Sign in to GitHub  GitHub/input_Username or email address_login"), "minhcuongit"): Text 'minhcuongit' is set on object 'Object Repository/Page_Sign in to GitHub  GitHub/input_Username or email address_login'

2019-05-23 10:10:06 - [MESSAGE][PASSED] - Text 'minhcuongit' is set on object 'Object Repository/Page_Sign in to GitHub  GitHub/input_Username or email address_login'

2019-05-23 10:10:06 - [TEST_STEP][PASSED] - setEncryptedText(findTestObject("Object Repository/Page_Sign in to GitHub  GitHub/input_Forgot password_password"), "9e5/e4jZbrkRPxL/am/6uYGu2iBUrIMS"): Text ****** has been set on object 'Object Repository/Page_Sign in to GitHub  GitHub/input_Forgot password_password'

2019-05-23 10:10:06 - [MESSAGE][PASSED] - Text ****** has been set on object 'Object Repository/Page_Sign in to GitHub  GitHub/input_Forgot password_password'

2019-05-23 10:10:06 - [TEST_STEP][PASSED] - click(findTestObject("Object Repository/Page_Sign in to GitHub  GitHub/input_Forgot password_commit")): Object: 'Object Repository/Page_Sign in to GitHub  GitHub/input_Forgot password_commit' is clicked on

2019-05-23 10:10:11 - [MESSAGE][PASSED] - Object: 'Object Repository/Page_Sign in to GitHub  GitHub/input_Forgot password_commit' is clicked on

2019-05-23 10:10:11 - [TEST_STEP][PASSED] - click(findTestObject("Object Repository/Page_Spectrum community/img_Explore_style__Img-u3znqr-3 kJsvJN")): Object: 'Object Repository/Page_Spectrum community/img_Explore_style__Img-u3znqr-3 kJsvJN' is clicked on

2019-05-23 10:10:17 - [MESSAGE][PASSED] - Object: 'Object Repository/Page_Spectrum community/img_Explore_style__Img-u3znqr-3 kJsvJN' is clicked on

2019-05-23 10:10:17 - [TEST_STEP][PASSED] - click(findTestObject("Object Repository/Page_TRN MINH CNG  tranminhcuong/button_Settings")): Object: 'Object Repository/Page_TRN MINH CNG  tranminhcuong/button_Settings' is clicked on

2019-05-23 10:10:18 - [MESSAGE][PASSED] - Object: 'Object Repository/Page_TRN MINH CNG  tranminhcuong/button_Settings' is clicked on

2019-05-23 10:10:18 - [TEST_STEP][PASSED] - click(findTestObject("Object Repository/Page_My settings/button_Log out")): Object: 'Object Repository/Page_My settings/button_Log out' is clicked on

2019-05-23 10:10:19 - [MESSAGE][PASSED] - Object: 'Object Repository/Page_My settings/button_Log out' is clicked on

2019-05-23 10:10:19 - [TEST_STEP][PASSED] - for ([i = 1, i <= 5, (i++)]): Object: 'Object Repository/Page_My settings/button_Log out' is clicked on

2019-05-23 10:10:19 - [TEST_STEP][PASSED] - click(findTestObject("Object Repository/Page_Spectrum/button_Log in or sign up")): Object: 'Object Repository/Page_Spectrum/button_Log in or sign up' is clicked on

2019-05-23 10:10:21 - [MESSAGE][PASSED] - Object: 'Object Repository/Page_Spectrum/button_Log in or sign up' is clicked on

2019-05-23 10:10:21 - [TEST_STEP][PASSED] - click(findTestObject("Object Repository/Page_Spectrum/span_Sign in with GitHub")): Object: 'Object Repository/Page_Spectrum/span_Sign in with GitHub' is clicked on

2019-05-23 10:10:25 - [MESSAGE][PASSED] - Object: 'Object Repository/Page_Spectrum/span_Sign in with GitHub' is clicked on

2019-05-23 10:10:25 - [TEST_STEP][PASSED] - click(findTestObject("Object Repository/Page_Spectrum community/img_Explore_style__Img-u3znqr-3 kJsvJN")): Object: 'Object Repository/Page_Spectrum community/img_Explore_style__Img-u3znqr-3 kJsvJN' is clicked on

2019-05-23 10:10:29 - [MESSAGE][PASSED] - Object: 'Object Repository/Page_Spectrum community/img_Explore_style__Img-u3znqr-3 kJsvJN' is clicked on

2019-05-23 10:10:29 - [TEST_STEP][PASSED] - click(findTestObject("Object Repository/Page_TRN MINH CNG  tranminhcuong/button_Settings")): Object: 'Object Repository/Page_TRN MINH CNG  tranminhcuong/button_Settings' is clicked on

2019-05-23 10:10:30 - [MESSAGE][PASSED] - Object: 'Object Repository/Page_TRN MINH CNG  tranminhcuong/button_Settings' is clicked on

2019-05-23 10:10:30 - [TEST_STEP][PASSED] - click(findTestObject("Object Repository/Page_My settings/button_Log out")): Object: 'Object Repository/Page_My settings/button_Log out' is clicked on

2019-05-23 10:10:31 - [MESSAGE][PASSED] - Object: 'Object Repository/Page_My settings/button_Log out' is clicked on

2019-05-23 10:10:31 - [TEST_STEP][PASSED] - click(findTestObject("Object Repository/Page_Spectrum/button_Log in or sign up")): Object: 'Object Repository/Page_Spectrum/button_Log in or sign up' is clicked on

2019-05-23 10:10:34 - [MESSAGE][PASSED] - Object: 'Object Repository/Page_Spectrum/button_Log in or sign up' is clicked on

2019-05-23 10:10:34 - [TEST_STEP][PASSED] - click(findTestObject("Object Repository/Page_Spectrum/span_Sign in with GitHub")): Object: 'Object Repository/Page_Spectrum/span_Sign in with GitHub' is clicked on

2019-05-23 10:10:39 - [MESSAGE][PASSED] - Object: 'Object Repository/Page_Spectrum/span_Sign in with GitHub' is clicked on

2019-05-23 10:10:39 - [TEST_STEP][PASSED] - click(findTestObject("Object Repository/Page_Spectrum community/img_Explore_style__Img-u3znqr-3 kJsvJN")): Object: 'Object Repository/Page_Spectrum community/img_Explore_style__Img-u3znqr-3 kJsvJN' is clicked on

2019-05-23 10:10:45 - [MESSAGE][PASSED] - Object: 'Object Repository/Page_Spectrum community/img_Explore_style__Img-u3znqr-3 kJsvJN' is clicked on

2019-05-23 10:10:45 - [TEST_STEP][PASSED] - click(findTestObject("Object Repository/Page_TRN MINH CNG  tranminhcuong/button_Settings")): Object: 'Object Repository/Page_TRN MINH CNG  tranminhcuong/button_Settings' is clicked on

2019-05-23 10:10:49 - [MESSAGE][PASSED] - Object: 'Object Repository/Page_TRN MINH CNG  tranminhcuong/button_Settings' is clicked on

2019-05-23 10:10:49 - [TEST_STEP][PASSED] - click(findTestObject("Object Repository/Page_My settings/button_Log out")): Object: 'Object Repository/Page_My settings/button_Log out' is clicked on

2019-05-23 10:10:50 - [MESSAGE][PASSED] - Object: 'Object Repository/Page_My settings/button_Log out' is clicked on

2019-05-23 10:10:50 - [TEST_STEP][PASSED] - click(findTestObject("Object Repository/Page_Spectrum/button_Log in or sign up")): Object: 'Object Repository/Page_Spectrum/button_Log in or sign up' is clicked on

2019-05-23 10:10:52 - [MESSAGE][PASSED] - Object: 'Object Repository/Page_Spectrum/button_Log in or sign up' is clicked on

2019-05-23 10:10:52 - [TEST_STEP][PASSED] - click(findTestObject("Object Repository/Page_Spectrum/span_Sign in with GitHub")): Object: 'Object Repository/Page_Spectrum/span_Sign in with GitHub' is clicked on

2019-05-23 10:10:56 - [MESSAGE][PASSED] - Object: 'Object Repository/Page_Spectrum/span_Sign in with GitHub' is clicked on

2019-05-23 10:10:56 - [TEST_STEP][PASSED] - click(findTestObject("Object Repository/Page_Spectrum community/img_Explore_style__Img-u3znqr-3 kJsvJN")): Object: 'Object Repository/Page_Spectrum community/img_Explore_style__Img-u3znqr-3 kJsvJN' is clicked on

2019-05-23 10:11:01 - [MESSAGE][PASSED] - Object: 'Object Repository/Page_Spectrum community/img_Explore_style__Img-u3znqr-3 kJsvJN' is clicked on

2019-05-23 10:11:01 - [TEST_STEP][PASSED] - click(findTestObject("Object Repository/Page_TRN MINH CNG  tranminhcuong/button_Settings")): Object: 'Object Repository/Page_TRN MINH CNG  tranminhcuong/button_Settings' is clicked on

2019-05-23 10:11:03 - [MESSAGE][PASSED] - Object: 'Object Repository/Page_TRN MINH CNG  tranminhcuong/button_Settings' is clicked on

2019-05-23 10:11:03 - [TEST_STEP][PASSED] - click(findTestObject("Object Repository/Page_My settings/button_Log out")): Object: 'Object Repository/Page_My settings/button_Log out' is clicked on

2019-05-23 10:11:05 - [MESSAGE][PASSED] - Object: 'Object Repository/Page_My settings/button_Log out' is clicked on

2019-05-23 10:11:05 - [TEST_STEP][PASSED] - click(findTestObject("Object Repository/Page_Spectrum/button_Log in or sign up")): Object: 'Object Repository/Page_Spectrum/button_Log in or sign up' is clicked on

2019-05-23 10:11:07 - [MESSAGE][PASSED] - Object: 'Object Repository/Page_Spectrum/button_Log in or sign up' is clicked on

2019-05-23 10:11:07 - [TEST_STEP][PASSED] - click(findTestObject("Object Repository/Page_Spectrum/span_Sign in with GitHub")): Object: 'Object Repository/Page_Spectrum/span_Sign in with GitHub' is clicked on

2019-05-23 10:11:10 - [MESSAGE][PASSED] - Object: 'Object Repository/Page_Spectrum/span_Sign in with GitHub' is clicked on

2019-05-23 10:11:10 - [TEST_STEP][PASSED] - click(findTestObject("Object Repository/Page_Spectrum community/img_Explore_style__Img-u3znqr-3 kJsvJN")): Object: 'Object Repository/Page_Spectrum community/img_Explore_style__Img-u3znqr-3 kJsvJN' is clicked on

2019-05-23 10:11:15 - [MESSAGE][PASSED] - Object: 'Object Repository/Page_Spectrum community/img_Explore_style__Img-u3znqr-3 kJsvJN' is clicked on

2019-05-23 10:11:15 - [TEST_STEP][PASSED] - click(findTestObject("Object Repository/Page_TRN MINH CNG  tranminhcuong/button_Settings")): Object: 'Object Repository/Page_TRN MINH CNG  tranminhcuong/button_Settings' is clicked on

2019-05-23 10:11:16 - [MESSAGE][PASSED] - Object: 'Object Repository/Page_TRN MINH CNG  tranminhcuong/button_Settings' is clicked on

2019-05-23 10:11:16 - [TEST_STEP][PASSED] - click(findTestObject("Object Repository/Page_My settings/button_Log out")): Object: 'Object Repository/Page_My settings/button_Log out' is clicked on

2019-05-23 10:11:18 - [MESSAGE][PASSED] - Object: 'Object Repository/Page_My settings/button_Log out' is clicked on

2019-05-23 10:11:18 - [TEST_STEP][PASSED] - click(findTestObject("Object Repository/Page_Spectrum/button_Log in or sign up")): Object: 'Object Repository/Page_Spectrum/button_Log in or sign up' is clicked on

2019-05-23 10:11:20 - [MESSAGE][PASSED] - Object: 'Object Repository/Page_Spectrum/button_Log in or sign up' is clicked on

2019-05-23 10:11:20 - [TEST_STEP][PASSED] - click(findTestObject("Object Repository/Page_Spectrum/span_Sign in with GitHub")): Object: 'Object Repository/Page_Spectrum/span_Sign in with GitHub' is clicked on

2019-05-23 10:11:24 - [MESSAGE][PASSED] - Object: 'Object Repository/Page_Spectrum/span_Sign in with GitHub' is clicked on

2019-05-23 10:11:24 - [TEST_STEP][PASSED] - click(findTestObject("Object Repository/Page_Spectrum community/img_Explore_style__Img-u3znqr-3 kJsvJN")): Object: 'Object Repository/Page_Spectrum community/img_Explore_style__Img-u3znqr-3 kJsvJN' is clicked on

2019-05-23 10:11:29 - [MESSAGE][PASSED] - Object: 'Object Repository/Page_Spectrum community/img_Explore_style__Img-u3znqr-3 kJsvJN' is clicked on

2019-05-23 10:11:29 - [TEST_STEP][PASSED] - click(findTestObject("Object Repository/Page_TRN MINH CNG  tranminhcuong/button_Settings")): Object: 'Object Repository/Page_TRN MINH CNG  tranminhcuong/button_Settings' is clicked on

2019-05-23 10:11:30 - [MESSAGE][PASSED] - Object: 'Object Repository/Page_TRN MINH CNG  tranminhcuong/button_Settings' is clicked on

2019-05-23 10:11:30 - [TEST_STEP][PASSED] - click(findTestObject("Object Repository/Page_My settings/button_Log out")): Object: 'Object Repository/Page_My settings/button_Log out' is clicked on

2019-05-23 10:11:32 - [MESSAGE][PASSED] - Object: 'Object Repository/Page_My settings/button_Log out' is clicked on

2019-05-23 10:11:32 - [TEST_STEP][PASSED] - closeBrowser(): Browser is closed

2019-05-23 10:11:33 - [MESSAGE][PASSED] - Browser is closed]]></system-out>
         <system-err><![CDATA[]]></system-err>
      </testcase>
      <testcase name="Test Cases/5 Test case using If/Leave Spectrum Comunity Using If" classname="Test Cases/5 Test case using If/Leave Spectrum Comunity Using If" status="PASSED">
         <system-out><![CDATA[2019-05-23 10:11:34 - [TEST_CASE][PASSED] - Test Cases/5 Test case using If/Leave Spectrum Comunity Using If: Test Cases/5 Test case using If/Leave Spectrum Comunity Using If

2019-05-23 10:11:34 - [TEST_STEP][PASSED] - openBrowser(""): Browser is opened with url: ''

2019-05-23 10:11:34 - [MESSAGE][INFO] - Starting 'Firefox' driver

2019-05-23 10:11:38 - [MESSAGE][PASSED] - Browser is opened with url: ''

2019-05-23 10:11:38 - [TEST_STEP][PASSED] - navigateToUrl("http://127.0.0.1:3000/"): Navigate to 'http://127.0.0.1:3000/' successfully

2019-05-23 10:11:40 - [MESSAGE][PASSED] - Navigate to 'http://127.0.0.1:3000/' successfully

2019-05-23 10:11:40 - [TEST_STEP][PASSED] - click(findTestObject("Page_Spectrum/button_Log in or sign up")): Object: 'Object Repository/Page_Spectrum/button_Log in or sign up' is clicked on

2019-05-23 10:11:47 - [MESSAGE][PASSED] - Object: 'Object Repository/Page_Spectrum/button_Log in or sign up' is clicked on

2019-05-23 10:11:47 - [TEST_STEP][PASSED] - click(findTestObject("Page_Spectrum/span_Sign in with GitHub")): Object: 'Object Repository/Page_Spectrum/span_Sign in with GitHub' is clicked on

2019-05-23 10:12:01 - [MESSAGE][PASSED] - Object: 'Object Repository/Page_Spectrum/span_Sign in with GitHub' is clicked on

2019-05-23 10:12:01 - [TEST_STEP][PASSED] - setText(findTestObject("Page_Sign in to GitHub  GitHub/input_Username or email address_login"), "minhcuongit"): Text 'minhcuongit' is set on object 'Object Repository/Page_Sign in to GitHub  GitHub/input_Username or email address_login'

2019-05-23 10:12:01 - [MESSAGE][PASSED] - Text 'minhcuongit' is set on object 'Object Repository/Page_Sign in to GitHub  GitHub/input_Username or email address_login'

2019-05-23 10:12:01 - [TEST_STEP][PASSED] - setEncryptedText(findTestObject("Page_Sign in to GitHub  GitHub/input_Forgot password_password"), "9e5/e4jZbrkRPxL/am/6uYGu2iBUrIMS"): Text ****** has been set on object 'Object Repository/Page_Sign in to GitHub  GitHub/input_Forgot password_password'

2019-05-23 10:12:01 - [MESSAGE][PASSED] - Text ****** has been set on object 'Object Repository/Page_Sign in to GitHub  GitHub/input_Forgot password_password'

2019-05-23 10:12:01 - [TEST_STEP][PASSED] - click(findTestObject("Page_Sign in to GitHub  GitHub/input_Forgot password_commit")): Object: 'Object Repository/Page_Sign in to GitHub  GitHub/input_Forgot password_commit' is clicked on

2019-05-23 10:12:07 - [MESSAGE][PASSED] - Object: 'Object Repository/Page_Sign in to GitHub  GitHub/input_Forgot password_commit' is clicked on

2019-05-23 10:12:07 - [TEST_STEP][PASSED] - navigateToUrl("http://localhost:3000/explore"): Navigate to 'http://localhost:3000/explore' successfully

2019-05-23 10:12:10 - [MESSAGE][PASSED] - Navigate to 'http://localhost:3000/explore' successfully

2019-05-23 10:12:10 - [TEST_STEP][PASSED] - if (verifyElementNotPresent(findTestObject("Object Repository/Page_Explore/button_Leave community_Ok"), 25, OPTIONAL) == true): You was not join in this community!

2019-05-23 10:12:11 - [MESSAGE][PASSED] - Web element with id: 'Object Repository/Page_Explore/button_Leave community_Ok' located by 'By.xpath: id("main")/div[@class="view__ChartGrid-sc-12swjr9-0 fyLzUC"]/div[@class="style__Collections-sc-839mu6-34 jWcRsz"]/div[@class="style__CollectionWrapper-sc-839mu6-35 jDQNvP"]/div[1]/div[@class="globals__FlexCol-sc-1izft7s-15 style__ListWithTitle-sc-839mu6-30 gAPDWa"]/div[@class="globals__FlexRow-sc-1izft7s-14 style__ListWrapper-sc-839mu6-32 hJkIIp"]/section[@class="style__ProfileCardWrapper-sc-839mu6-37 hCqkju"]/div[@class="style__ProfileContainer-sc-1glfqlb-0 dawKyj"]/div[@class="style__ActionsRowContainer-sc-1glfqlb-4 iLxJmN"]/button[@class="style__StyledButton-sc-1g5bc3a-2 style__StyledOutlineButton-sc-1g5bc3a-7 ezARMi"][count(. | //button[@data-cy = 'leave-community-button']) = count(//button[@data-cy = 'leave-community-button'])]' is not present after '25' second(s)

2019-05-23 10:12:11 - [TEST_STEP][PASSED] - comment("You was not join in this community!"): You was not join in this community!

2019-05-23 10:12:11 - [MESSAGE][INFO] - You was not join in this community!]]></system-out>
         <system-err><![CDATA[]]></system-err>
      </testcase>
      <testcase name="Test Cases/5 Test case using For/Login - Logout" classname="Test Cases/5 Test case using For/Login - Logout" status="PASSED">
         <system-out><![CDATA[2019-05-23 10:12:11 - [TEST_CASE][PASSED] - Test Cases/5 Test case using For/Login - Logout: Test Cases/5 Test case using For/Login - Logout

2019-05-23 10:12:11 - [TEST_STEP][PASSED] - openBrowser(""): Browser is opened with url: ''

2019-05-23 10:12:11 - [MESSAGE][WARNING] - A browser is already opened. Closing browser and opening a new one

2019-05-23 10:12:12 - [MESSAGE][INFO] - Starting 'Firefox' driver

2019-05-23 10:12:15 - [MESSAGE][PASSED] - Browser is opened with url: ''

2019-05-23 10:12:15 - [TEST_STEP][PASSED] - navigateToUrl("http://127.0.0.1:3000/"): Navigate to 'http://127.0.0.1:3000/' successfully

2019-05-23 10:12:16 - [MESSAGE][PASSED] - Navigate to 'http://127.0.0.1:3000/' successfully

2019-05-23 10:12:16 - [TEST_STEP][PASSED] - click(findTestObject("Object Repository/Page_Spectrum/button_Log in or sign up")): Object: 'Object Repository/Page_Spectrum/button_Log in or sign up' is clicked on

2019-05-23 10:12:30 - [MESSAGE][PASSED] - Object: 'Object Repository/Page_Spectrum/button_Log in or sign up' is clicked on

2019-05-23 10:12:30 - [TEST_STEP][PASSED] - click(findTestObject("Object Repository/Page_Spectrum/span_Sign in with GitHub")): Object: 'Object Repository/Page_Spectrum/span_Sign in with GitHub' is clicked on

2019-05-23 10:12:39 - [MESSAGE][PASSED] - Object: 'Object Repository/Page_Spectrum/span_Sign in with GitHub' is clicked on

2019-05-23 10:12:39 - [TEST_STEP][PASSED] - setText(findTestObject("Object Repository/Page_Sign in to GitHub  GitHub/input_Username or email address_login"), "minhcuongit"): Text 'minhcuongit' is set on object 'Object Repository/Page_Sign in to GitHub  GitHub/input_Username or email address_login'

2019-05-23 10:12:39 - [MESSAGE][PASSED] - Text 'minhcuongit' is set on object 'Object Repository/Page_Sign in to GitHub  GitHub/input_Username or email address_login'

2019-05-23 10:12:39 - [TEST_STEP][PASSED] - setEncryptedText(findTestObject("Object Repository/Page_Sign in to GitHub  GitHub/input_Forgot password_password"), "9e5/e4jZbrkRPxL/am/6uYGu2iBUrIMS"): Text ****** has been set on object 'Object Repository/Page_Sign in to GitHub  GitHub/input_Forgot password_password'

2019-05-23 10:12:39 - [MESSAGE][PASSED] - Text ****** has been set on object 'Object Repository/Page_Sign in to GitHub  GitHub/input_Forgot password_password'

2019-05-23 10:12:39 - [TEST_STEP][PASSED] - click(findTestObject("Object Repository/Page_Sign in to GitHub  GitHub/input_Forgot password_commit")): Object: 'Object Repository/Page_Sign in to GitHub  GitHub/input_Forgot password_commit' is clicked on

2019-05-23 10:12:44 - [MESSAGE][PASSED] - Object: 'Object Repository/Page_Sign in to GitHub  GitHub/input_Forgot password_commit' is clicked on

2019-05-23 10:12:44 - [TEST_STEP][PASSED] - click(findTestObject("Object Repository/Page_Spectrum community/img_Explore_style__Img-u3znqr-3 kJsvJN")): Object: 'Object Repository/Page_Spectrum community/img_Explore_style__Img-u3znqr-3 kJsvJN' is clicked on

2019-05-23 10:12:47 - [MESSAGE][PASSED] - Object: 'Object Repository/Page_Spectrum community/img_Explore_style__Img-u3znqr-3 kJsvJN' is clicked on

2019-05-23 10:12:47 - [TEST_STEP][PASSED] - click(findTestObject("Object Repository/Page_TRN MINH CNG  tranminhcuong/button_Settings")): Object: 'Object Repository/Page_TRN MINH CNG  tranminhcuong/button_Settings' is clicked on

2019-05-23 10:12:49 - [MESSAGE][PASSED] - Object: 'Object Repository/Page_TRN MINH CNG  tranminhcuong/button_Settings' is clicked on

2019-05-23 10:12:49 - [TEST_STEP][PASSED] - click(findTestObject("Object Repository/Page_My settings/button_Log out")): Object: 'Object Repository/Page_My settings/button_Log out' is clicked on

2019-05-23 10:12:51 - [MESSAGE][PASSED] - Object: 'Object Repository/Page_My settings/button_Log out' is clicked on

2019-05-23 10:12:51 - [TEST_STEP][PASSED] - for ([i = 1, i <= 5, (i++)]): Object: 'Object Repository/Page_My settings/button_Log out' is clicked on

2019-05-23 10:12:51 - [TEST_STEP][PASSED] - click(findTestObject("Object Repository/Page_Spectrum/button_Log in or sign up")): Object: 'Object Repository/Page_Spectrum/button_Log in or sign up' is clicked on

2019-05-23 10:12:53 - [MESSAGE][PASSED] - Object: 'Object Repository/Page_Spectrum/button_Log in or sign up' is clicked on

2019-05-23 10:12:53 - [TEST_STEP][PASSED] - click(findTestObject("Object Repository/Page_Spectrum/span_Sign in with GitHub")): Object: 'Object Repository/Page_Spectrum/span_Sign in with GitHub' is clicked on

2019-05-23 10:12:56 - [MESSAGE][PASSED] - Object: 'Object Repository/Page_Spectrum/span_Sign in with GitHub' is clicked on

2019-05-23 10:12:56 - [TEST_STEP][PASSED] - click(findTestObject("Object Repository/Page_Spectrum community/img_Explore_style__Img-u3znqr-3 kJsvJN")): Object: 'Object Repository/Page_Spectrum community/img_Explore_style__Img-u3znqr-3 kJsvJN' is clicked on

2019-05-23 10:13:01 - [MESSAGE][PASSED] - Object: 'Object Repository/Page_Spectrum community/img_Explore_style__Img-u3znqr-3 kJsvJN' is clicked on

2019-05-23 10:13:01 - [TEST_STEP][PASSED] - click(findTestObject("Object Repository/Page_TRN MINH CNG  tranminhcuong/button_Settings")): Object: 'Object Repository/Page_TRN MINH CNG  tranminhcuong/button_Settings' is clicked on

2019-05-23 10:13:01 - [MESSAGE][PASSED] - Object: 'Object Repository/Page_TRN MINH CNG  tranminhcuong/button_Settings' is clicked on

2019-05-23 10:13:01 - [TEST_STEP][PASSED] - click(findTestObject("Object Repository/Page_My settings/button_Log out")): Object: 'Object Repository/Page_My settings/button_Log out' is clicked on

2019-05-23 10:13:03 - [MESSAGE][PASSED] - Object: 'Object Repository/Page_My settings/button_Log out' is clicked on

2019-05-23 10:13:03 - [TEST_STEP][PASSED] - click(findTestObject("Object Repository/Page_Spectrum/button_Log in or sign up")): Object: 'Object Repository/Page_Spectrum/button_Log in or sign up' is clicked on

2019-05-23 10:13:05 - [MESSAGE][PASSED] - Object: 'Object Repository/Page_Spectrum/button_Log in or sign up' is clicked on

2019-05-23 10:13:05 - [TEST_STEP][PASSED] - click(findTestObject("Object Repository/Page_Spectrum/span_Sign in with GitHub")): Object: 'Object Repository/Page_Spectrum/span_Sign in with GitHub' is clicked on

2019-05-23 10:13:08 - [MESSAGE][PASSED] - Object: 'Object Repository/Page_Spectrum/span_Sign in with GitHub' is clicked on

2019-05-23 10:13:08 - [TEST_STEP][PASSED] - click(findTestObject("Object Repository/Page_Spectrum community/img_Explore_style__Img-u3znqr-3 kJsvJN")): Object: 'Object Repository/Page_Spectrum community/img_Explore_style__Img-u3znqr-3 kJsvJN' is clicked on

2019-05-23 10:13:13 - [MESSAGE][PASSED] - Object: 'Object Repository/Page_Spectrum community/img_Explore_style__Img-u3znqr-3 kJsvJN' is clicked on

2019-05-23 10:13:13 - [TEST_STEP][PASSED] - click(findTestObject("Object Repository/Page_TRN MINH CNG  tranminhcuong/button_Settings")): Object: 'Object Repository/Page_TRN MINH CNG  tranminhcuong/button_Settings' is clicked on

2019-05-23 10:13:14 - [MESSAGE][PASSED] - Object: 'Object Repository/Page_TRN MINH CNG  tranminhcuong/button_Settings' is clicked on

2019-05-23 10:13:14 - [TEST_STEP][PASSED] - click(findTestObject("Object Repository/Page_My settings/button_Log out")): Object: 'Object Repository/Page_My settings/button_Log out' is clicked on

2019-05-23 10:13:15 - [MESSAGE][PASSED] - Object: 'Object Repository/Page_My settings/button_Log out' is clicked on

2019-05-23 10:13:15 - [TEST_STEP][PASSED] - click(findTestObject("Object Repository/Page_Spectrum/button_Log in or sign up")): Object: 'Object Repository/Page_Spectrum/button_Log in or sign up' is clicked on

2019-05-23 10:13:17 - [MESSAGE][PASSED] - Object: 'Object Repository/Page_Spectrum/button_Log in or sign up' is clicked on

2019-05-23 10:13:17 - [TEST_STEP][PASSED] - click(findTestObject("Object Repository/Page_Spectrum/span_Sign in with GitHub")): Object: 'Object Repository/Page_Spectrum/span_Sign in with GitHub' is clicked on

2019-05-23 10:13:21 - [MESSAGE][PASSED] - Object: 'Object Repository/Page_Spectrum/span_Sign in with GitHub' is clicked on

2019-05-23 10:13:21 - [TEST_STEP][PASSED] - click(findTestObject("Object Repository/Page_Spectrum community/img_Explore_style__Img-u3znqr-3 kJsvJN")): Object: 'Object Repository/Page_Spectrum community/img_Explore_style__Img-u3znqr-3 kJsvJN' is clicked on

2019-05-23 10:13:26 - [MESSAGE][PASSED] - Object: 'Object Repository/Page_Spectrum community/img_Explore_style__Img-u3znqr-3 kJsvJN' is clicked on

2019-05-23 10:13:26 - [TEST_STEP][PASSED] - click(findTestObject("Object Repository/Page_TRN MINH CNG  tranminhcuong/button_Settings")): Object: 'Object Repository/Page_TRN MINH CNG  tranminhcuong/button_Settings' is clicked on

2019-05-23 10:13:27 - [MESSAGE][PASSED] - Object: 'Object Repository/Page_TRN MINH CNG  tranminhcuong/button_Settings' is clicked on

2019-05-23 10:13:27 - [TEST_STEP][PASSED] - click(findTestObject("Object Repository/Page_My settings/button_Log out")): Object: 'Object Repository/Page_My settings/button_Log out' is clicked on

2019-05-23 10:13:28 - [MESSAGE][PASSED] - Object: 'Object Repository/Page_My settings/button_Log out' is clicked on

2019-05-23 10:13:28 - [TEST_STEP][PASSED] - click(findTestObject("Object Repository/Page_Spectrum/button_Log in or sign up")): Object: 'Object Repository/Page_Spectrum/button_Log in or sign up' is clicked on

2019-05-23 10:13:30 - [MESSAGE][PASSED] - Object: 'Object Repository/Page_Spectrum/button_Log in or sign up' is clicked on

2019-05-23 10:13:30 - [TEST_STEP][PASSED] - click(findTestObject("Object Repository/Page_Spectrum/span_Sign in with GitHub")): Object: 'Object Repository/Page_Spectrum/span_Sign in with GitHub' is clicked on

2019-05-23 10:13:33 - [MESSAGE][PASSED] - Object: 'Object Repository/Page_Spectrum/span_Sign in with GitHub' is clicked on

2019-05-23 10:13:33 - [TEST_STEP][PASSED] - click(findTestObject("Object Repository/Page_Spectrum community/img_Explore_style__Img-u3znqr-3 kJsvJN")): Object: 'Object Repository/Page_Spectrum community/img_Explore_style__Img-u3znqr-3 kJsvJN' is clicked on

2019-05-23 10:13:38 - [MESSAGE][PASSED] - Object: 'Object Repository/Page_Spectrum community/img_Explore_style__Img-u3znqr-3 kJsvJN' is clicked on

2019-05-23 10:13:38 - [TEST_STEP][PASSED] - click(findTestObject("Object Repository/Page_TRN MINH CNG  tranminhcuong/button_Settings")): Object: 'Object Repository/Page_TRN MINH CNG  tranminhcuong/button_Settings' is clicked on

2019-05-23 10:13:39 - [MESSAGE][PASSED] - Object: 'Object Repository/Page_TRN MINH CNG  tranminhcuong/button_Settings' is clicked on

2019-05-23 10:13:39 - [TEST_STEP][PASSED] - click(findTestObject("Object Repository/Page_My settings/button_Log out")): Object: 'Object Repository/Page_My settings/button_Log out' is clicked on

2019-05-23 10:13:40 - [MESSAGE][PASSED] - Object: 'Object Repository/Page_My settings/button_Log out' is clicked on

2019-05-23 10:13:40 - [TEST_STEP][PASSED] - click(findTestObject("Object Repository/Page_Spectrum/button_Log in or sign up")): Object: 'Object Repository/Page_Spectrum/button_Log in or sign up' is clicked on

2019-05-23 10:13:42 - [MESSAGE][PASSED] - Object: 'Object Repository/Page_Spectrum/button_Log in or sign up' is clicked on

2019-05-23 10:13:42 - [TEST_STEP][PASSED] - click(findTestObject("Object Repository/Page_Spectrum/span_Sign in with GitHub")): Object: 'Object Repository/Page_Spectrum/span_Sign in with GitHub' is clicked on

2019-05-23 10:13:46 - [MESSAGE][PASSED] - Object: 'Object Repository/Page_Spectrum/span_Sign in with GitHub' is clicked on

2019-05-23 10:13:46 - [TEST_STEP][PASSED] - click(findTestObject("Object Repository/Page_Spectrum community/img_Explore_style__Img-u3znqr-3 kJsvJN")): Object: 'Object Repository/Page_Spectrum community/img_Explore_style__Img-u3znqr-3 kJsvJN' is clicked on

2019-05-23 10:13:50 - [MESSAGE][PASSED] - Object: 'Object Repository/Page_Spectrum community/img_Explore_style__Img-u3znqr-3 kJsvJN' is clicked on

2019-05-23 10:13:50 - [TEST_STEP][PASSED] - click(findTestObject("Object Repository/Page_TRN MINH CNG  tranminhcuong/button_Settings")): Object: 'Object Repository/Page_TRN MINH CNG  tranminhcuong/button_Settings' is clicked on

2019-05-23 10:13:51 - [MESSAGE][PASSED] - Object: 'Object Repository/Page_TRN MINH CNG  tranminhcuong/button_Settings' is clicked on

2019-05-23 10:13:51 - [TEST_STEP][PASSED] - click(findTestObject("Object Repository/Page_My settings/button_Log out")): Object: 'Object Repository/Page_My settings/button_Log out' is clicked on

2019-05-23 10:13:52 - [MESSAGE][PASSED] - Object: 'Object Repository/Page_My settings/button_Log out' is clicked on

2019-05-23 10:13:52 - [TEST_STEP][PASSED] - closeBrowser(): Browser is closed

2019-05-23 10:13:53 - [MESSAGE][PASSED] - Browser is closed]]></system-out>
         <system-err><![CDATA[]]></system-err>
      </testcase>
      <testcase name="Test Cases/5 Test case using If/Join General and turn off notification" classname="Test Cases/5 Test case using If/Join General and turn off notification" status="PASSED">
         <system-out><![CDATA[2019-05-23 10:13:53 - [TEST_CASE][PASSED] - Test Cases/5 Test case using If/Join General and turn off notification: Test Cases/5 Test case using If/Join General and turn off notification

2019-05-23 10:13:54 - [TEST_STEP][PASSED] - openBrowser(""): Browser is opened with url: ''

2019-05-23 10:13:54 - [MESSAGE][INFO] - Starting 'Firefox' driver

2019-05-23 10:13:57 - [MESSAGE][PASSED] - Browser is opened with url: ''

2019-05-23 10:13:57 - [TEST_STEP][PASSED] - navigateToUrl("http://localhost:3000/"): Navigate to 'http://localhost:3000/' successfully

2019-05-23 10:13:59 - [MESSAGE][PASSED] - Navigate to 'http://localhost:3000/' successfully

2019-05-23 10:13:59 - [TEST_STEP][PASSED] - click(findTestObject("Page_Spectrum/button_Log in or sign up")): Object: 'Object Repository/Page_Spectrum/button_Log in or sign up' is clicked on

2019-05-23 10:14:01 - [MESSAGE][PASSED] - Object: 'Object Repository/Page_Spectrum/button_Log in or sign up' is clicked on

2019-05-23 10:14:01 - [TEST_STEP][PASSED] - click(findTestObject("Page_Spectrum/span_Sign in with GitHub")): Object: 'Object Repository/Page_Spectrum/span_Sign in with GitHub' is clicked on

2019-05-23 10:14:02 - [MESSAGE][PASSED] - Object: 'Object Repository/Page_Spectrum/span_Sign in with GitHub' is clicked on

2019-05-23 10:14:02 - [TEST_STEP][PASSED] - setText(findTestObject("Page_Sign in to GitHub  GitHub/input_Username or email address_login"), "minhcuongit"): Text 'minhcuongit' is set on object 'Object Repository/Page_Sign in to GitHub  GitHub/input_Username or email address_login'

2019-05-23 10:14:02 - [MESSAGE][PASSED] - Text 'minhcuongit' is set on object 'Object Repository/Page_Sign in to GitHub  GitHub/input_Username or email address_login'

2019-05-23 10:14:02 - [TEST_STEP][PASSED] - setEncryptedText(findTestObject("Page_Sign in to GitHub  GitHub/input_Forgot password_password"), "9e5/e4jZbrkRPxL/am/6uYGu2iBUrIMS"): Text ****** has been set on object 'Object Repository/Page_Sign in to GitHub  GitHub/input_Forgot password_password'

2019-05-23 10:14:02 - [MESSAGE][PASSED] - Text ****** has been set on object 'Object Repository/Page_Sign in to GitHub  GitHub/input_Forgot password_password'

2019-05-23 10:14:02 - [TEST_STEP][PASSED] - click(findTestObject("Page_Sign in to GitHub  GitHub/input_Forgot password_commit")): Object: 'Object Repository/Page_Sign in to GitHub  GitHub/input_Forgot password_commit' is clicked on

2019-05-23 10:14:07 - [MESSAGE][PASSED] - Object: 'Object Repository/Page_Sign in to GitHub  GitHub/input_Forgot password_commit' is clicked on

2019-05-23 10:14:07 - [TEST_STEP][PASSED] - navigateToUrl("http://localhost:3000/spectrum?tab=posts"): Navigate to 'http://localhost:3000/spectrum?tab=posts' successfully

2019-05-23 10:14:08 - [MESSAGE][PASSED] - Navigate to 'http://localhost:3000/spectrum?tab=posts' successfully

2019-05-23 10:14:08 - [TEST_STEP][PASSED] - if (verifyElementPresent(findTestObject("Object Repository/Page_Spectrum community/button_Join_General"), 25, OPTIONAL) == true): com.kms.katalon.core.webui.exception.WebElementNotFoundException: Web element with id: 'Object Repository/Page_Spectrum community/button_Join_General' located by 'By.xpath: id("main")/div[@class="layout__SecondaryPrimaryColumnGrid-sc-1v43im1-3 liRHVO"]/section[@class="layout__SecondaryColumn-sc-1v43im1-6 ctZiQt"]/section[@class="style__SidebarSection-hht6fk-4 dzLuvX"]/div[@class="style__List-hht6fk-12 ekrAeb"]/a[2]/div[@class="style__Row-sc-537zx7-1 dthITF"]/div[@class="style__Actions-sc-537zx7-9 style__ChannelActions-sc-537zx7-10 iIrOaj"]/span[1]/button[@class="style__StyledButton-sc-1g5bc3a-2 style__StyledOutlineButton-sc-1g5bc3a-7 style__StyledPrimaryOutlineButton-sc-1g5bc3a-8 jLsczK"][count(. | //button[(text() = 'Join' or . = 'Join')]) = count(//button[(text() = 'Join' or . = 'Join')])]' not found (Root cause: com.kms.katalon.core.exception.StepFailedException: com.kms.katalon.core.webui.exception.WebElementNotFoundException: Web element with id: 'Object Repository/Page_Spectrum community/button_Join_General' located by 'By.xpath: id("main")/div[@class="layout__SecondaryPrimaryColumnGrid-sc-1v43im1-3 liRHVO"]/section[@class="layout__SecondaryColumn-sc-1v43im1-6 ctZiQt"]/section[@class="style__SidebarSection-hht6fk-4 dzLuvX"]/div[@class="style__List-hht6fk-12 ekrAeb"]/a[2]/div[@class="style__Row-sc-537zx7-1 dthITF"]/div[@class="style__Actions-sc-537zx7-9 style__ChannelActions-sc-537zx7-10 iIrOaj"]/span[1]/button[@class="style__StyledButton-sc-1g5bc3a-2 style__StyledOutlineButton-sc-1g5bc3a-7 style__StyledPrimaryOutlineButton-sc-1g5bc3a-8 jLsczK"][count(. | //button[(text() = 'Join' or . = 'Join')]) = count(//button[(text() = 'Join' or . = 'Join')])]' not found
	at com.kms.katalon.core.webui.keyword.internal.WebUIKeywordMain.stepFailed(WebUIKeywordMain.groovy:64)
	at com.kms.katalon.core.webui.keyword.builtin.VerifyElementPresentKeyword$_verifyElementPresent_closure1.doCall(VerifyElementPresentKeyword.groovy:85)
	at com.kms.katalon.core.webui.keyword.builtin.VerifyElementPresentKeyword$_verifyElementPresent_closure1.call(VerifyElementPresentKeyword.groovy)
	at com.kms.katalon.core.webui.keyword.internal.WebUIKeywordMain.runKeyword(WebUIKeywordMain.groovy:20)
	at com.kms.katalon.core.webui.keyword.builtin.VerifyElementPresentKeyword.verifyElementPresent(VerifyElementPresentKeyword.groovy:92)
	at com.kms.katalon.core.webui.keyword.builtin.VerifyElementPresentKeyword.execute(VerifyElementPresentKeyword.groovy:68)
	at com.kms.katalon.core.keyword.internal.KeywordExecutor.executeKeywordForPlatform(KeywordExecutor.groovy:56)
	at com.kms.katalon.core.webui.keyword.WebUiBuiltInKeywords.verifyElementPresent(WebUiBuiltInKeywords.groovy:1418)
	at com.kms.katalon.core.webui.keyword.WebUiBuiltInKeywords$verifyElementPresent$6.call(Unknown Source)
	at Join General and turn off notification.run(Join General and turn off notification:33)
	at com.kms.katalon.core.main.ScriptEngine.run(ScriptEngine.java:194)
	at com.kms.katalon.core.main.ScriptEngine.runScriptAsRawText(ScriptEngine.java:119)
	at com.kms.katalon.core.main.TestCaseExecutor.runScript(TestCaseExecutor.java:336)
	at com.kms.katalon.core.main.TestCaseExecutor.doExecute(TestCaseExecutor.java:327)
	at com.kms.katalon.core.main.TestCaseExecutor.processExecutionPhase(TestCaseExecutor.java:306)
	at com.kms.katalon.core.main.TestCaseExecutor.accessMainPhase(TestCaseExecutor.java:298)
	at com.kms.katalon.core.main.TestCaseExecutor.execute(TestCaseExecutor.java:232)
	at com.kms.katalon.core.main.TestSuiteExecutor.accessTestCaseMainPhase(TestSuiteExecutor.java:129)
	at com.kms.katalon.core.main.TestSuiteExecutor.accessTestSuiteMainPhase(TestSuiteExecutor.java:112)
	at com.kms.katalon.core.main.TestSuiteExecutor.execute(TestSuiteExecutor.java:81)
	at com.kms.katalon.core.main.TestCaseMain.startTestSuite(TestCaseMain.java:157)
	at com.kms.katalon.core.main.TestCaseMain$startTestSuite$0.call(Unknown Source)
	at TempTestSuite1558580976607.run(TempTestSuite1558580976607.groovy:35)
)

2019-05-23 10:14:35 - [MESSAGE][INFO] - Unable to find the element located by 'By.xpath: id("main")/div[@class="layout__SecondaryPrimaryColumnGrid-sc-1v43im1-3 liRHVO"]/section[@class="layout__SecondaryColumn-sc-1v43im1-6 ctZiQt"]/section[@class="style__SidebarSection-hht6fk-4 dzLuvX"]/div[@class="style__List-hht6fk-12 ekrAeb"]/a[2]/div[@class="style__Row-sc-537zx7-1 dthITF"]/div[@class="style__Actions-sc-537zx7-9 style__ChannelActions-sc-537zx7-10 iIrOaj"]/span[1]/button[@class="style__StyledButton-sc-1g5bc3a-2 style__StyledOutlineButton-sc-1g5bc3a-7 style__StyledPrimaryOutlineButton-sc-1g5bc3a-8 jLsczK"][count(. | //button[(text() = 'Join' or . = 'Join')]) = count(//button[(text() = 'Join' or . = 'Join')])]'. Please recheck the objects properties to make sure the desired element is located. 

2019-05-23 10:14:36 - [MESSAGE][WARNING] - com.kms.katalon.core.webui.exception.WebElementNotFoundException: Web element with id: 'Object Repository/Page_Spectrum community/button_Join_General' located by 'By.xpath: id("main")/div[@class="layout__SecondaryPrimaryColumnGrid-sc-1v43im1-3 liRHVO"]/section[@class="layout__SecondaryColumn-sc-1v43im1-6 ctZiQt"]/section[@class="style__SidebarSection-hht6fk-4 dzLuvX"]/div[@class="style__List-hht6fk-12 ekrAeb"]/a[2]/div[@class="style__Row-sc-537zx7-1 dthITF"]/div[@class="style__Actions-sc-537zx7-9 style__ChannelActions-sc-537zx7-10 iIrOaj"]/span[1]/button[@class="style__StyledButton-sc-1g5bc3a-2 style__StyledOutlineButton-sc-1g5bc3a-7 style__StyledPrimaryOutlineButton-sc-1g5bc3a-8 jLsczK"][count(. | //button[(text() = 'Join' or . = 'Join')]) = count(//button[(text() = 'Join' or . = 'Join')])]' not found (Root cause: com.kms.katalon.core.exception.StepFailedException: com.kms.katalon.core.webui.exception.WebElementNotFoundException: Web element with id: 'Object Repository/Page_Spectrum community/button_Join_General' located by 'By.xpath: id("main")/div[@class="layout__SecondaryPrimaryColumnGrid-sc-1v43im1-3 liRHVO"]/section[@class="layout__SecondaryColumn-sc-1v43im1-6 ctZiQt"]/section[@class="style__SidebarSection-hht6fk-4 dzLuvX"]/div[@class="style__List-hht6fk-12 ekrAeb"]/a[2]/div[@class="style__Row-sc-537zx7-1 dthITF"]/div[@class="style__Actions-sc-537zx7-9 style__ChannelActions-sc-537zx7-10 iIrOaj"]/span[1]/button[@class="style__StyledButton-sc-1g5bc3a-2 style__StyledOutlineButton-sc-1g5bc3a-7 style__StyledPrimaryOutlineButton-sc-1g5bc3a-8 jLsczK"][count(. | //button[(text() = 'Join' or . = 'Join')]) = count(//button[(text() = 'Join' or . = 'Join')])]' not found
	at com.kms.katalon.core.webui.keyword.internal.WebUIKeywordMain.stepFailed(WebUIKeywordMain.groovy:64)
	at com.kms.katalon.core.webui.keyword.builtin.VerifyElementPresentKeyword$_verifyElementPresent_closure1.doCall(VerifyElementPresentKeyword.groovy:85)
	at com.kms.katalon.core.webui.keyword.builtin.VerifyElementPresentKeyword$_verifyElementPresent_closure1.call(VerifyElementPresentKeyword.groovy)
	at com.kms.katalon.core.webui.keyword.internal.WebUIKeywordMain.runKeyword(WebUIKeywordMain.groovy:20)
	at com.kms.katalon.core.webui.keyword.builtin.VerifyElementPresentKeyword.verifyElementPresent(VerifyElementPresentKeyword.groovy:92)
	at com.kms.katalon.core.webui.keyword.builtin.VerifyElementPresentKeyword.execute(VerifyElementPresentKeyword.groovy:68)
	at com.kms.katalon.core.keyword.internal.KeywordExecutor.executeKeywordForPlatform(KeywordExecutor.groovy:56)
	at com.kms.katalon.core.webui.keyword.WebUiBuiltInKeywords.verifyElementPresent(WebUiBuiltInKeywords.groovy:1418)
	at com.kms.katalon.core.webui.keyword.WebUiBuiltInKeywords$verifyElementPresent$6.call(Unknown Source)
	at Join General and turn off notification.run(Join General and turn off notification:33)
	at com.kms.katalon.core.main.ScriptEngine.run(ScriptEngine.java:194)
	at com.kms.katalon.core.main.ScriptEngine.runScriptAsRawText(ScriptEngine.java:119)
	at com.kms.katalon.core.main.TestCaseExecutor.runScript(TestCaseExecutor.java:336)
	at com.kms.katalon.core.main.TestCaseExecutor.doExecute(TestCaseExecutor.java:327)
	at com.kms.katalon.core.main.TestCaseExecutor.processExecutionPhase(TestCaseExecutor.java:306)
	at com.kms.katalon.core.main.TestCaseExecutor.accessMainPhase(TestCaseExecutor.java:298)
	at com.kms.katalon.core.main.TestCaseExecutor.execute(TestCaseExecutor.java:232)
	at com.kms.katalon.core.main.TestSuiteExecutor.accessTestCaseMainPhase(TestSuiteExecutor.java:129)
	at com.kms.katalon.core.main.TestSuiteExecutor.accessTestSuiteMainPhase(TestSuiteExecutor.java:112)
	at com.kms.katalon.core.main.TestSuiteExecutor.execute(TestSuiteExecutor.java:81)
	at com.kms.katalon.core.main.TestCaseMain.startTestSuite(TestCaseMain.java:157)
	at com.kms.katalon.core.main.TestCaseMain$startTestSuite$0.call(Unknown Source)
	at TempTestSuite1558580976607.run(TempTestSuite1558580976607.groovy:35)
)
[[ATTACHMENT|D:\\HCMUS DATA\\Tern2-4th\\CCDNCTPTPM\\BT\\HW2\\Project\\TED_Team-Test_Project\\TED_Team-Test_Project\\Reports\\Run all test cases\\20190523_100936\\1558581275873.png]]

2019-05-23 10:14:36 - [TEST_STEP][PASSED] - else: You was join in this channel!

2019-05-23 10:14:36 - [TEST_STEP][PASSED] - comment("You was join in this channel!"): You was join in this channel!

2019-05-23 10:14:36 - [MESSAGE][INFO] - You was join in this channel!]]></system-out>
         <system-err><![CDATA[]]></system-err>
      </testcase>
      <testcase name="Test Cases/5 Test case using For/Create Community" classname="Test Cases/5 Test case using For/Create Community" status="PASSED">
         <system-out><![CDATA[2019-05-23 10:14:36 - [TEST_CASE][PASSED] - Test Cases/5 Test case using For/Create Community: Test Cases/5 Test case using For/Create Community

2019-05-23 10:14:36 - [TEST_STEP][PASSED] - openBrowser(""): Browser is opened with url: ''

2019-05-23 10:14:36 - [MESSAGE][WARNING] - A browser is already opened. Closing browser and opening a new one

2019-05-23 10:14:37 - [MESSAGE][INFO] - Starting 'Firefox' driver

2019-05-23 10:14:40 - [MESSAGE][PASSED] - Browser is opened with url: ''

2019-05-23 10:14:40 - [TEST_STEP][PASSED] - navigateToUrl("http://localhost:3000/"): Navigate to 'http://localhost:3000/' successfully

2019-05-23 10:14:42 - [MESSAGE][PASSED] - Navigate to 'http://localhost:3000/' successfully

2019-05-23 10:14:42 - [TEST_STEP][PASSED] - click(findTestObject("Page_Spectrum/button_Log in or sign up")): Object: 'Object Repository/Page_Spectrum/button_Log in or sign up' is clicked on

2019-05-23 10:14:44 - [MESSAGE][PASSED] - Object: 'Object Repository/Page_Spectrum/button_Log in or sign up' is clicked on

2019-05-23 10:14:44 - [TEST_STEP][PASSED] - click(findTestObject("Page_Spectrum/span_Sign in with GitHub")): Object: 'Object Repository/Page_Spectrum/span_Sign in with GitHub' is clicked on

2019-05-23 10:14:46 - [MESSAGE][PASSED] - Object: 'Object Repository/Page_Spectrum/span_Sign in with GitHub' is clicked on

2019-05-23 10:14:46 - [TEST_STEP][PASSED] - setText(findTestObject("Page_Sign in to GitHub  GitHub/input_Username or email address_login"), "minhcuongit"): Text 'minhcuongit' is set on object 'Object Repository/Page_Sign in to GitHub  GitHub/input_Username or email address_login'

2019-05-23 10:14:46 - [MESSAGE][PASSED] - Text 'minhcuongit' is set on object 'Object Repository/Page_Sign in to GitHub  GitHub/input_Username or email address_login'

2019-05-23 10:14:46 - [TEST_STEP][PASSED] - setEncryptedText(findTestObject("Page_Sign in to GitHub  GitHub/input_Forgot password_password"), "9e5/e4jZbrkRPxL/am/6uYGu2iBUrIMS"): Text ****** has been set on object 'Object Repository/Page_Sign in to GitHub  GitHub/input_Forgot password_password'

2019-05-23 10:14:46 - [MESSAGE][PASSED] - Text ****** has been set on object 'Object Repository/Page_Sign in to GitHub  GitHub/input_Forgot password_password'

2019-05-23 10:14:46 - [TEST_STEP][PASSED] - click(findTestObject("Page_Sign in to GitHub  GitHub/input_Forgot password_commit")): Object: 'Object Repository/Page_Sign in to GitHub  GitHub/input_Forgot password_commit' is clicked on

2019-05-23 10:14:51 - [MESSAGE][PASSED] - Object: 'Object Repository/Page_Sign in to GitHub  GitHub/input_Forgot password_commit' is clicked on

2019-05-23 10:14:51 - [TEST_STEP][PASSED] - click(findTestObject("Page_Spectrum community/img_Explore_style__Img-u3znqr-3 kJsvJN")): Object: 'Object Repository/Page_Spectrum community/img_Explore_style__Img-u3znqr-3 kJsvJN' is clicked on

2019-05-23 10:14:55 - [MESSAGE][PASSED] - Object: 'Object Repository/Page_Spectrum community/img_Explore_style__Img-u3znqr-3 kJsvJN' is clicked on

2019-05-23 10:14:55 - [TEST_STEP][PASSED] - comunities = ["Community 01", "Community 02", "Community 03", "Community 04", "Community 05"]: null

2019-05-23 10:14:55 - [TEST_STEP][PASSED] - descriptions = ["Describe Community 01", "Describe Community 02", "Describe Community 03", "Describe Community 04", "Describe Community 05"]: null

2019-05-23 10:14:55 - [TEST_STEP][PASSED] - websites = ["www.community01.com", "www.community02.com", "www.community03.com", "www.community04.com", "www.community05.com"]: null

2019-05-23 10:14:55 - [TEST_STEP][PASSED] - for ([i = 0, i < 5, (i++)]): Object: 'Object Repository/Page_New community/button_Go to my community' is clicked on

2019-05-23 10:14:55 - [TEST_STEP][PASSED] - navigateToUrl("http://localhost:3000/new/community"): Navigate to 'http://localhost:3000/new/community' successfully

2019-05-23 10:14:56 - [MESSAGE][PASSED] - Navigate to 'http://localhost:3000/new/community' successfully

2019-05-23 10:14:56 - [TEST_STEP][PASSED] - setText(findTestObject("Object Repository/Page_New community/input_What is your community called_style__StyledInput-sc-17zryot-2 jHXlSy"), $comunities[i]): Text 'Community 01' is set on object 'Object Repository/Page_New community/input_What is your community called_style__StyledInput-sc-17zryot-2 jHXlSy'

2019-05-23 10:14:58 - [MESSAGE][PASSED] - Text 'Community 01' is set on object 'Object Repository/Page_New community/input_What is your community called_style__StyledInput-sc-17zryot-2 jHXlSy'

2019-05-23 10:14:58 - [TEST_STEP][PASSED] - setText(findTestObject("Object Repository/Page_New community/textarea_dd"), $descriptions[i]): Text 'Describe Community 01' is set on object 'Object Repository/Page_New community/textarea_dd'

2019-05-23 10:14:59 - [MESSAGE][PASSED] - Text 'Describe Community 01' is set on object 'Object Repository/Page_New community/textarea_dd'

2019-05-23 10:14:59 - [TEST_STEP][PASSED] - setText(findTestObject("Object Repository/Page_New community/input_Optional Add your communitys website_style__StyledInput-sc-17zryot-2 jHXlSy"), $websites[i]): Text 'www.community01.com' is set on object 'Object Repository/Page_New community/input_Optional Add your communitys website_style__StyledInput-sc-17zryot-2 jHXlSy'

2019-05-23 10:14:59 - [MESSAGE][PASSED] - Text 'www.community01.com' is set on object 'Object Repository/Page_New community/input_Optional Add your communitys website_style__StyledInput-sc-17zryot-2 jHXlSy'

2019-05-23 10:14:59 - [TEST_STEP][PASSED] - click(findTestObject("Object Repository/Page_New community/div_checkboxI have read the Spectrum Code of Conduct and agree to enforce it in my community")): Object: 'Object Repository/Page_New community/div_checkboxI have read the Spectrum Code of Conduct and agree to enforce it in my community' is clicked on

2019-05-23 10:15:00 - [MESSAGE][PASSED] - Object: 'Object Repository/Page_New community/div_checkboxI have read the Spectrum Code of Conduct and agree to enforce it in my community' is clicked on

2019-05-23 10:15:00 - [TEST_STEP][PASSED] - click(findTestObject("Object Repository/Page_New community/button_Create Community  Continue")): Object: 'Object Repository/Page_New community/button_Create Community  Continue' is clicked on

2019-05-23 10:15:00 - [MESSAGE][PASSED] - Object: 'Object Repository/Page_New community/button_Create Community  Continue' is clicked on

2019-05-23 10:15:00 - [TEST_STEP][PASSED] - click(findTestObject("Object Repository/Page_New community/button_Skip this step")): Object: 'Object Repository/Page_New community/button_Skip this step' is clicked on

2019-05-23 10:15:02 - [MESSAGE][PASSED] - Object: 'Object Repository/Page_New community/button_Skip this step' is clicked on

2019-05-23 10:15:02 - [TEST_STEP][PASSED] - click(findTestObject("Object Repository/Page_New community/button_Go to my community")): Object: 'Object Repository/Page_New community/button_Go to my community' is clicked on

2019-05-23 10:15:03 - [MESSAGE][PASSED] - Object: 'Object Repository/Page_New community/button_Go to my community' is clicked on

2019-05-23 10:15:03 - [TEST_STEP][PASSED] - navigateToUrl("http://localhost:3000/new/community"): Navigate to 'http://localhost:3000/new/community' successfully

2019-05-23 10:15:05 - [MESSAGE][PASSED] - Navigate to 'http://localhost:3000/new/community' successfully

2019-05-23 10:15:05 - [TEST_STEP][PASSED] - setText(findTestObject("Object Repository/Page_New community/input_What is your community called_style__StyledInput-sc-17zryot-2 jHXlSy"), $comunities[i]): Text 'Community 02' is set on object 'Object Repository/Page_New community/input_What is your community called_style__StyledInput-sc-17zryot-2 jHXlSy'

2019-05-23 10:15:06 - [MESSAGE][PASSED] - Text 'Community 02' is set on object 'Object Repository/Page_New community/input_What is your community called_style__StyledInput-sc-17zryot-2 jHXlSy'

2019-05-23 10:15:06 - [TEST_STEP][PASSED] - setText(findTestObject("Object Repository/Page_New community/textarea_dd"), $descriptions[i]): Text 'Describe Community 02' is set on object 'Object Repository/Page_New community/textarea_dd'

2019-05-23 10:15:06 - [MESSAGE][PASSED] - Text 'Describe Community 02' is set on object 'Object Repository/Page_New community/textarea_dd'

2019-05-23 10:15:06 - [TEST_STEP][PASSED] - setText(findTestObject("Object Repository/Page_New community/input_Optional Add your communitys website_style__StyledInput-sc-17zryot-2 jHXlSy"), $websites[i]): Text 'www.community02.com' is set on object 'Object Repository/Page_New community/input_Optional Add your communitys website_style__StyledInput-sc-17zryot-2 jHXlSy'

2019-05-23 10:15:07 - [MESSAGE][PASSED] - Text 'www.community02.com' is set on object 'Object Repository/Page_New community/input_Optional Add your communitys website_style__StyledInput-sc-17zryot-2 jHXlSy'

2019-05-23 10:15:07 - [TEST_STEP][PASSED] - click(findTestObject("Object Repository/Page_New community/div_checkboxI have read the Spectrum Code of Conduct and agree to enforce it in my community")): Object: 'Object Repository/Page_New community/div_checkboxI have read the Spectrum Code of Conduct and agree to enforce it in my community' is clicked on

2019-05-23 10:15:07 - [MESSAGE][PASSED] - Object: 'Object Repository/Page_New community/div_checkboxI have read the Spectrum Code of Conduct and agree to enforce it in my community' is clicked on

2019-05-23 10:15:07 - [TEST_STEP][PASSED] - click(findTestObject("Object Repository/Page_New community/button_Create Community  Continue")): Object: 'Object Repository/Page_New community/button_Create Community  Continue' is clicked on

2019-05-23 10:15:08 - [MESSAGE][PASSED] - Object: 'Object Repository/Page_New community/button_Create Community  Continue' is clicked on

2019-05-23 10:15:08 - [TEST_STEP][PASSED] - click(findTestObject("Object Repository/Page_New community/button_Skip this step")): Object: 'Object Repository/Page_New community/button_Skip this step' is clicked on

2019-05-23 10:15:10 - [MESSAGE][PASSED] - Object: 'Object Repository/Page_New community/button_Skip this step' is clicked on

2019-05-23 10:15:10 - [TEST_STEP][PASSED] - click(findTestObject("Object Repository/Page_New community/button_Go to my community")): Object: 'Object Repository/Page_New community/button_Go to my community' is clicked on

2019-05-23 10:15:11 - [MESSAGE][PASSED] - Object: 'Object Repository/Page_New community/button_Go to my community' is clicked on

2019-05-23 10:15:11 - [TEST_STEP][PASSED] - navigateToUrl("http://localhost:3000/new/community"): Navigate to 'http://localhost:3000/new/community' successfully

2019-05-23 10:15:12 - [MESSAGE][PASSED] - Navigate to 'http://localhost:3000/new/community' successfully

2019-05-23 10:15:12 - [TEST_STEP][PASSED] - setText(findTestObject("Object Repository/Page_New community/input_What is your community called_style__StyledInput-sc-17zryot-2 jHXlSy"), $comunities[i]): Text 'Community 03' is set on object 'Object Repository/Page_New community/input_What is your community called_style__StyledInput-sc-17zryot-2 jHXlSy'

2019-05-23 10:15:18 - [MESSAGE][PASSED] - Text 'Community 03' is set on object 'Object Repository/Page_New community/input_What is your community called_style__StyledInput-sc-17zryot-2 jHXlSy'

2019-05-23 10:15:18 - [TEST_STEP][PASSED] - setText(findTestObject("Object Repository/Page_New community/textarea_dd"), $descriptions[i]): Text 'Describe Community 03' is set on object 'Object Repository/Page_New community/textarea_dd'

2019-05-23 10:15:18 - [MESSAGE][PASSED] - Text 'Describe Community 03' is set on object 'Object Repository/Page_New community/textarea_dd'

2019-05-23 10:15:18 - [TEST_STEP][PASSED] - setText(findTestObject("Object Repository/Page_New community/input_Optional Add your communitys website_style__StyledInput-sc-17zryot-2 jHXlSy"), $websites[i]): Text 'www.community03.com' is set on object 'Object Repository/Page_New community/input_Optional Add your communitys website_style__StyledInput-sc-17zryot-2 jHXlSy'

2019-05-23 10:15:18 - [MESSAGE][PASSED] - Text 'www.community03.com' is set on object 'Object Repository/Page_New community/input_Optional Add your communitys website_style__StyledInput-sc-17zryot-2 jHXlSy'

2019-05-23 10:15:18 - [TEST_STEP][PASSED] - click(findTestObject("Object Repository/Page_New community/div_checkboxI have read the Spectrum Code of Conduct and agree to enforce it in my community")): Object: 'Object Repository/Page_New community/div_checkboxI have read the Spectrum Code of Conduct and agree to enforce it in my community' is clicked on

2019-05-23 10:15:19 - [MESSAGE][PASSED] - Object: 'Object Repository/Page_New community/div_checkboxI have read the Spectrum Code of Conduct and agree to enforce it in my community' is clicked on

2019-05-23 10:15:19 - [TEST_STEP][PASSED] - click(findTestObject("Object Repository/Page_New community/button_Create Community  Continue")): Object: 'Object Repository/Page_New community/button_Create Community  Continue' is clicked on

2019-05-23 10:15:20 - [MESSAGE][PASSED] - Object: 'Object Repository/Page_New community/button_Create Community  Continue' is clicked on

2019-05-23 10:15:20 - [TEST_STEP][PASSED] - click(findTestObject("Object Repository/Page_New community/button_Skip this step")): Object: 'Object Repository/Page_New community/button_Skip this step' is clicked on

2019-05-23 10:15:21 - [MESSAGE][PASSED] - Object: 'Object Repository/Page_New community/button_Skip this step' is clicked on

2019-05-23 10:15:21 - [TEST_STEP][PASSED] - click(findTestObject("Object Repository/Page_New community/button_Go to my community")): Object: 'Object Repository/Page_New community/button_Go to my community' is clicked on

2019-05-23 10:15:22 - [MESSAGE][PASSED] - Object: 'Object Repository/Page_New community/button_Go to my community' is clicked on

2019-05-23 10:15:23 - [TEST_STEP][PASSED] - navigateToUrl("http://localhost:3000/new/community"): Navigate to 'http://localhost:3000/new/community' successfully

2019-05-23 10:15:24 - [MESSAGE][PASSED] - Navigate to 'http://localhost:3000/new/community' successfully

2019-05-23 10:15:24 - [TEST_STEP][PASSED] - setText(findTestObject("Object Repository/Page_New community/input_What is your community called_style__StyledInput-sc-17zryot-2 jHXlSy"), $comunities[i]): Text 'Community 04' is set on object 'Object Repository/Page_New community/input_What is your community called_style__StyledInput-sc-17zryot-2 jHXlSy'

2019-05-23 10:15:27 - [MESSAGE][PASSED] - Text 'Community 04' is set on object 'Object Repository/Page_New community/input_What is your community called_style__StyledInput-sc-17zryot-2 jHXlSy'

2019-05-23 10:15:27 - [TEST_STEP][PASSED] - setText(findTestObject("Object Repository/Page_New community/textarea_dd"), $descriptions[i]): Text 'Describe Community 04' is set on object 'Object Repository/Page_New community/textarea_dd'

2019-05-23 10:15:28 - [MESSAGE][PASSED] - Text 'Describe Community 04' is set on object 'Object Repository/Page_New community/textarea_dd'

2019-05-23 10:15:28 - [TEST_STEP][PASSED] - setText(findTestObject("Object Repository/Page_New community/input_Optional Add your communitys website_style__StyledInput-sc-17zryot-2 jHXlSy"), $websites[i]): Text 'www.community04.com' is set on object 'Object Repository/Page_New community/input_Optional Add your communitys website_style__StyledInput-sc-17zryot-2 jHXlSy'

2019-05-23 10:15:28 - [MESSAGE][PASSED] - Text 'www.community04.com' is set on object 'Object Repository/Page_New community/input_Optional Add your communitys website_style__StyledInput-sc-17zryot-2 jHXlSy'

2019-05-23 10:15:28 - [TEST_STEP][PASSED] - click(findTestObject("Object Repository/Page_New community/div_checkboxI have read the Spectrum Code of Conduct and agree to enforce it in my community")): Object: 'Object Repository/Page_New community/div_checkboxI have read the Spectrum Code of Conduct and agree to enforce it in my community' is clicked on

2019-05-23 10:15:29 - [MESSAGE][PASSED] - Object: 'Object Repository/Page_New community/div_checkboxI have read the Spectrum Code of Conduct and agree to enforce it in my community' is clicked on

2019-05-23 10:15:29 - [TEST_STEP][PASSED] - click(findTestObject("Object Repository/Page_New community/button_Create Community  Continue")): Object: 'Object Repository/Page_New community/button_Create Community  Continue' is clicked on

2019-05-23 10:15:30 - [MESSAGE][PASSED] - Object: 'Object Repository/Page_New community/button_Create Community  Continue' is clicked on

2019-05-23 10:15:30 - [TEST_STEP][PASSED] - click(findTestObject("Object Repository/Page_New community/button_Skip this step")): Object: 'Object Repository/Page_New community/button_Skip this step' is clicked on

2019-05-23 10:15:32 - [MESSAGE][PASSED] - Object: 'Object Repository/Page_New community/button_Skip this step' is clicked on

2019-05-23 10:15:32 - [TEST_STEP][PASSED] - click(findTestObject("Object Repository/Page_New community/button_Go to my community")): Object: 'Object Repository/Page_New community/button_Go to my community' is clicked on

2019-05-23 10:15:33 - [MESSAGE][PASSED] - Object: 'Object Repository/Page_New community/button_Go to my community' is clicked on

2019-05-23 10:15:33 - [TEST_STEP][PASSED] - navigateToUrl("http://localhost:3000/new/community"): Navigate to 'http://localhost:3000/new/community' successfully

2019-05-23 10:15:36 - [MESSAGE][PASSED] - Navigate to 'http://localhost:3000/new/community' successfully

2019-05-23 10:15:36 - [TEST_STEP][PASSED] - setText(findTestObject("Object Repository/Page_New community/input_What is your community called_style__StyledInput-sc-17zryot-2 jHXlSy"), $comunities[i]): Text 'Community 05' is set on object 'Object Repository/Page_New community/input_What is your community called_style__StyledInput-sc-17zryot-2 jHXlSy'

2019-05-23 10:15:37 - [MESSAGE][PASSED] - Text 'Community 05' is set on object 'Object Repository/Page_New community/input_What is your community called_style__StyledInput-sc-17zryot-2 jHXlSy'

2019-05-23 10:15:37 - [TEST_STEP][PASSED] - setText(findTestObject("Object Repository/Page_New community/textarea_dd"), $descriptions[i]): Text 'Describe Community 05' is set on object 'Object Repository/Page_New community/textarea_dd'

2019-05-23 10:15:37 - [MESSAGE][PASSED] - Text 'Describe Community 05' is set on object 'Object Repository/Page_New community/textarea_dd'

2019-05-23 10:15:37 - [TEST_STEP][PASSED] - setText(findTestObject("Object Repository/Page_New community/input_Optional Add your communitys website_style__StyledInput-sc-17zryot-2 jHXlSy"), $websites[i]): Text 'www.community05.com' is set on object 'Object Repository/Page_New community/input_Optional Add your communitys website_style__StyledInput-sc-17zryot-2 jHXlSy'

2019-05-23 10:15:37 - [MESSAGE][PASSED] - Text 'www.community05.com' is set on object 'Object Repository/Page_New community/input_Optional Add your communitys website_style__StyledInput-sc-17zryot-2 jHXlSy'

2019-05-23 10:15:37 - [TEST_STEP][PASSED] - click(findTestObject("Object Repository/Page_New community/div_checkboxI have read the Spectrum Code of Conduct and agree to enforce it in my community")): Object: 'Object Repository/Page_New community/div_checkboxI have read the Spectrum Code of Conduct and agree to enforce it in my community' is clicked on

2019-05-23 10:15:38 - [MESSAGE][PASSED] - Object: 'Object Repository/Page_New community/div_checkboxI have read the Spectrum Code of Conduct and agree to enforce it in my community' is clicked on

2019-05-23 10:15:38 - [TEST_STEP][PASSED] - click(findTestObject("Object Repository/Page_New community/button_Create Community  Continue")): Object: 'Object Repository/Page_New community/button_Create Community  Continue' is clicked on

2019-05-23 10:15:39 - [MESSAGE][PASSED] - Object: 'Object Repository/Page_New community/button_Create Community  Continue' is clicked on

2019-05-23 10:15:39 - [TEST_STEP][PASSED] - click(findTestObject("Object Repository/Page_New community/button_Skip this step")): Object: 'Object Repository/Page_New community/button_Skip this step' is clicked on

2019-05-23 10:15:40 - [MESSAGE][PASSED] - Object: 'Object Repository/Page_New community/button_Skip this step' is clicked on

2019-05-23 10:15:40 - [TEST_STEP][PASSED] - click(findTestObject("Object Repository/Page_New community/button_Go to my community")): Object: 'Object Repository/Page_New community/button_Go to my community' is clicked on

2019-05-23 10:15:42 - [MESSAGE][PASSED] - Object: 'Object Repository/Page_New community/button_Go to my community' is clicked on]]></system-out>
         <system-err><![CDATA[]]></system-err>
      </testcase>
      <testcase name="Test Cases/5 Test case using For/Create Chanel" classname="Test Cases/5 Test case using For/Create Chanel" status="FAILED">
         <failure type="FAILED" message="Test Cases/5 Test case using For/Create Chanel FAILED.
Reason:
com.kms.katalon.core.exception.StepFailedException: Unable to click on object 'Object Repository/Page_New community/button_Skip this step'
	at com.kms.katalon.core.webui.keyword.internal.WebUIKeywordMain.stepFailed(WebUIKeywordMain.groovy:64)
	at com.kms.katalon.core.webui.keyword.internal.WebUIKeywordMain.runKeyword(WebUIKeywordMain.groovy:26)
	at com.kms.katalon.core.webui.keyword.builtin.ClickKeyword.click(ClickKeyword.groovy:86)
	at com.kms.katalon.core.webui.keyword.builtin.ClickKeyword.execute(ClickKeyword.groovy:67)
	at com.kms.katalon.core.keyword.internal.KeywordExecutor.executeKeywordForPlatform(KeywordExecutor.groovy:56)
	at com.kms.katalon.core.webui.keyword.WebUiBuiltInKeywords.click(WebUiBuiltInKeywords.groovy:616)
	at com.kms.katalon.core.webui.keyword.WebUiBuiltInKeywords$click$1.call(Unknown Source)
	at Create Chanel.run(Create Chanel:47)
	at com.kms.katalon.core.main.ScriptEngine.run(ScriptEngine.java:194)
	at com.kms.katalon.core.main.ScriptEngine.runScriptAsRawText(ScriptEngine.java:119)
	at com.kms.katalon.core.main.TestCaseExecutor.runScript(TestCaseExecutor.java:336)
	at com.kms.katalon.core.main.TestCaseExecutor.doExecute(TestCaseExecutor.java:327)
	at com.kms.katalon.core.main.TestCaseExecutor.processExecutionPhase(TestCaseExecutor.java:306)
	at com.kms.katalon.core.main.TestCaseExecutor.accessMainPhase(TestCaseExecutor.java:298)
	at com.kms.katalon.core.main.TestCaseExecutor.execute(TestCaseExecutor.java:232)
	at com.kms.katalon.core.main.TestSuiteExecutor.accessTestCaseMainPhase(TestSuiteExecutor.java:129)
	at com.kms.katalon.core.main.TestSuiteExecutor.accessTestSuiteMainPhase(TestSuiteExecutor.java:112)
	at com.kms.katalon.core.main.TestSuiteExecutor.execute(TestSuiteExecutor.java:81)
	at com.kms.katalon.core.main.TestCaseMain.startTestSuite(TestCaseMain.java:157)
	at com.kms.katalon.core.main.TestCaseMain$startTestSuite$0.call(Unknown Source)
	at TempTestSuite1558580976607.run(TempTestSuite1558580976607.groovy:35)
Caused by: com.kms.katalon.core.webui.exception.WebElementNotFoundException: Web element with id: 'Object Repository/Page_New community/button_Skip this step' located by 'By.xpath: //main[@id='main']/div/div/div[3]/button[2]' not found
	at com.kms.katalon.core.webui.common.WebUiCommonHelper.findWebElement(WebUiCommonHelper.java:1097)
	at com.kms.katalon.core.webui.keyword.internal.WebUIAbstractKeyword.findWebElement(WebUIAbstractKeyword.groovy:27)
	at com.kms.katalon.core.webui.keyword.internal.WebUIAbstractKeyword.findWebElement(WebUIAbstractKeyword.groovy:26)
	at com.kms.katalon.core.webui.keyword.builtin.ClickKeyword$_click_closure1.doCall(ClickKeyword.groovy:77)
	at com.kms.katalon.core.webui.keyword.builtin.ClickKeyword$_click_closure1.call(ClickKeyword.groovy)
	at com.kms.katalon.core.webui.keyword.internal.WebUIKeywordMain.runKeyword(WebUIKeywordMain.groovy:20)
	at com.kms.katalon.core.webui.keyword.builtin.ClickKeyword.click(ClickKeyword.groovy:86)
	at com.kms.katalon.core.webui.keyword.builtin.ClickKeyword.execute(ClickKeyword.groovy:67)
	at com.kms.katalon.core.keyword.internal.KeywordExecutor.executeKeywordForPlatform(KeywordExecutor.groovy:56)
	at com.kms.katalon.core.webui.keyword.WebUiBuiltInKeywords.click(WebUiBuiltInKeywords.groovy:616)
	at com.kms.katalon.core.webui.keyword.WebUiBuiltInKeywords$click$1.call(Unknown Source)
	at Script1557850473974.run(Script1557850473974.groovy:47)
	... 13 more
"/>
         <system-out><![CDATA[2019-05-23 10:15:42 - [TEST_CASE][FAILED] - Test Cases/5 Test case using For/Create Chanel: Test Cases/5 Test case using For/Create Chanel FAILED.
Reason:
com.kms.katalon.core.exception.StepFailedException: Unable to click on object 'Object Repository/Page_New community/button_Skip this step'
	at com.kms.katalon.core.webui.keyword.internal.WebUIKeywordMain.stepFailed(WebUIKeywordMain.groovy:64)
	at com.kms.katalon.core.webui.keyword.internal.WebUIKeywordMain.runKeyword(WebUIKeywordMain.groovy:26)
	at com.kms.katalon.core.webui.keyword.builtin.ClickKeyword.click(ClickKeyword.groovy:86)
	at com.kms.katalon.core.webui.keyword.builtin.ClickKeyword.execute(ClickKeyword.groovy:67)
	at com.kms.katalon.core.keyword.internal.KeywordExecutor.executeKeywordForPlatform(KeywordExecutor.groovy:56)
	at com.kms.katalon.core.webui.keyword.WebUiBuiltInKeywords.click(WebUiBuiltInKeywords.groovy:616)
	at com.kms.katalon.core.webui.keyword.WebUiBuiltInKeywords$click$1.call(Unknown Source)
	at Create Chanel.run(Create Chanel:47)
	at com.kms.katalon.core.main.ScriptEngine.run(ScriptEngine.java:194)
	at com.kms.katalon.core.main.ScriptEngine.runScriptAsRawText(ScriptEngine.java:119)
	at com.kms.katalon.core.main.TestCaseExecutor.runScript(TestCaseExecutor.java:336)
	at com.kms.katalon.core.main.TestCaseExecutor.doExecute(TestCaseExecutor.java:327)
	at com.kms.katalon.core.main.TestCaseExecutor.processExecutionPhase(TestCaseExecutor.java:306)
	at com.kms.katalon.core.main.TestCaseExecutor.accessMainPhase(TestCaseExecutor.java:298)
	at com.kms.katalon.core.main.TestCaseExecutor.execute(TestCaseExecutor.java:232)
	at com.kms.katalon.core.main.TestSuiteExecutor.accessTestCaseMainPhase(TestSuiteExecutor.java:129)
	at com.kms.katalon.core.main.TestSuiteExecutor.accessTestSuiteMainPhase(TestSuiteExecutor.java:112)
	at com.kms.katalon.core.main.TestSuiteExecutor.execute(TestSuiteExecutor.java:81)
	at com.kms.katalon.core.main.TestCaseMain.startTestSuite(TestCaseMain.java:157)
	at com.kms.katalon.core.main.TestCaseMain$startTestSuite$0.call(Unknown Source)
	at TempTestSuite1558580976607.run(TempTestSuite1558580976607.groovy:35)
Caused by: com.kms.katalon.core.webui.exception.WebElementNotFoundException: Web element with id: 'Object Repository/Page_New community/button_Skip this step' located by 'By.xpath: //main[@id='main']/div/div/div[3]/button[2]' not found
	at com.kms.katalon.core.webui.common.WebUiCommonHelper.findWebElement(WebUiCommonHelper.java:1097)
	at com.kms.katalon.core.webui.keyword.internal.WebUIAbstractKeyword.findWebElement(WebUIAbstractKeyword.groovy:27)
	at com.kms.katalon.core.webui.keyword.internal.WebUIAbstractKeyword.findWebElement(WebUIAbstractKeyword.groovy:26)
	at com.kms.katalon.core.webui.keyword.builtin.ClickKeyword$_click_closure1.doCall(ClickKeyword.groovy:77)
	at com.kms.katalon.core.webui.keyword.builtin.ClickKeyword$_click_closure1.call(ClickKeyword.groovy)
	at com.kms.katalon.core.webui.keyword.internal.WebUIKeywordMain.runKeyword(WebUIKeywordMain.groovy:20)
	at com.kms.katalon.core.webui.keyword.builtin.ClickKeyword.click(ClickKeyword.groovy:86)
	at com.kms.katalon.core.webui.keyword.builtin.ClickKeyword.execute(ClickKeyword.groovy:67)
	at com.kms.katalon.core.keyword.internal.KeywordExecutor.executeKeywordForPlatform(KeywordExecutor.groovy:56)
	at com.kms.katalon.core.webui.keyword.WebUiBuiltInKeywords.click(WebUiBuiltInKeywords.groovy:616)
	at com.kms.katalon.core.webui.keyword.WebUiBuiltInKeywords$click$1.call(Unknown Source)
	at Script1557850473974.run(Script1557850473974.groovy:47)
	... 13 more


2019-05-23 10:15:43 - [TEST_STEP][PASSED] - openBrowser(""): Browser is opened with url: ''

2019-05-23 10:15:43 - [MESSAGE][WARNING] - A browser is already opened. Closing browser and opening a new one

2019-05-23 10:15:44 - [MESSAGE][INFO] - Starting 'Firefox' driver

2019-05-23 10:15:50 - [MESSAGE][PASSED] - Browser is opened with url: ''

2019-05-23 10:15:50 - [TEST_STEP][PASSED] - navigateToUrl("http://localhost:3000/"): Navigate to 'http://localhost:3000/' successfully

2019-05-23 10:15:52 - [MESSAGE][PASSED] - Navigate to 'http://localhost:3000/' successfully

2019-05-23 10:15:52 - [TEST_STEP][PASSED] - click(findTestObject("Page_Spectrum/button_Log in or sign up")): Object: 'Object Repository/Page_Spectrum/button_Log in or sign up' is clicked on

2019-05-23 10:15:54 - [MESSAGE][PASSED] - Object: 'Object Repository/Page_Spectrum/button_Log in or sign up' is clicked on

2019-05-23 10:15:54 - [TEST_STEP][PASSED] - click(findTestObject("Page_Spectrum/span_Sign in with GitHub")): Object: 'Object Repository/Page_Spectrum/span_Sign in with GitHub' is clicked on

2019-05-23 10:15:56 - [MESSAGE][PASSED] - Object: 'Object Repository/Page_Spectrum/span_Sign in with GitHub' is clicked on

2019-05-23 10:15:56 - [TEST_STEP][PASSED] - setText(findTestObject("Page_Sign in to GitHub  GitHub/input_Username or email address_login"), "minhcuongit"): Text 'minhcuongit' is set on object 'Object Repository/Page_Sign in to GitHub  GitHub/input_Username or email address_login'

2019-05-23 10:15:56 - [MESSAGE][PASSED] - Text 'minhcuongit' is set on object 'Object Repository/Page_Sign in to GitHub  GitHub/input_Username or email address_login'

2019-05-23 10:15:56 - [TEST_STEP][PASSED] - setEncryptedText(findTestObject("Page_Sign in to GitHub  GitHub/input_Forgot password_password"), "9e5/e4jZbrkRPxL/am/6uYGu2iBUrIMS"): Text ****** has been set on object 'Object Repository/Page_Sign in to GitHub  GitHub/input_Forgot password_password'

2019-05-23 10:15:56 - [MESSAGE][PASSED] - Text ****** has been set on object 'Object Repository/Page_Sign in to GitHub  GitHub/input_Forgot password_password'

2019-05-23 10:15:56 - [TEST_STEP][PASSED] - click(findTestObject("Page_Sign in to GitHub  GitHub/input_Forgot password_commit")): Object: 'Object Repository/Page_Sign in to GitHub  GitHub/input_Forgot password_commit' is clicked on

2019-05-23 10:16:01 - [MESSAGE][PASSED] - Object: 'Object Repository/Page_Sign in to GitHub  GitHub/input_Forgot password_commit' is clicked on

2019-05-23 10:16:01 - [TEST_STEP][PASSED] - click(findTestObject("Page_Spectrum community/img_Explore_style__Img-u3znqr-3 kJsvJN")): Object: 'Object Repository/Page_Spectrum community/img_Explore_style__Img-u3znqr-3 kJsvJN' is clicked on

2019-05-23 10:16:05 - [MESSAGE][PASSED] - Object: 'Object Repository/Page_Spectrum community/img_Explore_style__Img-u3znqr-3 kJsvJN' is clicked on

2019-05-23 10:16:05 - [TEST_STEP][PASSED] - navigateToUrl("http://localhost:3000/new/community"): Navigate to 'http://localhost:3000/new/community' successfully

2019-05-23 10:16:07 - [MESSAGE][PASSED] - Navigate to 'http://localhost:3000/new/community' successfully

2019-05-23 10:16:07 - [TEST_STEP][PASSED] - setText(findTestObject("Page_New community/input_What is your community called_style__StyledInput-sc-17zryot-2 jHXlSy"), "abc"): Text 'abc' is set on object 'Object Repository/Page_New community/input_What is your community called_style__StyledInput-sc-17zryot-2 jHXlSy'

2019-05-23 10:16:08 - [MESSAGE][PASSED] - Text 'abc' is set on object 'Object Repository/Page_New community/input_What is your community called_style__StyledInput-sc-17zryot-2 jHXlSy'

2019-05-23 10:16:08 - [TEST_STEP][PASSED] - setText(findTestObject("Page_New community/textarea_dd"), "abc"): Text 'abc' is set on object 'Object Repository/Page_New community/textarea_dd'

2019-05-23 10:16:09 - [MESSAGE][PASSED] - Text 'abc' is set on object 'Object Repository/Page_New community/textarea_dd'

2019-05-23 10:16:09 - [TEST_STEP][PASSED] - setText(findTestObject("Page_New community/input_Optional Add your communitys website_style__StyledInput-sc-17zryot-2 jHXlSy"), "abc"): Text 'abc' is set on object 'Object Repository/Page_New community/input_Optional Add your communitys website_style__StyledInput-sc-17zryot-2 jHXlSy'

2019-05-23 10:16:09 - [MESSAGE][PASSED] - Text 'abc' is set on object 'Object Repository/Page_New community/input_Optional Add your communitys website_style__StyledInput-sc-17zryot-2 jHXlSy'

2019-05-23 10:16:09 - [TEST_STEP][PASSED] - click(findTestObject("Page_New community/div_checkboxI have read the Spectrum Code of Conduct and agree to enforce it in my community")): Object: 'Object Repository/Page_New community/div_checkboxI have read the Spectrum Code of Conduct and agree to enforce it in my community' is clicked on

2019-05-23 10:16:09 - [MESSAGE][PASSED] - Object: 'Object Repository/Page_New community/div_checkboxI have read the Spectrum Code of Conduct and agree to enforce it in my community' is clicked on

2019-05-23 10:16:09 - [TEST_STEP][PASSED] - click(findTestObject("Page_New community/button_Create Community  Continue")): Object: 'Object Repository/Page_New community/button_Create Community  Continue' is clicked on

2019-05-23 10:16:10 - [MESSAGE][PASSED] - Object: 'Object Repository/Page_New community/button_Create Community  Continue' is clicked on

2019-05-23 10:16:10 - [TEST_STEP][FAILED] - click(findTestObject("Page_New community/button_Skip this step")): Unable to click on object 'Object Repository/Page_New community/button_Skip this step' (Root cause: com.kms.katalon.core.exception.StepFailedException: Unable to click on object 'Object Repository/Page_New community/button_Skip this step'
	at com.kms.katalon.core.webui.keyword.internal.WebUIKeywordMain.stepFailed(WebUIKeywordMain.groovy:64)
	at com.kms.katalon.core.webui.keyword.internal.WebUIKeywordMain.runKeyword(WebUIKeywordMain.groovy:26)
	at com.kms.katalon.core.webui.keyword.builtin.ClickKeyword.click(ClickKeyword.groovy:86)
	at com.kms.katalon.core.webui.keyword.builtin.ClickKeyword.execute(ClickKeyword.groovy:67)
	at com.kms.katalon.core.keyword.internal.KeywordExecutor.executeKeywordForPlatform(KeywordExecutor.groovy:56)
	at com.kms.katalon.core.webui.keyword.WebUiBuiltInKeywords.click(WebUiBuiltInKeywords.groovy:616)
	at com.kms.katalon.core.webui.keyword.WebUiBuiltInKeywords$click$1.call(Unknown Source)
	at Create Chanel.run(Create Chanel:47)
	at com.kms.katalon.core.main.ScriptEngine.run(ScriptEngine.java:194)
	at com.kms.katalon.core.main.ScriptEngine.runScriptAsRawText(ScriptEngine.java:119)
	at com.kms.katalon.core.main.TestCaseExecutor.runScript(TestCaseExecutor.java:336)
	at com.kms.katalon.core.main.TestCaseExecutor.doExecute(TestCaseExecutor.java:327)
	at com.kms.katalon.core.main.TestCaseExecutor.processExecutionPhase(TestCaseExecutor.java:306)
	at com.kms.katalon.core.main.TestCaseExecutor.accessMainPhase(TestCaseExecutor.java:298)
	at com.kms.katalon.core.main.TestCaseExecutor.execute(TestCaseExecutor.java:232)
	at com.kms.katalon.core.main.TestSuiteExecutor.accessTestCaseMainPhase(TestSuiteExecutor.java:129)
	at com.kms.katalon.core.main.TestSuiteExecutor.accessTestSuiteMainPhase(TestSuiteExecutor.java:112)
	at com.kms.katalon.core.main.TestSuiteExecutor.execute(TestSuiteExecutor.java:81)
	at com.kms.katalon.core.main.TestCaseMain.startTestSuite(TestCaseMain.java:157)
	at com.kms.katalon.core.main.TestCaseMain$startTestSuite$0.call(Unknown Source)
	at TempTestSuite1558580976607.run(TempTestSuite1558580976607.groovy:35)
Caused by: com.kms.katalon.core.webui.exception.WebElementNotFoundException: Web element with id: 'Object Repository/Page_New community/button_Skip this step' located by 'By.xpath: //main[@id='main']/div/div/div[3]/button[2]' not found
	at com.kms.katalon.core.webui.common.WebUiCommonHelper.findWebElement(WebUiCommonHelper.java:1097)
	at com.kms.katalon.core.webui.keyword.internal.WebUIAbstractKeyword.findWebElement(WebUIAbstractKeyword.groovy:27)
	at com.kms.katalon.core.webui.keyword.internal.WebUIAbstractKeyword.findWebElement(WebUIAbstractKeyword.groovy:26)
	at com.kms.katalon.core.webui.keyword.builtin.ClickKeyword$_click_closure1.doCall(ClickKeyword.groovy:77)
	at com.kms.katalon.core.webui.keyword.builtin.ClickKeyword$_click_closure1.call(ClickKeyword.groovy)
	at com.kms.katalon.core.webui.keyword.internal.WebUIKeywordMain.runKeyword(WebUIKeywordMain.groovy:20)
	at com.kms.katalon.core.webui.keyword.builtin.ClickKeyword.click(ClickKeyword.groovy:86)
	at com.kms.katalon.core.webui.keyword.builtin.ClickKeyword.execute(ClickKeyword.groovy:67)
	at com.kms.katalon.core.keyword.internal.KeywordExecutor.executeKeywordForPlatform(KeywordExecutor.groovy:56)
	at com.kms.katalon.core.webui.keyword.WebUiBuiltInKeywords.click(WebUiBuiltInKeywords.groovy:616)
	at com.kms.katalon.core.webui.keyword.WebUiBuiltInKeywords$click$1.call(Unknown Source)
	at Script1557850473974.run(Script1557850473974.groovy:47)
	... 13 more
)

2019-05-23 10:16:40 - [MESSAGE][INFO] - Unable to find the element located by 'By.xpath: //main[@id='main']/div/div/div[3]/button[2]'. Please recheck the objects properties to make sure the desired element is located. 

2019-05-23 10:16:41 - [MESSAGE][FAILED] - Unable to click on object 'Object Repository/Page_New community/button_Skip this step' (Root cause: com.kms.katalon.core.exception.StepFailedException: Unable to click on object 'Object Repository/Page_New community/button_Skip this step'
	at com.kms.katalon.core.webui.keyword.internal.WebUIKeywordMain.stepFailed(WebUIKeywordMain.groovy:64)
	at com.kms.katalon.core.webui.keyword.internal.WebUIKeywordMain.runKeyword(WebUIKeywordMain.groovy:26)
	at com.kms.katalon.core.webui.keyword.builtin.ClickKeyword.click(ClickKeyword.groovy:86)
	at com.kms.katalon.core.webui.keyword.builtin.ClickKeyword.execute(ClickKeyword.groovy:67)
	at com.kms.katalon.core.keyword.internal.KeywordExecutor.executeKeywordForPlatform(KeywordExecutor.groovy:56)
	at com.kms.katalon.core.webui.keyword.WebUiBuiltInKeywords.click(WebUiBuiltInKeywords.groovy:616)
	at com.kms.katalon.core.webui.keyword.WebUiBuiltInKeywords$click$1.call(Unknown Source)
	at Create Chanel.run(Create Chanel:47)
	at com.kms.katalon.core.main.ScriptEngine.run(ScriptEngine.java:194)
	at com.kms.katalon.core.main.ScriptEngine.runScriptAsRawText(ScriptEngine.java:119)
	at com.kms.katalon.core.main.TestCaseExecutor.runScript(TestCaseExecutor.java:336)
	at com.kms.katalon.core.main.TestCaseExecutor.doExecute(TestCaseExecutor.java:327)
	at com.kms.katalon.core.main.TestCaseExecutor.processExecutionPhase(TestCaseExecutor.java:306)
	at com.kms.katalon.core.main.TestCaseExecutor.accessMainPhase(TestCaseExecutor.java:298)
	at com.kms.katalon.core.main.TestCaseExecutor.execute(TestCaseExecutor.java:232)
	at com.kms.katalon.core.main.TestSuiteExecutor.accessTestCaseMainPhase(TestSuiteExecutor.java:129)
	at com.kms.katalon.core.main.TestSuiteExecutor.accessTestSuiteMainPhase(TestSuiteExecutor.java:112)
	at com.kms.katalon.core.main.TestSuiteExecutor.execute(TestSuiteExecutor.java:81)
	at com.kms.katalon.core.main.TestCaseMain.startTestSuite(TestCaseMain.java:157)
	at com.kms.katalon.core.main.TestCaseMain$startTestSuite$0.call(Unknown Source)
	at TempTestSuite1558580976607.run(TempTestSuite1558580976607.groovy:35)
Caused by: com.kms.katalon.core.webui.exception.WebElementNotFoundException: Web element with id: 'Object Repository/Page_New community/button_Skip this step' located by 'By.xpath: //main[@id='main']/div/div/div[3]/button[2]' not found
	at com.kms.katalon.core.webui.common.WebUiCommonHelper.findWebElement(WebUiCommonHelper.java:1097)
	at com.kms.katalon.core.webui.keyword.internal.WebUIAbstractKeyword.findWebElement(WebUIAbstractKeyword.groovy:27)
	at com.kms.katalon.core.webui.keyword.internal.WebUIAbstractKeyword.findWebElement(WebUIAbstractKeyword.groovy:26)
	at com.kms.katalon.core.webui.keyword.builtin.ClickKeyword$_click_closure1.doCall(ClickKeyword.groovy:77)
	at com.kms.katalon.core.webui.keyword.builtin.ClickKeyword$_click_closure1.call(ClickKeyword.groovy)
	at com.kms.katalon.core.webui.keyword.internal.WebUIKeywordMain.runKeyword(WebUIKeywordMain.groovy:20)
	at com.kms.katalon.core.webui.keyword.builtin.ClickKeyword.click(ClickKeyword.groovy:86)
	at com.kms.katalon.core.webui.keyword.builtin.ClickKeyword.execute(ClickKeyword.groovy:67)
	at com.kms.katalon.core.keyword.internal.KeywordExecutor.executeKeywordForPlatform(KeywordExecutor.groovy:56)
	at com.kms.katalon.core.webui.keyword.WebUiBuiltInKeywords.click(WebUiBuiltInKeywords.groovy:616)
	at com.kms.katalon.core.webui.keyword.WebUiBuiltInKeywords$click$1.call(Unknown Source)
	at Script1557850473974.run(Script1557850473974.groovy:47)
	... 13 more
)
[[ATTACHMENT|D:\\HCMUS DATA\\Tern2-4th\\CCDNCTPTPM\\BT\\HW2\\Project\\TED_Team-Test_Project\\TED_Team-Test_Project\\Reports\\Run all test cases\\20190523_100936\\1558581400971.png]]]]></system-out>
         <system-err><![CDATA[2019-05-23 10:15:42 - [TEST_CASE][FAILED] - Test Cases/5 Test case using For/Create Chanel: Test Cases/5 Test case using For/Create Chanel FAILED.
Reason:
com.kms.katalon.core.exception.StepFailedException: Unable to click on object 'Object Repository/Page_New community/button_Skip this step'
	at com.kms.katalon.core.webui.keyword.internal.WebUIKeywordMain.stepFailed(WebUIKeywordMain.groovy:64)
	at com.kms.katalon.core.webui.keyword.internal.WebUIKeywordMain.runKeyword(WebUIKeywordMain.groovy:26)
	at com.kms.katalon.core.webui.keyword.builtin.ClickKeyword.click(ClickKeyword.groovy:86)
	at com.kms.katalon.core.webui.keyword.builtin.ClickKeyword.execute(ClickKeyword.groovy:67)
	at com.kms.katalon.core.keyword.internal.KeywordExecutor.executeKeywordForPlatform(KeywordExecutor.groovy:56)
	at com.kms.katalon.core.webui.keyword.WebUiBuiltInKeywords.click(WebUiBuiltInKeywords.groovy:616)
	at com.kms.katalon.core.webui.keyword.WebUiBuiltInKeywords$click$1.call(Unknown Source)
	at Create Chanel.run(Create Chanel:47)
	at com.kms.katalon.core.main.ScriptEngine.run(ScriptEngine.java:194)
	at com.kms.katalon.core.main.ScriptEngine.runScriptAsRawText(ScriptEngine.java:119)
	at com.kms.katalon.core.main.TestCaseExecutor.runScript(TestCaseExecutor.java:336)
	at com.kms.katalon.core.main.TestCaseExecutor.doExecute(TestCaseExecutor.java:327)
	at com.kms.katalon.core.main.TestCaseExecutor.processExecutionPhase(TestCaseExecutor.java:306)
	at com.kms.katalon.core.main.TestCaseExecutor.accessMainPhase(TestCaseExecutor.java:298)
	at com.kms.katalon.core.main.TestCaseExecutor.execute(TestCaseExecutor.java:232)
	at com.kms.katalon.core.main.TestSuiteExecutor.accessTestCaseMainPhase(TestSuiteExecutor.java:129)
	at com.kms.katalon.core.main.TestSuiteExecutor.accessTestSuiteMainPhase(TestSuiteExecutor.java:112)
	at com.kms.katalon.core.main.TestSuiteExecutor.execute(TestSuiteExecutor.java:81)
	at com.kms.katalon.core.main.TestCaseMain.startTestSuite(TestCaseMain.java:157)
	at com.kms.katalon.core.main.TestCaseMain$startTestSuite$0.call(Unknown Source)
	at TempTestSuite1558580976607.run(TempTestSuite1558580976607.groovy:35)
Caused by: com.kms.katalon.core.webui.exception.WebElementNotFoundException: Web element with id: 'Object Repository/Page_New community/button_Skip this step' located by 'By.xpath: //main[@id='main']/div/div/div[3]/button[2]' not found
	at com.kms.katalon.core.webui.common.WebUiCommonHelper.findWebElement(WebUiCommonHelper.java:1097)
	at com.kms.katalon.core.webui.keyword.internal.WebUIAbstractKeyword.findWebElement(WebUIAbstractKeyword.groovy:27)
	at com.kms.katalon.core.webui.keyword.internal.WebUIAbstractKeyword.findWebElement(WebUIAbstractKeyword.groovy:26)
	at com.kms.katalon.core.webui.keyword.builtin.ClickKeyword$_click_closure1.doCall(ClickKeyword.groovy:77)
	at com.kms.katalon.core.webui.keyword.builtin.ClickKeyword$_click_closure1.call(ClickKeyword.groovy)
	at com.kms.katalon.core.webui.keyword.internal.WebUIKeywordMain.runKeyword(WebUIKeywordMain.groovy:20)
	at com.kms.katalon.core.webui.keyword.builtin.ClickKeyword.click(ClickKeyword.groovy:86)
	at com.kms.katalon.core.webui.keyword.builtin.ClickKeyword.execute(ClickKeyword.groovy:67)
	at com.kms.katalon.core.keyword.internal.KeywordExecutor.executeKeywordForPlatform(KeywordExecutor.groovy:56)
	at com.kms.katalon.core.webui.keyword.WebUiBuiltInKeywords.click(WebUiBuiltInKeywords.groovy:616)
	at com.kms.katalon.core.webui.keyword.WebUiBuiltInKeywords$click$1.call(Unknown Source)
	at Script1557850473974.run(Script1557850473974.groovy:47)
	... 13 more]]></system-err>
      </testcase>
      <testcase name="Test Cases/5 Test case using For/Send Message" classname="Test Cases/5 Test case using For/Send Message" status="PASSED">
         <system-out><![CDATA[2019-05-23 10:16:41 - [TEST_CASE][PASSED] - Test Cases/5 Test case using For/Send Message: Test Cases/5 Test case using For/Send Message

2019-05-23 10:16:41 - [TEST_STEP][PASSED] - openBrowser(""): Browser is opened with url: ''

2019-05-23 10:16:41 - [MESSAGE][WARNING] - A browser is already opened. Closing browser and opening a new one

2019-05-23 10:16:42 - [MESSAGE][INFO] - Starting 'Firefox' driver

2019-05-23 10:16:45 - [MESSAGE][PASSED] - Browser is opened with url: ''

2019-05-23 10:16:45 - [TEST_STEP][PASSED] - navigateToUrl("http://127.0.0.1:3000/"): Navigate to 'http://127.0.0.1:3000/' successfully

2019-05-23 10:16:47 - [MESSAGE][PASSED] - Navigate to 'http://127.0.0.1:3000/' successfully

2019-05-23 10:16:47 - [TEST_STEP][PASSED] - click(findTestObject("Page_Spectrum/button_Log in or sign up")): Object: 'Object Repository/Page_Spectrum/button_Log in or sign up' is clicked on

2019-05-23 10:17:03 - [MESSAGE][PASSED] - Object: 'Object Repository/Page_Spectrum/button_Log in or sign up' is clicked on

2019-05-23 10:17:03 - [TEST_STEP][PASSED] - click(findTestObject("Page_Spectrum/span_Sign in with GitHub")): Object: 'Object Repository/Page_Spectrum/span_Sign in with GitHub' is clicked on

2019-05-23 10:17:16 - [MESSAGE][PASSED] - Object: 'Object Repository/Page_Spectrum/span_Sign in with GitHub' is clicked on

2019-05-23 10:17:16 - [TEST_STEP][PASSED] - setText(findTestObject("Page_Sign in to GitHub  GitHub/input_Username or email address_login"), "minhcuongit"): Text 'minhcuongit' is set on object 'Object Repository/Page_Sign in to GitHub  GitHub/input_Username or email address_login'

2019-05-23 10:17:16 - [MESSAGE][PASSED] - Text 'minhcuongit' is set on object 'Object Repository/Page_Sign in to GitHub  GitHub/input_Username or email address_login'

2019-05-23 10:17:16 - [TEST_STEP][PASSED] - setEncryptedText(findTestObject("Page_Sign in to GitHub  GitHub/input_Forgot password_password"), "9e5/e4jZbrkRPxL/am/6uYGu2iBUrIMS"): Text ****** has been set on object 'Object Repository/Page_Sign in to GitHub  GitHub/input_Forgot password_password'

2019-05-23 10:17:16 - [MESSAGE][PASSED] - Text ****** has been set on object 'Object Repository/Page_Sign in to GitHub  GitHub/input_Forgot password_password'

2019-05-23 10:17:16 - [TEST_STEP][PASSED] - click(findTestObject("Page_Sign in to GitHub  GitHub/input_Forgot password_commit")): Object: 'Object Repository/Page_Sign in to GitHub  GitHub/input_Forgot password_commit' is clicked on

2019-05-23 10:17:21 - [MESSAGE][PASSED] - Object: 'Object Repository/Page_Sign in to GitHub  GitHub/input_Forgot password_commit' is clicked on

2019-05-23 10:17:21 - [TEST_STEP][PASSED] - navigateToUrl("http://localhost:3000/spectrum?tab=posts"): Navigate to 'http://localhost:3000/spectrum?tab=posts' successfully

2019-05-23 10:17:23 - [MESSAGE][PASSED] - Navigate to 'http://localhost:3000/spectrum?tab=posts' successfully

2019-05-23 10:17:23 - [TEST_STEP][PASSED] - click(findTestObject("Object Repository/Page_Spectrum community/span_blocked-user_click")): Object: 'Object Repository/Page_Spectrum community/span_blocked-user_click' is clicked on

2019-05-23 10:17:27 - [MESSAGE][PASSED] - Object: 'Object Repository/Page_Spectrum community/span_blocked-user_click' is clicked on

2019-05-23 10:17:27 - [TEST_STEP][PASSED] - click(findTestObject("Object Repository/Page_Blocked user  blocked-user/button_Message_Ben_Trong")): Object: 'Object Repository/Page_Blocked user  blocked-user/button_Message_Ben_Trong' is clicked on

2019-05-23 10:17:28 - [MESSAGE][PASSED] - Object: 'Object Repository/Page_Blocked user  blocked-user/button_Message_Ben_Trong' is clicked on

2019-05-23 10:17:28 - [TEST_STEP][PASSED] - names = ["Cường", "Duy", "Mạnh", "Quốc", "Phong", "Sơn", "Thắm", "Phượng", "Hải", "Xuân", "Lan", "Mai", "Thu", "Cúc"]: null

2019-05-23 10:17:28 - [TEST_STEP][PASSED] - for (def name : names): Object: 'Object Repository/Page_Spectrum community/button_Send' is clicked on

2019-05-23 10:17:28 - [TEST_STEP][PASSED] - setText(findTestObject("Object Repository/Page_Spectrum community/textarea_hell"), "hello " + name): Text 'hello Cường' is set on object 'Object Repository/Page_Spectrum community/textarea_hell'

2019-05-23 10:17:28 - [MESSAGE][PASSED] - Text 'hello Cường' is set on object 'Object Repository/Page_Spectrum community/textarea_hell'

2019-05-23 10:17:28 - [TEST_STEP][PASSED] - click(findTestObject("Object Repository/Page_Spectrum community/button_Send")): Object: 'Object Repository/Page_Spectrum community/button_Send' is clicked on

2019-05-23 10:17:30 - [MESSAGE][PASSED] - Object: 'Object Repository/Page_Spectrum community/button_Send' is clicked on

2019-05-23 10:17:30 - [TEST_STEP][PASSED] - setText(findTestObject("Object Repository/Page_Spectrum community/textarea_hell"), "hello " + name): Text 'hello Duy' is set on object 'Object Repository/Page_Spectrum community/textarea_hell'

2019-05-23 10:17:30 - [MESSAGE][PASSED] - Text 'hello Duy' is set on object 'Object Repository/Page_Spectrum community/textarea_hell'

2019-05-23 10:17:30 - [TEST_STEP][PASSED] - click(findTestObject("Object Repository/Page_Spectrum community/button_Send")): Object: 'Object Repository/Page_Spectrum community/button_Send' is clicked on

2019-05-23 10:17:30 - [MESSAGE][PASSED] - Object: 'Object Repository/Page_Spectrum community/button_Send' is clicked on

2019-05-23 10:17:30 - [TEST_STEP][PASSED] - setText(findTestObject("Object Repository/Page_Spectrum community/textarea_hell"), "hello " + name): Text 'hello Mạnh' is set on object 'Object Repository/Page_Spectrum community/textarea_hell'

2019-05-23 10:17:31 - [MESSAGE][PASSED] - Text 'hello Mạnh' is set on object 'Object Repository/Page_Spectrum community/textarea_hell'

2019-05-23 10:17:31 - [TEST_STEP][PASSED] - click(findTestObject("Object Repository/Page_Spectrum community/button_Send")): Object: 'Object Repository/Page_Spectrum community/button_Send' is clicked on

2019-05-23 10:17:31 - [MESSAGE][PASSED] - Object: 'Object Repository/Page_Spectrum community/button_Send' is clicked on

2019-05-23 10:17:31 - [TEST_STEP][PASSED] - setText(findTestObject("Object Repository/Page_Spectrum community/textarea_hell"), "hello " + name): Text 'hello Quốc' is set on object 'Object Repository/Page_Spectrum community/textarea_hell'

2019-05-23 10:17:32 - [MESSAGE][PASSED] - Text 'hello Quốc' is set on object 'Object Repository/Page_Spectrum community/textarea_hell'

2019-05-23 10:17:32 - [TEST_STEP][PASSED] - click(findTestObject("Object Repository/Page_Spectrum community/button_Send")): Object: 'Object Repository/Page_Spectrum community/button_Send' is clicked on

2019-05-23 10:17:32 - [MESSAGE][PASSED] - Object: 'Object Repository/Page_Spectrum community/button_Send' is clicked on

2019-05-23 10:17:32 - [TEST_STEP][PASSED] - setText(findTestObject("Object Repository/Page_Spectrum community/textarea_hell"), "hello " + name): Text 'hello Phong' is set on object 'Object Repository/Page_Spectrum community/textarea_hell'

2019-05-23 10:17:33 - [MESSAGE][PASSED] - Text 'hello Phong' is set on object 'Object Repository/Page_Spectrum community/textarea_hell'

2019-05-23 10:17:33 - [TEST_STEP][PASSED] - click(findTestObject("Object Repository/Page_Spectrum community/button_Send")): Object: 'Object Repository/Page_Spectrum community/button_Send' is clicked on

2019-05-23 10:17:33 - [MESSAGE][PASSED] - Object: 'Object Repository/Page_Spectrum community/button_Send' is clicked on

2019-05-23 10:17:33 - [TEST_STEP][PASSED] - setText(findTestObject("Object Repository/Page_Spectrum community/textarea_hell"), "hello " + name): Text 'hello Sơn' is set on object 'Object Repository/Page_Spectrum community/textarea_hell'

2019-05-23 10:17:34 - [MESSAGE][PASSED] - Text 'hello Sơn' is set on object 'Object Repository/Page_Spectrum community/textarea_hell'

2019-05-23 10:17:34 - [TEST_STEP][PASSED] - click(findTestObject("Object Repository/Page_Spectrum community/button_Send")): Object: 'Object Repository/Page_Spectrum community/button_Send' is clicked on

2019-05-23 10:17:34 - [MESSAGE][PASSED] - Object: 'Object Repository/Page_Spectrum community/button_Send' is clicked on

2019-05-23 10:17:34 - [TEST_STEP][PASSED] - setText(findTestObject("Object Repository/Page_Spectrum community/textarea_hell"), "hello " + name): Text 'hello Thắm' is set on object 'Object Repository/Page_Spectrum community/textarea_hell'

2019-05-23 10:17:35 - [MESSAGE][PASSED] - Text 'hello Thắm' is set on object 'Object Repository/Page_Spectrum community/textarea_hell'

2019-05-23 10:17:35 - [TEST_STEP][PASSED] - click(findTestObject("Object Repository/Page_Spectrum community/button_Send")): Object: 'Object Repository/Page_Spectrum community/button_Send' is clicked on

2019-05-23 10:17:35 - [MESSAGE][PASSED] - Object: 'Object Repository/Page_Spectrum community/button_Send' is clicked on

2019-05-23 10:17:35 - [TEST_STEP][PASSED] - setText(findTestObject("Object Repository/Page_Spectrum community/textarea_hell"), "hello " + name): Text 'hello Phượng' is set on object 'Object Repository/Page_Spectrum community/textarea_hell'

2019-05-23 10:17:36 - [MESSAGE][PASSED] - Text 'hello Phượng' is set on object 'Object Repository/Page_Spectrum community/textarea_hell'

2019-05-23 10:17:36 - [TEST_STEP][PASSED] - click(findTestObject("Object Repository/Page_Spectrum community/button_Send")): Object: 'Object Repository/Page_Spectrum community/button_Send' is clicked on

2019-05-23 10:17:36 - [MESSAGE][PASSED] - Object: 'Object Repository/Page_Spectrum community/button_Send' is clicked on

2019-05-23 10:17:36 - [TEST_STEP][PASSED] - setText(findTestObject("Object Repository/Page_Spectrum community/textarea_hell"), "hello " + name): Text 'hello Hải' is set on object 'Object Repository/Page_Spectrum community/textarea_hell'

2019-05-23 10:17:36 - [MESSAGE][PASSED] - Text 'hello Hải' is set on object 'Object Repository/Page_Spectrum community/textarea_hell'

2019-05-23 10:17:36 - [TEST_STEP][PASSED] - click(findTestObject("Object Repository/Page_Spectrum community/button_Send")): Object: 'Object Repository/Page_Spectrum community/button_Send' is clicked on

2019-05-23 10:17:37 - [MESSAGE][PASSED] - Object: 'Object Repository/Page_Spectrum community/button_Send' is clicked on

2019-05-23 10:17:37 - [TEST_STEP][PASSED] - setText(findTestObject("Object Repository/Page_Spectrum community/textarea_hell"), "hello " + name): Text 'hello Xuân' is set on object 'Object Repository/Page_Spectrum community/textarea_hell'

2019-05-23 10:17:37 - [MESSAGE][PASSED] - Text 'hello Xuân' is set on object 'Object Repository/Page_Spectrum community/textarea_hell'

2019-05-23 10:17:37 - [TEST_STEP][PASSED] - click(findTestObject("Object Repository/Page_Spectrum community/button_Send")): Object: 'Object Repository/Page_Spectrum community/button_Send' is clicked on

2019-05-23 10:17:38 - [MESSAGE][PASSED] - Object: 'Object Repository/Page_Spectrum community/button_Send' is clicked on

2019-05-23 10:17:38 - [TEST_STEP][PASSED] - setText(findTestObject("Object Repository/Page_Spectrum community/textarea_hell"), "hello " + name): Text 'hello Lan' is set on object 'Object Repository/Page_Spectrum community/textarea_hell'

2019-05-23 10:17:38 - [MESSAGE][PASSED] - Text 'hello Lan' is set on object 'Object Repository/Page_Spectrum community/textarea_hell'

2019-05-23 10:17:38 - [TEST_STEP][PASSED] - click(findTestObject("Object Repository/Page_Spectrum community/button_Send")): Object: 'Object Repository/Page_Spectrum community/button_Send' is clicked on

2019-05-23 10:17:39 - [MESSAGE][PASSED] - Object: 'Object Repository/Page_Spectrum community/button_Send' is clicked on

2019-05-23 10:17:39 - [TEST_STEP][PASSED] - setText(findTestObject("Object Repository/Page_Spectrum community/textarea_hell"), "hello " + name): Text 'hello Mai' is set on object 'Object Repository/Page_Spectrum community/textarea_hell'

2019-05-23 10:17:39 - [MESSAGE][PASSED] - Text 'hello Mai' is set on object 'Object Repository/Page_Spectrum community/textarea_hell'

2019-05-23 10:17:39 - [TEST_STEP][PASSED] - click(findTestObject("Object Repository/Page_Spectrum community/button_Send")): Object: 'Object Repository/Page_Spectrum community/button_Send' is clicked on

2019-05-23 10:17:40 - [MESSAGE][PASSED] - Object: 'Object Repository/Page_Spectrum community/button_Send' is clicked on

2019-05-23 10:17:40 - [TEST_STEP][PASSED] - setText(findTestObject("Object Repository/Page_Spectrum community/textarea_hell"), "hello " + name): Text 'hello Thu' is set on object 'Object Repository/Page_Spectrum community/textarea_hell'

2019-05-23 10:17:40 - [MESSAGE][PASSED] - Text 'hello Thu' is set on object 'Object Repository/Page_Spectrum community/textarea_hell'

2019-05-23 10:17:40 - [TEST_STEP][PASSED] - click(findTestObject("Object Repository/Page_Spectrum community/button_Send")): Object: 'Object Repository/Page_Spectrum community/button_Send' is clicked on

2019-05-23 10:17:41 - [MESSAGE][PASSED] - Object: 'Object Repository/Page_Spectrum community/button_Send' is clicked on

2019-05-23 10:17:41 - [TEST_STEP][PASSED] - setText(findTestObject("Object Repository/Page_Spectrum community/textarea_hell"), "hello " + name): Text 'hello Cúc' is set on object 'Object Repository/Page_Spectrum community/textarea_hell'

2019-05-23 10:17:41 - [MESSAGE][PASSED] - Text 'hello Cúc' is set on object 'Object Repository/Page_Spectrum community/textarea_hell'

2019-05-23 10:17:41 - [TEST_STEP][PASSED] - click(findTestObject("Object Repository/Page_Spectrum community/button_Send")): Object: 'Object Repository/Page_Spectrum community/button_Send' is clicked on

2019-05-23 10:17:42 - [MESSAGE][PASSED] - Object: 'Object Repository/Page_Spectrum community/button_Send' is clicked on]]></system-out>
         <system-err><![CDATA[]]></system-err>
      </testcase>
      <testcase name="Test Cases/5 Test case using For/UpPost" classname="Test Cases/5 Test case using For/UpPost" status="FAILED">
         <failure type="FAILED" message="Test Cases/5 Test case using For/UpPost FAILED.
Reason:
com.kms.katalon.core.exception.StepFailedException: Unable to select option by value '1815d581-d824-4937-830d-d0c746093540' of object 'Object Repository/Page_abc community/chon_channel_cuong'  using regular expression
	at com.kms.katalon.core.webui.keyword.internal.WebUIKeywordMain.stepFailed(WebUIKeywordMain.groovy:64)
	at com.kms.katalon.core.webui.keyword.internal.WebUIKeywordMain.runKeyword(WebUIKeywordMain.groovy:26)
	at com.kms.katalon.core.webui.keyword.builtin.SelectOptionByValueKeyword.selectOptionByValue(SelectOptionByValueKeyword.groovy:99)
	at com.kms.katalon.core.webui.keyword.builtin.SelectOptionByValueKeyword.execute(SelectOptionByValueKeyword.groovy:71)
	at com.kms.katalon.core.keyword.internal.KeywordExecutor.executeKeywordForPlatform(KeywordExecutor.groovy:56)
	at com.kms.katalon.core.webui.keyword.WebUiBuiltInKeywords.selectOptionByValue(WebUiBuiltInKeywords.groovy:1138)
	at com.kms.katalon.core.webui.keyword.WebUiBuiltInKeywords$selectOptionByValue$7.call(Unknown Source)
	at UpPost.run(UpPost:38)
	at com.kms.katalon.core.main.ScriptEngine.run(ScriptEngine.java:194)
	at com.kms.katalon.core.main.ScriptEngine.runScriptAsRawText(ScriptEngine.java:119)
	at com.kms.katalon.core.main.TestCaseExecutor.runScript(TestCaseExecutor.java:336)
	at com.kms.katalon.core.main.TestCaseExecutor.doExecute(TestCaseExecutor.java:327)
	at com.kms.katalon.core.main.TestCaseExecutor.processExecutionPhase(TestCaseExecutor.java:306)
	at com.kms.katalon.core.main.TestCaseExecutor.accessMainPhase(TestCaseExecutor.java:298)
	at com.kms.katalon.core.main.TestCaseExecutor.execute(TestCaseExecutor.java:232)
	at com.kms.katalon.core.main.TestSuiteExecutor.accessTestCaseMainPhase(TestSuiteExecutor.java:129)
	at com.kms.katalon.core.main.TestSuiteExecutor.accessTestSuiteMainPhase(TestSuiteExecutor.java:112)
	at com.kms.katalon.core.main.TestSuiteExecutor.execute(TestSuiteExecutor.java:81)
	at com.kms.katalon.core.main.TestCaseMain.startTestSuite(TestCaseMain.java:157)
	at com.kms.katalon.core.main.TestCaseMain$startTestSuite$0.call(Unknown Source)
	at TempTestSuite1558580976607.run(TempTestSuite1558580976607.groovy:35)
Caused by: com.kms.katalon.core.webui.exception.WebElementNotFoundException: Web element with id: 'Object Repository/Page_abc community/chon_channel_cuong' located by 'By.xpath: //select[@id='3f2e58e3-9735-45f6-a76e-7e6e204f22fb']' not found
	at com.kms.katalon.core.webui.common.WebUiCommonHelper.findWebElement(WebUiCommonHelper.java:1097)
	at com.kms.katalon.core.webui.keyword.internal.WebUIAbstractKeyword.findWebElement(WebUIAbstractKeyword.groovy:27)
	at com.kms.katalon.core.webui.keyword.internal.WebUIAbstractKeyword.findWebElement(WebUIAbstractKeyword.groovy:26)
	at com.kms.katalon.core.webui.keyword.builtin.SelectOptionByValueKeyword$_selectOptionByValue_closure1.doCall(SelectOptionByValueKeyword.groovy:86)
	at com.kms.katalon.core.webui.keyword.builtin.SelectOptionByValueKeyword$_selectOptionByValue_closure1.call(SelectOptionByValueKeyword.groovy)
	at com.kms.katalon.core.webui.keyword.internal.WebUIKeywordMain.runKeyword(WebUIKeywordMain.groovy:20)
	at com.kms.katalon.core.webui.keyword.builtin.SelectOptionByValueKeyword.selectOptionByValue(SelectOptionByValueKeyword.groovy:99)
	at com.kms.katalon.core.webui.keyword.builtin.SelectOptionByValueKeyword.execute(SelectOptionByValueKeyword.groovy:71)
	at com.kms.katalon.core.keyword.internal.KeywordExecutor.executeKeywordForPlatform(KeywordExecutor.groovy:56)
	at com.kms.katalon.core.webui.keyword.WebUiBuiltInKeywords.selectOptionByValue(WebUiBuiltInKeywords.groovy:1138)
	at com.kms.katalon.core.webui.keyword.WebUiBuiltInKeywords$selectOptionByValue$7.call(Unknown Source)
	at Script1557895496151.run(Script1557895496151.groovy:38)
	... 13 more
"/>
         <system-out><![CDATA[2019-05-23 10:17:42 - [TEST_CASE][FAILED] - Test Cases/5 Test case using For/UpPost: Test Cases/5 Test case using For/UpPost FAILED.
Reason:
com.kms.katalon.core.exception.StepFailedException: Unable to select option by value '1815d581-d824-4937-830d-d0c746093540' of object 'Object Repository/Page_abc community/chon_channel_cuong'  using regular expression
	at com.kms.katalon.core.webui.keyword.internal.WebUIKeywordMain.stepFailed(WebUIKeywordMain.groovy:64)
	at com.kms.katalon.core.webui.keyword.internal.WebUIKeywordMain.runKeyword(WebUIKeywordMain.groovy:26)
	at com.kms.katalon.core.webui.keyword.builtin.SelectOptionByValueKeyword.selectOptionByValue(SelectOptionByValueKeyword.groovy:99)
	at com.kms.katalon.core.webui.keyword.builtin.SelectOptionByValueKeyword.execute(SelectOptionByValueKeyword.groovy:71)
	at com.kms.katalon.core.keyword.internal.KeywordExecutor.executeKeywordForPlatform(KeywordExecutor.groovy:56)
	at com.kms.katalon.core.webui.keyword.WebUiBuiltInKeywords.selectOptionByValue(WebUiBuiltInKeywords.groovy:1138)
	at com.kms.katalon.core.webui.keyword.WebUiBuiltInKeywords$selectOptionByValue$7.call(Unknown Source)
	at UpPost.run(UpPost:38)
	at com.kms.katalon.core.main.ScriptEngine.run(ScriptEngine.java:194)
	at com.kms.katalon.core.main.ScriptEngine.runScriptAsRawText(ScriptEngine.java:119)
	at com.kms.katalon.core.main.TestCaseExecutor.runScript(TestCaseExecutor.java:336)
	at com.kms.katalon.core.main.TestCaseExecutor.doExecute(TestCaseExecutor.java:327)
	at com.kms.katalon.core.main.TestCaseExecutor.processExecutionPhase(TestCaseExecutor.java:306)
	at com.kms.katalon.core.main.TestCaseExecutor.accessMainPhase(TestCaseExecutor.java:298)
	at com.kms.katalon.core.main.TestCaseExecutor.execute(TestCaseExecutor.java:232)
	at com.kms.katalon.core.main.TestSuiteExecutor.accessTestCaseMainPhase(TestSuiteExecutor.java:129)
	at com.kms.katalon.core.main.TestSuiteExecutor.accessTestSuiteMainPhase(TestSuiteExecutor.java:112)
	at com.kms.katalon.core.main.TestSuiteExecutor.execute(TestSuiteExecutor.java:81)
	at com.kms.katalon.core.main.TestCaseMain.startTestSuite(TestCaseMain.java:157)
	at com.kms.katalon.core.main.TestCaseMain$startTestSuite$0.call(Unknown Source)
	at TempTestSuite1558580976607.run(TempTestSuite1558580976607.groovy:35)
Caused by: com.kms.katalon.core.webui.exception.WebElementNotFoundException: Web element with id: 'Object Repository/Page_abc community/chon_channel_cuong' located by 'By.xpath: //select[@id='3f2e58e3-9735-45f6-a76e-7e6e204f22fb']' not found
	at com.kms.katalon.core.webui.common.WebUiCommonHelper.findWebElement(WebUiCommonHelper.java:1097)
	at com.kms.katalon.core.webui.keyword.internal.WebUIAbstractKeyword.findWebElement(WebUIAbstractKeyword.groovy:27)
	at com.kms.katalon.core.webui.keyword.internal.WebUIAbstractKeyword.findWebElement(WebUIAbstractKeyword.groovy:26)
	at com.kms.katalon.core.webui.keyword.builtin.SelectOptionByValueKeyword$_selectOptionByValue_closure1.doCall(SelectOptionByValueKeyword.groovy:86)
	at com.kms.katalon.core.webui.keyword.builtin.SelectOptionByValueKeyword$_selectOptionByValue_closure1.call(SelectOptionByValueKeyword.groovy)
	at com.kms.katalon.core.webui.keyword.internal.WebUIKeywordMain.runKeyword(WebUIKeywordMain.groovy:20)
	at com.kms.katalon.core.webui.keyword.builtin.SelectOptionByValueKeyword.selectOptionByValue(SelectOptionByValueKeyword.groovy:99)
	at com.kms.katalon.core.webui.keyword.builtin.SelectOptionByValueKeyword.execute(SelectOptionByValueKeyword.groovy:71)
	at com.kms.katalon.core.keyword.internal.KeywordExecutor.executeKeywordForPlatform(KeywordExecutor.groovy:56)
	at com.kms.katalon.core.webui.keyword.WebUiBuiltInKeywords.selectOptionByValue(WebUiBuiltInKeywords.groovy:1138)
	at com.kms.katalon.core.webui.keyword.WebUiBuiltInKeywords$selectOptionByValue$7.call(Unknown Source)
	at Script1557895496151.run(Script1557895496151.groovy:38)
	... 13 more


2019-05-23 10:17:42 - [TEST_STEP][PASSED] - openBrowser(""): Browser is opened with url: ''

2019-05-23 10:17:42 - [MESSAGE][WARNING] - A browser is already opened. Closing browser and opening a new one

2019-05-23 10:17:43 - [MESSAGE][INFO] - Starting 'Firefox' driver

2019-05-23 10:17:46 - [MESSAGE][PASSED] - Browser is opened with url: ''

2019-05-23 10:17:46 - [TEST_STEP][PASSED] - navigateToUrl("http://localhost:3000/"): Navigate to 'http://localhost:3000/' successfully

2019-05-23 10:17:48 - [MESSAGE][PASSED] - Navigate to 'http://localhost:3000/' successfully

2019-05-23 10:17:48 - [TEST_STEP][PASSED] - click(findTestObject("Page_Spectrum/button_Log in or sign up")): Object: 'Object Repository/Page_Spectrum/button_Log in or sign up' is clicked on

2019-05-23 10:17:50 - [MESSAGE][PASSED] - Object: 'Object Repository/Page_Spectrum/button_Log in or sign up' is clicked on

2019-05-23 10:17:50 - [TEST_STEP][PASSED] - click(findTestObject("Page_Spectrum/span_Sign in with GitHub")): Object: 'Object Repository/Page_Spectrum/span_Sign in with GitHub' is clicked on

2019-05-23 10:17:52 - [MESSAGE][PASSED] - Object: 'Object Repository/Page_Spectrum/span_Sign in with GitHub' is clicked on

2019-05-23 10:17:52 - [TEST_STEP][PASSED] - setText(findTestObject("Page_Sign in to GitHub  GitHub/input_Username or email address_login"), "minhcuongit"): Text 'minhcuongit' is set on object 'Object Repository/Page_Sign in to GitHub  GitHub/input_Username or email address_login'

2019-05-23 10:17:52 - [MESSAGE][PASSED] - Text 'minhcuongit' is set on object 'Object Repository/Page_Sign in to GitHub  GitHub/input_Username or email address_login'

2019-05-23 10:17:52 - [TEST_STEP][PASSED] - setEncryptedText(findTestObject("Page_Sign in to GitHub  GitHub/input_Forgot password_password"), "9e5/e4jZbrkRPxL/am/6uYGu2iBUrIMS"): Text ****** has been set on object 'Object Repository/Page_Sign in to GitHub  GitHub/input_Forgot password_password'

2019-05-23 10:17:52 - [MESSAGE][PASSED] - Text ****** has been set on object 'Object Repository/Page_Sign in to GitHub  GitHub/input_Forgot password_password'

2019-05-23 10:17:52 - [TEST_STEP][PASSED] - click(findTestObject("Page_Sign in to GitHub  GitHub/input_Forgot password_commit")): Object: 'Object Repository/Page_Sign in to GitHub  GitHub/input_Forgot password_commit' is clicked on

2019-05-23 10:17:57 - [MESSAGE][PASSED] - Object: 'Object Repository/Page_Sign in to GitHub  GitHub/input_Forgot password_commit' is clicked on

2019-05-23 10:17:57 - [TEST_STEP][PASSED] - navigateToUrl("http://localhost:3000/abc?tab=posts"): Navigate to 'http://localhost:3000/abc?tab=posts' successfully

2019-05-23 10:17:59 - [MESSAGE][PASSED] - Navigate to 'http://localhost:3000/abc?tab=posts' successfully

2019-05-23 10:17:59 - [TEST_STEP][PASSED] - click(findTestObject("Object Repository/Page_abc community/div_click_de_hien_khung")): Object: 'Object Repository/Page_abc community/div_click_de_hien_khung' is clicked on

2019-05-23 10:18:01 - [MESSAGE][PASSED] - Object: 'Object Repository/Page_abc community/div_click_de_hien_khung' is clicked on

2019-05-23 10:18:01 - [TEST_STEP][PASSED] - setText(findTestObject("Object Repository/Page_abc community/input_tieu_de"), "message demo"): Text 'message demo' is set on object 'Object Repository/Page_abc community/input_tieu_de'

2019-05-23 10:18:01 - [MESSAGE][PASSED] - Text 'message demo' is set on object 'Object Repository/Page_abc community/input_tieu_de'

2019-05-23 10:18:01 - [TEST_STEP][PASSED] - setText(findTestObject("Object Repository/Page_abc community/textarea_detail"), "details demo"): Text 'details demo' is set on object 'Object Repository/Page_abc community/textarea_detail'

2019-05-23 10:18:02 - [MESSAGE][PASSED] - Text 'details demo' is set on object 'Object Repository/Page_abc community/textarea_detail'

2019-05-23 10:18:02 - [TEST_STEP][FAILED] - selectOptionByValue(findTestObject("Object Repository/Page_abc community/chon_channel_cuong"), "1815d581-d824-4937-830d-d0c746093540", true): Unable to select option by value '1815d581-d824-4937-830d-d0c746093540' of object 'Object Repository/Page_abc community/chon_channel_cuong'  using regular expression (Root cause: com.kms.katalon.core.exception.StepFailedException: Unable to select option by value '1815d581-d824-4937-830d-d0c746093540' of object 'Object Repository/Page_abc community/chon_channel_cuong'  using regular expression
	at com.kms.katalon.core.webui.keyword.internal.WebUIKeywordMain.stepFailed(WebUIKeywordMain.groovy:64)
	at com.kms.katalon.core.webui.keyword.internal.WebUIKeywordMain.runKeyword(WebUIKeywordMain.groovy:26)
	at com.kms.katalon.core.webui.keyword.builtin.SelectOptionByValueKeyword.selectOptionByValue(SelectOptionByValueKeyword.groovy:99)
	at com.kms.katalon.core.webui.keyword.builtin.SelectOptionByValueKeyword.execute(SelectOptionByValueKeyword.groovy:71)
	at com.kms.katalon.core.keyword.internal.KeywordExecutor.executeKeywordForPlatform(KeywordExecutor.groovy:56)
	at com.kms.katalon.core.webui.keyword.WebUiBuiltInKeywords.selectOptionByValue(WebUiBuiltInKeywords.groovy:1138)
	at com.kms.katalon.core.webui.keyword.WebUiBuiltInKeywords$selectOptionByValue$7.call(Unknown Source)
	at UpPost.run(UpPost:38)
	at com.kms.katalon.core.main.ScriptEngine.run(ScriptEngine.java:194)
	at com.kms.katalon.core.main.ScriptEngine.runScriptAsRawText(ScriptEngine.java:119)
	at com.kms.katalon.core.main.TestCaseExecutor.runScript(TestCaseExecutor.java:336)
	at com.kms.katalon.core.main.TestCaseExecutor.doExecute(TestCaseExecutor.java:327)
	at com.kms.katalon.core.main.TestCaseExecutor.processExecutionPhase(TestCaseExecutor.java:306)
	at com.kms.katalon.core.main.TestCaseExecutor.accessMainPhase(TestCaseExecutor.java:298)
	at com.kms.katalon.core.main.TestCaseExecutor.execute(TestCaseExecutor.java:232)
	at com.kms.katalon.core.main.TestSuiteExecutor.accessTestCaseMainPhase(TestSuiteExecutor.java:129)
	at com.kms.katalon.core.main.TestSuiteExecutor.accessTestSuiteMainPhase(TestSuiteExecutor.java:112)
	at com.kms.katalon.core.main.TestSuiteExecutor.execute(TestSuiteExecutor.java:81)
	at com.kms.katalon.core.main.TestCaseMain.startTestSuite(TestCaseMain.java:157)
	at com.kms.katalon.core.main.TestCaseMain$startTestSuite$0.call(Unknown Source)
	at TempTestSuite1558580976607.run(TempTestSuite1558580976607.groovy:35)
Caused by: com.kms.katalon.core.webui.exception.WebElementNotFoundException: Web element with id: 'Object Repository/Page_abc community/chon_channel_cuong' located by 'By.xpath: //select[@id='3f2e58e3-9735-45f6-a76e-7e6e204f22fb']' not found
	at com.kms.katalon.core.webui.common.WebUiCommonHelper.findWebElement(WebUiCommonHelper.java:1097)
	at com.kms.katalon.core.webui.keyword.internal.WebUIAbstractKeyword.findWebElement(WebUIAbstractKeyword.groovy:27)
	at com.kms.katalon.core.webui.keyword.internal.WebUIAbstractKeyword.findWebElement(WebUIAbstractKeyword.groovy:26)
	at com.kms.katalon.core.webui.keyword.builtin.SelectOptionByValueKeyword$_selectOptionByValue_closure1.doCall(SelectOptionByValueKeyword.groovy:86)
	at com.kms.katalon.core.webui.keyword.builtin.SelectOptionByValueKeyword$_selectOptionByValue_closure1.call(SelectOptionByValueKeyword.groovy)
	at com.kms.katalon.core.webui.keyword.internal.WebUIKeywordMain.runKeyword(WebUIKeywordMain.groovy:20)
	at com.kms.katalon.core.webui.keyword.builtin.SelectOptionByValueKeyword.selectOptionByValue(SelectOptionByValueKeyword.groovy:99)
	at com.kms.katalon.core.webui.keyword.builtin.SelectOptionByValueKeyword.execute(SelectOptionByValueKeyword.groovy:71)
	at com.kms.katalon.core.keyword.internal.KeywordExecutor.executeKeywordForPlatform(KeywordExecutor.groovy:56)
	at com.kms.katalon.core.webui.keyword.WebUiBuiltInKeywords.selectOptionByValue(WebUiBuiltInKeywords.groovy:1138)
	at com.kms.katalon.core.webui.keyword.WebUiBuiltInKeywords$selectOptionByValue$7.call(Unknown Source)
	at Script1557895496151.run(Script1557895496151.groovy:38)
	... 13 more
)

2019-05-23 10:18:33 - [MESSAGE][INFO] - Unable to find the element located by 'By.xpath: //select[@id='3f2e58e3-9735-45f6-a76e-7e6e204f22fb']'. Please recheck the objects properties to make sure the desired element is located. 

2019-05-23 10:18:33 - [MESSAGE][FAILED] - Unable to select option by value '1815d581-d824-4937-830d-d0c746093540' of object 'Object Repository/Page_abc community/chon_channel_cuong'  using regular expression (Root cause: com.kms.katalon.core.exception.StepFailedException: Unable to select option by value '1815d581-d824-4937-830d-d0c746093540' of object 'Object Repository/Page_abc community/chon_channel_cuong'  using regular expression
	at com.kms.katalon.core.webui.keyword.internal.WebUIKeywordMain.stepFailed(WebUIKeywordMain.groovy:64)
	at com.kms.katalon.core.webui.keyword.internal.WebUIKeywordMain.runKeyword(WebUIKeywordMain.groovy:26)
	at com.kms.katalon.core.webui.keyword.builtin.SelectOptionByValueKeyword.selectOptionByValue(SelectOptionByValueKeyword.groovy:99)
	at com.kms.katalon.core.webui.keyword.builtin.SelectOptionByValueKeyword.execute(SelectOptionByValueKeyword.groovy:71)
	at com.kms.katalon.core.keyword.internal.KeywordExecutor.executeKeywordForPlatform(KeywordExecutor.groovy:56)
	at com.kms.katalon.core.webui.keyword.WebUiBuiltInKeywords.selectOptionByValue(WebUiBuiltInKeywords.groovy:1138)
	at com.kms.katalon.core.webui.keyword.WebUiBuiltInKeywords$selectOptionByValue$7.call(Unknown Source)
	at UpPost.run(UpPost:38)
	at com.kms.katalon.core.main.ScriptEngine.run(ScriptEngine.java:194)
	at com.kms.katalon.core.main.ScriptEngine.runScriptAsRawText(ScriptEngine.java:119)
	at com.kms.katalon.core.main.TestCaseExecutor.runScript(TestCaseExecutor.java:336)
	at com.kms.katalon.core.main.TestCaseExecutor.doExecute(TestCaseExecutor.java:327)
	at com.kms.katalon.core.main.TestCaseExecutor.processExecutionPhase(TestCaseExecutor.java:306)
	at com.kms.katalon.core.main.TestCaseExecutor.accessMainPhase(TestCaseExecutor.java:298)
	at com.kms.katalon.core.main.TestCaseExecutor.execute(TestCaseExecutor.java:232)
	at com.kms.katalon.core.main.TestSuiteExecutor.accessTestCaseMainPhase(TestSuiteExecutor.java:129)
	at com.kms.katalon.core.main.TestSuiteExecutor.accessTestSuiteMainPhase(TestSuiteExecutor.java:112)
	at com.kms.katalon.core.main.TestSuiteExecutor.execute(TestSuiteExecutor.java:81)
	at com.kms.katalon.core.main.TestCaseMain.startTestSuite(TestCaseMain.java:157)
	at com.kms.katalon.core.main.TestCaseMain$startTestSuite$0.call(Unknown Source)
	at TempTestSuite1558580976607.run(TempTestSuite1558580976607.groovy:35)
Caused by: com.kms.katalon.core.webui.exception.WebElementNotFoundException: Web element with id: 'Object Repository/Page_abc community/chon_channel_cuong' located by 'By.xpath: //select[@id='3f2e58e3-9735-45f6-a76e-7e6e204f22fb']' not found
	at com.kms.katalon.core.webui.common.WebUiCommonHelper.findWebElement(WebUiCommonHelper.java:1097)
	at com.kms.katalon.core.webui.keyword.internal.WebUIAbstractKeyword.findWebElement(WebUIAbstractKeyword.groovy:27)
	at com.kms.katalon.core.webui.keyword.internal.WebUIAbstractKeyword.findWebElement(WebUIAbstractKeyword.groovy:26)
	at com.kms.katalon.core.webui.keyword.builtin.SelectOptionByValueKeyword$_selectOptionByValue_closure1.doCall(SelectOptionByValueKeyword.groovy:86)
	at com.kms.katalon.core.webui.keyword.builtin.SelectOptionByValueKeyword$_selectOptionByValue_closure1.call(SelectOptionByValueKeyword.groovy)
	at com.kms.katalon.core.webui.keyword.internal.WebUIKeywordMain.runKeyword(WebUIKeywordMain.groovy:20)
	at com.kms.katalon.core.webui.keyword.builtin.SelectOptionByValueKeyword.selectOptionByValue(SelectOptionByValueKeyword.groovy:99)
	at com.kms.katalon.core.webui.keyword.builtin.SelectOptionByValueKeyword.execute(SelectOptionByValueKeyword.groovy:71)
	at com.kms.katalon.core.keyword.internal.KeywordExecutor.executeKeywordForPlatform(KeywordExecutor.groovy:56)
	at com.kms.katalon.core.webui.keyword.WebUiBuiltInKeywords.selectOptionByValue(WebUiBuiltInKeywords.groovy:1138)
	at com.kms.katalon.core.webui.keyword.WebUiBuiltInKeywords$selectOptionByValue$7.call(Unknown Source)
	at Script1557895496151.run(Script1557895496151.groovy:38)
	... 13 more
)
[[ATTACHMENT|D:\\HCMUS DATA\\Tern2-4th\\CCDNCTPTPM\\BT\\HW2\\Project\\TED_Team-Test_Project\\TED_Team-Test_Project\\Reports\\Run all test cases\\20190523_100936\\1558581513514.png]]]]></system-out>
         <system-err><![CDATA[2019-05-23 10:17:42 - [TEST_CASE][FAILED] - Test Cases/5 Test case using For/UpPost: Test Cases/5 Test case using For/UpPost FAILED.
Reason:
com.kms.katalon.core.exception.StepFailedException: Unable to select option by value '1815d581-d824-4937-830d-d0c746093540' of object 'Object Repository/Page_abc community/chon_channel_cuong'  using regular expression
	at com.kms.katalon.core.webui.keyword.internal.WebUIKeywordMain.stepFailed(WebUIKeywordMain.groovy:64)
	at com.kms.katalon.core.webui.keyword.internal.WebUIKeywordMain.runKeyword(WebUIKeywordMain.groovy:26)
	at com.kms.katalon.core.webui.keyword.builtin.SelectOptionByValueKeyword.selectOptionByValue(SelectOptionByValueKeyword.groovy:99)
	at com.kms.katalon.core.webui.keyword.builtin.SelectOptionByValueKeyword.execute(SelectOptionByValueKeyword.groovy:71)
	at com.kms.katalon.core.keyword.internal.KeywordExecutor.executeKeywordForPlatform(KeywordExecutor.groovy:56)
	at com.kms.katalon.core.webui.keyword.WebUiBuiltInKeywords.selectOptionByValue(WebUiBuiltInKeywords.groovy:1138)
	at com.kms.katalon.core.webui.keyword.WebUiBuiltInKeywords$selectOptionByValue$7.call(Unknown Source)
	at UpPost.run(UpPost:38)
	at com.kms.katalon.core.main.ScriptEngine.run(ScriptEngine.java:194)
	at com.kms.katalon.core.main.ScriptEngine.runScriptAsRawText(ScriptEngine.java:119)
	at com.kms.katalon.core.main.TestCaseExecutor.runScript(TestCaseExecutor.java:336)
	at com.kms.katalon.core.main.TestCaseExecutor.doExecute(TestCaseExecutor.java:327)
	at com.kms.katalon.core.main.TestCaseExecutor.processExecutionPhase(TestCaseExecutor.java:306)
	at com.kms.katalon.core.main.TestCaseExecutor.accessMainPhase(TestCaseExecutor.java:298)
	at com.kms.katalon.core.main.TestCaseExecutor.execute(TestCaseExecutor.java:232)
	at com.kms.katalon.core.main.TestSuiteExecutor.accessTestCaseMainPhase(TestSuiteExecutor.java:129)
	at com.kms.katalon.core.main.TestSuiteExecutor.accessTestSuiteMainPhase(TestSuiteExecutor.java:112)
	at com.kms.katalon.core.main.TestSuiteExecutor.execute(TestSuiteExecutor.java:81)
	at com.kms.katalon.core.main.TestCaseMain.startTestSuite(TestCaseMain.java:157)
	at com.kms.katalon.core.main.TestCaseMain$startTestSuite$0.call(Unknown Source)
	at TempTestSuite1558580976607.run(TempTestSuite1558580976607.groovy:35)
Caused by: com.kms.katalon.core.webui.exception.WebElementNotFoundException: Web element with id: 'Object Repository/Page_abc community/chon_channel_cuong' located by 'By.xpath: //select[@id='3f2e58e3-9735-45f6-a76e-7e6e204f22fb']' not found
	at com.kms.katalon.core.webui.common.WebUiCommonHelper.findWebElement(WebUiCommonHelper.java:1097)
	at com.kms.katalon.core.webui.keyword.internal.WebUIAbstractKeyword.findWebElement(WebUIAbstractKeyword.groovy:27)
	at com.kms.katalon.core.webui.keyword.internal.WebUIAbstractKeyword.findWebElement(WebUIAbstractKeyword.groovy:26)
	at com.kms.katalon.core.webui.keyword.builtin.SelectOptionByValueKeyword$_selectOptionByValue_closure1.doCall(SelectOptionByValueKeyword.groovy:86)
	at com.kms.katalon.core.webui.keyword.builtin.SelectOptionByValueKeyword$_selectOptionByValue_closure1.call(SelectOptionByValueKeyword.groovy)
	at com.kms.katalon.core.webui.keyword.internal.WebUIKeywordMain.runKeyword(WebUIKeywordMain.groovy:20)
	at com.kms.katalon.core.webui.keyword.builtin.SelectOptionByValueKeyword.selectOptionByValue(SelectOptionByValueKeyword.groovy:99)
	at com.kms.katalon.core.webui.keyword.builtin.SelectOptionByValueKeyword.execute(SelectOptionByValueKeyword.groovy:71)
	at com.kms.katalon.core.keyword.internal.KeywordExecutor.executeKeywordForPlatform(KeywordExecutor.groovy:56)
	at com.kms.katalon.core.webui.keyword.WebUiBuiltInKeywords.selectOptionByValue(WebUiBuiltInKeywords.groovy:1138)
	at com.kms.katalon.core.webui.keyword.WebUiBuiltInKeywords$selectOptionByValue$7.call(Unknown Source)
	at Script1557895496151.run(Script1557895496151.groovy:38)
	... 13 more]]></system-err>
      </testcase>
      <testcase name="Test Cases/5 Test case using If/Join chanel Music" classname="Test Cases/5 Test case using If/Join chanel Music" status="PASSED">
         <system-out><![CDATA[2019-05-23 10:18:33 - [TEST_CASE][PASSED] - Test Cases/5 Test case using If/Join chanel Music: Test Cases/5 Test case using If/Join chanel Music

2019-05-23 10:18:33 - [TEST_STEP][PASSED] - openBrowser(""): Browser is opened with url: ''

2019-05-23 10:18:33 - [MESSAGE][WARNING] - A browser is already opened. Closing browser and opening a new one

2019-05-23 10:18:35 - [MESSAGE][INFO] - Starting 'Firefox' driver

2019-05-23 10:18:39 - [MESSAGE][PASSED] - Browser is opened with url: ''

2019-05-23 10:18:39 - [TEST_STEP][PASSED] - navigateToUrl("http://localhost:3000/"): Navigate to 'http://localhost:3000/' successfully

2019-05-23 10:18:41 - [MESSAGE][PASSED] - Navigate to 'http://localhost:3000/' successfully

2019-05-23 10:18:41 - [TEST_STEP][PASSED] - click(findTestObject("Page_Spectrum/button_Log in or sign up")): Object: 'Object Repository/Page_Spectrum/button_Log in or sign up' is clicked on

2019-05-23 10:18:43 - [MESSAGE][PASSED] - Object: 'Object Repository/Page_Spectrum/button_Log in or sign up' is clicked on

2019-05-23 10:18:43 - [TEST_STEP][PASSED] - click(findTestObject("Page_Spectrum/span_Sign in with GitHub")): Object: 'Object Repository/Page_Spectrum/span_Sign in with GitHub' is clicked on

2019-05-23 10:18:45 - [MESSAGE][PASSED] - Object: 'Object Repository/Page_Spectrum/span_Sign in with GitHub' is clicked on

2019-05-23 10:18:45 - [TEST_STEP][PASSED] - setText(findTestObject("Page_Sign in to GitHub  GitHub/input_Username or email address_login"), "minhcuongit"): Text 'minhcuongit' is set on object 'Object Repository/Page_Sign in to GitHub  GitHub/input_Username or email address_login'

2019-05-23 10:18:45 - [MESSAGE][PASSED] - Text 'minhcuongit' is set on object 'Object Repository/Page_Sign in to GitHub  GitHub/input_Username or email address_login'

2019-05-23 10:18:45 - [TEST_STEP][PASSED] - setEncryptedText(findTestObject("Page_Sign in to GitHub  GitHub/input_Forgot password_password"), "9e5/e4jZbrkRPxL/am/6uYGu2iBUrIMS"): Text ****** has been set on object 'Object Repository/Page_Sign in to GitHub  GitHub/input_Forgot password_password'

2019-05-23 10:18:45 - [MESSAGE][PASSED] - Text ****** has been set on object 'Object Repository/Page_Sign in to GitHub  GitHub/input_Forgot password_password'

2019-05-23 10:18:45 - [TEST_STEP][PASSED] - click(findTestObject("Page_Sign in to GitHub  GitHub/input_Forgot password_commit")): Object: 'Object Repository/Page_Sign in to GitHub  GitHub/input_Forgot password_commit' is clicked on

2019-05-23 10:18:49 - [MESSAGE][PASSED] - Object: 'Object Repository/Page_Sign in to GitHub  GitHub/input_Forgot password_commit' is clicked on

2019-05-23 10:18:49 - [TEST_STEP][PASSED] - navigateToUrl("http://localhost:3000/spectrum?tab=posts"): Navigate to 'http://localhost:3000/spectrum?tab=posts' successfully

2019-05-23 10:18:51 - [MESSAGE][PASSED] - Navigate to 'http://localhost:3000/spectrum?tab=posts' successfully

2019-05-23 10:18:51 - [TEST_STEP][PASSED] - if (verifyElementPresent(findTestObject("Object Repository/Page_Spectrum community/button_Join_Music"), 25, OPTIONAL) == true): com.kms.katalon.core.webui.exception.WebElementNotFoundException: Web element with id: 'Object Repository/Page_Spectrum community/button_Join_Music' located by 'By.xpath: id("main")/div[@class="layout__SecondaryPrimaryColumnGrid-sc-1v43im1-3 liRHVO"]/section[@class="layout__SecondaryColumn-sc-1v43im1-6 ctZiQt"]/section[@class="style__SidebarSection-hht6fk-4 dzLuvX"]/div[@class="style__List-hht6fk-12 ekrAeb"]/a[7]/div[@class="style__Row-sc-537zx7-1 dthITF"]/div[@class="style__Actions-sc-537zx7-9 style__ChannelActions-sc-537zx7-10 iIrOaj"]/span[1]/button[@class="style__StyledButton-sc-1g5bc3a-2 style__StyledOutlineButton-sc-1g5bc3a-7 style__StyledPrimaryOutlineButton-sc-1g5bc3a-8 jLsczK"][count(. | //button[(text() = 'Join' or . = 'Join')]) = count(//button[(text() = 'Join' or . = 'Join')])]' not found (Root cause: com.kms.katalon.core.exception.StepFailedException: com.kms.katalon.core.webui.exception.WebElementNotFoundException: Web element with id: 'Object Repository/Page_Spectrum community/button_Join_Music' located by 'By.xpath: id("main")/div[@class="layout__SecondaryPrimaryColumnGrid-sc-1v43im1-3 liRHVO"]/section[@class="layout__SecondaryColumn-sc-1v43im1-6 ctZiQt"]/section[@class="style__SidebarSection-hht6fk-4 dzLuvX"]/div[@class="style__List-hht6fk-12 ekrAeb"]/a[7]/div[@class="style__Row-sc-537zx7-1 dthITF"]/div[@class="style__Actions-sc-537zx7-9 style__ChannelActions-sc-537zx7-10 iIrOaj"]/span[1]/button[@class="style__StyledButton-sc-1g5bc3a-2 style__StyledOutlineButton-sc-1g5bc3a-7 style__StyledPrimaryOutlineButton-sc-1g5bc3a-8 jLsczK"][count(. | //button[(text() = 'Join' or . = 'Join')]) = count(//button[(text() = 'Join' or . = 'Join')])]' not found
	at com.kms.katalon.core.webui.keyword.internal.WebUIKeywordMain.stepFailed(WebUIKeywordMain.groovy:64)
	at com.kms.katalon.core.webui.keyword.builtin.VerifyElementPresentKeyword$_verifyElementPresent_closure1.doCall(VerifyElementPresentKeyword.groovy:85)
	at com.kms.katalon.core.webui.keyword.builtin.VerifyElementPresentKeyword$_verifyElementPresent_closure1.call(VerifyElementPresentKeyword.groovy)
	at com.kms.katalon.core.webui.keyword.internal.WebUIKeywordMain.runKeyword(WebUIKeywordMain.groovy:20)
	at com.kms.katalon.core.webui.keyword.builtin.VerifyElementPresentKeyword.verifyElementPresent(VerifyElementPresentKeyword.groovy:92)
	at com.kms.katalon.core.webui.keyword.builtin.VerifyElementPresentKeyword.execute(VerifyElementPresentKeyword.groovy:68)
	at com.kms.katalon.core.keyword.internal.KeywordExecutor.executeKeywordForPlatform(KeywordExecutor.groovy:56)
	at com.kms.katalon.core.webui.keyword.WebUiBuiltInKeywords.verifyElementPresent(WebUiBuiltInKeywords.groovy:1418)
	at com.kms.katalon.core.webui.keyword.WebUiBuiltInKeywords$verifyElementPresent$6.call(Unknown Source)
	at Join chanel Music.run(Join chanel Music:33)
	at com.kms.katalon.core.main.ScriptEngine.run(ScriptEngine.java:194)
	at com.kms.katalon.core.main.ScriptEngine.runScriptAsRawText(ScriptEngine.java:119)
	at com.kms.katalon.core.main.TestCaseExecutor.runScript(TestCaseExecutor.java:336)
	at com.kms.katalon.core.main.TestCaseExecutor.doExecute(TestCaseExecutor.java:327)
	at com.kms.katalon.core.main.TestCaseExecutor.processExecutionPhase(TestCaseExecutor.java:306)
	at com.kms.katalon.core.main.TestCaseExecutor.accessMainPhase(TestCaseExecutor.java:298)
	at com.kms.katalon.core.main.TestCaseExecutor.execute(TestCaseExecutor.java:232)
	at com.kms.katalon.core.main.TestSuiteExecutor.accessTestCaseMainPhase(TestSuiteExecutor.java:129)
	at com.kms.katalon.core.main.TestSuiteExecutor.accessTestSuiteMainPhase(TestSuiteExecutor.java:112)
	at com.kms.katalon.core.main.TestSuiteExecutor.execute(TestSuiteExecutor.java:81)
	at com.kms.katalon.core.main.TestCaseMain.startTestSuite(TestCaseMain.java:157)
	at com.kms.katalon.core.main.TestCaseMain$startTestSuite$0.call(Unknown Source)
	at TempTestSuite1558580976607.run(TempTestSuite1558580976607.groovy:35)
)

2019-05-23 10:19:17 - [MESSAGE][INFO] - Unable to find the element located by 'By.xpath: id("main")/div[@class="layout__SecondaryPrimaryColumnGrid-sc-1v43im1-3 liRHVO"]/section[@class="layout__SecondaryColumn-sc-1v43im1-6 ctZiQt"]/section[@class="style__SidebarSection-hht6fk-4 dzLuvX"]/div[@class="style__List-hht6fk-12 ekrAeb"]/a[7]/div[@class="style__Row-sc-537zx7-1 dthITF"]/div[@class="style__Actions-sc-537zx7-9 style__ChannelActions-sc-537zx7-10 iIrOaj"]/span[1]/button[@class="style__StyledButton-sc-1g5bc3a-2 style__StyledOutlineButton-sc-1g5bc3a-7 style__StyledPrimaryOutlineButton-sc-1g5bc3a-8 jLsczK"][count(. | //button[(text() = 'Join' or . = 'Join')]) = count(//button[(text() = 'Join' or . = 'Join')])]'. Please recheck the objects properties to make sure the desired element is located. 

2019-05-23 10:19:17 - [MESSAGE][WARNING] - com.kms.katalon.core.webui.exception.WebElementNotFoundException: Web element with id: 'Object Repository/Page_Spectrum community/button_Join_Music' located by 'By.xpath: id("main")/div[@class="layout__SecondaryPrimaryColumnGrid-sc-1v43im1-3 liRHVO"]/section[@class="layout__SecondaryColumn-sc-1v43im1-6 ctZiQt"]/section[@class="style__SidebarSection-hht6fk-4 dzLuvX"]/div[@class="style__List-hht6fk-12 ekrAeb"]/a[7]/div[@class="style__Row-sc-537zx7-1 dthITF"]/div[@class="style__Actions-sc-537zx7-9 style__ChannelActions-sc-537zx7-10 iIrOaj"]/span[1]/button[@class="style__StyledButton-sc-1g5bc3a-2 style__StyledOutlineButton-sc-1g5bc3a-7 style__StyledPrimaryOutlineButton-sc-1g5bc3a-8 jLsczK"][count(. | //button[(text() = 'Join' or . = 'Join')]) = count(//button[(text() = 'Join' or . = 'Join')])]' not found (Root cause: com.kms.katalon.core.exception.StepFailedException: com.kms.katalon.core.webui.exception.WebElementNotFoundException: Web element with id: 'Object Repository/Page_Spectrum community/button_Join_Music' located by 'By.xpath: id("main")/div[@class="layout__SecondaryPrimaryColumnGrid-sc-1v43im1-3 liRHVO"]/section[@class="layout__SecondaryColumn-sc-1v43im1-6 ctZiQt"]/section[@class="style__SidebarSection-hht6fk-4 dzLuvX"]/div[@class="style__List-hht6fk-12 ekrAeb"]/a[7]/div[@class="style__Row-sc-537zx7-1 dthITF"]/div[@class="style__Actions-sc-537zx7-9 style__ChannelActions-sc-537zx7-10 iIrOaj"]/span[1]/button[@class="style__StyledButton-sc-1g5bc3a-2 style__StyledOutlineButton-sc-1g5bc3a-7 style__StyledPrimaryOutlineButton-sc-1g5bc3a-8 jLsczK"][count(. | //button[(text() = 'Join' or . = 'Join')]) = count(//button[(text() = 'Join' or . = 'Join')])]' not found
	at com.kms.katalon.core.webui.keyword.internal.WebUIKeywordMain.stepFailed(WebUIKeywordMain.groovy:64)
	at com.kms.katalon.core.webui.keyword.builtin.VerifyElementPresentKeyword$_verifyElementPresent_closure1.doCall(VerifyElementPresentKeyword.groovy:85)
	at com.kms.katalon.core.webui.keyword.builtin.VerifyElementPresentKeyword$_verifyElementPresent_closure1.call(VerifyElementPresentKeyword.groovy)
	at com.kms.katalon.core.webui.keyword.internal.WebUIKeywordMain.runKeyword(WebUIKeywordMain.groovy:20)
	at com.kms.katalon.core.webui.keyword.builtin.VerifyElementPresentKeyword.verifyElementPresent(VerifyElementPresentKeyword.groovy:92)
	at com.kms.katalon.core.webui.keyword.builtin.VerifyElementPresentKeyword.execute(VerifyElementPresentKeyword.groovy:68)
	at com.kms.katalon.core.keyword.internal.KeywordExecutor.executeKeywordForPlatform(KeywordExecutor.groovy:56)
	at com.kms.katalon.core.webui.keyword.WebUiBuiltInKeywords.verifyElementPresent(WebUiBuiltInKeywords.groovy:1418)
	at com.kms.katalon.core.webui.keyword.WebUiBuiltInKeywords$verifyElementPresent$6.call(Unknown Source)
	at Join chanel Music.run(Join chanel Music:33)
	at com.kms.katalon.core.main.ScriptEngine.run(ScriptEngine.java:194)
	at com.kms.katalon.core.main.ScriptEngine.runScriptAsRawText(ScriptEngine.java:119)
	at com.kms.katalon.core.main.TestCaseExecutor.runScript(TestCaseExecutor.java:336)
	at com.kms.katalon.core.main.TestCaseExecutor.doExecute(TestCaseExecutor.java:327)
	at com.kms.katalon.core.main.TestCaseExecutor.processExecutionPhase(TestCaseExecutor.java:306)
	at com.kms.katalon.core.main.TestCaseExecutor.accessMainPhase(TestCaseExecutor.java:298)
	at com.kms.katalon.core.main.TestCaseExecutor.execute(TestCaseExecutor.java:232)
	at com.kms.katalon.core.main.TestSuiteExecutor.accessTestCaseMainPhase(TestSuiteExecutor.java:129)
	at com.kms.katalon.core.main.TestSuiteExecutor.accessTestSuiteMainPhase(TestSuiteExecutor.java:112)
	at com.kms.katalon.core.main.TestSuiteExecutor.execute(TestSuiteExecutor.java:81)
	at com.kms.katalon.core.main.TestCaseMain.startTestSuite(TestCaseMain.java:157)
	at com.kms.katalon.core.main.TestCaseMain$startTestSuite$0.call(Unknown Source)
	at TempTestSuite1558580976607.run(TempTestSuite1558580976607.groovy:35)
)
[[ATTACHMENT|D:\\HCMUS DATA\\Tern2-4th\\CCDNCTPTPM\\BT\\HW2\\Project\\TED_Team-Test_Project\\TED_Team-Test_Project\\Reports\\Run all test cases\\20190523_100936\\1558581557520.png]]

2019-05-23 10:19:17 - [TEST_STEP][PASSED] - else: You was join in this chanel!

2019-05-23 10:19:17 - [TEST_STEP][PASSED] - comment("You was join in this chanel!"): You was join in this chanel!

2019-05-23 10:19:17 - [MESSAGE][INFO] - You was join in this chanel!]]></system-out>
         <system-err><![CDATA[]]></system-err>
      </testcase>
      <testcase name="Test Cases/5 Test case using If/Leave chanel Music" classname="Test Cases/5 Test case using If/Leave chanel Music" status="PASSED">
         <system-out><![CDATA[2019-05-23 10:19:17 - [TEST_CASE][PASSED] - Test Cases/5 Test case using If/Leave chanel Music: Test Cases/5 Test case using If/Leave chanel Music

2019-05-23 10:19:17 - [TEST_STEP][PASSED] - openBrowser(""): Browser is opened with url: ''

2019-05-23 10:19:17 - [MESSAGE][WARNING] - A browser is already opened. Closing browser and opening a new one

2019-05-23 10:19:18 - [MESSAGE][INFO] - Starting 'Firefox' driver

2019-05-23 10:19:22 - [MESSAGE][PASSED] - Browser is opened with url: ''

2019-05-23 10:19:22 - [TEST_STEP][PASSED] - navigateToUrl("http://localhost:3000/"): Navigate to 'http://localhost:3000/' successfully

2019-05-23 10:19:24 - [MESSAGE][PASSED] - Navigate to 'http://localhost:3000/' successfully

2019-05-23 10:19:24 - [TEST_STEP][PASSED] - click(findTestObject("Page_Spectrum/button_Log in or sign up")): Object: 'Object Repository/Page_Spectrum/button_Log in or sign up' is clicked on

2019-05-23 10:19:25 - [MESSAGE][PASSED] - Object: 'Object Repository/Page_Spectrum/button_Log in or sign up' is clicked on

2019-05-23 10:19:25 - [TEST_STEP][PASSED] - click(findTestObject("Page_Spectrum/span_Sign in with GitHub")): Object: 'Object Repository/Page_Spectrum/span_Sign in with GitHub' is clicked on

2019-05-23 10:19:28 - [MESSAGE][PASSED] - Object: 'Object Repository/Page_Spectrum/span_Sign in with GitHub' is clicked on

2019-05-23 10:19:28 - [TEST_STEP][PASSED] - setText(findTestObject("Page_Sign in to GitHub  GitHub/input_Username or email address_login"), "minhcuongit"): Text 'minhcuongit' is set on object 'Object Repository/Page_Sign in to GitHub  GitHub/input_Username or email address_login'

2019-05-23 10:19:28 - [MESSAGE][PASSED] - Text 'minhcuongit' is set on object 'Object Repository/Page_Sign in to GitHub  GitHub/input_Username or email address_login'

2019-05-23 10:19:28 - [TEST_STEP][PASSED] - setEncryptedText(findTestObject("Page_Sign in to GitHub  GitHub/input_Forgot password_password"), "9e5/e4jZbrkRPxL/am/6uYGu2iBUrIMS"): Text ****** has been set on object 'Object Repository/Page_Sign in to GitHub  GitHub/input_Forgot password_password'

2019-05-23 10:19:28 - [MESSAGE][PASSED] - Text ****** has been set on object 'Object Repository/Page_Sign in to GitHub  GitHub/input_Forgot password_password'

2019-05-23 10:19:28 - [TEST_STEP][PASSED] - click(findTestObject("Page_Sign in to GitHub  GitHub/input_Forgot password_commit")): Object: 'Object Repository/Page_Sign in to GitHub  GitHub/input_Forgot password_commit' is clicked on

2019-05-23 10:19:32 - [MESSAGE][PASSED] - Object: 'Object Repository/Page_Sign in to GitHub  GitHub/input_Forgot password_commit' is clicked on

2019-05-23 10:19:32 - [TEST_STEP][PASSED] - navigateToUrl("http://localhost:3000/spectrum?tab=posts"): Navigate to 'http://localhost:3000/spectrum?tab=posts' successfully

2019-05-23 10:19:34 - [MESSAGE][PASSED] - Navigate to 'http://localhost:3000/spectrum?tab=posts' successfully

2019-05-23 10:19:34 - [TEST_STEP][PASSED] - if (verifyElementPresent(findTestObject("Object Repository/Page_Spectrum community/button_Leave_Music"), 25, OPTIONAL) == true): com.kms.katalon.core.webui.exception.WebElementNotFoundException: Web element with id: 'Object Repository/Page_Spectrum community/button_Leave_Music' located by 'By.xpath: id("main")/div[@class="layout__SecondaryPrimaryColumnGrid-sc-1v43im1-3 liRHVO"]/section[@class="layout__SecondaryColumn-sc-1v43im1-6 ctZiQt"]/section[@class="style__SidebarSection-hht6fk-4 dzLuvX"]/div[@class="style__List-hht6fk-12 ekrAeb"]/a[7]/div[@class="style__Row-sc-537zx7-1 dthITF"]/div[@class="style__Actions-sc-537zx7-9 style__ChannelActions-sc-537zx7-10 iIrOaj"]/span[1]/button[@class="style__StyledButton-sc-1g5bc3a-2 style__StyledOutlineButton-sc-1g5bc3a-7 fqfSxP"]' not found (Root cause: com.kms.katalon.core.exception.StepFailedException: com.kms.katalon.core.webui.exception.WebElementNotFoundException: Web element with id: 'Object Repository/Page_Spectrum community/button_Leave_Music' located by 'By.xpath: id("main")/div[@class="layout__SecondaryPrimaryColumnGrid-sc-1v43im1-3 liRHVO"]/section[@class="layout__SecondaryColumn-sc-1v43im1-6 ctZiQt"]/section[@class="style__SidebarSection-hht6fk-4 dzLuvX"]/div[@class="style__List-hht6fk-12 ekrAeb"]/a[7]/div[@class="style__Row-sc-537zx7-1 dthITF"]/div[@class="style__Actions-sc-537zx7-9 style__ChannelActions-sc-537zx7-10 iIrOaj"]/span[1]/button[@class="style__StyledButton-sc-1g5bc3a-2 style__StyledOutlineButton-sc-1g5bc3a-7 fqfSxP"]' not found
	at com.kms.katalon.core.webui.keyword.internal.WebUIKeywordMain.stepFailed(WebUIKeywordMain.groovy:64)
	at com.kms.katalon.core.webui.keyword.builtin.VerifyElementPresentKeyword$_verifyElementPresent_closure1.doCall(VerifyElementPresentKeyword.groovy:85)
	at com.kms.katalon.core.webui.keyword.builtin.VerifyElementPresentKeyword$_verifyElementPresent_closure1.call(VerifyElementPresentKeyword.groovy)
	at com.kms.katalon.core.webui.keyword.internal.WebUIKeywordMain.runKeyword(WebUIKeywordMain.groovy:20)
	at com.kms.katalon.core.webui.keyword.builtin.VerifyElementPresentKeyword.verifyElementPresent(VerifyElementPresentKeyword.groovy:92)
	at com.kms.katalon.core.webui.keyword.builtin.VerifyElementPresentKeyword.execute(VerifyElementPresentKeyword.groovy:68)
	at com.kms.katalon.core.keyword.internal.KeywordExecutor.executeKeywordForPlatform(KeywordExecutor.groovy:56)
	at com.kms.katalon.core.webui.keyword.WebUiBuiltInKeywords.verifyElementPresent(WebUiBuiltInKeywords.groovy:1418)
	at com.kms.katalon.core.webui.keyword.WebUiBuiltInKeywords$verifyElementPresent$6.call(Unknown Source)
	at Leave chanel Music.run(Leave chanel Music:33)
	at com.kms.katalon.core.main.ScriptEngine.run(ScriptEngine.java:194)
	at com.kms.katalon.core.main.ScriptEngine.runScriptAsRawText(ScriptEngine.java:119)
	at com.kms.katalon.core.main.TestCaseExecutor.runScript(TestCaseExecutor.java:336)
	at com.kms.katalon.core.main.TestCaseExecutor.doExecute(TestCaseExecutor.java:327)
	at com.kms.katalon.core.main.TestCaseExecutor.processExecutionPhase(TestCaseExecutor.java:306)
	at com.kms.katalon.core.main.TestCaseExecutor.accessMainPhase(TestCaseExecutor.java:298)
	at com.kms.katalon.core.main.TestCaseExecutor.execute(TestCaseExecutor.java:232)
	at com.kms.katalon.core.main.TestSuiteExecutor.accessTestCaseMainPhase(TestSuiteExecutor.java:129)
	at com.kms.katalon.core.main.TestSuiteExecutor.accessTestSuiteMainPhase(TestSuiteExecutor.java:112)
	at com.kms.katalon.core.main.TestSuiteExecutor.execute(TestSuiteExecutor.java:81)
	at com.kms.katalon.core.main.TestCaseMain.startTestSuite(TestCaseMain.java:157)
	at com.kms.katalon.core.main.TestCaseMain$startTestSuite$0.call(Unknown Source)
	at TempTestSuite1558580976607.run(TempTestSuite1558580976607.groovy:35)
)

2019-05-23 10:20:00 - [MESSAGE][INFO] - Unable to find the element located by 'By.xpath: id("main")/div[@class="layout__SecondaryPrimaryColumnGrid-sc-1v43im1-3 liRHVO"]/section[@class="layout__SecondaryColumn-sc-1v43im1-6 ctZiQt"]/section[@class="style__SidebarSection-hht6fk-4 dzLuvX"]/div[@class="style__List-hht6fk-12 ekrAeb"]/a[7]/div[@class="style__Row-sc-537zx7-1 dthITF"]/div[@class="style__Actions-sc-537zx7-9 style__ChannelActions-sc-537zx7-10 iIrOaj"]/span[1]/button[@class="style__StyledButton-sc-1g5bc3a-2 style__StyledOutlineButton-sc-1g5bc3a-7 fqfSxP"]'. Please recheck the objects properties to make sure the desired element is located. 

2019-05-23 10:20:00 - [MESSAGE][WARNING] - com.kms.katalon.core.webui.exception.WebElementNotFoundException: Web element with id: 'Object Repository/Page_Spectrum community/button_Leave_Music' located by 'By.xpath: id("main")/div[@class="layout__SecondaryPrimaryColumnGrid-sc-1v43im1-3 liRHVO"]/section[@class="layout__SecondaryColumn-sc-1v43im1-6 ctZiQt"]/section[@class="style__SidebarSection-hht6fk-4 dzLuvX"]/div[@class="style__List-hht6fk-12 ekrAeb"]/a[7]/div[@class="style__Row-sc-537zx7-1 dthITF"]/div[@class="style__Actions-sc-537zx7-9 style__ChannelActions-sc-537zx7-10 iIrOaj"]/span[1]/button[@class="style__StyledButton-sc-1g5bc3a-2 style__StyledOutlineButton-sc-1g5bc3a-7 fqfSxP"]' not found (Root cause: com.kms.katalon.core.exception.StepFailedException: com.kms.katalon.core.webui.exception.WebElementNotFoundException: Web element with id: 'Object Repository/Page_Spectrum community/button_Leave_Music' located by 'By.xpath: id("main")/div[@class="layout__SecondaryPrimaryColumnGrid-sc-1v43im1-3 liRHVO"]/section[@class="layout__SecondaryColumn-sc-1v43im1-6 ctZiQt"]/section[@class="style__SidebarSection-hht6fk-4 dzLuvX"]/div[@class="style__List-hht6fk-12 ekrAeb"]/a[7]/div[@class="style__Row-sc-537zx7-1 dthITF"]/div[@class="style__Actions-sc-537zx7-9 style__ChannelActions-sc-537zx7-10 iIrOaj"]/span[1]/button[@class="style__StyledButton-sc-1g5bc3a-2 style__StyledOutlineButton-sc-1g5bc3a-7 fqfSxP"]' not found
	at com.kms.katalon.core.webui.keyword.internal.WebUIKeywordMain.stepFailed(WebUIKeywordMain.groovy:64)
	at com.kms.katalon.core.webui.keyword.builtin.VerifyElementPresentKeyword$_verifyElementPresent_closure1.doCall(VerifyElementPresentKeyword.groovy:85)
	at com.kms.katalon.core.webui.keyword.builtin.VerifyElementPresentKeyword$_verifyElementPresent_closure1.call(VerifyElementPresentKeyword.groovy)
	at com.kms.katalon.core.webui.keyword.internal.WebUIKeywordMain.runKeyword(WebUIKeywordMain.groovy:20)
	at com.kms.katalon.core.webui.keyword.builtin.VerifyElementPresentKeyword.verifyElementPresent(VerifyElementPresentKeyword.groovy:92)
	at com.kms.katalon.core.webui.keyword.builtin.VerifyElementPresentKeyword.execute(VerifyElementPresentKeyword.groovy:68)
	at com.kms.katalon.core.keyword.internal.KeywordExecutor.executeKeywordForPlatform(KeywordExecutor.groovy:56)
	at com.kms.katalon.core.webui.keyword.WebUiBuiltInKeywords.verifyElementPresent(WebUiBuiltInKeywords.groovy:1418)
	at com.kms.katalon.core.webui.keyword.WebUiBuiltInKeywords$verifyElementPresent$6.call(Unknown Source)
	at Leave chanel Music.run(Leave chanel Music:33)
	at com.kms.katalon.core.main.ScriptEngine.run(ScriptEngine.java:194)
	at com.kms.katalon.core.main.ScriptEngine.runScriptAsRawText(ScriptEngine.java:119)
	at com.kms.katalon.core.main.TestCaseExecutor.runScript(TestCaseExecutor.java:336)
	at com.kms.katalon.core.main.TestCaseExecutor.doExecute(TestCaseExecutor.java:327)
	at com.kms.katalon.core.main.TestCaseExecutor.processExecutionPhase(TestCaseExecutor.java:306)
	at com.kms.katalon.core.main.TestCaseExecutor.accessMainPhase(TestCaseExecutor.java:298)
	at com.kms.katalon.core.main.TestCaseExecutor.execute(TestCaseExecutor.java:232)
	at com.kms.katalon.core.main.TestSuiteExecutor.accessTestCaseMainPhase(TestSuiteExecutor.java:129)
	at com.kms.katalon.core.main.TestSuiteExecutor.accessTestSuiteMainPhase(TestSuiteExecutor.java:112)
	at com.kms.katalon.core.main.TestSuiteExecutor.execute(TestSuiteExecutor.java:81)
	at com.kms.katalon.core.main.TestCaseMain.startTestSuite(TestCaseMain.java:157)
	at com.kms.katalon.core.main.TestCaseMain$startTestSuite$0.call(Unknown Source)
	at TempTestSuite1558580976607.run(TempTestSuite1558580976607.groovy:35)
)
[[ATTACHMENT|D:\\HCMUS DATA\\Tern2-4th\\CCDNCTPTPM\\BT\\HW2\\Project\\TED_Team-Test_Project\\TED_Team-Test_Project\\Reports\\Run all test cases\\20190523_100936\\1558581600841.png]]

2019-05-23 10:20:00 - [TEST_STEP][PASSED] - else: You was not join in this chanel!

2019-05-23 10:20:00 - [TEST_STEP][PASSED] - comment("You was not join in this chanel!"): You was not join in this chanel!

2019-05-23 10:20:00 - [MESSAGE][INFO] - You was not join in this chanel!]]></system-out>
         <system-err><![CDATA[]]></system-err>
      </testcase>
      <testcase name="Test Cases/20 Data-driven test case/Create Channel use CSV" classname="Test Cases/20 Data-driven test case/Create Channel use CSV" status="PASSED">
         <system-out><![CDATA[2019-05-23 10:20:01 - [TEST_CASE][PASSED] - Test Cases/20 Data-driven test case/Create Channel use CSV: Test Cases/20 Data-driven test case/Create Channel use CSV

2019-05-23 10:20:01 - [TEST_STEP][PASSED] - openBrowser(""): Browser is opened with url: ''

2019-05-23 10:20:01 - [MESSAGE][WARNING] - A browser is already opened. Closing browser and opening a new one

2019-05-23 10:20:02 - [MESSAGE][INFO] - Starting 'Firefox' driver

2019-05-23 10:20:05 - [MESSAGE][PASSED] - Browser is opened with url: ''

2019-05-23 10:20:05 - [TEST_STEP][PASSED] - navigateToUrl("http://localhost:3000/"): Navigate to 'http://localhost:3000/' successfully

2019-05-23 10:20:07 - [MESSAGE][PASSED] - Navigate to 'http://localhost:3000/' successfully

2019-05-23 10:20:07 - [TEST_STEP][PASSED] - click(findTestObject("Page_Spectrum/button_Log in or sign up")): Object: 'Object Repository/Page_Spectrum/button_Log in or sign up' is clicked on

2019-05-23 10:20:08 - [MESSAGE][PASSED] - Object: 'Object Repository/Page_Spectrum/button_Log in or sign up' is clicked on

2019-05-23 10:20:08 - [TEST_STEP][PASSED] - click(findTestObject("Page_Spectrum/span_Sign in with GitHub")): Object: 'Object Repository/Page_Spectrum/span_Sign in with GitHub' is clicked on

2019-05-23 10:20:10 - [MESSAGE][PASSED] - Object: 'Object Repository/Page_Spectrum/span_Sign in with GitHub' is clicked on

2019-05-23 10:20:10 - [TEST_STEP][PASSED] - setText(findTestObject("Page_Sign in to GitHub  GitHub/input_Username or email address_login"), "minhcuongit"): Text 'minhcuongit' is set on object 'Object Repository/Page_Sign in to GitHub  GitHub/input_Username or email address_login'

2019-05-23 10:20:10 - [MESSAGE][PASSED] - Text 'minhcuongit' is set on object 'Object Repository/Page_Sign in to GitHub  GitHub/input_Username or email address_login'

2019-05-23 10:20:10 - [TEST_STEP][PASSED] - setEncryptedText(findTestObject("Page_Sign in to GitHub  GitHub/input_Forgot password_password"), "9e5/e4jZbrkRPxL/am/6uYGu2iBUrIMS"): Text ****** has been set on object 'Object Repository/Page_Sign in to GitHub  GitHub/input_Forgot password_password'

2019-05-23 10:20:10 - [MESSAGE][PASSED] - Text ****** has been set on object 'Object Repository/Page_Sign in to GitHub  GitHub/input_Forgot password_password'

2019-05-23 10:20:10 - [TEST_STEP][PASSED] - click(findTestObject("Page_Sign in to GitHub  GitHub/input_Forgot password_commit")): Object: 'Object Repository/Page_Sign in to GitHub  GitHub/input_Forgot password_commit' is clicked on

2019-05-23 10:20:14 - [MESSAGE][PASSED] - Object: 'Object Repository/Page_Sign in to GitHub  GitHub/input_Forgot password_commit' is clicked on

2019-05-23 10:20:14 - [TEST_STEP][PASSED] - click(findTestObject("Page_Spectrum community/img_Explore_style__Img-u3znqr-3 kJsvJN")): Object: 'Object Repository/Page_Spectrum community/img_Explore_style__Img-u3znqr-3 kJsvJN' is clicked on

2019-05-23 10:20:18 - [MESSAGE][PASSED] - Object: 'Object Repository/Page_Spectrum community/img_Explore_style__Img-u3znqr-3 kJsvJN' is clicked on

2019-05-23 10:20:18 - [TEST_STEP][PASSED] - navigateToUrl("http://localhost:3000/explore"): Navigate to 'http://localhost:3000/explore' successfully

2019-05-23 10:20:21 - [MESSAGE][PASSED] - Navigate to 'http://localhost:3000/explore' successfully

2019-05-23 10:20:21 - [TEST_STEP][PASSED] - if (verifyElementNotPresent(findTestObject("Object Repository/Page_Explore/button_abc"), 25, OPTIONAL) == true): Web element with id: 'Object Repository/Page_Explore/button_abc' located by 'By.xpath: id("root")/div[@class="style__StyledAppViewWrapper-sc-1cyw1w0-0 iDTxIk"]/div[@class="style__NavigationWrapper-sc-1lxh6l2-3 olYdK"]/div[@class="style__NavigationGrid-sc-1lxh6l2-5 cyPoXN"]/div[@class="style__AvatarGrid-sc-1lxh6l2-6 kWLEke"]/a[@class="style__AvatarLink-sc-1lxh6l2-7 bWCJDQ"][count(. | //*[(text() = 'abc' or . = 'abc')]) = count(//*[(text() = 'abc' or . = 'abc')])]' is present after '25' second(s) (Root cause: com.kms.katalon.core.exception.StepFailedException: Web element with id: 'Object Repository/Page_Explore/button_abc' located by 'By.xpath: id("root")/div[@class="style__StyledAppViewWrapper-sc-1cyw1w0-0 iDTxIk"]/div[@class="style__NavigationWrapper-sc-1lxh6l2-3 olYdK"]/div[@class="style__NavigationGrid-sc-1lxh6l2-5 cyPoXN"]/div[@class="style__AvatarGrid-sc-1lxh6l2-6 kWLEke"]/a[@class="style__AvatarLink-sc-1lxh6l2-7 bWCJDQ"][count(. | //*[(text() = 'abc' or . = 'abc')]) = count(//*[(text() = 'abc' or . = 'abc')])]' is present after '25' second(s)
	at com.kms.katalon.core.webui.keyword.internal.WebUIKeywordMain.stepFailed(WebUIKeywordMain.groovy:64)
	at com.kms.katalon.core.webui.keyword.builtin.VerifyElementNotPresentKeyword$_verifyElementNotPresent_closure1.doCall(VerifyElementNotPresentKeyword.groovy:107)
	at com.kms.katalon.core.webui.keyword.builtin.VerifyElementNotPresentKeyword$_verifyElementNotPresent_closure1.call(VerifyElementNotPresentKeyword.groovy)
	at com.kms.katalon.core.webui.keyword.internal.WebUIKeywordMain.runKeyword(WebUIKeywordMain.groovy:20)
	at com.kms.katalon.core.webui.keyword.builtin.VerifyElementNotPresentKeyword.verifyElementNotPresent(VerifyElementNotPresentKeyword.groovy:118)
	at com.kms.katalon.core.webui.keyword.builtin.VerifyElementNotPresentKeyword.execute(VerifyElementNotPresentKeyword.groovy:68)
	at com.kms.katalon.core.keyword.internal.KeywordExecutor.executeKeywordForPlatform(KeywordExecutor.groovy:56)
	at com.kms.katalon.core.webui.keyword.WebUiBuiltInKeywords.verifyElementNotPresent(WebUiBuiltInKeywords.groovy:1451)
	at com.kms.katalon.core.webui.keyword.WebUiBuiltInKeywords$verifyElementNotPresent$5.call(Unknown Source)
	at Create Channel use CSV.run(Create Channel use CSV:34)
	at com.kms.katalon.core.main.ScriptEngine.run(ScriptEngine.java:194)
	at com.kms.katalon.core.main.ScriptEngine.runScriptAsRawText(ScriptEngine.java:119)
	at com.kms.katalon.core.main.TestCaseExecutor.runScript(TestCaseExecutor.java:336)
	at com.kms.katalon.core.main.TestCaseExecutor.doExecute(TestCaseExecutor.java:327)
	at com.kms.katalon.core.main.TestCaseExecutor.processExecutionPhase(TestCaseExecutor.java:306)
	at com.kms.katalon.core.main.TestCaseExecutor.accessMainPhase(TestCaseExecutor.java:298)
	at com.kms.katalon.core.main.TestCaseExecutor.execute(TestCaseExecutor.java:232)
	at com.kms.katalon.core.main.TestSuiteExecutor.accessTestCaseMainPhase(TestSuiteExecutor.java:129)
	at com.kms.katalon.core.main.TestSuiteExecutor.accessTestSuiteMainPhase(TestSuiteExecutor.java:112)
	at com.kms.katalon.core.main.TestSuiteExecutor.execute(TestSuiteExecutor.java:81)
	at com.kms.katalon.core.main.TestCaseMain.startTestSuite(TestCaseMain.java:157)
	at com.kms.katalon.core.main.TestCaseMain$startTestSuite$0.call(Unknown Source)
	at TempTestSuite1558580976607.run(TempTestSuite1558580976607.groovy:35)
)

2019-05-23 10:20:46 - [MESSAGE][WARNING] - Web element with id: 'Object Repository/Page_Explore/button_abc' located by 'By.xpath: id("root")/div[@class="style__StyledAppViewWrapper-sc-1cyw1w0-0 iDTxIk"]/div[@class="style__NavigationWrapper-sc-1lxh6l2-3 olYdK"]/div[@class="style__NavigationGrid-sc-1lxh6l2-5 cyPoXN"]/div[@class="style__AvatarGrid-sc-1lxh6l2-6 kWLEke"]/a[@class="style__AvatarLink-sc-1lxh6l2-7 bWCJDQ"][count(. | //*[(text() = 'abc' or . = 'abc')]) = count(//*[(text() = 'abc' or . = 'abc')])]' is present after '25' second(s) (Root cause: com.kms.katalon.core.exception.StepFailedException: Web element with id: 'Object Repository/Page_Explore/button_abc' located by 'By.xpath: id("root")/div[@class="style__StyledAppViewWrapper-sc-1cyw1w0-0 iDTxIk"]/div[@class="style__NavigationWrapper-sc-1lxh6l2-3 olYdK"]/div[@class="style__NavigationGrid-sc-1lxh6l2-5 cyPoXN"]/div[@class="style__AvatarGrid-sc-1lxh6l2-6 kWLEke"]/a[@class="style__AvatarLink-sc-1lxh6l2-7 bWCJDQ"][count(. | //*[(text() = 'abc' or . = 'abc')]) = count(//*[(text() = 'abc' or . = 'abc')])]' is present after '25' second(s)
	at com.kms.katalon.core.webui.keyword.internal.WebUIKeywordMain.stepFailed(WebUIKeywordMain.groovy:64)
	at com.kms.katalon.core.webui.keyword.builtin.VerifyElementNotPresentKeyword$_verifyElementNotPresent_closure1.doCall(VerifyElementNotPresentKeyword.groovy:107)
	at com.kms.katalon.core.webui.keyword.builtin.VerifyElementNotPresentKeyword$_verifyElementNotPresent_closure1.call(VerifyElementNotPresentKeyword.groovy)
	at com.kms.katalon.core.webui.keyword.internal.WebUIKeywordMain.runKeyword(WebUIKeywordMain.groovy:20)
	at com.kms.katalon.core.webui.keyword.builtin.VerifyElementNotPresentKeyword.verifyElementNotPresent(VerifyElementNotPresentKeyword.groovy:118)
	at com.kms.katalon.core.webui.keyword.builtin.VerifyElementNotPresentKeyword.execute(VerifyElementNotPresentKeyword.groovy:68)
	at com.kms.katalon.core.keyword.internal.KeywordExecutor.executeKeywordForPlatform(KeywordExecutor.groovy:56)
	at com.kms.katalon.core.webui.keyword.WebUiBuiltInKeywords.verifyElementNotPresent(WebUiBuiltInKeywords.groovy:1451)
	at com.kms.katalon.core.webui.keyword.WebUiBuiltInKeywords$verifyElementNotPresent$5.call(Unknown Source)
	at Create Channel use CSV.run(Create Channel use CSV:34)
	at com.kms.katalon.core.main.ScriptEngine.run(ScriptEngine.java:194)
	at com.kms.katalon.core.main.ScriptEngine.runScriptAsRawText(ScriptEngine.java:119)
	at com.kms.katalon.core.main.TestCaseExecutor.runScript(TestCaseExecutor.java:336)
	at com.kms.katalon.core.main.TestCaseExecutor.doExecute(TestCaseExecutor.java:327)
	at com.kms.katalon.core.main.TestCaseExecutor.processExecutionPhase(TestCaseExecutor.java:306)
	at com.kms.katalon.core.main.TestCaseExecutor.accessMainPhase(TestCaseExecutor.java:298)
	at com.kms.katalon.core.main.TestCaseExecutor.execute(TestCaseExecutor.java:232)
	at com.kms.katalon.core.main.TestSuiteExecutor.accessTestCaseMainPhase(TestSuiteExecutor.java:129)
	at com.kms.katalon.core.main.TestSuiteExecutor.accessTestSuiteMainPhase(TestSuiteExecutor.java:112)
	at com.kms.katalon.core.main.TestSuiteExecutor.execute(TestSuiteExecutor.java:81)
	at com.kms.katalon.core.main.TestCaseMain.startTestSuite(TestCaseMain.java:157)
	at com.kms.katalon.core.main.TestCaseMain$startTestSuite$0.call(Unknown Source)
	at TempTestSuite1558580976607.run(TempTestSuite1558580976607.groovy:35)
)
[[ATTACHMENT|D:\\HCMUS DATA\\Tern2-4th\\CCDNCTPTPM\\BT\\HW2\\Project\\TED_Team-Test_Project\\TED_Team-Test_Project\\Reports\\Run all test cases\\20190523_100936\\1558581646668.png]]

2019-05-23 10:20:46 - [TEST_STEP][PASSED] - else: Object: 'Object Repository/Page_abc settings/button_Create Channel 7' is clicked on

2019-05-23 10:20:46 - [TEST_STEP][PASSED] - navigateToUrl("http://localhost:3000/abc?tab=posts"): Navigate to 'http://localhost:3000/abc?tab=posts' successfully

2019-05-23 10:20:48 - [MESSAGE][PASSED] - Navigate to 'http://localhost:3000/abc?tab=posts' successfully

2019-05-23 10:20:48 - [TEST_STEP][PASSED] - click(findTestObject("Page_abc community/button_Settings")): Object: 'Object Repository/Page_abc community/button_Settings' is clicked on

2019-05-23 10:20:50 - [MESSAGE][PASSED] - Object: 'Object Repository/Page_abc community/button_Settings' is clicked on

2019-05-23 10:20:50 - [TEST_STEP][PASSED] - delay(3): Delayed 3 second(s)

2019-05-23 10:20:53 - [MESSAGE][PASSED] - Delayed 3 second(s)

2019-05-23 10:20:53 - [TEST_STEP][PASSED] - click(findTestObject("Page_abc settings/button_Create Channel")): Object: 'Object Repository/Page_abc settings/button_Create Channel' is clicked on

2019-05-23 10:20:53 - [MESSAGE][PASSED] - Object: 'Object Repository/Page_abc settings/button_Create Channel' is clicked on

2019-05-23 10:20:53 - [TEST_STEP][PASSED] - setText(findTestObject("Page_abc settings/input_Channel Name_name"), channel_name): Text 'channel 001' is set on object 'Object Repository/Page_abc settings/input_Channel Name_name'

2019-05-23 10:20:53 - [MESSAGE][PASSED] - Text 'channel 001' is set on object 'Object Repository/Page_abc settings/input_Channel Name_name'

2019-05-23 10:20:53 - [TEST_STEP][PASSED] - setText(findTestObject("Page_abc settings/textarea_ht"), channel_detail): Text 'This is detail of channel 001' is set on object 'Object Repository/Page_abc settings/textarea_ht'

2019-05-23 10:20:54 - [MESSAGE][PASSED] - Text 'This is detail of channel 001' is set on object 'Object Repository/Page_abc settings/textarea_ht'

2019-05-23 10:20:54 - [TEST_STEP][PASSED] - click(findTestObject("Page_abc settings/button_Create Channel 7")): Object: 'Object Repository/Page_abc settings/button_Create Channel 7' is clicked on

2019-05-23 10:20:54 - [MESSAGE][PASSED] - Object: 'Object Repository/Page_abc settings/button_Create Channel 7' is clicked on]]></system-out>
         <system-err><![CDATA[]]></system-err>
      </testcase>
      <testcase name="Test Cases/20 Data-driven test case/Create Channel use CSV" classname="Test Cases/20 Data-driven test case/Create Channel use CSV" status="PASSED">
         <system-out><![CDATA[2019-05-23 10:20:54 - [TEST_CASE][PASSED] - Test Cases/20 Data-driven test case/Create Channel use CSV: Test Cases/20 Data-driven test case/Create Channel use CSV

2019-05-23 10:20:54 - [TEST_STEP][PASSED] - openBrowser(""): Browser is opened with url: ''

2019-05-23 10:20:54 - [MESSAGE][WARNING] - A browser is already opened. Closing browser and opening a new one

2019-05-23 10:20:55 - [MESSAGE][INFO] - Starting 'Firefox' driver

2019-05-23 10:20:58 - [MESSAGE][PASSED] - Browser is opened with url: ''

2019-05-23 10:20:58 - [TEST_STEP][PASSED] - navigateToUrl("http://localhost:3000/"): Navigate to 'http://localhost:3000/' successfully

2019-05-23 10:21:00 - [MESSAGE][PASSED] - Navigate to 'http://localhost:3000/' successfully

2019-05-23 10:21:00 - [TEST_STEP][PASSED] - click(findTestObject("Page_Spectrum/button_Log in or sign up")): Object: 'Object Repository/Page_Spectrum/button_Log in or sign up' is clicked on

2019-05-23 10:21:02 - [MESSAGE][PASSED] - Object: 'Object Repository/Page_Spectrum/button_Log in or sign up' is clicked on

2019-05-23 10:21:02 - [TEST_STEP][PASSED] - click(findTestObject("Page_Spectrum/span_Sign in with GitHub")): Object: 'Object Repository/Page_Spectrum/span_Sign in with GitHub' is clicked on

2019-05-23 10:21:03 - [MESSAGE][PASSED] - Object: 'Object Repository/Page_Spectrum/span_Sign in with GitHub' is clicked on

2019-05-23 10:21:03 - [TEST_STEP][PASSED] - setText(findTestObject("Page_Sign in to GitHub  GitHub/input_Username or email address_login"), "minhcuongit"): Text 'minhcuongit' is set on object 'Object Repository/Page_Sign in to GitHub  GitHub/input_Username or email address_login'

2019-05-23 10:21:03 - [MESSAGE][PASSED] - Text 'minhcuongit' is set on object 'Object Repository/Page_Sign in to GitHub  GitHub/input_Username or email address_login'

2019-05-23 10:21:03 - [TEST_STEP][PASSED] - setEncryptedText(findTestObject("Page_Sign in to GitHub  GitHub/input_Forgot password_password"), "9e5/e4jZbrkRPxL/am/6uYGu2iBUrIMS"): Text ****** has been set on object 'Object Repository/Page_Sign in to GitHub  GitHub/input_Forgot password_password'

2019-05-23 10:21:03 - [MESSAGE][PASSED] - Text ****** has been set on object 'Object Repository/Page_Sign in to GitHub  GitHub/input_Forgot password_password'

2019-05-23 10:21:03 - [TEST_STEP][PASSED] - click(findTestObject("Page_Sign in to GitHub  GitHub/input_Forgot password_commit")): Object: 'Object Repository/Page_Sign in to GitHub  GitHub/input_Forgot password_commit' is clicked on

2019-05-23 10:21:08 - [MESSAGE][PASSED] - Object: 'Object Repository/Page_Sign in to GitHub  GitHub/input_Forgot password_commit' is clicked on

2019-05-23 10:21:08 - [TEST_STEP][PASSED] - click(findTestObject("Page_Spectrum community/img_Explore_style__Img-u3znqr-3 kJsvJN")): Object: 'Object Repository/Page_Spectrum community/img_Explore_style__Img-u3znqr-3 kJsvJN' is clicked on

2019-05-23 10:21:12 - [MESSAGE][PASSED] - Object: 'Object Repository/Page_Spectrum community/img_Explore_style__Img-u3znqr-3 kJsvJN' is clicked on

2019-05-23 10:21:12 - [TEST_STEP][PASSED] - navigateToUrl("http://localhost:3000/explore"): Navigate to 'http://localhost:3000/explore' successfully

2019-05-23 10:21:15 - [MESSAGE][PASSED] - Navigate to 'http://localhost:3000/explore' successfully

2019-05-23 10:21:15 - [TEST_STEP][PASSED] - if (verifyElementNotPresent(findTestObject("Object Repository/Page_Explore/button_abc"), 25, OPTIONAL) == true): Web element with id: 'Object Repository/Page_Explore/button_abc' located by 'By.xpath: id("root")/div[@class="style__StyledAppViewWrapper-sc-1cyw1w0-0 iDTxIk"]/div[@class="style__NavigationWrapper-sc-1lxh6l2-3 olYdK"]/div[@class="style__NavigationGrid-sc-1lxh6l2-5 cyPoXN"]/div[@class="style__AvatarGrid-sc-1lxh6l2-6 kWLEke"]/a[@class="style__AvatarLink-sc-1lxh6l2-7 bWCJDQ"][count(. | //*[(text() = 'abc' or . = 'abc')]) = count(//*[(text() = 'abc' or . = 'abc')])]' is present after '25' second(s) (Root cause: com.kms.katalon.core.exception.StepFailedException: Web element with id: 'Object Repository/Page_Explore/button_abc' located by 'By.xpath: id("root")/div[@class="style__StyledAppViewWrapper-sc-1cyw1w0-0 iDTxIk"]/div[@class="style__NavigationWrapper-sc-1lxh6l2-3 olYdK"]/div[@class="style__NavigationGrid-sc-1lxh6l2-5 cyPoXN"]/div[@class="style__AvatarGrid-sc-1lxh6l2-6 kWLEke"]/a[@class="style__AvatarLink-sc-1lxh6l2-7 bWCJDQ"][count(. | //*[(text() = 'abc' or . = 'abc')]) = count(//*[(text() = 'abc' or . = 'abc')])]' is present after '25' second(s)
	at com.kms.katalon.core.webui.keyword.internal.WebUIKeywordMain.stepFailed(WebUIKeywordMain.groovy:64)
	at com.kms.katalon.core.webui.keyword.builtin.VerifyElementNotPresentKeyword$_verifyElementNotPresent_closure1.doCall(VerifyElementNotPresentKeyword.groovy:107)
	at com.kms.katalon.core.webui.keyword.builtin.VerifyElementNotPresentKeyword$_verifyElementNotPresent_closure1.call(VerifyElementNotPresentKeyword.groovy)
	at com.kms.katalon.core.webui.keyword.internal.WebUIKeywordMain.runKeyword(WebUIKeywordMain.groovy:20)
	at com.kms.katalon.core.webui.keyword.builtin.VerifyElementNotPresentKeyword.verifyElementNotPresent(VerifyElementNotPresentKeyword.groovy:118)
	at com.kms.katalon.core.webui.keyword.builtin.VerifyElementNotPresentKeyword.execute(VerifyElementNotPresentKeyword.groovy:68)
	at com.kms.katalon.core.keyword.internal.KeywordExecutor.executeKeywordForPlatform(KeywordExecutor.groovy:56)
	at com.kms.katalon.core.webui.keyword.WebUiBuiltInKeywords.verifyElementNotPresent(WebUiBuiltInKeywords.groovy:1451)
	at com.kms.katalon.core.webui.keyword.WebUiBuiltInKeywords$verifyElementNotPresent$5.call(Unknown Source)
	at Create Channel use CSV.run(Create Channel use CSV:34)
	at com.kms.katalon.core.main.ScriptEngine.run(ScriptEngine.java:194)
	at com.kms.katalon.core.main.ScriptEngine.runScriptAsRawText(ScriptEngine.java:119)
	at com.kms.katalon.core.main.TestCaseExecutor.runScript(TestCaseExecutor.java:336)
	at com.kms.katalon.core.main.TestCaseExecutor.doExecute(TestCaseExecutor.java:327)
	at com.kms.katalon.core.main.TestCaseExecutor.processExecutionPhase(TestCaseExecutor.java:306)
	at com.kms.katalon.core.main.TestCaseExecutor.accessMainPhase(TestCaseExecutor.java:298)
	at com.kms.katalon.core.main.TestCaseExecutor.execute(TestCaseExecutor.java:232)
	at com.kms.katalon.core.main.TestSuiteExecutor.accessTestCaseMainPhase(TestSuiteExecutor.java:129)
	at com.kms.katalon.core.main.TestSuiteExecutor.accessTestSuiteMainPhase(TestSuiteExecutor.java:112)
	at com.kms.katalon.core.main.TestSuiteExecutor.execute(TestSuiteExecutor.java:81)
	at com.kms.katalon.core.main.TestCaseMain.startTestSuite(TestCaseMain.java:157)
	at com.kms.katalon.core.main.TestCaseMain$startTestSuite$0.call(Unknown Source)
	at TempTestSuite1558580976607.run(TempTestSuite1558580976607.groovy:35)
)

2019-05-23 10:21:40 - [MESSAGE][WARNING] - Web element with id: 'Object Repository/Page_Explore/button_abc' located by 'By.xpath: id("root")/div[@class="style__StyledAppViewWrapper-sc-1cyw1w0-0 iDTxIk"]/div[@class="style__NavigationWrapper-sc-1lxh6l2-3 olYdK"]/div[@class="style__NavigationGrid-sc-1lxh6l2-5 cyPoXN"]/div[@class="style__AvatarGrid-sc-1lxh6l2-6 kWLEke"]/a[@class="style__AvatarLink-sc-1lxh6l2-7 bWCJDQ"][count(. | //*[(text() = 'abc' or . = 'abc')]) = count(//*[(text() = 'abc' or . = 'abc')])]' is present after '25' second(s) (Root cause: com.kms.katalon.core.exception.StepFailedException: Web element with id: 'Object Repository/Page_Explore/button_abc' located by 'By.xpath: id("root")/div[@class="style__StyledAppViewWrapper-sc-1cyw1w0-0 iDTxIk"]/div[@class="style__NavigationWrapper-sc-1lxh6l2-3 olYdK"]/div[@class="style__NavigationGrid-sc-1lxh6l2-5 cyPoXN"]/div[@class="style__AvatarGrid-sc-1lxh6l2-6 kWLEke"]/a[@class="style__AvatarLink-sc-1lxh6l2-7 bWCJDQ"][count(. | //*[(text() = 'abc' or . = 'abc')]) = count(//*[(text() = 'abc' or . = 'abc')])]' is present after '25' second(s)
	at com.kms.katalon.core.webui.keyword.internal.WebUIKeywordMain.stepFailed(WebUIKeywordMain.groovy:64)
	at com.kms.katalon.core.webui.keyword.builtin.VerifyElementNotPresentKeyword$_verifyElementNotPresent_closure1.doCall(VerifyElementNotPresentKeyword.groovy:107)
	at com.kms.katalon.core.webui.keyword.builtin.VerifyElementNotPresentKeyword$_verifyElementNotPresent_closure1.call(VerifyElementNotPresentKeyword.groovy)
	at com.kms.katalon.core.webui.keyword.internal.WebUIKeywordMain.runKeyword(WebUIKeywordMain.groovy:20)
	at com.kms.katalon.core.webui.keyword.builtin.VerifyElementNotPresentKeyword.verifyElementNotPresent(VerifyElementNotPresentKeyword.groovy:118)
	at com.kms.katalon.core.webui.keyword.builtin.VerifyElementNotPresentKeyword.execute(VerifyElementNotPresentKeyword.groovy:68)
	at com.kms.katalon.core.keyword.internal.KeywordExecutor.executeKeywordForPlatform(KeywordExecutor.groovy:56)
	at com.kms.katalon.core.webui.keyword.WebUiBuiltInKeywords.verifyElementNotPresent(WebUiBuiltInKeywords.groovy:1451)
	at com.kms.katalon.core.webui.keyword.WebUiBuiltInKeywords$verifyElementNotPresent$5.call(Unknown Source)
	at Create Channel use CSV.run(Create Channel use CSV:34)
	at com.kms.katalon.core.main.ScriptEngine.run(ScriptEngine.java:194)
	at com.kms.katalon.core.main.ScriptEngine.runScriptAsRawText(ScriptEngine.java:119)
	at com.kms.katalon.core.main.TestCaseExecutor.runScript(TestCaseExecutor.java:336)
	at com.kms.katalon.core.main.TestCaseExecutor.doExecute(TestCaseExecutor.java:327)
	at com.kms.katalon.core.main.TestCaseExecutor.processExecutionPhase(TestCaseExecutor.java:306)
	at com.kms.katalon.core.main.TestCaseExecutor.accessMainPhase(TestCaseExecutor.java:298)
	at com.kms.katalon.core.main.TestCaseExecutor.execute(TestCaseExecutor.java:232)
	at com.kms.katalon.core.main.TestSuiteExecutor.accessTestCaseMainPhase(TestSuiteExecutor.java:129)
	at com.kms.katalon.core.main.TestSuiteExecutor.accessTestSuiteMainPhase(TestSuiteExecutor.java:112)
	at com.kms.katalon.core.main.TestSuiteExecutor.execute(TestSuiteExecutor.java:81)
	at com.kms.katalon.core.main.TestCaseMain.startTestSuite(TestCaseMain.java:157)
	at com.kms.katalon.core.main.TestCaseMain$startTestSuite$0.call(Unknown Source)
	at TempTestSuite1558580976607.run(TempTestSuite1558580976607.groovy:35)
)
[[ATTACHMENT|D:\\HCMUS DATA\\Tern2-4th\\CCDNCTPTPM\\BT\\HW2\\Project\\TED_Team-Test_Project\\TED_Team-Test_Project\\Reports\\Run all test cases\\20190523_100936\\1558581700107.png]]

2019-05-23 10:21:40 - [TEST_STEP][PASSED] - else: Object: 'Object Repository/Page_abc settings/button_Create Channel 7' is clicked on

2019-05-23 10:21:40 - [TEST_STEP][PASSED] - navigateToUrl("http://localhost:3000/abc?tab=posts"): Navigate to 'http://localhost:3000/abc?tab=posts' successfully

2019-05-23 10:21:41 - [MESSAGE][PASSED] - Navigate to 'http://localhost:3000/abc?tab=posts' successfully

2019-05-23 10:21:41 - [TEST_STEP][PASSED] - click(findTestObject("Page_abc community/button_Settings")): Object: 'Object Repository/Page_abc community/button_Settings' is clicked on

2019-05-23 10:21:43 - [MESSAGE][PASSED] - Object: 'Object Repository/Page_abc community/button_Settings' is clicked on

2019-05-23 10:21:43 - [TEST_STEP][PASSED] - delay(3): Delayed 3 second(s)

2019-05-23 10:21:46 - [MESSAGE][PASSED] - Delayed 3 second(s)

2019-05-23 10:21:46 - [TEST_STEP][PASSED] - click(findTestObject("Page_abc settings/button_Create Channel")): Object: 'Object Repository/Page_abc settings/button_Create Channel' is clicked on

2019-05-23 10:21:47 - [MESSAGE][PASSED] - Object: 'Object Repository/Page_abc settings/button_Create Channel' is clicked on

2019-05-23 10:21:47 - [TEST_STEP][PASSED] - setText(findTestObject("Page_abc settings/input_Channel Name_name"), channel_name): Text 'channel 002' is set on object 'Object Repository/Page_abc settings/input_Channel Name_name'

2019-05-23 10:21:47 - [MESSAGE][PASSED] - Text 'channel 002' is set on object 'Object Repository/Page_abc settings/input_Channel Name_name'

2019-05-23 10:21:47 - [TEST_STEP][PASSED] - setText(findTestObject("Page_abc settings/textarea_ht"), channel_detail): Text 'This is detail of channel 002' is set on object 'Object Repository/Page_abc settings/textarea_ht'

2019-05-23 10:21:47 - [MESSAGE][PASSED] - Text 'This is detail of channel 002' is set on object 'Object Repository/Page_abc settings/textarea_ht'

2019-05-23 10:21:47 - [TEST_STEP][PASSED] - click(findTestObject("Page_abc settings/button_Create Channel 7")): Object: 'Object Repository/Page_abc settings/button_Create Channel 7' is clicked on

2019-05-23 10:21:47 - [MESSAGE][PASSED] - Object: 'Object Repository/Page_abc settings/button_Create Channel 7' is clicked on]]></system-out>
         <system-err><![CDATA[]]></system-err>
      </testcase>
      <testcase name="Test Cases/20 Data-driven test case/Create Channel use CSV" classname="Test Cases/20 Data-driven test case/Create Channel use CSV" status="PASSED">
         <system-out><![CDATA[2019-05-23 10:21:47 - [TEST_CASE][PASSED] - Test Cases/20 Data-driven test case/Create Channel use CSV: Test Cases/20 Data-driven test case/Create Channel use CSV

2019-05-23 10:21:47 - [TEST_STEP][PASSED] - openBrowser(""): Browser is opened with url: ''

2019-05-23 10:21:47 - [MESSAGE][WARNING] - A browser is already opened. Closing browser and opening a new one

2019-05-23 10:21:48 - [MESSAGE][INFO] - Starting 'Firefox' driver

2019-05-23 10:21:51 - [MESSAGE][PASSED] - Browser is opened with url: ''

2019-05-23 10:21:51 - [TEST_STEP][PASSED] - navigateToUrl("http://localhost:3000/"): Navigate to 'http://localhost:3000/' successfully

2019-05-23 10:21:53 - [MESSAGE][PASSED] - Navigate to 'http://localhost:3000/' successfully

2019-05-23 10:21:53 - [TEST_STEP][PASSED] - click(findTestObject("Page_Spectrum/button_Log in or sign up")): Object: 'Object Repository/Page_Spectrum/button_Log in or sign up' is clicked on

2019-05-23 10:21:55 - [MESSAGE][PASSED] - Object: 'Object Repository/Page_Spectrum/button_Log in or sign up' is clicked on

2019-05-23 10:21:55 - [TEST_STEP][PASSED] - click(findTestObject("Page_Spectrum/span_Sign in with GitHub")): Object: 'Object Repository/Page_Spectrum/span_Sign in with GitHub' is clicked on

2019-05-23 10:21:56 - [MESSAGE][PASSED] - Object: 'Object Repository/Page_Spectrum/span_Sign in with GitHub' is clicked on

2019-05-23 10:21:56 - [TEST_STEP][PASSED] - setText(findTestObject("Page_Sign in to GitHub  GitHub/input_Username or email address_login"), "minhcuongit"): Text 'minhcuongit' is set on object 'Object Repository/Page_Sign in to GitHub  GitHub/input_Username or email address_login'

2019-05-23 10:21:56 - [MESSAGE][PASSED] - Text 'minhcuongit' is set on object 'Object Repository/Page_Sign in to GitHub  GitHub/input_Username or email address_login'

2019-05-23 10:21:56 - [TEST_STEP][PASSED] - setEncryptedText(findTestObject("Page_Sign in to GitHub  GitHub/input_Forgot password_password"), "9e5/e4jZbrkRPxL/am/6uYGu2iBUrIMS"): Text ****** has been set on object 'Object Repository/Page_Sign in to GitHub  GitHub/input_Forgot password_password'

2019-05-23 10:21:57 - [MESSAGE][PASSED] - Text ****** has been set on object 'Object Repository/Page_Sign in to GitHub  GitHub/input_Forgot password_password'

2019-05-23 10:21:57 - [TEST_STEP][PASSED] - click(findTestObject("Page_Sign in to GitHub  GitHub/input_Forgot password_commit")): Object: 'Object Repository/Page_Sign in to GitHub  GitHub/input_Forgot password_commit' is clicked on

2019-05-23 10:22:01 - [MESSAGE][PASSED] - Object: 'Object Repository/Page_Sign in to GitHub  GitHub/input_Forgot password_commit' is clicked on

2019-05-23 10:22:01 - [TEST_STEP][PASSED] - click(findTestObject("Page_Spectrum community/img_Explore_style__Img-u3znqr-3 kJsvJN")): Object: 'Object Repository/Page_Spectrum community/img_Explore_style__Img-u3znqr-3 kJsvJN' is clicked on

2019-05-23 10:22:05 - [MESSAGE][PASSED] - Object: 'Object Repository/Page_Spectrum community/img_Explore_style__Img-u3znqr-3 kJsvJN' is clicked on

2019-05-23 10:22:05 - [TEST_STEP][PASSED] - navigateToUrl("http://localhost:3000/explore"): Navigate to 'http://localhost:3000/explore' successfully

2019-05-23 10:22:07 - [MESSAGE][PASSED] - Navigate to 'http://localhost:3000/explore' successfully

2019-05-23 10:22:07 - [TEST_STEP][PASSED] - if (verifyElementNotPresent(findTestObject("Object Repository/Page_Explore/button_abc"), 25, OPTIONAL) == true): Web element with id: 'Object Repository/Page_Explore/button_abc' located by 'By.xpath: id("root")/div[@class="style__StyledAppViewWrapper-sc-1cyw1w0-0 iDTxIk"]/div[@class="style__NavigationWrapper-sc-1lxh6l2-3 olYdK"]/div[@class="style__NavigationGrid-sc-1lxh6l2-5 cyPoXN"]/div[@class="style__AvatarGrid-sc-1lxh6l2-6 kWLEke"]/a[@class="style__AvatarLink-sc-1lxh6l2-7 bWCJDQ"][count(. | //*[(text() = 'abc' or . = 'abc')]) = count(//*[(text() = 'abc' or . = 'abc')])]' is present after '25' second(s) (Root cause: com.kms.katalon.core.exception.StepFailedException: Web element with id: 'Object Repository/Page_Explore/button_abc' located by 'By.xpath: id("root")/div[@class="style__StyledAppViewWrapper-sc-1cyw1w0-0 iDTxIk"]/div[@class="style__NavigationWrapper-sc-1lxh6l2-3 olYdK"]/div[@class="style__NavigationGrid-sc-1lxh6l2-5 cyPoXN"]/div[@class="style__AvatarGrid-sc-1lxh6l2-6 kWLEke"]/a[@class="style__AvatarLink-sc-1lxh6l2-7 bWCJDQ"][count(. | //*[(text() = 'abc' or . = 'abc')]) = count(//*[(text() = 'abc' or . = 'abc')])]' is present after '25' second(s)
	at com.kms.katalon.core.webui.keyword.internal.WebUIKeywordMain.stepFailed(WebUIKeywordMain.groovy:64)
	at com.kms.katalon.core.webui.keyword.builtin.VerifyElementNotPresentKeyword$_verifyElementNotPresent_closure1.doCall(VerifyElementNotPresentKeyword.groovy:107)
	at com.kms.katalon.core.webui.keyword.builtin.VerifyElementNotPresentKeyword$_verifyElementNotPresent_closure1.call(VerifyElementNotPresentKeyword.groovy)
	at com.kms.katalon.core.webui.keyword.internal.WebUIKeywordMain.runKeyword(WebUIKeywordMain.groovy:20)
	at com.kms.katalon.core.webui.keyword.builtin.VerifyElementNotPresentKeyword.verifyElementNotPresent(VerifyElementNotPresentKeyword.groovy:118)
	at com.kms.katalon.core.webui.keyword.builtin.VerifyElementNotPresentKeyword.execute(VerifyElementNotPresentKeyword.groovy:68)
	at com.kms.katalon.core.keyword.internal.KeywordExecutor.executeKeywordForPlatform(KeywordExecutor.groovy:56)
	at com.kms.katalon.core.webui.keyword.WebUiBuiltInKeywords.verifyElementNotPresent(WebUiBuiltInKeywords.groovy:1451)
	at com.kms.katalon.core.webui.keyword.WebUiBuiltInKeywords$verifyElementNotPresent$5.call(Unknown Source)
	at Create Channel use CSV.run(Create Channel use CSV:34)
	at com.kms.katalon.core.main.ScriptEngine.run(ScriptEngine.java:194)
	at com.kms.katalon.core.main.ScriptEngine.runScriptAsRawText(ScriptEngine.java:119)
	at com.kms.katalon.core.main.TestCaseExecutor.runScript(TestCaseExecutor.java:336)
	at com.kms.katalon.core.main.TestCaseExecutor.doExecute(TestCaseExecutor.java:327)
	at com.kms.katalon.core.main.TestCaseExecutor.processExecutionPhase(TestCaseExecutor.java:306)
	at com.kms.katalon.core.main.TestCaseExecutor.accessMainPhase(TestCaseExecutor.java:298)
	at com.kms.katalon.core.main.TestCaseExecutor.execute(TestCaseExecutor.java:232)
	at com.kms.katalon.core.main.TestSuiteExecutor.accessTestCaseMainPhase(TestSuiteExecutor.java:129)
	at com.kms.katalon.core.main.TestSuiteExecutor.accessTestSuiteMainPhase(TestSuiteExecutor.java:112)
	at com.kms.katalon.core.main.TestSuiteExecutor.execute(TestSuiteExecutor.java:81)
	at com.kms.katalon.core.main.TestCaseMain.startTestSuite(TestCaseMain.java:157)
	at com.kms.katalon.core.main.TestCaseMain$startTestSuite$0.call(Unknown Source)
	at TempTestSuite1558580976607.run(TempTestSuite1558580976607.groovy:35)
)

2019-05-23 10:22:32 - [MESSAGE][WARNING] - Web element with id: 'Object Repository/Page_Explore/button_abc' located by 'By.xpath: id("root")/div[@class="style__StyledAppViewWrapper-sc-1cyw1w0-0 iDTxIk"]/div[@class="style__NavigationWrapper-sc-1lxh6l2-3 olYdK"]/div[@class="style__NavigationGrid-sc-1lxh6l2-5 cyPoXN"]/div[@class="style__AvatarGrid-sc-1lxh6l2-6 kWLEke"]/a[@class="style__AvatarLink-sc-1lxh6l2-7 bWCJDQ"][count(. | //*[(text() = 'abc' or . = 'abc')]) = count(//*[(text() = 'abc' or . = 'abc')])]' is present after '25' second(s) (Root cause: com.kms.katalon.core.exception.StepFailedException: Web element with id: 'Object Repository/Page_Explore/button_abc' located by 'By.xpath: id("root")/div[@class="style__StyledAppViewWrapper-sc-1cyw1w0-0 iDTxIk"]/div[@class="style__NavigationWrapper-sc-1lxh6l2-3 olYdK"]/div[@class="style__NavigationGrid-sc-1lxh6l2-5 cyPoXN"]/div[@class="style__AvatarGrid-sc-1lxh6l2-6 kWLEke"]/a[@class="style__AvatarLink-sc-1lxh6l2-7 bWCJDQ"][count(. | //*[(text() = 'abc' or . = 'abc')]) = count(//*[(text() = 'abc' or . = 'abc')])]' is present after '25' second(s)
	at com.kms.katalon.core.webui.keyword.internal.WebUIKeywordMain.stepFailed(WebUIKeywordMain.groovy:64)
	at com.kms.katalon.core.webui.keyword.builtin.VerifyElementNotPresentKeyword$_verifyElementNotPresent_closure1.doCall(VerifyElementNotPresentKeyword.groovy:107)
	at com.kms.katalon.core.webui.keyword.builtin.VerifyElementNotPresentKeyword$_verifyElementNotPresent_closure1.call(VerifyElementNotPresentKeyword.groovy)
	at com.kms.katalon.core.webui.keyword.internal.WebUIKeywordMain.runKeyword(WebUIKeywordMain.groovy:20)
	at com.kms.katalon.core.webui.keyword.builtin.VerifyElementNotPresentKeyword.verifyElementNotPresent(VerifyElementNotPresentKeyword.groovy:118)
	at com.kms.katalon.core.webui.keyword.builtin.VerifyElementNotPresentKeyword.execute(VerifyElementNotPresentKeyword.groovy:68)
	at com.kms.katalon.core.keyword.internal.KeywordExecutor.executeKeywordForPlatform(KeywordExecutor.groovy:56)
	at com.kms.katalon.core.webui.keyword.WebUiBuiltInKeywords.verifyElementNotPresent(WebUiBuiltInKeywords.groovy:1451)
	at com.kms.katalon.core.webui.keyword.WebUiBuiltInKeywords$verifyElementNotPresent$5.call(Unknown Source)
	at Create Channel use CSV.run(Create Channel use CSV:34)
	at com.kms.katalon.core.main.ScriptEngine.run(ScriptEngine.java:194)
	at com.kms.katalon.core.main.ScriptEngine.runScriptAsRawText(ScriptEngine.java:119)
	at com.kms.katalon.core.main.TestCaseExecutor.runScript(TestCaseExecutor.java:336)
	at com.kms.katalon.core.main.TestCaseExecutor.doExecute(TestCaseExecutor.java:327)
	at com.kms.katalon.core.main.TestCaseExecutor.processExecutionPhase(TestCaseExecutor.java:306)
	at com.kms.katalon.core.main.TestCaseExecutor.accessMainPhase(TestCaseExecutor.java:298)
	at com.kms.katalon.core.main.TestCaseExecutor.execute(TestCaseExecutor.java:232)
	at com.kms.katalon.core.main.TestSuiteExecutor.accessTestCaseMainPhase(TestSuiteExecutor.java:129)
	at com.kms.katalon.core.main.TestSuiteExecutor.accessTestSuiteMainPhase(TestSuiteExecutor.java:112)
	at com.kms.katalon.core.main.TestSuiteExecutor.execute(TestSuiteExecutor.java:81)
	at com.kms.katalon.core.main.TestCaseMain.startTestSuite(TestCaseMain.java:157)
	at com.kms.katalon.core.main.TestCaseMain$startTestSuite$0.call(Unknown Source)
	at TempTestSuite1558580976607.run(TempTestSuite1558580976607.groovy:35)
)
[[ATTACHMENT|D:\\HCMUS DATA\\Tern2-4th\\CCDNCTPTPM\\BT\\HW2\\Project\\TED_Team-Test_Project\\TED_Team-Test_Project\\Reports\\Run all test cases\\20190523_100936\\1558581752824.png]]

2019-05-23 10:22:32 - [TEST_STEP][PASSED] - else: Object: 'Object Repository/Page_abc settings/button_Create Channel 7' is clicked on

2019-05-23 10:22:32 - [TEST_STEP][PASSED] - navigateToUrl("http://localhost:3000/abc?tab=posts"): Navigate to 'http://localhost:3000/abc?tab=posts' successfully

2019-05-23 10:22:34 - [MESSAGE][PASSED] - Navigate to 'http://localhost:3000/abc?tab=posts' successfully

2019-05-23 10:22:34 - [TEST_STEP][PASSED] - click(findTestObject("Page_abc community/button_Settings")): Object: 'Object Repository/Page_abc community/button_Settings' is clicked on

2019-05-23 10:22:36 - [MESSAGE][PASSED] - Object: 'Object Repository/Page_abc community/button_Settings' is clicked on

2019-05-23 10:22:36 - [TEST_STEP][PASSED] - delay(3): Delayed 3 second(s)

2019-05-23 10:22:39 - [MESSAGE][PASSED] - Delayed 3 second(s)

2019-05-23 10:22:39 - [TEST_STEP][PASSED] - click(findTestObject("Page_abc settings/button_Create Channel")): Object: 'Object Repository/Page_abc settings/button_Create Channel' is clicked on

2019-05-23 10:22:39 - [MESSAGE][PASSED] - Object: 'Object Repository/Page_abc settings/button_Create Channel' is clicked on

2019-05-23 10:22:39 - [TEST_STEP][PASSED] - setText(findTestObject("Page_abc settings/input_Channel Name_name"), channel_name): Text 'channel 003' is set on object 'Object Repository/Page_abc settings/input_Channel Name_name'

2019-05-23 10:22:40 - [MESSAGE][PASSED] - Text 'channel 003' is set on object 'Object Repository/Page_abc settings/input_Channel Name_name'

2019-05-23 10:22:40 - [TEST_STEP][PASSED] - setText(findTestObject("Page_abc settings/textarea_ht"), channel_detail): Text 'This is detail of channel 003' is set on object 'Object Repository/Page_abc settings/textarea_ht'

2019-05-23 10:22:40 - [MESSAGE][PASSED] - Text 'This is detail of channel 003' is set on object 'Object Repository/Page_abc settings/textarea_ht'

2019-05-23 10:22:40 - [TEST_STEP][PASSED] - click(findTestObject("Page_abc settings/button_Create Channel 7")): Object: 'Object Repository/Page_abc settings/button_Create Channel 7' is clicked on

2019-05-23 10:22:40 - [MESSAGE][PASSED] - Object: 'Object Repository/Page_abc settings/button_Create Channel 7' is clicked on]]></system-out>
         <system-err><![CDATA[]]></system-err>
      </testcase>
      <testcase name="Test Cases/20 Data-driven test case/Create Channel use CSV" classname="Test Cases/20 Data-driven test case/Create Channel use CSV" status="PASSED">
         <system-out><![CDATA[2019-05-23 10:22:40 - [TEST_CASE][PASSED] - Test Cases/20 Data-driven test case/Create Channel use CSV: Test Cases/20 Data-driven test case/Create Channel use CSV

2019-05-23 10:22:40 - [TEST_STEP][PASSED] - openBrowser(""): Browser is opened with url: ''

2019-05-23 10:22:40 - [MESSAGE][WARNING] - A browser is already opened. Closing browser and opening a new one

2019-05-23 10:22:41 - [MESSAGE][INFO] - Starting 'Firefox' driver

2019-05-23 10:22:44 - [MESSAGE][PASSED] - Browser is opened with url: ''

2019-05-23 10:22:44 - [TEST_STEP][PASSED] - navigateToUrl("http://localhost:3000/"): Navigate to 'http://localhost:3000/' successfully

2019-05-23 10:22:46 - [MESSAGE][PASSED] - Navigate to 'http://localhost:3000/' successfully

2019-05-23 10:22:46 - [TEST_STEP][PASSED] - click(findTestObject("Page_Spectrum/button_Log in or sign up")): Object: 'Object Repository/Page_Spectrum/button_Log in or sign up' is clicked on

2019-05-23 10:22:48 - [MESSAGE][PASSED] - Object: 'Object Repository/Page_Spectrum/button_Log in or sign up' is clicked on

2019-05-23 10:22:48 - [TEST_STEP][PASSED] - click(findTestObject("Page_Spectrum/span_Sign in with GitHub")): Object: 'Object Repository/Page_Spectrum/span_Sign in with GitHub' is clicked on

2019-05-23 10:22:50 - [MESSAGE][PASSED] - Object: 'Object Repository/Page_Spectrum/span_Sign in with GitHub' is clicked on

2019-05-23 10:22:50 - [TEST_STEP][PASSED] - setText(findTestObject("Page_Sign in to GitHub  GitHub/input_Username or email address_login"), "minhcuongit"): Text 'minhcuongit' is set on object 'Object Repository/Page_Sign in to GitHub  GitHub/input_Username or email address_login'

2019-05-23 10:22:50 - [MESSAGE][PASSED] - Text 'minhcuongit' is set on object 'Object Repository/Page_Sign in to GitHub  GitHub/input_Username or email address_login'

2019-05-23 10:22:50 - [TEST_STEP][PASSED] - setEncryptedText(findTestObject("Page_Sign in to GitHub  GitHub/input_Forgot password_password"), "9e5/e4jZbrkRPxL/am/6uYGu2iBUrIMS"): Text ****** has been set on object 'Object Repository/Page_Sign in to GitHub  GitHub/input_Forgot password_password'

2019-05-23 10:22:50 - [MESSAGE][PASSED] - Text ****** has been set on object 'Object Repository/Page_Sign in to GitHub  GitHub/input_Forgot password_password'

2019-05-23 10:22:50 - [TEST_STEP][PASSED] - click(findTestObject("Page_Sign in to GitHub  GitHub/input_Forgot password_commit")): Object: 'Object Repository/Page_Sign in to GitHub  GitHub/input_Forgot password_commit' is clicked on

2019-05-23 10:22:55 - [MESSAGE][PASSED] - Object: 'Object Repository/Page_Sign in to GitHub  GitHub/input_Forgot password_commit' is clicked on

2019-05-23 10:22:55 - [TEST_STEP][PASSED] - click(findTestObject("Page_Spectrum community/img_Explore_style__Img-u3znqr-3 kJsvJN")): Object: 'Object Repository/Page_Spectrum community/img_Explore_style__Img-u3znqr-3 kJsvJN' is clicked on

2019-05-23 10:23:00 - [MESSAGE][PASSED] - Object: 'Object Repository/Page_Spectrum community/img_Explore_style__Img-u3znqr-3 kJsvJN' is clicked on

2019-05-23 10:23:00 - [TEST_STEP][PASSED] - navigateToUrl("http://localhost:3000/explore"): Navigate to 'http://localhost:3000/explore' successfully

2019-05-23 10:23:03 - [MESSAGE][PASSED] - Navigate to 'http://localhost:3000/explore' successfully

2019-05-23 10:23:03 - [TEST_STEP][PASSED] - if (verifyElementNotPresent(findTestObject("Object Repository/Page_Explore/button_abc"), 25, OPTIONAL) == true): Web element with id: 'Object Repository/Page_Explore/button_abc' located by 'By.xpath: id("root")/div[@class="style__StyledAppViewWrapper-sc-1cyw1w0-0 iDTxIk"]/div[@class="style__NavigationWrapper-sc-1lxh6l2-3 olYdK"]/div[@class="style__NavigationGrid-sc-1lxh6l2-5 cyPoXN"]/div[@class="style__AvatarGrid-sc-1lxh6l2-6 kWLEke"]/a[@class="style__AvatarLink-sc-1lxh6l2-7 bWCJDQ"][count(. | //*[(text() = 'abc' or . = 'abc')]) = count(//*[(text() = 'abc' or . = 'abc')])]' is present after '25' second(s) (Root cause: com.kms.katalon.core.exception.StepFailedException: Web element with id: 'Object Repository/Page_Explore/button_abc' located by 'By.xpath: id("root")/div[@class="style__StyledAppViewWrapper-sc-1cyw1w0-0 iDTxIk"]/div[@class="style__NavigationWrapper-sc-1lxh6l2-3 olYdK"]/div[@class="style__NavigationGrid-sc-1lxh6l2-5 cyPoXN"]/div[@class="style__AvatarGrid-sc-1lxh6l2-6 kWLEke"]/a[@class="style__AvatarLink-sc-1lxh6l2-7 bWCJDQ"][count(. | //*[(text() = 'abc' or . = 'abc')]) = count(//*[(text() = 'abc' or . = 'abc')])]' is present after '25' second(s)
	at com.kms.katalon.core.webui.keyword.internal.WebUIKeywordMain.stepFailed(WebUIKeywordMain.groovy:64)
	at com.kms.katalon.core.webui.keyword.builtin.VerifyElementNotPresentKeyword$_verifyElementNotPresent_closure1.doCall(VerifyElementNotPresentKeyword.groovy:107)
	at com.kms.katalon.core.webui.keyword.builtin.VerifyElementNotPresentKeyword$_verifyElementNotPresent_closure1.call(VerifyElementNotPresentKeyword.groovy)
	at com.kms.katalon.core.webui.keyword.internal.WebUIKeywordMain.runKeyword(WebUIKeywordMain.groovy:20)
	at com.kms.katalon.core.webui.keyword.builtin.VerifyElementNotPresentKeyword.verifyElementNotPresent(VerifyElementNotPresentKeyword.groovy:118)
	at com.kms.katalon.core.webui.keyword.builtin.VerifyElementNotPresentKeyword.execute(VerifyElementNotPresentKeyword.groovy:68)
	at com.kms.katalon.core.keyword.internal.KeywordExecutor.executeKeywordForPlatform(KeywordExecutor.groovy:56)
	at com.kms.katalon.core.webui.keyword.WebUiBuiltInKeywords.verifyElementNotPresent(WebUiBuiltInKeywords.groovy:1451)
	at com.kms.katalon.core.webui.keyword.WebUiBuiltInKeywords$verifyElementNotPresent$5.call(Unknown Source)
	at Create Channel use CSV.run(Create Channel use CSV:34)
	at com.kms.katalon.core.main.ScriptEngine.run(ScriptEngine.java:194)
	at com.kms.katalon.core.main.ScriptEngine.runScriptAsRawText(ScriptEngine.java:119)
	at com.kms.katalon.core.main.TestCaseExecutor.runScript(TestCaseExecutor.java:336)
	at com.kms.katalon.core.main.TestCaseExecutor.doExecute(TestCaseExecutor.java:327)
	at com.kms.katalon.core.main.TestCaseExecutor.processExecutionPhase(TestCaseExecutor.java:306)
	at com.kms.katalon.core.main.TestCaseExecutor.accessMainPhase(TestCaseExecutor.java:298)
	at com.kms.katalon.core.main.TestCaseExecutor.execute(TestCaseExecutor.java:232)
	at com.kms.katalon.core.main.TestSuiteExecutor.accessTestCaseMainPhase(TestSuiteExecutor.java:129)
	at com.kms.katalon.core.main.TestSuiteExecutor.accessTestSuiteMainPhase(TestSuiteExecutor.java:112)
	at com.kms.katalon.core.main.TestSuiteExecutor.execute(TestSuiteExecutor.java:81)
	at com.kms.katalon.core.main.TestCaseMain.startTestSuite(TestCaseMain.java:157)
	at com.kms.katalon.core.main.TestCaseMain$startTestSuite$0.call(Unknown Source)
	at TempTestSuite1558580976607.run(TempTestSuite1558580976607.groovy:35)
)

2019-05-23 10:23:28 - [MESSAGE][WARNING] - Web element with id: 'Object Repository/Page_Explore/button_abc' located by 'By.xpath: id("root")/div[@class="style__StyledAppViewWrapper-sc-1cyw1w0-0 iDTxIk"]/div[@class="style__NavigationWrapper-sc-1lxh6l2-3 olYdK"]/div[@class="style__NavigationGrid-sc-1lxh6l2-5 cyPoXN"]/div[@class="style__AvatarGrid-sc-1lxh6l2-6 kWLEke"]/a[@class="style__AvatarLink-sc-1lxh6l2-7 bWCJDQ"][count(. | //*[(text() = 'abc' or . = 'abc')]) = count(//*[(text() = 'abc' or . = 'abc')])]' is present after '25' second(s) (Root cause: com.kms.katalon.core.exception.StepFailedException: Web element with id: 'Object Repository/Page_Explore/button_abc' located by 'By.xpath: id("root")/div[@class="style__StyledAppViewWrapper-sc-1cyw1w0-0 iDTxIk"]/div[@class="style__NavigationWrapper-sc-1lxh6l2-3 olYdK"]/div[@class="style__NavigationGrid-sc-1lxh6l2-5 cyPoXN"]/div[@class="style__AvatarGrid-sc-1lxh6l2-6 kWLEke"]/a[@class="style__AvatarLink-sc-1lxh6l2-7 bWCJDQ"][count(. | //*[(text() = 'abc' or . = 'abc')]) = count(//*[(text() = 'abc' or . = 'abc')])]' is present after '25' second(s)
	at com.kms.katalon.core.webui.keyword.internal.WebUIKeywordMain.stepFailed(WebUIKeywordMain.groovy:64)
	at com.kms.katalon.core.webui.keyword.builtin.VerifyElementNotPresentKeyword$_verifyElementNotPresent_closure1.doCall(VerifyElementNotPresentKeyword.groovy:107)
	at com.kms.katalon.core.webui.keyword.builtin.VerifyElementNotPresentKeyword$_verifyElementNotPresent_closure1.call(VerifyElementNotPresentKeyword.groovy)
	at com.kms.katalon.core.webui.keyword.internal.WebUIKeywordMain.runKeyword(WebUIKeywordMain.groovy:20)
	at com.kms.katalon.core.webui.keyword.builtin.VerifyElementNotPresentKeyword.verifyElementNotPresent(VerifyElementNotPresentKeyword.groovy:118)
	at com.kms.katalon.core.webui.keyword.builtin.VerifyElementNotPresentKeyword.execute(VerifyElementNotPresentKeyword.groovy:68)
	at com.kms.katalon.core.keyword.internal.KeywordExecutor.executeKeywordForPlatform(KeywordExecutor.groovy:56)
	at com.kms.katalon.core.webui.keyword.WebUiBuiltInKeywords.verifyElementNotPresent(WebUiBuiltInKeywords.groovy:1451)
	at com.kms.katalon.core.webui.keyword.WebUiBuiltInKeywords$verifyElementNotPresent$5.call(Unknown Source)
	at Create Channel use CSV.run(Create Channel use CSV:34)
	at com.kms.katalon.core.main.ScriptEngine.run(ScriptEngine.java:194)
	at com.kms.katalon.core.main.ScriptEngine.runScriptAsRawText(ScriptEngine.java:119)
	at com.kms.katalon.core.main.TestCaseExecutor.runScript(TestCaseExecutor.java:336)
	at com.kms.katalon.core.main.TestCaseExecutor.doExecute(TestCaseExecutor.java:327)
	at com.kms.katalon.core.main.TestCaseExecutor.processExecutionPhase(TestCaseExecutor.java:306)
	at com.kms.katalon.core.main.TestCaseExecutor.accessMainPhase(TestCaseExecutor.java:298)
	at com.kms.katalon.core.main.TestCaseExecutor.execute(TestCaseExecutor.java:232)
	at com.kms.katalon.core.main.TestSuiteExecutor.accessTestCaseMainPhase(TestSuiteExecutor.java:129)
	at com.kms.katalon.core.main.TestSuiteExecutor.accessTestSuiteMainPhase(TestSuiteExecutor.java:112)
	at com.kms.katalon.core.main.TestSuiteExecutor.execute(TestSuiteExecutor.java:81)
	at com.kms.katalon.core.main.TestCaseMain.startTestSuite(TestCaseMain.java:157)
	at com.kms.katalon.core.main.TestCaseMain$startTestSuite$0.call(Unknown Source)
	at TempTestSuite1558580976607.run(TempTestSuite1558580976607.groovy:35)
)
[[ATTACHMENT|D:\\HCMUS DATA\\Tern2-4th\\CCDNCTPTPM\\BT\\HW2\\Project\\TED_Team-Test_Project\\TED_Team-Test_Project\\Reports\\Run all test cases\\20190523_100936\\1558581808403.png]]

2019-05-23 10:23:28 - [TEST_STEP][PASSED] - else: Object: 'Object Repository/Page_abc settings/button_Create Channel 7' is clicked on

2019-05-23 10:23:28 - [TEST_STEP][PASSED] - navigateToUrl("http://localhost:3000/abc?tab=posts"): Navigate to 'http://localhost:3000/abc?tab=posts' successfully

2019-05-23 10:23:29 - [MESSAGE][PASSED] - Navigate to 'http://localhost:3000/abc?tab=posts' successfully

2019-05-23 10:23:29 - [TEST_STEP][PASSED] - click(findTestObject("Page_abc community/button_Settings")): Object: 'Object Repository/Page_abc community/button_Settings' is clicked on

2019-05-23 10:23:31 - [MESSAGE][PASSED] - Object: 'Object Repository/Page_abc community/button_Settings' is clicked on

2019-05-23 10:23:31 - [TEST_STEP][PASSED] - delay(3): Delayed 3 second(s)

2019-05-23 10:23:34 - [MESSAGE][PASSED] - Delayed 3 second(s)

2019-05-23 10:23:34 - [TEST_STEP][PASSED] - click(findTestObject("Page_abc settings/button_Create Channel")): Object: 'Object Repository/Page_abc settings/button_Create Channel' is clicked on

2019-05-23 10:23:35 - [MESSAGE][PASSED] - Object: 'Object Repository/Page_abc settings/button_Create Channel' is clicked on

2019-05-23 10:23:35 - [TEST_STEP][PASSED] - setText(findTestObject("Page_abc settings/input_Channel Name_name"), channel_name): Text 'channel 004' is set on object 'Object Repository/Page_abc settings/input_Channel Name_name'

2019-05-23 10:23:35 - [MESSAGE][PASSED] - Text 'channel 004' is set on object 'Object Repository/Page_abc settings/input_Channel Name_name'

2019-05-23 10:23:35 - [TEST_STEP][PASSED] - setText(findTestObject("Page_abc settings/textarea_ht"), channel_detail): Text 'This is detail of channel 004' is set on object 'Object Repository/Page_abc settings/textarea_ht'

2019-05-23 10:23:35 - [MESSAGE][PASSED] - Text 'This is detail of channel 004' is set on object 'Object Repository/Page_abc settings/textarea_ht'

2019-05-23 10:23:35 - [TEST_STEP][PASSED] - click(findTestObject("Page_abc settings/button_Create Channel 7")): Object: 'Object Repository/Page_abc settings/button_Create Channel 7' is clicked on

2019-05-23 10:23:36 - [MESSAGE][PASSED] - Object: 'Object Repository/Page_abc settings/button_Create Channel 7' is clicked on]]></system-out>
         <system-err><![CDATA[]]></system-err>
      </testcase>
      <testcase name="Test Cases/20 Data-driven test case/Create Channel use CSV" classname="Test Cases/20 Data-driven test case/Create Channel use CSV" status="PASSED">
         <system-out><![CDATA[2019-05-23 10:23:36 - [TEST_CASE][PASSED] - Test Cases/20 Data-driven test case/Create Channel use CSV: Test Cases/20 Data-driven test case/Create Channel use CSV

2019-05-23 10:23:36 - [TEST_STEP][PASSED] - openBrowser(""): Browser is opened with url: ''

2019-05-23 10:23:36 - [MESSAGE][WARNING] - A browser is already opened. Closing browser and opening a new one

2019-05-23 10:23:37 - [MESSAGE][INFO] - Starting 'Firefox' driver

2019-05-23 10:23:40 - [MESSAGE][PASSED] - Browser is opened with url: ''

2019-05-23 10:23:40 - [TEST_STEP][PASSED] - navigateToUrl("http://localhost:3000/"): Navigate to 'http://localhost:3000/' successfully

2019-05-23 10:23:41 - [MESSAGE][PASSED] - Navigate to 'http://localhost:3000/' successfully

2019-05-23 10:23:41 - [TEST_STEP][PASSED] - click(findTestObject("Page_Spectrum/button_Log in or sign up")): Object: 'Object Repository/Page_Spectrum/button_Log in or sign up' is clicked on

2019-05-23 10:23:43 - [MESSAGE][PASSED] - Object: 'Object Repository/Page_Spectrum/button_Log in or sign up' is clicked on

2019-05-23 10:23:43 - [TEST_STEP][PASSED] - click(findTestObject("Page_Spectrum/span_Sign in with GitHub")): Object: 'Object Repository/Page_Spectrum/span_Sign in with GitHub' is clicked on

2019-05-23 10:23:45 - [MESSAGE][PASSED] - Object: 'Object Repository/Page_Spectrum/span_Sign in with GitHub' is clicked on

2019-05-23 10:23:45 - [TEST_STEP][PASSED] - setText(findTestObject("Page_Sign in to GitHub  GitHub/input_Username or email address_login"), "minhcuongit"): Text 'minhcuongit' is set on object 'Object Repository/Page_Sign in to GitHub  GitHub/input_Username or email address_login'

2019-05-23 10:23:45 - [MESSAGE][PASSED] - Text 'minhcuongit' is set on object 'Object Repository/Page_Sign in to GitHub  GitHub/input_Username or email address_login'

2019-05-23 10:23:45 - [TEST_STEP][PASSED] - setEncryptedText(findTestObject("Page_Sign in to GitHub  GitHub/input_Forgot password_password"), "9e5/e4jZbrkRPxL/am/6uYGu2iBUrIMS"): Text ****** has been set on object 'Object Repository/Page_Sign in to GitHub  GitHub/input_Forgot password_password'

2019-05-23 10:23:45 - [MESSAGE][PASSED] - Text ****** has been set on object 'Object Repository/Page_Sign in to GitHub  GitHub/input_Forgot password_password'

2019-05-23 10:23:45 - [TEST_STEP][PASSED] - click(findTestObject("Page_Sign in to GitHub  GitHub/input_Forgot password_commit")): Object: 'Object Repository/Page_Sign in to GitHub  GitHub/input_Forgot password_commit' is clicked on

2019-05-23 10:23:49 - [MESSAGE][PASSED] - Object: 'Object Repository/Page_Sign in to GitHub  GitHub/input_Forgot password_commit' is clicked on

2019-05-23 10:23:49 - [TEST_STEP][PASSED] - click(findTestObject("Page_Spectrum community/img_Explore_style__Img-u3znqr-3 kJsvJN")): Object: 'Object Repository/Page_Spectrum community/img_Explore_style__Img-u3znqr-3 kJsvJN' is clicked on

2019-05-23 10:23:53 - [MESSAGE][PASSED] - Object: 'Object Repository/Page_Spectrum community/img_Explore_style__Img-u3znqr-3 kJsvJN' is clicked on

2019-05-23 10:23:53 - [TEST_STEP][PASSED] - navigateToUrl("http://localhost:3000/explore"): Navigate to 'http://localhost:3000/explore' successfully

2019-05-23 10:23:56 - [MESSAGE][PASSED] - Navigate to 'http://localhost:3000/explore' successfully

2019-05-23 10:23:56 - [TEST_STEP][PASSED] - if (verifyElementNotPresent(findTestObject("Object Repository/Page_Explore/button_abc"), 25, OPTIONAL) == true): Web element with id: 'Object Repository/Page_Explore/button_abc' located by 'By.xpath: id("root")/div[@class="style__StyledAppViewWrapper-sc-1cyw1w0-0 iDTxIk"]/div[@class="style__NavigationWrapper-sc-1lxh6l2-3 olYdK"]/div[@class="style__NavigationGrid-sc-1lxh6l2-5 cyPoXN"]/div[@class="style__AvatarGrid-sc-1lxh6l2-6 kWLEke"]/a[@class="style__AvatarLink-sc-1lxh6l2-7 bWCJDQ"][count(. | //*[(text() = 'abc' or . = 'abc')]) = count(//*[(text() = 'abc' or . = 'abc')])]' is present after '25' second(s) (Root cause: com.kms.katalon.core.exception.StepFailedException: Web element with id: 'Object Repository/Page_Explore/button_abc' located by 'By.xpath: id("root")/div[@class="style__StyledAppViewWrapper-sc-1cyw1w0-0 iDTxIk"]/div[@class="style__NavigationWrapper-sc-1lxh6l2-3 olYdK"]/div[@class="style__NavigationGrid-sc-1lxh6l2-5 cyPoXN"]/div[@class="style__AvatarGrid-sc-1lxh6l2-6 kWLEke"]/a[@class="style__AvatarLink-sc-1lxh6l2-7 bWCJDQ"][count(. | //*[(text() = 'abc' or . = 'abc')]) = count(//*[(text() = 'abc' or . = 'abc')])]' is present after '25' second(s)
	at com.kms.katalon.core.webui.keyword.internal.WebUIKeywordMain.stepFailed(WebUIKeywordMain.groovy:64)
	at com.kms.katalon.core.webui.keyword.builtin.VerifyElementNotPresentKeyword$_verifyElementNotPresent_closure1.doCall(VerifyElementNotPresentKeyword.groovy:107)
	at com.kms.katalon.core.webui.keyword.builtin.VerifyElementNotPresentKeyword$_verifyElementNotPresent_closure1.call(VerifyElementNotPresentKeyword.groovy)
	at com.kms.katalon.core.webui.keyword.internal.WebUIKeywordMain.runKeyword(WebUIKeywordMain.groovy:20)
	at com.kms.katalon.core.webui.keyword.builtin.VerifyElementNotPresentKeyword.verifyElementNotPresent(VerifyElementNotPresentKeyword.groovy:118)
	at com.kms.katalon.core.webui.keyword.builtin.VerifyElementNotPresentKeyword.execute(VerifyElementNotPresentKeyword.groovy:68)
	at com.kms.katalon.core.keyword.internal.KeywordExecutor.executeKeywordForPlatform(KeywordExecutor.groovy:56)
	at com.kms.katalon.core.webui.keyword.WebUiBuiltInKeywords.verifyElementNotPresent(WebUiBuiltInKeywords.groovy:1451)
	at com.kms.katalon.core.webui.keyword.WebUiBuiltInKeywords$verifyElementNotPresent$5.call(Unknown Source)
	at Create Channel use CSV.run(Create Channel use CSV:34)
	at com.kms.katalon.core.main.ScriptEngine.run(ScriptEngine.java:194)
	at com.kms.katalon.core.main.ScriptEngine.runScriptAsRawText(ScriptEngine.java:119)
	at com.kms.katalon.core.main.TestCaseExecutor.runScript(TestCaseExecutor.java:336)
	at com.kms.katalon.core.main.TestCaseExecutor.doExecute(TestCaseExecutor.java:327)
	at com.kms.katalon.core.main.TestCaseExecutor.processExecutionPhase(TestCaseExecutor.java:306)
	at com.kms.katalon.core.main.TestCaseExecutor.accessMainPhase(TestCaseExecutor.java:298)
	at com.kms.katalon.core.main.TestCaseExecutor.execute(TestCaseExecutor.java:232)
	at com.kms.katalon.core.main.TestSuiteExecutor.accessTestCaseMainPhase(TestSuiteExecutor.java:129)
	at com.kms.katalon.core.main.TestSuiteExecutor.accessTestSuiteMainPhase(TestSuiteExecutor.java:112)
	at com.kms.katalon.core.main.TestSuiteExecutor.execute(TestSuiteExecutor.java:81)
	at com.kms.katalon.core.main.TestCaseMain.startTestSuite(TestCaseMain.java:157)
	at com.kms.katalon.core.main.TestCaseMain$startTestSuite$0.call(Unknown Source)
	at TempTestSuite1558580976607.run(TempTestSuite1558580976607.groovy:35)
)

2019-05-23 10:24:21 - [MESSAGE][WARNING] - Web element with id: 'Object Repository/Page_Explore/button_abc' located by 'By.xpath: id("root")/div[@class="style__StyledAppViewWrapper-sc-1cyw1w0-0 iDTxIk"]/div[@class="style__NavigationWrapper-sc-1lxh6l2-3 olYdK"]/div[@class="style__NavigationGrid-sc-1lxh6l2-5 cyPoXN"]/div[@class="style__AvatarGrid-sc-1lxh6l2-6 kWLEke"]/a[@class="style__AvatarLink-sc-1lxh6l2-7 bWCJDQ"][count(. | //*[(text() = 'abc' or . = 'abc')]) = count(//*[(text() = 'abc' or . = 'abc')])]' is present after '25' second(s) (Root cause: com.kms.katalon.core.exception.StepFailedException: Web element with id: 'Object Repository/Page_Explore/button_abc' located by 'By.xpath: id("root")/div[@class="style__StyledAppViewWrapper-sc-1cyw1w0-0 iDTxIk"]/div[@class="style__NavigationWrapper-sc-1lxh6l2-3 olYdK"]/div[@class="style__NavigationGrid-sc-1lxh6l2-5 cyPoXN"]/div[@class="style__AvatarGrid-sc-1lxh6l2-6 kWLEke"]/a[@class="style__AvatarLink-sc-1lxh6l2-7 bWCJDQ"][count(. | //*[(text() = 'abc' or . = 'abc')]) = count(//*[(text() = 'abc' or . = 'abc')])]' is present after '25' second(s)
	at com.kms.katalon.core.webui.keyword.internal.WebUIKeywordMain.stepFailed(WebUIKeywordMain.groovy:64)
	at com.kms.katalon.core.webui.keyword.builtin.VerifyElementNotPresentKeyword$_verifyElementNotPresent_closure1.doCall(VerifyElementNotPresentKeyword.groovy:107)
	at com.kms.katalon.core.webui.keyword.builtin.VerifyElementNotPresentKeyword$_verifyElementNotPresent_closure1.call(VerifyElementNotPresentKeyword.groovy)
	at com.kms.katalon.core.webui.keyword.internal.WebUIKeywordMain.runKeyword(WebUIKeywordMain.groovy:20)
	at com.kms.katalon.core.webui.keyword.builtin.VerifyElementNotPresentKeyword.verifyElementNotPresent(VerifyElementNotPresentKeyword.groovy:118)
	at com.kms.katalon.core.webui.keyword.builtin.VerifyElementNotPresentKeyword.execute(VerifyElementNotPresentKeyword.groovy:68)
	at com.kms.katalon.core.keyword.internal.KeywordExecutor.executeKeywordForPlatform(KeywordExecutor.groovy:56)
	at com.kms.katalon.core.webui.keyword.WebUiBuiltInKeywords.verifyElementNotPresent(WebUiBuiltInKeywords.groovy:1451)
	at com.kms.katalon.core.webui.keyword.WebUiBuiltInKeywords$verifyElementNotPresent$5.call(Unknown Source)
	at Create Channel use CSV.run(Create Channel use CSV:34)
	at com.kms.katalon.core.main.ScriptEngine.run(ScriptEngine.java:194)
	at com.kms.katalon.core.main.ScriptEngine.runScriptAsRawText(ScriptEngine.java:119)
	at com.kms.katalon.core.main.TestCaseExecutor.runScript(TestCaseExecutor.java:336)
	at com.kms.katalon.core.main.TestCaseExecutor.doExecute(TestCaseExecutor.java:327)
	at com.kms.katalon.core.main.TestCaseExecutor.processExecutionPhase(TestCaseExecutor.java:306)
	at com.kms.katalon.core.main.TestCaseExecutor.accessMainPhase(TestCaseExecutor.java:298)
	at com.kms.katalon.core.main.TestCaseExecutor.execute(TestCaseExecutor.java:232)
	at com.kms.katalon.core.main.TestSuiteExecutor.accessTestCaseMainPhase(TestSuiteExecutor.java:129)
	at com.kms.katalon.core.main.TestSuiteExecutor.accessTestSuiteMainPhase(TestSuiteExecutor.java:112)
	at com.kms.katalon.core.main.TestSuiteExecutor.execute(TestSuiteExecutor.java:81)
	at com.kms.katalon.core.main.TestCaseMain.startTestSuite(TestCaseMain.java:157)
	at com.kms.katalon.core.main.TestCaseMain$startTestSuite$0.call(Unknown Source)
	at TempTestSuite1558580976607.run(TempTestSuite1558580976607.groovy:35)
)
[[ATTACHMENT|D:\\HCMUS DATA\\Tern2-4th\\CCDNCTPTPM\\BT\\HW2\\Project\\TED_Team-Test_Project\\TED_Team-Test_Project\\Reports\\Run all test cases\\20190523_100936\\1558581861909.png]]

2019-05-23 10:24:21 - [TEST_STEP][PASSED] - else: Object: 'Object Repository/Page_abc settings/button_Create Channel 7' is clicked on

2019-05-23 10:24:21 - [TEST_STEP][PASSED] - navigateToUrl("http://localhost:3000/abc?tab=posts"): Navigate to 'http://localhost:3000/abc?tab=posts' successfully

2019-05-23 10:24:23 - [MESSAGE][PASSED] - Navigate to 'http://localhost:3000/abc?tab=posts' successfully

2019-05-23 10:24:23 - [TEST_STEP][PASSED] - click(findTestObject("Page_abc community/button_Settings")): Object: 'Object Repository/Page_abc community/button_Settings' is clicked on

2019-05-23 10:24:26 - [MESSAGE][PASSED] - Object: 'Object Repository/Page_abc community/button_Settings' is clicked on

2019-05-23 10:24:26 - [TEST_STEP][PASSED] - delay(3): Delayed 3 second(s)

2019-05-23 10:24:29 - [MESSAGE][PASSED] - Delayed 3 second(s)

2019-05-23 10:24:29 - [TEST_STEP][PASSED] - click(findTestObject("Page_abc settings/button_Create Channel")): Object: 'Object Repository/Page_abc settings/button_Create Channel' is clicked on

2019-05-23 10:24:29 - [MESSAGE][PASSED] - Object: 'Object Repository/Page_abc settings/button_Create Channel' is clicked on

2019-05-23 10:24:29 - [TEST_STEP][PASSED] - setText(findTestObject("Page_abc settings/input_Channel Name_name"), channel_name): Text 'channel 005' is set on object 'Object Repository/Page_abc settings/input_Channel Name_name'

2019-05-23 10:24:29 - [MESSAGE][PASSED] - Text 'channel 005' is set on object 'Object Repository/Page_abc settings/input_Channel Name_name'

2019-05-23 10:24:29 - [TEST_STEP][PASSED] - setText(findTestObject("Page_abc settings/textarea_ht"), channel_detail): Text 'This is detail of channel 005' is set on object 'Object Repository/Page_abc settings/textarea_ht'

2019-05-23 10:24:30 - [MESSAGE][PASSED] - Text 'This is detail of channel 005' is set on object 'Object Repository/Page_abc settings/textarea_ht'

2019-05-23 10:24:30 - [TEST_STEP][PASSED] - click(findTestObject("Page_abc settings/button_Create Channel 7")): Object: 'Object Repository/Page_abc settings/button_Create Channel 7' is clicked on

2019-05-23 10:24:30 - [MESSAGE][PASSED] - Object: 'Object Repository/Page_abc settings/button_Create Channel 7' is clicked on]]></system-out>
         <system-err><![CDATA[]]></system-err>
      </testcase>
      <testcase name="Test Cases/20 Data-driven test case/Create Channel use Internal Data" classname="Test Cases/20 Data-driven test case/Create Channel use Internal Data" status="PASSED">
         <system-out><![CDATA[2019-05-23 10:24:30 - [TEST_CASE][PASSED] - Test Cases/20 Data-driven test case/Create Channel use Internal Data: Test Cases/20 Data-driven test case/Create Channel use Internal Data

2019-05-23 10:24:31 - [TEST_STEP][PASSED] - openBrowser(""): Browser is opened with url: ''

2019-05-23 10:24:31 - [MESSAGE][WARNING] - A browser is already opened. Closing browser and opening a new one

2019-05-23 10:24:32 - [MESSAGE][INFO] - Starting 'Firefox' driver

2019-05-23 10:24:35 - [MESSAGE][PASSED] - Browser is opened with url: ''

2019-05-23 10:24:35 - [TEST_STEP][PASSED] - navigateToUrl("http://localhost:3000/"): Navigate to 'http://localhost:3000/' successfully

2019-05-23 10:24:37 - [MESSAGE][PASSED] - Navigate to 'http://localhost:3000/' successfully

2019-05-23 10:24:37 - [TEST_STEP][PASSED] - click(findTestObject("Page_Spectrum/button_Log in or sign up")): Object: 'Object Repository/Page_Spectrum/button_Log in or sign up' is clicked on

2019-05-23 10:24:39 - [MESSAGE][PASSED] - Object: 'Object Repository/Page_Spectrum/button_Log in or sign up' is clicked on

2019-05-23 10:24:39 - [TEST_STEP][PASSED] - click(findTestObject("Page_Spectrum/span_Sign in with GitHub")): Object: 'Object Repository/Page_Spectrum/span_Sign in with GitHub' is clicked on

2019-05-23 10:24:41 - [MESSAGE][PASSED] - Object: 'Object Repository/Page_Spectrum/span_Sign in with GitHub' is clicked on

2019-05-23 10:24:41 - [TEST_STEP][PASSED] - setText(findTestObject("Page_Sign in to GitHub  GitHub/input_Username or email address_login"), "minhcuongit"): Text 'minhcuongit' is set on object 'Object Repository/Page_Sign in to GitHub  GitHub/input_Username or email address_login'

2019-05-23 10:24:41 - [MESSAGE][PASSED] - Text 'minhcuongit' is set on object 'Object Repository/Page_Sign in to GitHub  GitHub/input_Username or email address_login'

2019-05-23 10:24:41 - [TEST_STEP][PASSED] - setEncryptedText(findTestObject("Page_Sign in to GitHub  GitHub/input_Forgot password_password"), "9e5/e4jZbrkRPxL/am/6uYGu2iBUrIMS"): Text ****** has been set on object 'Object Repository/Page_Sign in to GitHub  GitHub/input_Forgot password_password'

2019-05-23 10:24:41 - [MESSAGE][PASSED] - Text ****** has been set on object 'Object Repository/Page_Sign in to GitHub  GitHub/input_Forgot password_password'

2019-05-23 10:24:41 - [TEST_STEP][PASSED] - click(findTestObject("Page_Sign in to GitHub  GitHub/input_Forgot password_commit")): Object: 'Object Repository/Page_Sign in to GitHub  GitHub/input_Forgot password_commit' is clicked on

2019-05-23 10:24:45 - [MESSAGE][PASSED] - Object: 'Object Repository/Page_Sign in to GitHub  GitHub/input_Forgot password_commit' is clicked on

2019-05-23 10:24:45 - [TEST_STEP][PASSED] - click(findTestObject("Page_Spectrum community/img_Explore_style__Img-u3znqr-3 kJsvJN")): Object: 'Object Repository/Page_Spectrum community/img_Explore_style__Img-u3znqr-3 kJsvJN' is clicked on

2019-05-23 10:24:49 - [MESSAGE][PASSED] - Object: 'Object Repository/Page_Spectrum community/img_Explore_style__Img-u3znqr-3 kJsvJN' is clicked on

2019-05-23 10:24:49 - [TEST_STEP][PASSED] - navigateToUrl("http://localhost:3000/explore"): Navigate to 'http://localhost:3000/explore' successfully

2019-05-23 10:24:52 - [MESSAGE][PASSED] - Navigate to 'http://localhost:3000/explore' successfully

2019-05-23 10:24:52 - [TEST_STEP][PASSED] - if (verifyElementNotPresent(findTestObject("Object Repository/Page_Explore/button_abc"), 25, OPTIONAL) == true): Web element with id: 'Object Repository/Page_Explore/button_abc' located by 'By.xpath: id("root")/div[@class="style__StyledAppViewWrapper-sc-1cyw1w0-0 iDTxIk"]/div[@class="style__NavigationWrapper-sc-1lxh6l2-3 olYdK"]/div[@class="style__NavigationGrid-sc-1lxh6l2-5 cyPoXN"]/div[@class="style__AvatarGrid-sc-1lxh6l2-6 kWLEke"]/a[@class="style__AvatarLink-sc-1lxh6l2-7 bWCJDQ"][count(. | //*[(text() = 'abc' or . = 'abc')]) = count(//*[(text() = 'abc' or . = 'abc')])]' is present after '25' second(s) (Root cause: com.kms.katalon.core.exception.StepFailedException: Web element with id: 'Object Repository/Page_Explore/button_abc' located by 'By.xpath: id("root")/div[@class="style__StyledAppViewWrapper-sc-1cyw1w0-0 iDTxIk"]/div[@class="style__NavigationWrapper-sc-1lxh6l2-3 olYdK"]/div[@class="style__NavigationGrid-sc-1lxh6l2-5 cyPoXN"]/div[@class="style__AvatarGrid-sc-1lxh6l2-6 kWLEke"]/a[@class="style__AvatarLink-sc-1lxh6l2-7 bWCJDQ"][count(. | //*[(text() = 'abc' or . = 'abc')]) = count(//*[(text() = 'abc' or . = 'abc')])]' is present after '25' second(s)
	at com.kms.katalon.core.webui.keyword.internal.WebUIKeywordMain.stepFailed(WebUIKeywordMain.groovy:64)
	at com.kms.katalon.core.webui.keyword.builtin.VerifyElementNotPresentKeyword$_verifyElementNotPresent_closure1.doCall(VerifyElementNotPresentKeyword.groovy:107)
	at com.kms.katalon.core.webui.keyword.builtin.VerifyElementNotPresentKeyword$_verifyElementNotPresent_closure1.call(VerifyElementNotPresentKeyword.groovy)
	at com.kms.katalon.core.webui.keyword.internal.WebUIKeywordMain.runKeyword(WebUIKeywordMain.groovy:20)
	at com.kms.katalon.core.webui.keyword.builtin.VerifyElementNotPresentKeyword.verifyElementNotPresent(VerifyElementNotPresentKeyword.groovy:118)
	at com.kms.katalon.core.webui.keyword.builtin.VerifyElementNotPresentKeyword.execute(VerifyElementNotPresentKeyword.groovy:68)
	at com.kms.katalon.core.keyword.internal.KeywordExecutor.executeKeywordForPlatform(KeywordExecutor.groovy:56)
	at com.kms.katalon.core.webui.keyword.WebUiBuiltInKeywords.verifyElementNotPresent(WebUiBuiltInKeywords.groovy:1451)
	at com.kms.katalon.core.webui.keyword.WebUiBuiltInKeywords$verifyElementNotPresent$5.call(Unknown Source)
	at Create Channel use Internal Data.run(Create Channel use Internal Data:34)
	at com.kms.katalon.core.main.ScriptEngine.run(ScriptEngine.java:194)
	at com.kms.katalon.core.main.ScriptEngine.runScriptAsRawText(ScriptEngine.java:119)
	at com.kms.katalon.core.main.TestCaseExecutor.runScript(TestCaseExecutor.java:336)
	at com.kms.katalon.core.main.TestCaseExecutor.doExecute(TestCaseExecutor.java:327)
	at com.kms.katalon.core.main.TestCaseExecutor.processExecutionPhase(TestCaseExecutor.java:306)
	at com.kms.katalon.core.main.TestCaseExecutor.accessMainPhase(TestCaseExecutor.java:298)
	at com.kms.katalon.core.main.TestCaseExecutor.execute(TestCaseExecutor.java:232)
	at com.kms.katalon.core.main.TestSuiteExecutor.accessTestCaseMainPhase(TestSuiteExecutor.java:129)
	at com.kms.katalon.core.main.TestSuiteExecutor.accessTestSuiteMainPhase(TestSuiteExecutor.java:112)
	at com.kms.katalon.core.main.TestSuiteExecutor.execute(TestSuiteExecutor.java:81)
	at com.kms.katalon.core.main.TestCaseMain.startTestSuite(TestCaseMain.java:157)
	at com.kms.katalon.core.main.TestCaseMain$startTestSuite$0.call(Unknown Source)
	at TempTestSuite1558580976607.run(TempTestSuite1558580976607.groovy:35)
)

2019-05-23 10:25:18 - [MESSAGE][WARNING] - Web element with id: 'Object Repository/Page_Explore/button_abc' located by 'By.xpath: id("root")/div[@class="style__StyledAppViewWrapper-sc-1cyw1w0-0 iDTxIk"]/div[@class="style__NavigationWrapper-sc-1lxh6l2-3 olYdK"]/div[@class="style__NavigationGrid-sc-1lxh6l2-5 cyPoXN"]/div[@class="style__AvatarGrid-sc-1lxh6l2-6 kWLEke"]/a[@class="style__AvatarLink-sc-1lxh6l2-7 bWCJDQ"][count(. | //*[(text() = 'abc' or . = 'abc')]) = count(//*[(text() = 'abc' or . = 'abc')])]' is present after '25' second(s) (Root cause: com.kms.katalon.core.exception.StepFailedException: Web element with id: 'Object Repository/Page_Explore/button_abc' located by 'By.xpath: id("root")/div[@class="style__StyledAppViewWrapper-sc-1cyw1w0-0 iDTxIk"]/div[@class="style__NavigationWrapper-sc-1lxh6l2-3 olYdK"]/div[@class="style__NavigationGrid-sc-1lxh6l2-5 cyPoXN"]/div[@class="style__AvatarGrid-sc-1lxh6l2-6 kWLEke"]/a[@class="style__AvatarLink-sc-1lxh6l2-7 bWCJDQ"][count(. | //*[(text() = 'abc' or . = 'abc')]) = count(//*[(text() = 'abc' or . = 'abc')])]' is present after '25' second(s)
	at com.kms.katalon.core.webui.keyword.internal.WebUIKeywordMain.stepFailed(WebUIKeywordMain.groovy:64)
	at com.kms.katalon.core.webui.keyword.builtin.VerifyElementNotPresentKeyword$_verifyElementNotPresent_closure1.doCall(VerifyElementNotPresentKeyword.groovy:107)
	at com.kms.katalon.core.webui.keyword.builtin.VerifyElementNotPresentKeyword$_verifyElementNotPresent_closure1.call(VerifyElementNotPresentKeyword.groovy)
	at com.kms.katalon.core.webui.keyword.internal.WebUIKeywordMain.runKeyword(WebUIKeywordMain.groovy:20)
	at com.kms.katalon.core.webui.keyword.builtin.VerifyElementNotPresentKeyword.verifyElementNotPresent(VerifyElementNotPresentKeyword.groovy:118)
	at com.kms.katalon.core.webui.keyword.builtin.VerifyElementNotPresentKeyword.execute(VerifyElementNotPresentKeyword.groovy:68)
	at com.kms.katalon.core.keyword.internal.KeywordExecutor.executeKeywordForPlatform(KeywordExecutor.groovy:56)
	at com.kms.katalon.core.webui.keyword.WebUiBuiltInKeywords.verifyElementNotPresent(WebUiBuiltInKeywords.groovy:1451)
	at com.kms.katalon.core.webui.keyword.WebUiBuiltInKeywords$verifyElementNotPresent$5.call(Unknown Source)
	at Create Channel use Internal Data.run(Create Channel use Internal Data:34)
	at com.kms.katalon.core.main.ScriptEngine.run(ScriptEngine.java:194)
	at com.kms.katalon.core.main.ScriptEngine.runScriptAsRawText(ScriptEngine.java:119)
	at com.kms.katalon.core.main.TestCaseExecutor.runScript(TestCaseExecutor.java:336)
	at com.kms.katalon.core.main.TestCaseExecutor.doExecute(TestCaseExecutor.java:327)
	at com.kms.katalon.core.main.TestCaseExecutor.processExecutionPhase(TestCaseExecutor.java:306)
	at com.kms.katalon.core.main.TestCaseExecutor.accessMainPhase(TestCaseExecutor.java:298)
	at com.kms.katalon.core.main.TestCaseExecutor.execute(TestCaseExecutor.java:232)
	at com.kms.katalon.core.main.TestSuiteExecutor.accessTestCaseMainPhase(TestSuiteExecutor.java:129)
	at com.kms.katalon.core.main.TestSuiteExecutor.accessTestSuiteMainPhase(TestSuiteExecutor.java:112)
	at com.kms.katalon.core.main.TestSuiteExecutor.execute(TestSuiteExecutor.java:81)
	at com.kms.katalon.core.main.TestCaseMain.startTestSuite(TestCaseMain.java:157)
	at com.kms.katalon.core.main.TestCaseMain$startTestSuite$0.call(Unknown Source)
	at TempTestSuite1558580976607.run(TempTestSuite1558580976607.groovy:35)
)
[[ATTACHMENT|D:\\HCMUS DATA\\Tern2-4th\\CCDNCTPTPM\\BT\\HW2\\Project\\TED_Team-Test_Project\\TED_Team-Test_Project\\Reports\\Run all test cases\\20190523_100936\\1558581917944.png]]

2019-05-23 10:25:18 - [TEST_STEP][PASSED] - else: Object: 'Object Repository/Page_abc settings/button_Create Channel 7' is clicked on

2019-05-23 10:25:18 - [TEST_STEP][PASSED] - navigateToUrl("http://localhost:3000/abc?tab=posts"): Navigate to 'http://localhost:3000/abc?tab=posts' successfully

2019-05-23 10:25:19 - [MESSAGE][PASSED] - Navigate to 'http://localhost:3000/abc?tab=posts' successfully

2019-05-23 10:25:19 - [TEST_STEP][PASSED] - click(findTestObject("Page_abc community/button_Settings")): Object: 'Object Repository/Page_abc community/button_Settings' is clicked on

2019-05-23 10:25:22 - [MESSAGE][PASSED] - Object: 'Object Repository/Page_abc community/button_Settings' is clicked on

2019-05-23 10:25:22 - [TEST_STEP][PASSED] - delay(3): Delayed 3 second(s)

2019-05-23 10:25:25 - [MESSAGE][PASSED] - Delayed 3 second(s)

2019-05-23 10:25:25 - [TEST_STEP][PASSED] - click(findTestObject("Page_abc settings/button_Create Channel")): Object: 'Object Repository/Page_abc settings/button_Create Channel' is clicked on

2019-05-23 10:25:26 - [MESSAGE][PASSED] - Object: 'Object Repository/Page_abc settings/button_Create Channel' is clicked on

2019-05-23 10:25:26 - [TEST_STEP][PASSED] - setText(findTestObject("Page_abc settings/input_Channel Name_name"), channel_name): Text 'channel 1' is set on object 'Object Repository/Page_abc settings/input_Channel Name_name'

2019-05-23 10:25:26 - [MESSAGE][PASSED] - Text 'channel 1' is set on object 'Object Repository/Page_abc settings/input_Channel Name_name'

2019-05-23 10:25:26 - [TEST_STEP][PASSED] - setText(findTestObject("Page_abc settings/textarea_ht"), channel_detail): Text 'This is detail of channel 1' is set on object 'Object Repository/Page_abc settings/textarea_ht'

2019-05-23 10:25:26 - [MESSAGE][PASSED] - Text 'This is detail of channel 1' is set on object 'Object Repository/Page_abc settings/textarea_ht'

2019-05-23 10:25:26 - [TEST_STEP][PASSED] - click(findTestObject("Page_abc settings/button_Create Channel 7")): Object: 'Object Repository/Page_abc settings/button_Create Channel 7' is clicked on

2019-05-23 10:25:27 - [MESSAGE][PASSED] - Object: 'Object Repository/Page_abc settings/button_Create Channel 7' is clicked on]]></system-out>
         <system-err><![CDATA[]]></system-err>
      </testcase>
      <testcase name="Test Cases/20 Data-driven test case/Create Channel use Internal Data" classname="Test Cases/20 Data-driven test case/Create Channel use Internal Data" status="PASSED">
         <system-out><![CDATA[2019-05-23 10:25:27 - [TEST_CASE][PASSED] - Test Cases/20 Data-driven test case/Create Channel use Internal Data: Test Cases/20 Data-driven test case/Create Channel use Internal Data

2019-05-23 10:25:27 - [TEST_STEP][PASSED] - openBrowser(""): Browser is opened with url: ''

2019-05-23 10:25:27 - [MESSAGE][WARNING] - A browser is already opened. Closing browser and opening a new one

2019-05-23 10:25:28 - [MESSAGE][INFO] - Starting 'Firefox' driver

2019-05-23 10:25:31 - [MESSAGE][PASSED] - Browser is opened with url: ''

2019-05-23 10:25:31 - [TEST_STEP][PASSED] - navigateToUrl("http://localhost:3000/"): Navigate to 'http://localhost:3000/' successfully

2019-05-23 10:25:33 - [MESSAGE][PASSED] - Navigate to 'http://localhost:3000/' successfully

2019-05-23 10:25:33 - [TEST_STEP][PASSED] - click(findTestObject("Page_Spectrum/button_Log in or sign up")): Object: 'Object Repository/Page_Spectrum/button_Log in or sign up' is clicked on

2019-05-23 10:25:36 - [MESSAGE][PASSED] - Object: 'Object Repository/Page_Spectrum/button_Log in or sign up' is clicked on

2019-05-23 10:25:36 - [TEST_STEP][PASSED] - click(findTestObject("Page_Spectrum/span_Sign in with GitHub")): Object: 'Object Repository/Page_Spectrum/span_Sign in with GitHub' is clicked on

2019-05-23 10:25:37 - [MESSAGE][PASSED] - Object: 'Object Repository/Page_Spectrum/span_Sign in with GitHub' is clicked on

2019-05-23 10:25:37 - [TEST_STEP][PASSED] - setText(findTestObject("Page_Sign in to GitHub  GitHub/input_Username or email address_login"), "minhcuongit"): Text 'minhcuongit' is set on object 'Object Repository/Page_Sign in to GitHub  GitHub/input_Username or email address_login'

2019-05-23 10:25:38 - [MESSAGE][PASSED] - Text 'minhcuongit' is set on object 'Object Repository/Page_Sign in to GitHub  GitHub/input_Username or email address_login'

2019-05-23 10:25:38 - [TEST_STEP][PASSED] - setEncryptedText(findTestObject("Page_Sign in to GitHub  GitHub/input_Forgot password_password"), "9e5/e4jZbrkRPxL/am/6uYGu2iBUrIMS"): Text ****** has been set on object 'Object Repository/Page_Sign in to GitHub  GitHub/input_Forgot password_password'

2019-05-23 10:25:38 - [MESSAGE][PASSED] - Text ****** has been set on object 'Object Repository/Page_Sign in to GitHub  GitHub/input_Forgot password_password'

2019-05-23 10:25:38 - [TEST_STEP][PASSED] - click(findTestObject("Page_Sign in to GitHub  GitHub/input_Forgot password_commit")): Object: 'Object Repository/Page_Sign in to GitHub  GitHub/input_Forgot password_commit' is clicked on

2019-05-23 10:25:42 - [MESSAGE][PASSED] - Object: 'Object Repository/Page_Sign in to GitHub  GitHub/input_Forgot password_commit' is clicked on

2019-05-23 10:25:42 - [TEST_STEP][PASSED] - click(findTestObject("Page_Spectrum community/img_Explore_style__Img-u3znqr-3 kJsvJN")): Object: 'Object Repository/Page_Spectrum community/img_Explore_style__Img-u3znqr-3 kJsvJN' is clicked on

2019-05-23 10:25:47 - [MESSAGE][PASSED] - Object: 'Object Repository/Page_Spectrum community/img_Explore_style__Img-u3znqr-3 kJsvJN' is clicked on

2019-05-23 10:25:47 - [TEST_STEP][PASSED] - navigateToUrl("http://localhost:3000/explore"): Navigate to 'http://localhost:3000/explore' successfully

2019-05-23 10:25:51 - [MESSAGE][PASSED] - Navigate to 'http://localhost:3000/explore' successfully

2019-05-23 10:25:51 - [TEST_STEP][PASSED] - if (verifyElementNotPresent(findTestObject("Object Repository/Page_Explore/button_abc"), 25, OPTIONAL) == true): Web element with id: 'Object Repository/Page_Explore/button_abc' located by 'By.xpath: id("root")/div[@class="style__StyledAppViewWrapper-sc-1cyw1w0-0 iDTxIk"]/div[@class="style__NavigationWrapper-sc-1lxh6l2-3 olYdK"]/div[@class="style__NavigationGrid-sc-1lxh6l2-5 cyPoXN"]/div[@class="style__AvatarGrid-sc-1lxh6l2-6 kWLEke"]/a[@class="style__AvatarLink-sc-1lxh6l2-7 bWCJDQ"][count(. | //*[(text() = 'abc' or . = 'abc')]) = count(//*[(text() = 'abc' or . = 'abc')])]' is present after '25' second(s) (Root cause: com.kms.katalon.core.exception.StepFailedException: Web element with id: 'Object Repository/Page_Explore/button_abc' located by 'By.xpath: id("root")/div[@class="style__StyledAppViewWrapper-sc-1cyw1w0-0 iDTxIk"]/div[@class="style__NavigationWrapper-sc-1lxh6l2-3 olYdK"]/div[@class="style__NavigationGrid-sc-1lxh6l2-5 cyPoXN"]/div[@class="style__AvatarGrid-sc-1lxh6l2-6 kWLEke"]/a[@class="style__AvatarLink-sc-1lxh6l2-7 bWCJDQ"][count(. | //*[(text() = 'abc' or . = 'abc')]) = count(//*[(text() = 'abc' or . = 'abc')])]' is present after '25' second(s)
	at com.kms.katalon.core.webui.keyword.internal.WebUIKeywordMain.stepFailed(WebUIKeywordMain.groovy:64)
	at com.kms.katalon.core.webui.keyword.builtin.VerifyElementNotPresentKeyword$_verifyElementNotPresent_closure1.doCall(VerifyElementNotPresentKeyword.groovy:107)
	at com.kms.katalon.core.webui.keyword.builtin.VerifyElementNotPresentKeyword$_verifyElementNotPresent_closure1.call(VerifyElementNotPresentKeyword.groovy)
	at com.kms.katalon.core.webui.keyword.internal.WebUIKeywordMain.runKeyword(WebUIKeywordMain.groovy:20)
	at com.kms.katalon.core.webui.keyword.builtin.VerifyElementNotPresentKeyword.verifyElementNotPresent(VerifyElementNotPresentKeyword.groovy:118)
	at com.kms.katalon.core.webui.keyword.builtin.VerifyElementNotPresentKeyword.execute(VerifyElementNotPresentKeyword.groovy:68)
	at com.kms.katalon.core.keyword.internal.KeywordExecutor.executeKeywordForPlatform(KeywordExecutor.groovy:56)
	at com.kms.katalon.core.webui.keyword.WebUiBuiltInKeywords.verifyElementNotPresent(WebUiBuiltInKeywords.groovy:1451)
	at com.kms.katalon.core.webui.keyword.WebUiBuiltInKeywords$verifyElementNotPresent$5.call(Unknown Source)
	at Create Channel use Internal Data.run(Create Channel use Internal Data:34)
	at com.kms.katalon.core.main.ScriptEngine.run(ScriptEngine.java:194)
	at com.kms.katalon.core.main.ScriptEngine.runScriptAsRawText(ScriptEngine.java:119)
	at com.kms.katalon.core.main.TestCaseExecutor.runScript(TestCaseExecutor.java:336)
	at com.kms.katalon.core.main.TestCaseExecutor.doExecute(TestCaseExecutor.java:327)
	at com.kms.katalon.core.main.TestCaseExecutor.processExecutionPhase(TestCaseExecutor.java:306)
	at com.kms.katalon.core.main.TestCaseExecutor.accessMainPhase(TestCaseExecutor.java:298)
	at com.kms.katalon.core.main.TestCaseExecutor.execute(TestCaseExecutor.java:232)
	at com.kms.katalon.core.main.TestSuiteExecutor.accessTestCaseMainPhase(TestSuiteExecutor.java:129)
	at com.kms.katalon.core.main.TestSuiteExecutor.accessTestSuiteMainPhase(TestSuiteExecutor.java:112)
	at com.kms.katalon.core.main.TestSuiteExecutor.execute(TestSuiteExecutor.java:81)
	at com.kms.katalon.core.main.TestCaseMain.startTestSuite(TestCaseMain.java:157)
	at com.kms.katalon.core.main.TestCaseMain$startTestSuite$0.call(Unknown Source)
	at TempTestSuite1558580976607.run(TempTestSuite1558580976607.groovy:35)
)

2019-05-23 10:26:16 - [MESSAGE][WARNING] - Web element with id: 'Object Repository/Page_Explore/button_abc' located by 'By.xpath: id("root")/div[@class="style__StyledAppViewWrapper-sc-1cyw1w0-0 iDTxIk"]/div[@class="style__NavigationWrapper-sc-1lxh6l2-3 olYdK"]/div[@class="style__NavigationGrid-sc-1lxh6l2-5 cyPoXN"]/div[@class="style__AvatarGrid-sc-1lxh6l2-6 kWLEke"]/a[@class="style__AvatarLink-sc-1lxh6l2-7 bWCJDQ"][count(. | //*[(text() = 'abc' or . = 'abc')]) = count(//*[(text() = 'abc' or . = 'abc')])]' is present after '25' second(s) (Root cause: com.kms.katalon.core.exception.StepFailedException: Web element with id: 'Object Repository/Page_Explore/button_abc' located by 'By.xpath: id("root")/div[@class="style__StyledAppViewWrapper-sc-1cyw1w0-0 iDTxIk"]/div[@class="style__NavigationWrapper-sc-1lxh6l2-3 olYdK"]/div[@class="style__NavigationGrid-sc-1lxh6l2-5 cyPoXN"]/div[@class="style__AvatarGrid-sc-1lxh6l2-6 kWLEke"]/a[@class="style__AvatarLink-sc-1lxh6l2-7 bWCJDQ"][count(. | //*[(text() = 'abc' or . = 'abc')]) = count(//*[(text() = 'abc' or . = 'abc')])]' is present after '25' second(s)
	at com.kms.katalon.core.webui.keyword.internal.WebUIKeywordMain.stepFailed(WebUIKeywordMain.groovy:64)
	at com.kms.katalon.core.webui.keyword.builtin.VerifyElementNotPresentKeyword$_verifyElementNotPresent_closure1.doCall(VerifyElementNotPresentKeyword.groovy:107)
	at com.kms.katalon.core.webui.keyword.builtin.VerifyElementNotPresentKeyword$_verifyElementNotPresent_closure1.call(VerifyElementNotPresentKeyword.groovy)
	at com.kms.katalon.core.webui.keyword.internal.WebUIKeywordMain.runKeyword(WebUIKeywordMain.groovy:20)
	at com.kms.katalon.core.webui.keyword.builtin.VerifyElementNotPresentKeyword.verifyElementNotPresent(VerifyElementNotPresentKeyword.groovy:118)
	at com.kms.katalon.core.webui.keyword.builtin.VerifyElementNotPresentKeyword.execute(VerifyElementNotPresentKeyword.groovy:68)
	at com.kms.katalon.core.keyword.internal.KeywordExecutor.executeKeywordForPlatform(KeywordExecutor.groovy:56)
	at com.kms.katalon.core.webui.keyword.WebUiBuiltInKeywords.verifyElementNotPresent(WebUiBuiltInKeywords.groovy:1451)
	at com.kms.katalon.core.webui.keyword.WebUiBuiltInKeywords$verifyElementNotPresent$5.call(Unknown Source)
	at Create Channel use Internal Data.run(Create Channel use Internal Data:34)
	at com.kms.katalon.core.main.ScriptEngine.run(ScriptEngine.java:194)
	at com.kms.katalon.core.main.ScriptEngine.runScriptAsRawText(ScriptEngine.java:119)
	at com.kms.katalon.core.main.TestCaseExecutor.runScript(TestCaseExecutor.java:336)
	at com.kms.katalon.core.main.TestCaseExecutor.doExecute(TestCaseExecutor.java:327)
	at com.kms.katalon.core.main.TestCaseExecutor.processExecutionPhase(TestCaseExecutor.java:306)
	at com.kms.katalon.core.main.TestCaseExecutor.accessMainPhase(TestCaseExecutor.java:298)
	at com.kms.katalon.core.main.TestCaseExecutor.execute(TestCaseExecutor.java:232)
	at com.kms.katalon.core.main.TestSuiteExecutor.accessTestCaseMainPhase(TestSuiteExecutor.java:129)
	at com.kms.katalon.core.main.TestSuiteExecutor.accessTestSuiteMainPhase(TestSuiteExecutor.java:112)
	at com.kms.katalon.core.main.TestSuiteExecutor.execute(TestSuiteExecutor.java:81)
	at com.kms.katalon.core.main.TestCaseMain.startTestSuite(TestCaseMain.java:157)
	at com.kms.katalon.core.main.TestCaseMain$startTestSuite$0.call(Unknown Source)
	at TempTestSuite1558580976607.run(TempTestSuite1558580976607.groovy:35)
)
[[ATTACHMENT|D:\\HCMUS DATA\\Tern2-4th\\CCDNCTPTPM\\BT\\HW2\\Project\\TED_Team-Test_Project\\TED_Team-Test_Project\\Reports\\Run all test cases\\20190523_100936\\1558581976309.png]]

2019-05-23 10:26:16 - [TEST_STEP][PASSED] - else: Object: 'Object Repository/Page_abc settings/button_Create Channel 7' is clicked on

2019-05-23 10:26:16 - [TEST_STEP][PASSED] - navigateToUrl("http://localhost:3000/abc?tab=posts"): Navigate to 'http://localhost:3000/abc?tab=posts' successfully

2019-05-23 10:26:18 - [MESSAGE][PASSED] - Navigate to 'http://localhost:3000/abc?tab=posts' successfully

2019-05-23 10:26:18 - [TEST_STEP][PASSED] - click(findTestObject("Page_abc community/button_Settings")): Object: 'Object Repository/Page_abc community/button_Settings' is clicked on

2019-05-23 10:26:20 - [MESSAGE][PASSED] - Object: 'Object Repository/Page_abc community/button_Settings' is clicked on

2019-05-23 10:26:20 - [TEST_STEP][PASSED] - delay(3): Delayed 3 second(s)

2019-05-23 10:26:23 - [MESSAGE][PASSED] - Delayed 3 second(s)

2019-05-23 10:26:23 - [TEST_STEP][PASSED] - click(findTestObject("Page_abc settings/button_Create Channel")): Object: 'Object Repository/Page_abc settings/button_Create Channel' is clicked on

2019-05-23 10:26:23 - [MESSAGE][PASSED] - Object: 'Object Repository/Page_abc settings/button_Create Channel' is clicked on

2019-05-23 10:26:23 - [TEST_STEP][PASSED] - setText(findTestObject("Page_abc settings/input_Channel Name_name"), channel_name): Text 'channel 12' is set on object 'Object Repository/Page_abc settings/input_Channel Name_name'

2019-05-23 10:26:23 - [MESSAGE][PASSED] - Text 'channel 12' is set on object 'Object Repository/Page_abc settings/input_Channel Name_name'

2019-05-23 10:26:23 - [TEST_STEP][PASSED] - setText(findTestObject("Page_abc settings/textarea_ht"), channel_detail): Text 'This is detail of channel 12' is set on object 'Object Repository/Page_abc settings/textarea_ht'

2019-05-23 10:26:24 - [MESSAGE][PASSED] - Text 'This is detail of channel 12' is set on object 'Object Repository/Page_abc settings/textarea_ht'

2019-05-23 10:26:24 - [TEST_STEP][PASSED] - click(findTestObject("Page_abc settings/button_Create Channel 7")): Object: 'Object Repository/Page_abc settings/button_Create Channel 7' is clicked on

2019-05-23 10:26:24 - [MESSAGE][PASSED] - Object: 'Object Repository/Page_abc settings/button_Create Channel 7' is clicked on]]></system-out>
         <system-err><![CDATA[]]></system-err>
      </testcase>
      <testcase name="Test Cases/20 Data-driven test case/Create Channel use Internal Data" classname="Test Cases/20 Data-driven test case/Create Channel use Internal Data" status="PASSED">
         <system-out><![CDATA[2019-05-23 10:26:24 - [TEST_CASE][PASSED] - Test Cases/20 Data-driven test case/Create Channel use Internal Data: Test Cases/20 Data-driven test case/Create Channel use Internal Data

2019-05-23 10:26:24 - [TEST_STEP][PASSED] - openBrowser(""): Browser is opened with url: ''

2019-05-23 10:26:24 - [MESSAGE][WARNING] - A browser is already opened. Closing browser and opening a new one

2019-05-23 10:26:25 - [MESSAGE][INFO] - Starting 'Firefox' driver

2019-05-23 10:26:29 - [MESSAGE][PASSED] - Browser is opened with url: ''

2019-05-23 10:26:29 - [TEST_STEP][PASSED] - navigateToUrl("http://localhost:3000/"): Navigate to 'http://localhost:3000/' successfully

2019-05-23 10:26:31 - [MESSAGE][PASSED] - Navigate to 'http://localhost:3000/' successfully

2019-05-23 10:26:31 - [TEST_STEP][PASSED] - click(findTestObject("Page_Spectrum/button_Log in or sign up")): Object: 'Object Repository/Page_Spectrum/button_Log in or sign up' is clicked on

2019-05-23 10:26:34 - [MESSAGE][PASSED] - Object: 'Object Repository/Page_Spectrum/button_Log in or sign up' is clicked on

2019-05-23 10:26:34 - [TEST_STEP][PASSED] - click(findTestObject("Page_Spectrum/span_Sign in with GitHub")): Object: 'Object Repository/Page_Spectrum/span_Sign in with GitHub' is clicked on

2019-05-23 10:26:36 - [MESSAGE][PASSED] - Object: 'Object Repository/Page_Spectrum/span_Sign in with GitHub' is clicked on

2019-05-23 10:26:36 - [TEST_STEP][PASSED] - setText(findTestObject("Page_Sign in to GitHub  GitHub/input_Username or email address_login"), "minhcuongit"): Text 'minhcuongit' is set on object 'Object Repository/Page_Sign in to GitHub  GitHub/input_Username or email address_login'

2019-05-23 10:26:36 - [MESSAGE][PASSED] - Text 'minhcuongit' is set on object 'Object Repository/Page_Sign in to GitHub  GitHub/input_Username or email address_login'

2019-05-23 10:26:36 - [TEST_STEP][PASSED] - setEncryptedText(findTestObject("Page_Sign in to GitHub  GitHub/input_Forgot password_password"), "9e5/e4jZbrkRPxL/am/6uYGu2iBUrIMS"): Text ****** has been set on object 'Object Repository/Page_Sign in to GitHub  GitHub/input_Forgot password_password'

2019-05-23 10:26:36 - [MESSAGE][PASSED] - Text ****** has been set on object 'Object Repository/Page_Sign in to GitHub  GitHub/input_Forgot password_password'

2019-05-23 10:26:36 - [TEST_STEP][PASSED] - click(findTestObject("Page_Sign in to GitHub  GitHub/input_Forgot password_commit")): Object: 'Object Repository/Page_Sign in to GitHub  GitHub/input_Forgot password_commit' is clicked on

2019-05-23 10:26:41 - [MESSAGE][PASSED] - Object: 'Object Repository/Page_Sign in to GitHub  GitHub/input_Forgot password_commit' is clicked on

2019-05-23 10:26:41 - [TEST_STEP][PASSED] - click(findTestObject("Page_Spectrum community/img_Explore_style__Img-u3znqr-3 kJsvJN")): Object: 'Object Repository/Page_Spectrum community/img_Explore_style__Img-u3znqr-3 kJsvJN' is clicked on

2019-05-23 10:26:46 - [MESSAGE][PASSED] - Object: 'Object Repository/Page_Spectrum community/img_Explore_style__Img-u3znqr-3 kJsvJN' is clicked on

2019-05-23 10:26:46 - [TEST_STEP][PASSED] - navigateToUrl("http://localhost:3000/explore"): Navigate to 'http://localhost:3000/explore' successfully

2019-05-23 10:26:50 - [MESSAGE][PASSED] - Navigate to 'http://localhost:3000/explore' successfully

2019-05-23 10:26:50 - [TEST_STEP][PASSED] - if (verifyElementNotPresent(findTestObject("Object Repository/Page_Explore/button_abc"), 25, OPTIONAL) == true): Web element with id: 'Object Repository/Page_Explore/button_abc' located by 'By.xpath: id("root")/div[@class="style__StyledAppViewWrapper-sc-1cyw1w0-0 iDTxIk"]/div[@class="style__NavigationWrapper-sc-1lxh6l2-3 olYdK"]/div[@class="style__NavigationGrid-sc-1lxh6l2-5 cyPoXN"]/div[@class="style__AvatarGrid-sc-1lxh6l2-6 kWLEke"]/a[@class="style__AvatarLink-sc-1lxh6l2-7 bWCJDQ"][count(. | //*[(text() = 'abc' or . = 'abc')]) = count(//*[(text() = 'abc' or . = 'abc')])]' is present after '25' second(s) (Root cause: com.kms.katalon.core.exception.StepFailedException: Web element with id: 'Object Repository/Page_Explore/button_abc' located by 'By.xpath: id("root")/div[@class="style__StyledAppViewWrapper-sc-1cyw1w0-0 iDTxIk"]/div[@class="style__NavigationWrapper-sc-1lxh6l2-3 olYdK"]/div[@class="style__NavigationGrid-sc-1lxh6l2-5 cyPoXN"]/div[@class="style__AvatarGrid-sc-1lxh6l2-6 kWLEke"]/a[@class="style__AvatarLink-sc-1lxh6l2-7 bWCJDQ"][count(. | //*[(text() = 'abc' or . = 'abc')]) = count(//*[(text() = 'abc' or . = 'abc')])]' is present after '25' second(s)
	at com.kms.katalon.core.webui.keyword.internal.WebUIKeywordMain.stepFailed(WebUIKeywordMain.groovy:64)
	at com.kms.katalon.core.webui.keyword.builtin.VerifyElementNotPresentKeyword$_verifyElementNotPresent_closure1.doCall(VerifyElementNotPresentKeyword.groovy:107)
	at com.kms.katalon.core.webui.keyword.builtin.VerifyElementNotPresentKeyword$_verifyElementNotPresent_closure1.call(VerifyElementNotPresentKeyword.groovy)
	at com.kms.katalon.core.webui.keyword.internal.WebUIKeywordMain.runKeyword(WebUIKeywordMain.groovy:20)
	at com.kms.katalon.core.webui.keyword.builtin.VerifyElementNotPresentKeyword.verifyElementNotPresent(VerifyElementNotPresentKeyword.groovy:118)
	at com.kms.katalon.core.webui.keyword.builtin.VerifyElementNotPresentKeyword.execute(VerifyElementNotPresentKeyword.groovy:68)
	at com.kms.katalon.core.keyword.internal.KeywordExecutor.executeKeywordForPlatform(KeywordExecutor.groovy:56)
	at com.kms.katalon.core.webui.keyword.WebUiBuiltInKeywords.verifyElementNotPresent(WebUiBuiltInKeywords.groovy:1451)
	at com.kms.katalon.core.webui.keyword.WebUiBuiltInKeywords$verifyElementNotPresent$5.call(Unknown Source)
	at Create Channel use Internal Data.run(Create Channel use Internal Data:34)
	at com.kms.katalon.core.main.ScriptEngine.run(ScriptEngine.java:194)
	at com.kms.katalon.core.main.ScriptEngine.runScriptAsRawText(ScriptEngine.java:119)
	at com.kms.katalon.core.main.TestCaseExecutor.runScript(TestCaseExecutor.java:336)
	at com.kms.katalon.core.main.TestCaseExecutor.doExecute(TestCaseExecutor.java:327)
	at com.kms.katalon.core.main.TestCaseExecutor.processExecutionPhase(TestCaseExecutor.java:306)
	at com.kms.katalon.core.main.TestCaseExecutor.accessMainPhase(TestCaseExecutor.java:298)
	at com.kms.katalon.core.main.TestCaseExecutor.execute(TestCaseExecutor.java:232)
	at com.kms.katalon.core.main.TestSuiteExecutor.accessTestCaseMainPhase(TestSuiteExecutor.java:129)
	at com.kms.katalon.core.main.TestSuiteExecutor.accessTestSuiteMainPhase(TestSuiteExecutor.java:112)
	at com.kms.katalon.core.main.TestSuiteExecutor.execute(TestSuiteExecutor.java:81)
	at com.kms.katalon.core.main.TestCaseMain.startTestSuite(TestCaseMain.java:157)
	at com.kms.katalon.core.main.TestCaseMain$startTestSuite$0.call(Unknown Source)
	at TempTestSuite1558580976607.run(TempTestSuite1558580976607.groovy:35)
)

2019-05-23 10:27:16 - [MESSAGE][WARNING] - Web element with id: 'Object Repository/Page_Explore/button_abc' located by 'By.xpath: id("root")/div[@class="style__StyledAppViewWrapper-sc-1cyw1w0-0 iDTxIk"]/div[@class="style__NavigationWrapper-sc-1lxh6l2-3 olYdK"]/div[@class="style__NavigationGrid-sc-1lxh6l2-5 cyPoXN"]/div[@class="style__AvatarGrid-sc-1lxh6l2-6 kWLEke"]/a[@class="style__AvatarLink-sc-1lxh6l2-7 bWCJDQ"][count(. | //*[(text() = 'abc' or . = 'abc')]) = count(//*[(text() = 'abc' or . = 'abc')])]' is present after '25' second(s) (Root cause: com.kms.katalon.core.exception.StepFailedException: Web element with id: 'Object Repository/Page_Explore/button_abc' located by 'By.xpath: id("root")/div[@class="style__StyledAppViewWrapper-sc-1cyw1w0-0 iDTxIk"]/div[@class="style__NavigationWrapper-sc-1lxh6l2-3 olYdK"]/div[@class="style__NavigationGrid-sc-1lxh6l2-5 cyPoXN"]/div[@class="style__AvatarGrid-sc-1lxh6l2-6 kWLEke"]/a[@class="style__AvatarLink-sc-1lxh6l2-7 bWCJDQ"][count(. | //*[(text() = 'abc' or . = 'abc')]) = count(//*[(text() = 'abc' or . = 'abc')])]' is present after '25' second(s)
	at com.kms.katalon.core.webui.keyword.internal.WebUIKeywordMain.stepFailed(WebUIKeywordMain.groovy:64)
	at com.kms.katalon.core.webui.keyword.builtin.VerifyElementNotPresentKeyword$_verifyElementNotPresent_closure1.doCall(VerifyElementNotPresentKeyword.groovy:107)
	at com.kms.katalon.core.webui.keyword.builtin.VerifyElementNotPresentKeyword$_verifyElementNotPresent_closure1.call(VerifyElementNotPresentKeyword.groovy)
	at com.kms.katalon.core.webui.keyword.internal.WebUIKeywordMain.runKeyword(WebUIKeywordMain.groovy:20)
	at com.kms.katalon.core.webui.keyword.builtin.VerifyElementNotPresentKeyword.verifyElementNotPresent(VerifyElementNotPresentKeyword.groovy:118)
	at com.kms.katalon.core.webui.keyword.builtin.VerifyElementNotPresentKeyword.execute(VerifyElementNotPresentKeyword.groovy:68)
	at com.kms.katalon.core.keyword.internal.KeywordExecutor.executeKeywordForPlatform(KeywordExecutor.groovy:56)
	at com.kms.katalon.core.webui.keyword.WebUiBuiltInKeywords.verifyElementNotPresent(WebUiBuiltInKeywords.groovy:1451)
	at com.kms.katalon.core.webui.keyword.WebUiBuiltInKeywords$verifyElementNotPresent$5.call(Unknown Source)
	at Create Channel use Internal Data.run(Create Channel use Internal Data:34)
	at com.kms.katalon.core.main.ScriptEngine.run(ScriptEngine.java:194)
	at com.kms.katalon.core.main.ScriptEngine.runScriptAsRawText(ScriptEngine.java:119)
	at com.kms.katalon.core.main.TestCaseExecutor.runScript(TestCaseExecutor.java:336)
	at com.kms.katalon.core.main.TestCaseExecutor.doExecute(TestCaseExecutor.java:327)
	at com.kms.katalon.core.main.TestCaseExecutor.processExecutionPhase(TestCaseExecutor.java:306)
	at com.kms.katalon.core.main.TestCaseExecutor.accessMainPhase(TestCaseExecutor.java:298)
	at com.kms.katalon.core.main.TestCaseExecutor.execute(TestCaseExecutor.java:232)
	at com.kms.katalon.core.main.TestSuiteExecutor.accessTestCaseMainPhase(TestSuiteExecutor.java:129)
	at com.kms.katalon.core.main.TestSuiteExecutor.accessTestSuiteMainPhase(TestSuiteExecutor.java:112)
	at com.kms.katalon.core.main.TestSuiteExecutor.execute(TestSuiteExecutor.java:81)
	at com.kms.katalon.core.main.TestCaseMain.startTestSuite(TestCaseMain.java:157)
	at com.kms.katalon.core.main.TestCaseMain$startTestSuite$0.call(Unknown Source)
	at TempTestSuite1558580976607.run(TempTestSuite1558580976607.groovy:35)
)
[[ATTACHMENT|D:\\HCMUS DATA\\Tern2-4th\\CCDNCTPTPM\\BT\\HW2\\Project\\TED_Team-Test_Project\\TED_Team-Test_Project\\Reports\\Run all test cases\\20190523_100936\\1558582036362.png]]

2019-05-23 10:27:16 - [TEST_STEP][PASSED] - else: Object: 'Object Repository/Page_abc settings/button_Create Channel 7' is clicked on

2019-05-23 10:27:16 - [TEST_STEP][PASSED] - navigateToUrl("http://localhost:3000/abc?tab=posts"): Navigate to 'http://localhost:3000/abc?tab=posts' successfully

2019-05-23 10:27:18 - [MESSAGE][PASSED] - Navigate to 'http://localhost:3000/abc?tab=posts' successfully

2019-05-23 10:27:18 - [TEST_STEP][PASSED] - click(findTestObject("Page_abc community/button_Settings")): Object: 'Object Repository/Page_abc community/button_Settings' is clicked on

2019-05-23 10:27:20 - [MESSAGE][PASSED] - Object: 'Object Repository/Page_abc community/button_Settings' is clicked on

2019-05-23 10:27:20 - [TEST_STEP][PASSED] - delay(3): Delayed 3 second(s)

2019-05-23 10:27:23 - [MESSAGE][PASSED] - Delayed 3 second(s)

2019-05-23 10:27:23 - [TEST_STEP][PASSED] - click(findTestObject("Page_abc settings/button_Create Channel")): Object: 'Object Repository/Page_abc settings/button_Create Channel' is clicked on

2019-05-23 10:27:24 - [MESSAGE][PASSED] - Object: 'Object Repository/Page_abc settings/button_Create Channel' is clicked on

2019-05-23 10:27:24 - [TEST_STEP][PASSED] - setText(findTestObject("Page_abc settings/input_Channel Name_name"), channel_name): Text 'channel 13' is set on object 'Object Repository/Page_abc settings/input_Channel Name_name'

2019-05-23 10:27:24 - [MESSAGE][PASSED] - Text 'channel 13' is set on object 'Object Repository/Page_abc settings/input_Channel Name_name'

2019-05-23 10:27:24 - [TEST_STEP][PASSED] - setText(findTestObject("Page_abc settings/textarea_ht"), channel_detail): Text 'This is detail of channel 13' is set on object 'Object Repository/Page_abc settings/textarea_ht'

2019-05-23 10:27:24 - [MESSAGE][PASSED] - Text 'This is detail of channel 13' is set on object 'Object Repository/Page_abc settings/textarea_ht'

2019-05-23 10:27:24 - [TEST_STEP][PASSED] - click(findTestObject("Page_abc settings/button_Create Channel 7")): Object: 'Object Repository/Page_abc settings/button_Create Channel 7' is clicked on

2019-05-23 10:27:25 - [MESSAGE][PASSED] - Object: 'Object Repository/Page_abc settings/button_Create Channel 7' is clicked on]]></system-out>
         <system-err><![CDATA[]]></system-err>
      </testcase>
      <testcase name="Test Cases/20 Data-driven test case/Create Channel use Internal Data" classname="Test Cases/20 Data-driven test case/Create Channel use Internal Data" status="PASSED">
         <system-out><![CDATA[2019-05-23 10:27:25 - [TEST_CASE][PASSED] - Test Cases/20 Data-driven test case/Create Channel use Internal Data: Test Cases/20 Data-driven test case/Create Channel use Internal Data

2019-05-23 10:27:25 - [TEST_STEP][PASSED] - openBrowser(""): Browser is opened with url: ''

2019-05-23 10:27:25 - [MESSAGE][WARNING] - A browser is already opened. Closing browser and opening a new one

2019-05-23 10:27:26 - [MESSAGE][INFO] - Starting 'Firefox' driver

2019-05-23 10:27:30 - [MESSAGE][PASSED] - Browser is opened with url: ''

2019-05-23 10:27:30 - [TEST_STEP][PASSED] - navigateToUrl("http://localhost:3000/"): Navigate to 'http://localhost:3000/' successfully

2019-05-23 10:27:32 - [MESSAGE][PASSED] - Navigate to 'http://localhost:3000/' successfully

2019-05-23 10:27:32 - [TEST_STEP][PASSED] - click(findTestObject("Page_Spectrum/button_Log in or sign up")): Object: 'Object Repository/Page_Spectrum/button_Log in or sign up' is clicked on

2019-05-23 10:27:34 - [MESSAGE][PASSED] - Object: 'Object Repository/Page_Spectrum/button_Log in or sign up' is clicked on

2019-05-23 10:27:34 - [TEST_STEP][PASSED] - click(findTestObject("Page_Spectrum/span_Sign in with GitHub")): Object: 'Object Repository/Page_Spectrum/span_Sign in with GitHub' is clicked on

2019-05-23 10:27:37 - [MESSAGE][PASSED] - Object: 'Object Repository/Page_Spectrum/span_Sign in with GitHub' is clicked on

2019-05-23 10:27:37 - [TEST_STEP][PASSED] - setText(findTestObject("Page_Sign in to GitHub  GitHub/input_Username or email address_login"), "minhcuongit"): Text 'minhcuongit' is set on object 'Object Repository/Page_Sign in to GitHub  GitHub/input_Username or email address_login'

2019-05-23 10:27:37 - [MESSAGE][PASSED] - Text 'minhcuongit' is set on object 'Object Repository/Page_Sign in to GitHub  GitHub/input_Username or email address_login'

2019-05-23 10:27:37 - [TEST_STEP][PASSED] - setEncryptedText(findTestObject("Page_Sign in to GitHub  GitHub/input_Forgot password_password"), "9e5/e4jZbrkRPxL/am/6uYGu2iBUrIMS"): Text ****** has been set on object 'Object Repository/Page_Sign in to GitHub  GitHub/input_Forgot password_password'

2019-05-23 10:27:37 - [MESSAGE][PASSED] - Text ****** has been set on object 'Object Repository/Page_Sign in to GitHub  GitHub/input_Forgot password_password'

2019-05-23 10:27:37 - [TEST_STEP][PASSED] - click(findTestObject("Page_Sign in to GitHub  GitHub/input_Forgot password_commit")): Object: 'Object Repository/Page_Sign in to GitHub  GitHub/input_Forgot password_commit' is clicked on

2019-05-23 10:27:42 - [MESSAGE][PASSED] - Object: 'Object Repository/Page_Sign in to GitHub  GitHub/input_Forgot password_commit' is clicked on

2019-05-23 10:27:42 - [TEST_STEP][PASSED] - click(findTestObject("Page_Spectrum community/img_Explore_style__Img-u3znqr-3 kJsvJN")): Object: 'Object Repository/Page_Spectrum community/img_Explore_style__Img-u3znqr-3 kJsvJN' is clicked on

2019-05-23 10:27:48 - [MESSAGE][PASSED] - Object: 'Object Repository/Page_Spectrum community/img_Explore_style__Img-u3znqr-3 kJsvJN' is clicked on

2019-05-23 10:27:48 - [TEST_STEP][PASSED] - navigateToUrl("http://localhost:3000/explore"): Navigate to 'http://localhost:3000/explore' successfully

2019-05-23 10:27:52 - [MESSAGE][PASSED] - Navigate to 'http://localhost:3000/explore' successfully

2019-05-23 10:27:52 - [TEST_STEP][PASSED] - if (verifyElementNotPresent(findTestObject("Object Repository/Page_Explore/button_abc"), 25, OPTIONAL) == true): Web element with id: 'Object Repository/Page_Explore/button_abc' located by 'By.xpath: id("root")/div[@class="style__StyledAppViewWrapper-sc-1cyw1w0-0 iDTxIk"]/div[@class="style__NavigationWrapper-sc-1lxh6l2-3 olYdK"]/div[@class="style__NavigationGrid-sc-1lxh6l2-5 cyPoXN"]/div[@class="style__AvatarGrid-sc-1lxh6l2-6 kWLEke"]/a[@class="style__AvatarLink-sc-1lxh6l2-7 bWCJDQ"][count(. | //*[(text() = 'abc' or . = 'abc')]) = count(//*[(text() = 'abc' or . = 'abc')])]' is present after '25' second(s) (Root cause: com.kms.katalon.core.exception.StepFailedException: Web element with id: 'Object Repository/Page_Explore/button_abc' located by 'By.xpath: id("root")/div[@class="style__StyledAppViewWrapper-sc-1cyw1w0-0 iDTxIk"]/div[@class="style__NavigationWrapper-sc-1lxh6l2-3 olYdK"]/div[@class="style__NavigationGrid-sc-1lxh6l2-5 cyPoXN"]/div[@class="style__AvatarGrid-sc-1lxh6l2-6 kWLEke"]/a[@class="style__AvatarLink-sc-1lxh6l2-7 bWCJDQ"][count(. | //*[(text() = 'abc' or . = 'abc')]) = count(//*[(text() = 'abc' or . = 'abc')])]' is present after '25' second(s)
	at com.kms.katalon.core.webui.keyword.internal.WebUIKeywordMain.stepFailed(WebUIKeywordMain.groovy:64)
	at com.kms.katalon.core.webui.keyword.builtin.VerifyElementNotPresentKeyword$_verifyElementNotPresent_closure1.doCall(VerifyElementNotPresentKeyword.groovy:107)
	at com.kms.katalon.core.webui.keyword.builtin.VerifyElementNotPresentKeyword$_verifyElementNotPresent_closure1.call(VerifyElementNotPresentKeyword.groovy)
	at com.kms.katalon.core.webui.keyword.internal.WebUIKeywordMain.runKeyword(WebUIKeywordMain.groovy:20)
	at com.kms.katalon.core.webui.keyword.builtin.VerifyElementNotPresentKeyword.verifyElementNotPresent(VerifyElementNotPresentKeyword.groovy:118)
	at com.kms.katalon.core.webui.keyword.builtin.VerifyElementNotPresentKeyword.execute(VerifyElementNotPresentKeyword.groovy:68)
	at com.kms.katalon.core.keyword.internal.KeywordExecutor.executeKeywordForPlatform(KeywordExecutor.groovy:56)
	at com.kms.katalon.core.webui.keyword.WebUiBuiltInKeywords.verifyElementNotPresent(WebUiBuiltInKeywords.groovy:1451)
	at com.kms.katalon.core.webui.keyword.WebUiBuiltInKeywords$verifyElementNotPresent$5.call(Unknown Source)
	at Create Channel use Internal Data.run(Create Channel use Internal Data:34)
	at com.kms.katalon.core.main.ScriptEngine.run(ScriptEngine.java:194)
	at com.kms.katalon.core.main.ScriptEngine.runScriptAsRawText(ScriptEngine.java:119)
	at com.kms.katalon.core.main.TestCaseExecutor.runScript(TestCaseExecutor.java:336)
	at com.kms.katalon.core.main.TestCaseExecutor.doExecute(TestCaseExecutor.java:327)
	at com.kms.katalon.core.main.TestCaseExecutor.processExecutionPhase(TestCaseExecutor.java:306)
	at com.kms.katalon.core.main.TestCaseExecutor.accessMainPhase(TestCaseExecutor.java:298)
	at com.kms.katalon.core.main.TestCaseExecutor.execute(TestCaseExecutor.java:232)
	at com.kms.katalon.core.main.TestSuiteExecutor.accessTestCaseMainPhase(TestSuiteExecutor.java:129)
	at com.kms.katalon.core.main.TestSuiteExecutor.accessTestSuiteMainPhase(TestSuiteExecutor.java:112)
	at com.kms.katalon.core.main.TestSuiteExecutor.execute(TestSuiteExecutor.java:81)
	at com.kms.katalon.core.main.TestCaseMain.startTestSuite(TestCaseMain.java:157)
	at com.kms.katalon.core.main.TestCaseMain$startTestSuite$0.call(Unknown Source)
	at TempTestSuite1558580976607.run(TempTestSuite1558580976607.groovy:35)
)

2019-05-23 10:28:18 - [MESSAGE][WARNING] - Web element with id: 'Object Repository/Page_Explore/button_abc' located by 'By.xpath: id("root")/div[@class="style__StyledAppViewWrapper-sc-1cyw1w0-0 iDTxIk"]/div[@class="style__NavigationWrapper-sc-1lxh6l2-3 olYdK"]/div[@class="style__NavigationGrid-sc-1lxh6l2-5 cyPoXN"]/div[@class="style__AvatarGrid-sc-1lxh6l2-6 kWLEke"]/a[@class="style__AvatarLink-sc-1lxh6l2-7 bWCJDQ"][count(. | //*[(text() = 'abc' or . = 'abc')]) = count(//*[(text() = 'abc' or . = 'abc')])]' is present after '25' second(s) (Root cause: com.kms.katalon.core.exception.StepFailedException: Web element with id: 'Object Repository/Page_Explore/button_abc' located by 'By.xpath: id("root")/div[@class="style__StyledAppViewWrapper-sc-1cyw1w0-0 iDTxIk"]/div[@class="style__NavigationWrapper-sc-1lxh6l2-3 olYdK"]/div[@class="style__NavigationGrid-sc-1lxh6l2-5 cyPoXN"]/div[@class="style__AvatarGrid-sc-1lxh6l2-6 kWLEke"]/a[@class="style__AvatarLink-sc-1lxh6l2-7 bWCJDQ"][count(. | //*[(text() = 'abc' or . = 'abc')]) = count(//*[(text() = 'abc' or . = 'abc')])]' is present after '25' second(s)
	at com.kms.katalon.core.webui.keyword.internal.WebUIKeywordMain.stepFailed(WebUIKeywordMain.groovy:64)
	at com.kms.katalon.core.webui.keyword.builtin.VerifyElementNotPresentKeyword$_verifyElementNotPresent_closure1.doCall(VerifyElementNotPresentKeyword.groovy:107)
	at com.kms.katalon.core.webui.keyword.builtin.VerifyElementNotPresentKeyword$_verifyElementNotPresent_closure1.call(VerifyElementNotPresentKeyword.groovy)
	at com.kms.katalon.core.webui.keyword.internal.WebUIKeywordMain.runKeyword(WebUIKeywordMain.groovy:20)
	at com.kms.katalon.core.webui.keyword.builtin.VerifyElementNotPresentKeyword.verifyElementNotPresent(VerifyElementNotPresentKeyword.groovy:118)
	at com.kms.katalon.core.webui.keyword.builtin.VerifyElementNotPresentKeyword.execute(VerifyElementNotPresentKeyword.groovy:68)
	at com.kms.katalon.core.keyword.internal.KeywordExecutor.executeKeywordForPlatform(KeywordExecutor.groovy:56)
	at com.kms.katalon.core.webui.keyword.WebUiBuiltInKeywords.verifyElementNotPresent(WebUiBuiltInKeywords.groovy:1451)
	at com.kms.katalon.core.webui.keyword.WebUiBuiltInKeywords$verifyElementNotPresent$5.call(Unknown Source)
	at Create Channel use Internal Data.run(Create Channel use Internal Data:34)
	at com.kms.katalon.core.main.ScriptEngine.run(ScriptEngine.java:194)
	at com.kms.katalon.core.main.ScriptEngine.runScriptAsRawText(ScriptEngine.java:119)
	at com.kms.katalon.core.main.TestCaseExecutor.runScript(TestCaseExecutor.java:336)
	at com.kms.katalon.core.main.TestCaseExecutor.doExecute(TestCaseExecutor.java:327)
	at com.kms.katalon.core.main.TestCaseExecutor.processExecutionPhase(TestCaseExecutor.java:306)
	at com.kms.katalon.core.main.TestCaseExecutor.accessMainPhase(TestCaseExecutor.java:298)
	at com.kms.katalon.core.main.TestCaseExecutor.execute(TestCaseExecutor.java:232)
	at com.kms.katalon.core.main.TestSuiteExecutor.accessTestCaseMainPhase(TestSuiteExecutor.java:129)
	at com.kms.katalon.core.main.TestSuiteExecutor.accessTestSuiteMainPhase(TestSuiteExecutor.java:112)
	at com.kms.katalon.core.main.TestSuiteExecutor.execute(TestSuiteExecutor.java:81)
	at com.kms.katalon.core.main.TestCaseMain.startTestSuite(TestCaseMain.java:157)
	at com.kms.katalon.core.main.TestCaseMain$startTestSuite$0.call(Unknown Source)
	at TempTestSuite1558580976607.run(TempTestSuite1558580976607.groovy:35)
)
[[ATTACHMENT|D:\\HCMUS DATA\\Tern2-4th\\CCDNCTPTPM\\BT\\HW2\\Project\\TED_Team-Test_Project\\TED_Team-Test_Project\\Reports\\Run all test cases\\20190523_100936\\1558582098078.png]]

2019-05-23 10:28:18 - [TEST_STEP][PASSED] - else: Object: 'Object Repository/Page_abc settings/button_Create Channel 7' is clicked on

2019-05-23 10:28:18 - [TEST_STEP][PASSED] - navigateToUrl("http://localhost:3000/abc?tab=posts"): Navigate to 'http://localhost:3000/abc?tab=posts' successfully

2019-05-23 10:28:19 - [MESSAGE][PASSED] - Navigate to 'http://localhost:3000/abc?tab=posts' successfully

2019-05-23 10:28:19 - [TEST_STEP][PASSED] - click(findTestObject("Page_abc community/button_Settings")): Object: 'Object Repository/Page_abc community/button_Settings' is clicked on

2019-05-23 10:28:22 - [MESSAGE][PASSED] - Object: 'Object Repository/Page_abc community/button_Settings' is clicked on

2019-05-23 10:28:22 - [TEST_STEP][PASSED] - delay(3): Delayed 3 second(s)

2019-05-23 10:28:25 - [MESSAGE][PASSED] - Delayed 3 second(s)

2019-05-23 10:28:25 - [TEST_STEP][PASSED] - click(findTestObject("Page_abc settings/button_Create Channel")): Object: 'Object Repository/Page_abc settings/button_Create Channel' is clicked on

2019-05-23 10:28:25 - [MESSAGE][PASSED] - Object: 'Object Repository/Page_abc settings/button_Create Channel' is clicked on

2019-05-23 10:28:25 - [TEST_STEP][PASSED] - setText(findTestObject("Page_abc settings/input_Channel Name_name"), channel_name): Text 'channel 14' is set on object 'Object Repository/Page_abc settings/input_Channel Name_name'

2019-05-23 10:28:25 - [MESSAGE][PASSED] - Text 'channel 14' is set on object 'Object Repository/Page_abc settings/input_Channel Name_name'

2019-05-23 10:28:25 - [TEST_STEP][PASSED] - setText(findTestObject("Page_abc settings/textarea_ht"), channel_detail): Text 'This is detail of channel 14' is set on object 'Object Repository/Page_abc settings/textarea_ht'

2019-05-23 10:28:26 - [MESSAGE][PASSED] - Text 'This is detail of channel 14' is set on object 'Object Repository/Page_abc settings/textarea_ht'

2019-05-23 10:28:26 - [TEST_STEP][PASSED] - click(findTestObject("Page_abc settings/button_Create Channel 7")): Object: 'Object Repository/Page_abc settings/button_Create Channel 7' is clicked on

2019-05-23 10:28:26 - [MESSAGE][PASSED] - Object: 'Object Repository/Page_abc settings/button_Create Channel 7' is clicked on]]></system-out>
         <system-err><![CDATA[]]></system-err>
      </testcase>
      <testcase name="Test Cases/20 Data-driven test case/Create Channel use Internal Data" classname="Test Cases/20 Data-driven test case/Create Channel use Internal Data" status="PASSED">
         <system-out><![CDATA[2019-05-23 10:28:26 - [TEST_CASE][PASSED] - Test Cases/20 Data-driven test case/Create Channel use Internal Data: Test Cases/20 Data-driven test case/Create Channel use Internal Data

2019-05-23 10:28:26 - [TEST_STEP][PASSED] - openBrowser(""): Browser is opened with url: ''

2019-05-23 10:28:26 - [MESSAGE][WARNING] - A browser is already opened. Closing browser and opening a new one

2019-05-23 10:28:27 - [MESSAGE][INFO] - Starting 'Firefox' driver

2019-05-23 10:28:31 - [MESSAGE][PASSED] - Browser is opened with url: ''

2019-05-23 10:28:31 - [TEST_STEP][PASSED] - navigateToUrl("http://localhost:3000/"): Navigate to 'http://localhost:3000/' successfully

2019-05-23 10:28:34 - [MESSAGE][PASSED] - Navigate to 'http://localhost:3000/' successfully

2019-05-23 10:28:34 - [TEST_STEP][PASSED] - click(findTestObject("Page_Spectrum/button_Log in or sign up")): Object: 'Object Repository/Page_Spectrum/button_Log in or sign up' is clicked on

2019-05-23 10:28:36 - [MESSAGE][PASSED] - Object: 'Object Repository/Page_Spectrum/button_Log in or sign up' is clicked on

2019-05-23 10:28:36 - [TEST_STEP][PASSED] - click(findTestObject("Page_Spectrum/span_Sign in with GitHub")): Object: 'Object Repository/Page_Spectrum/span_Sign in with GitHub' is clicked on

2019-05-23 10:28:38 - [MESSAGE][PASSED] - Object: 'Object Repository/Page_Spectrum/span_Sign in with GitHub' is clicked on

2019-05-23 10:28:38 - [TEST_STEP][PASSED] - setText(findTestObject("Page_Sign in to GitHub  GitHub/input_Username or email address_login"), "minhcuongit"): Text 'minhcuongit' is set on object 'Object Repository/Page_Sign in to GitHub  GitHub/input_Username or email address_login'

2019-05-23 10:28:38 - [MESSAGE][PASSED] - Text 'minhcuongit' is set on object 'Object Repository/Page_Sign in to GitHub  GitHub/input_Username or email address_login'

2019-05-23 10:28:38 - [TEST_STEP][PASSED] - setEncryptedText(findTestObject("Page_Sign in to GitHub  GitHub/input_Forgot password_password"), "9e5/e4jZbrkRPxL/am/6uYGu2iBUrIMS"): Text ****** has been set on object 'Object Repository/Page_Sign in to GitHub  GitHub/input_Forgot password_password'

2019-05-23 10:28:38 - [MESSAGE][PASSED] - Text ****** has been set on object 'Object Repository/Page_Sign in to GitHub  GitHub/input_Forgot password_password'

2019-05-23 10:28:38 - [TEST_STEP][PASSED] - click(findTestObject("Page_Sign in to GitHub  GitHub/input_Forgot password_commit")): Object: 'Object Repository/Page_Sign in to GitHub  GitHub/input_Forgot password_commit' is clicked on

2019-05-23 10:28:42 - [MESSAGE][PASSED] - Object: 'Object Repository/Page_Sign in to GitHub  GitHub/input_Forgot password_commit' is clicked on

2019-05-23 10:28:42 - [TEST_STEP][PASSED] - click(findTestObject("Page_Spectrum community/img_Explore_style__Img-u3znqr-3 kJsvJN")): Object: 'Object Repository/Page_Spectrum community/img_Explore_style__Img-u3znqr-3 kJsvJN' is clicked on

2019-05-23 10:28:48 - [MESSAGE][PASSED] - Object: 'Object Repository/Page_Spectrum community/img_Explore_style__Img-u3znqr-3 kJsvJN' is clicked on

2019-05-23 10:28:48 - [TEST_STEP][PASSED] - navigateToUrl("http://localhost:3000/explore"): Navigate to 'http://localhost:3000/explore' successfully

2019-05-23 10:28:51 - [MESSAGE][PASSED] - Navigate to 'http://localhost:3000/explore' successfully

2019-05-23 10:28:51 - [TEST_STEP][PASSED] - if (verifyElementNotPresent(findTestObject("Object Repository/Page_Explore/button_abc"), 25, OPTIONAL) == true): Web element with id: 'Object Repository/Page_Explore/button_abc' located by 'By.xpath: id("root")/div[@class="style__StyledAppViewWrapper-sc-1cyw1w0-0 iDTxIk"]/div[@class="style__NavigationWrapper-sc-1lxh6l2-3 olYdK"]/div[@class="style__NavigationGrid-sc-1lxh6l2-5 cyPoXN"]/div[@class="style__AvatarGrid-sc-1lxh6l2-6 kWLEke"]/a[@class="style__AvatarLink-sc-1lxh6l2-7 bWCJDQ"][count(. | //*[(text() = 'abc' or . = 'abc')]) = count(//*[(text() = 'abc' or . = 'abc')])]' is present after '25' second(s) (Root cause: com.kms.katalon.core.exception.StepFailedException: Web element with id: 'Object Repository/Page_Explore/button_abc' located by 'By.xpath: id("root")/div[@class="style__StyledAppViewWrapper-sc-1cyw1w0-0 iDTxIk"]/div[@class="style__NavigationWrapper-sc-1lxh6l2-3 olYdK"]/div[@class="style__NavigationGrid-sc-1lxh6l2-5 cyPoXN"]/div[@class="style__AvatarGrid-sc-1lxh6l2-6 kWLEke"]/a[@class="style__AvatarLink-sc-1lxh6l2-7 bWCJDQ"][count(. | //*[(text() = 'abc' or . = 'abc')]) = count(//*[(text() = 'abc' or . = 'abc')])]' is present after '25' second(s)
	at com.kms.katalon.core.webui.keyword.internal.WebUIKeywordMain.stepFailed(WebUIKeywordMain.groovy:64)
	at com.kms.katalon.core.webui.keyword.builtin.VerifyElementNotPresentKeyword$_verifyElementNotPresent_closure1.doCall(VerifyElementNotPresentKeyword.groovy:107)
	at com.kms.katalon.core.webui.keyword.builtin.VerifyElementNotPresentKeyword$_verifyElementNotPresent_closure1.call(VerifyElementNotPresentKeyword.groovy)
	at com.kms.katalon.core.webui.keyword.internal.WebUIKeywordMain.runKeyword(WebUIKeywordMain.groovy:20)
	at com.kms.katalon.core.webui.keyword.builtin.VerifyElementNotPresentKeyword.verifyElementNotPresent(VerifyElementNotPresentKeyword.groovy:118)
	at com.kms.katalon.core.webui.keyword.builtin.VerifyElementNotPresentKeyword.execute(VerifyElementNotPresentKeyword.groovy:68)
	at com.kms.katalon.core.keyword.internal.KeywordExecutor.executeKeywordForPlatform(KeywordExecutor.groovy:56)
	at com.kms.katalon.core.webui.keyword.WebUiBuiltInKeywords.verifyElementNotPresent(WebUiBuiltInKeywords.groovy:1451)
	at com.kms.katalon.core.webui.keyword.WebUiBuiltInKeywords$verifyElementNotPresent$5.call(Unknown Source)
	at Create Channel use Internal Data.run(Create Channel use Internal Data:34)
	at com.kms.katalon.core.main.ScriptEngine.run(ScriptEngine.java:194)
	at com.kms.katalon.core.main.ScriptEngine.runScriptAsRawText(ScriptEngine.java:119)
	at com.kms.katalon.core.main.TestCaseExecutor.runScript(TestCaseExecutor.java:336)
	at com.kms.katalon.core.main.TestCaseExecutor.doExecute(TestCaseExecutor.java:327)
	at com.kms.katalon.core.main.TestCaseExecutor.processExecutionPhase(TestCaseExecutor.java:306)
	at com.kms.katalon.core.main.TestCaseExecutor.accessMainPhase(TestCaseExecutor.java:298)
	at com.kms.katalon.core.main.TestCaseExecutor.execute(TestCaseExecutor.java:232)
	at com.kms.katalon.core.main.TestSuiteExecutor.accessTestCaseMainPhase(TestSuiteExecutor.java:129)
	at com.kms.katalon.core.main.TestSuiteExecutor.accessTestSuiteMainPhase(TestSuiteExecutor.java:112)
	at com.kms.katalon.core.main.TestSuiteExecutor.execute(TestSuiteExecutor.java:81)
	at com.kms.katalon.core.main.TestCaseMain.startTestSuite(TestCaseMain.java:157)
	at com.kms.katalon.core.main.TestCaseMain$startTestSuite$0.call(Unknown Source)
	at TempTestSuite1558580976607.run(TempTestSuite1558580976607.groovy:35)
)

2019-05-23 10:29:17 - [MESSAGE][WARNING] - Web element with id: 'Object Repository/Page_Explore/button_abc' located by 'By.xpath: id("root")/div[@class="style__StyledAppViewWrapper-sc-1cyw1w0-0 iDTxIk"]/div[@class="style__NavigationWrapper-sc-1lxh6l2-3 olYdK"]/div[@class="style__NavigationGrid-sc-1lxh6l2-5 cyPoXN"]/div[@class="style__AvatarGrid-sc-1lxh6l2-6 kWLEke"]/a[@class="style__AvatarLink-sc-1lxh6l2-7 bWCJDQ"][count(. | //*[(text() = 'abc' or . = 'abc')]) = count(//*[(text() = 'abc' or . = 'abc')])]' is present after '25' second(s) (Root cause: com.kms.katalon.core.exception.StepFailedException: Web element with id: 'Object Repository/Page_Explore/button_abc' located by 'By.xpath: id("root")/div[@class="style__StyledAppViewWrapper-sc-1cyw1w0-0 iDTxIk"]/div[@class="style__NavigationWrapper-sc-1lxh6l2-3 olYdK"]/div[@class="style__NavigationGrid-sc-1lxh6l2-5 cyPoXN"]/div[@class="style__AvatarGrid-sc-1lxh6l2-6 kWLEke"]/a[@class="style__AvatarLink-sc-1lxh6l2-7 bWCJDQ"][count(. | //*[(text() = 'abc' or . = 'abc')]) = count(//*[(text() = 'abc' or . = 'abc')])]' is present after '25' second(s)
	at com.kms.katalon.core.webui.keyword.internal.WebUIKeywordMain.stepFailed(WebUIKeywordMain.groovy:64)
	at com.kms.katalon.core.webui.keyword.builtin.VerifyElementNotPresentKeyword$_verifyElementNotPresent_closure1.doCall(VerifyElementNotPresentKeyword.groovy:107)
	at com.kms.katalon.core.webui.keyword.builtin.VerifyElementNotPresentKeyword$_verifyElementNotPresent_closure1.call(VerifyElementNotPresentKeyword.groovy)
	at com.kms.katalon.core.webui.keyword.internal.WebUIKeywordMain.runKeyword(WebUIKeywordMain.groovy:20)
	at com.kms.katalon.core.webui.keyword.builtin.VerifyElementNotPresentKeyword.verifyElementNotPresent(VerifyElementNotPresentKeyword.groovy:118)
	at com.kms.katalon.core.webui.keyword.builtin.VerifyElementNotPresentKeyword.execute(VerifyElementNotPresentKeyword.groovy:68)
	at com.kms.katalon.core.keyword.internal.KeywordExecutor.executeKeywordForPlatform(KeywordExecutor.groovy:56)
	at com.kms.katalon.core.webui.keyword.WebUiBuiltInKeywords.verifyElementNotPresent(WebUiBuiltInKeywords.groovy:1451)
	at com.kms.katalon.core.webui.keyword.WebUiBuiltInKeywords$verifyElementNotPresent$5.call(Unknown Source)
	at Create Channel use Internal Data.run(Create Channel use Internal Data:34)
	at com.kms.katalon.core.main.ScriptEngine.run(ScriptEngine.java:194)
	at com.kms.katalon.core.main.ScriptEngine.runScriptAsRawText(ScriptEngine.java:119)
	at com.kms.katalon.core.main.TestCaseExecutor.runScript(TestCaseExecutor.java:336)
	at com.kms.katalon.core.main.TestCaseExecutor.doExecute(TestCaseExecutor.java:327)
	at com.kms.katalon.core.main.TestCaseExecutor.processExecutionPhase(TestCaseExecutor.java:306)
	at com.kms.katalon.core.main.TestCaseExecutor.accessMainPhase(TestCaseExecutor.java:298)
	at com.kms.katalon.core.main.TestCaseExecutor.execute(TestCaseExecutor.java:232)
	at com.kms.katalon.core.main.TestSuiteExecutor.accessTestCaseMainPhase(TestSuiteExecutor.java:129)
	at com.kms.katalon.core.main.TestSuiteExecutor.accessTestSuiteMainPhase(TestSuiteExecutor.java:112)
	at com.kms.katalon.core.main.TestSuiteExecutor.execute(TestSuiteExecutor.java:81)
	at com.kms.katalon.core.main.TestCaseMain.startTestSuite(TestCaseMain.java:157)
	at com.kms.katalon.core.main.TestCaseMain$startTestSuite$0.call(Unknown Source)
	at TempTestSuite1558580976607.run(TempTestSuite1558580976607.groovy:35)
)
[[ATTACHMENT|D:\\HCMUS DATA\\Tern2-4th\\CCDNCTPTPM\\BT\\HW2\\Project\\TED_Team-Test_Project\\TED_Team-Test_Project\\Reports\\Run all test cases\\20190523_100936\\1558582157171.png]]

2019-05-23 10:29:17 - [TEST_STEP][PASSED] - else: Object: 'Object Repository/Page_abc settings/button_Create Channel 7' is clicked on

2019-05-23 10:29:17 - [TEST_STEP][PASSED] - navigateToUrl("http://localhost:3000/abc?tab=posts"): Navigate to 'http://localhost:3000/abc?tab=posts' successfully

2019-05-23 10:29:19 - [MESSAGE][PASSED] - Navigate to 'http://localhost:3000/abc?tab=posts' successfully

2019-05-23 10:29:19 - [TEST_STEP][PASSED] - click(findTestObject("Page_abc community/button_Settings")): Object: 'Object Repository/Page_abc community/button_Settings' is clicked on

2019-05-23 10:29:21 - [MESSAGE][PASSED] - Object: 'Object Repository/Page_abc community/button_Settings' is clicked on

2019-05-23 10:29:21 - [TEST_STEP][PASSED] - delay(3): Delayed 3 second(s)

2019-05-23 10:29:24 - [MESSAGE][PASSED] - Delayed 3 second(s)

2019-05-23 10:29:24 - [TEST_STEP][PASSED] - click(findTestObject("Page_abc settings/button_Create Channel")): Object: 'Object Repository/Page_abc settings/button_Create Channel' is clicked on

2019-05-23 10:29:24 - [MESSAGE][PASSED] - Object: 'Object Repository/Page_abc settings/button_Create Channel' is clicked on

2019-05-23 10:29:24 - [TEST_STEP][PASSED] - setText(findTestObject("Page_abc settings/input_Channel Name_name"), channel_name): Text 'channel 15' is set on object 'Object Repository/Page_abc settings/input_Channel Name_name'

2019-05-23 10:29:25 - [MESSAGE][PASSED] - Text 'channel 15' is set on object 'Object Repository/Page_abc settings/input_Channel Name_name'

2019-05-23 10:29:25 - [TEST_STEP][PASSED] - setText(findTestObject("Page_abc settings/textarea_ht"), channel_detail): Text 'This is detail of channel 15' is set on object 'Object Repository/Page_abc settings/textarea_ht'

2019-05-23 10:29:25 - [MESSAGE][PASSED] - Text 'This is detail of channel 15' is set on object 'Object Repository/Page_abc settings/textarea_ht'

2019-05-23 10:29:25 - [TEST_STEP][PASSED] - click(findTestObject("Page_abc settings/button_Create Channel 7")): Object: 'Object Repository/Page_abc settings/button_Create Channel 7' is clicked on

2019-05-23 10:29:25 - [MESSAGE][PASSED] - Object: 'Object Repository/Page_abc settings/button_Create Channel 7' is clicked on]]></system-out>
         <system-err><![CDATA[]]></system-err>
      </testcase>
      <testcase name="Test Cases/20 Data-driven test case/Create Community use CSV" classname="Test Cases/20 Data-driven test case/Create Community use CSV" status="PASSED">
         <system-out><![CDATA[2019-05-23 10:29:25 - [TEST_CASE][PASSED] - Test Cases/20 Data-driven test case/Create Community use CSV: Test Cases/20 Data-driven test case/Create Community use CSV

2019-05-23 10:29:26 - [TEST_STEP][PASSED] - openBrowser(""): Browser is opened with url: ''

2019-05-23 10:29:26 - [MESSAGE][WARNING] - A browser is already opened. Closing browser and opening a new one

2019-05-23 10:29:27 - [MESSAGE][INFO] - Starting 'Firefox' driver

2019-05-23 10:29:32 - [MESSAGE][PASSED] - Browser is opened with url: ''

2019-05-23 10:29:32 - [TEST_STEP][PASSED] - navigateToUrl("http://localhost:3000/"): Navigate to 'http://localhost:3000/' successfully

2019-05-23 10:29:34 - [MESSAGE][PASSED] - Navigate to 'http://localhost:3000/' successfully

2019-05-23 10:29:34 - [TEST_STEP][PASSED] - click(findTestObject("Page_Spectrum/button_Log in or sign up")): Object: 'Object Repository/Page_Spectrum/button_Log in or sign up' is clicked on

2019-05-23 10:29:36 - [MESSAGE][PASSED] - Object: 'Object Repository/Page_Spectrum/button_Log in or sign up' is clicked on

2019-05-23 10:29:36 - [TEST_STEP][PASSED] - click(findTestObject("Page_Spectrum/span_Sign in with GitHub")): Object: 'Object Repository/Page_Spectrum/span_Sign in with GitHub' is clicked on

2019-05-23 10:29:37 - [MESSAGE][PASSED] - Object: 'Object Repository/Page_Spectrum/span_Sign in with GitHub' is clicked on

2019-05-23 10:29:37 - [TEST_STEP][PASSED] - setText(findTestObject("Page_Sign in to GitHub  GitHub/input_Username or email address_login"), "minhcuongit"): Text 'minhcuongit' is set on object 'Object Repository/Page_Sign in to GitHub  GitHub/input_Username or email address_login'

2019-05-23 10:29:37 - [MESSAGE][PASSED] - Text 'minhcuongit' is set on object 'Object Repository/Page_Sign in to GitHub  GitHub/input_Username or email address_login'

2019-05-23 10:29:37 - [TEST_STEP][PASSED] - setEncryptedText(findTestObject("Page_Sign in to GitHub  GitHub/input_Forgot password_password"), "9e5/e4jZbrkRPxL/am/6uYGu2iBUrIMS"): Text ****** has been set on object 'Object Repository/Page_Sign in to GitHub  GitHub/input_Forgot password_password'

2019-05-23 10:29:37 - [MESSAGE][PASSED] - Text ****** has been set on object 'Object Repository/Page_Sign in to GitHub  GitHub/input_Forgot password_password'

2019-05-23 10:29:37 - [TEST_STEP][PASSED] - click(findTestObject("Page_Sign in to GitHub  GitHub/input_Forgot password_commit")): Object: 'Object Repository/Page_Sign in to GitHub  GitHub/input_Forgot password_commit' is clicked on

2019-05-23 10:29:43 - [MESSAGE][PASSED] - Object: 'Object Repository/Page_Sign in to GitHub  GitHub/input_Forgot password_commit' is clicked on

2019-05-23 10:29:43 - [TEST_STEP][PASSED] - click(findTestObject("Page_Spectrum community/img_Explore_style__Img-u3znqr-3 kJsvJN")): Object: 'Object Repository/Page_Spectrum community/img_Explore_style__Img-u3znqr-3 kJsvJN' is clicked on

2019-05-23 10:29:47 - [MESSAGE][PASSED] - Object: 'Object Repository/Page_Spectrum community/img_Explore_style__Img-u3znqr-3 kJsvJN' is clicked on

2019-05-23 10:29:47 - [TEST_STEP][PASSED] - navigateToUrl("http://localhost:3000/new/community"): Navigate to 'http://localhost:3000/new/community' successfully

2019-05-23 10:29:49 - [MESSAGE][PASSED] - Navigate to 'http://localhost:3000/new/community' successfully

2019-05-23 10:29:49 - [TEST_STEP][PASSED] - setText(findTestObject("Object Repository/Page_New community/input_What is your community called_style__StyledInput-sc-17zryot-2 jHXlSy"), community_name): Text 'My community 01' is set on object 'Object Repository/Page_New community/input_What is your community called_style__StyledInput-sc-17zryot-2 jHXlSy'

2019-05-23 10:29:51 - [MESSAGE][PASSED] - Text 'My community 01' is set on object 'Object Repository/Page_New community/input_What is your community called_style__StyledInput-sc-17zryot-2 jHXlSy'

2019-05-23 10:29:51 - [TEST_STEP][PASSED] - setText(findTestObject("Object Repository/Page_New community/textarea_dd"), describe): Text 'This is decribe for community 01' is set on object 'Object Repository/Page_New community/textarea_dd'

2019-05-23 10:29:51 - [MESSAGE][PASSED] - Text 'This is decribe for community 01' is set on object 'Object Repository/Page_New community/textarea_dd'

2019-05-23 10:29:51 - [TEST_STEP][PASSED] - setText(findTestObject("Object Repository/Page_New community/input_Optional Add your communitys website_style__StyledInput-sc-17zryot-2 jHXlSy"), website): Text 'www.community01.com' is set on object 'Object Repository/Page_New community/input_Optional Add your communitys website_style__StyledInput-sc-17zryot-2 jHXlSy'

2019-05-23 10:29:51 - [MESSAGE][PASSED] - Text 'www.community01.com' is set on object 'Object Repository/Page_New community/input_Optional Add your communitys website_style__StyledInput-sc-17zryot-2 jHXlSy'

2019-05-23 10:29:51 - [TEST_STEP][PASSED] - click(findTestObject("Object Repository/Page_New community/div_checkboxI have read the Spectrum Code of Conduct and agree to enforce it in my community")): Object: 'Object Repository/Page_New community/div_checkboxI have read the Spectrum Code of Conduct and agree to enforce it in my community' is clicked on

2019-05-23 10:29:52 - [MESSAGE][PASSED] - Object: 'Object Repository/Page_New community/div_checkboxI have read the Spectrum Code of Conduct and agree to enforce it in my community' is clicked on

2019-05-23 10:29:52 - [TEST_STEP][PASSED] - click(findTestObject("Object Repository/Page_New community/button_Create Community  Continue")): Object: 'Object Repository/Page_New community/button_Create Community  Continue' is clicked on

2019-05-23 10:29:52 - [MESSAGE][PASSED] - Object: 'Object Repository/Page_New community/button_Create Community  Continue' is clicked on

2019-05-23 10:29:52 - [TEST_STEP][PASSED] - click(findTestObject("Object Repository/Page_New community/button_Skip this step")): Object: 'Object Repository/Page_New community/button_Skip this step' is clicked on

2019-05-23 10:29:53 - [MESSAGE][PASSED] - Object: 'Object Repository/Page_New community/button_Skip this step' is clicked on

2019-05-23 10:29:53 - [TEST_STEP][PASSED] - click(findTestObject("Object Repository/Page_New community/button_Go to my community")): Object: 'Object Repository/Page_New community/button_Go to my community' is clicked on

2019-05-23 10:29:55 - [MESSAGE][PASSED] - Object: 'Object Repository/Page_New community/button_Go to my community' is clicked on]]></system-out>
         <system-err><![CDATA[]]></system-err>
      </testcase>
      <testcase name="Test Cases/20 Data-driven test case/Create Community use CSV" classname="Test Cases/20 Data-driven test case/Create Community use CSV" status="PASSED">
         <system-out><![CDATA[2019-05-23 10:29:55 - [TEST_CASE][PASSED] - Test Cases/20 Data-driven test case/Create Community use CSV: Test Cases/20 Data-driven test case/Create Community use CSV

2019-05-23 10:29:55 - [TEST_STEP][PASSED] - openBrowser(""): Browser is opened with url: ''

2019-05-23 10:29:55 - [MESSAGE][WARNING] - A browser is already opened. Closing browser and opening a new one

2019-05-23 10:29:56 - [MESSAGE][INFO] - Starting 'Firefox' driver

2019-05-23 10:29:59 - [MESSAGE][PASSED] - Browser is opened with url: ''

2019-05-23 10:29:59 - [TEST_STEP][PASSED] - navigateToUrl("http://localhost:3000/"): Navigate to 'http://localhost:3000/' successfully

2019-05-23 10:30:01 - [MESSAGE][PASSED] - Navigate to 'http://localhost:3000/' successfully

2019-05-23 10:30:01 - [TEST_STEP][PASSED] - click(findTestObject("Page_Spectrum/button_Log in or sign up")): Object: 'Object Repository/Page_Spectrum/button_Log in or sign up' is clicked on

2019-05-23 10:30:03 - [MESSAGE][PASSED] - Object: 'Object Repository/Page_Spectrum/button_Log in or sign up' is clicked on

2019-05-23 10:30:03 - [TEST_STEP][PASSED] - click(findTestObject("Page_Spectrum/span_Sign in with GitHub")): Object: 'Object Repository/Page_Spectrum/span_Sign in with GitHub' is clicked on

2019-05-23 10:30:05 - [MESSAGE][PASSED] - Object: 'Object Repository/Page_Spectrum/span_Sign in with GitHub' is clicked on

2019-05-23 10:30:05 - [TEST_STEP][PASSED] - setText(findTestObject("Page_Sign in to GitHub  GitHub/input_Username or email address_login"), "minhcuongit"): Text 'minhcuongit' is set on object 'Object Repository/Page_Sign in to GitHub  GitHub/input_Username or email address_login'

2019-05-23 10:30:05 - [MESSAGE][PASSED] - Text 'minhcuongit' is set on object 'Object Repository/Page_Sign in to GitHub  GitHub/input_Username or email address_login'

2019-05-23 10:30:05 - [TEST_STEP][PASSED] - setEncryptedText(findTestObject("Page_Sign in to GitHub  GitHub/input_Forgot password_password"), "9e5/e4jZbrkRPxL/am/6uYGu2iBUrIMS"): Text ****** has been set on object 'Object Repository/Page_Sign in to GitHub  GitHub/input_Forgot password_password'

2019-05-23 10:30:05 - [MESSAGE][PASSED] - Text ****** has been set on object 'Object Repository/Page_Sign in to GitHub  GitHub/input_Forgot password_password'

2019-05-23 10:30:05 - [TEST_STEP][PASSED] - click(findTestObject("Page_Sign in to GitHub  GitHub/input_Forgot password_commit")): Object: 'Object Repository/Page_Sign in to GitHub  GitHub/input_Forgot password_commit' is clicked on

2019-05-23 10:30:10 - [MESSAGE][PASSED] - Object: 'Object Repository/Page_Sign in to GitHub  GitHub/input_Forgot password_commit' is clicked on

2019-05-23 10:30:10 - [TEST_STEP][PASSED] - click(findTestObject("Page_Spectrum community/img_Explore_style__Img-u3znqr-3 kJsvJN")): Object: 'Object Repository/Page_Spectrum community/img_Explore_style__Img-u3znqr-3 kJsvJN' is clicked on

2019-05-23 10:30:14 - [MESSAGE][PASSED] - Object: 'Object Repository/Page_Spectrum community/img_Explore_style__Img-u3znqr-3 kJsvJN' is clicked on

2019-05-23 10:30:14 - [TEST_STEP][PASSED] - navigateToUrl("http://localhost:3000/new/community"): Navigate to 'http://localhost:3000/new/community' successfully

2019-05-23 10:30:15 - [MESSAGE][PASSED] - Navigate to 'http://localhost:3000/new/community' successfully

2019-05-23 10:30:15 - [TEST_STEP][PASSED] - setText(findTestObject("Object Repository/Page_New community/input_What is your community called_style__StyledInput-sc-17zryot-2 jHXlSy"), community_name): Text 'My community 02' is set on object 'Object Repository/Page_New community/input_What is your community called_style__StyledInput-sc-17zryot-2 jHXlSy'

2019-05-23 10:30:17 - [MESSAGE][PASSED] - Text 'My community 02' is set on object 'Object Repository/Page_New community/input_What is your community called_style__StyledInput-sc-17zryot-2 jHXlSy'

2019-05-23 10:30:17 - [TEST_STEP][PASSED] - setText(findTestObject("Object Repository/Page_New community/textarea_dd"), describe): Text 'This is decribe for community 02' is set on object 'Object Repository/Page_New community/textarea_dd'

2019-05-23 10:30:18 - [MESSAGE][PASSED] - Text 'This is decribe for community 02' is set on object 'Object Repository/Page_New community/textarea_dd'

2019-05-23 10:30:18 - [TEST_STEP][PASSED] - setText(findTestObject("Object Repository/Page_New community/input_Optional Add your communitys website_style__StyledInput-sc-17zryot-2 jHXlSy"), website): Text 'www.community02.com' is set on object 'Object Repository/Page_New community/input_Optional Add your communitys website_style__StyledInput-sc-17zryot-2 jHXlSy'

2019-05-23 10:30:19 - [MESSAGE][PASSED] - Text 'www.community02.com' is set on object 'Object Repository/Page_New community/input_Optional Add your communitys website_style__StyledInput-sc-17zryot-2 jHXlSy'

2019-05-23 10:30:19 - [TEST_STEP][PASSED] - click(findTestObject("Object Repository/Page_New community/div_checkboxI have read the Spectrum Code of Conduct and agree to enforce it in my community")): Object: 'Object Repository/Page_New community/div_checkboxI have read the Spectrum Code of Conduct and agree to enforce it in my community' is clicked on

2019-05-23 10:30:19 - [MESSAGE][PASSED] - Object: 'Object Repository/Page_New community/div_checkboxI have read the Spectrum Code of Conduct and agree to enforce it in my community' is clicked on

2019-05-23 10:30:19 - [TEST_STEP][PASSED] - click(findTestObject("Object Repository/Page_New community/button_Create Community  Continue")): Object: 'Object Repository/Page_New community/button_Create Community  Continue' is clicked on

2019-05-23 10:30:19 - [MESSAGE][PASSED] - Object: 'Object Repository/Page_New community/button_Create Community  Continue' is clicked on

2019-05-23 10:30:19 - [TEST_STEP][PASSED] - click(findTestObject("Object Repository/Page_New community/button_Skip this step")): Object: 'Object Repository/Page_New community/button_Skip this step' is clicked on

2019-05-23 10:30:21 - [MESSAGE][PASSED] - Object: 'Object Repository/Page_New community/button_Skip this step' is clicked on

2019-05-23 10:30:21 - [TEST_STEP][PASSED] - click(findTestObject("Object Repository/Page_New community/button_Go to my community")): Object: 'Object Repository/Page_New community/button_Go to my community' is clicked on

2019-05-23 10:30:23 - [MESSAGE][PASSED] - Object: 'Object Repository/Page_New community/button_Go to my community' is clicked on]]></system-out>
         <system-err><![CDATA[]]></system-err>
      </testcase>
      <testcase name="Test Cases/20 Data-driven test case/Create Community use CSV" classname="Test Cases/20 Data-driven test case/Create Community use CSV" status="PASSED">
         <system-out><![CDATA[2019-05-23 10:30:23 - [TEST_CASE][PASSED] - Test Cases/20 Data-driven test case/Create Community use CSV: Test Cases/20 Data-driven test case/Create Community use CSV

2019-05-23 10:30:23 - [TEST_STEP][PASSED] - openBrowser(""): Browser is opened with url: ''

2019-05-23 10:30:23 - [MESSAGE][WARNING] - A browser is already opened. Closing browser and opening a new one

2019-05-23 10:30:24 - [MESSAGE][INFO] - Starting 'Firefox' driver

2019-05-23 10:30:28 - [MESSAGE][PASSED] - Browser is opened with url: ''

2019-05-23 10:30:28 - [TEST_STEP][PASSED] - navigateToUrl("http://localhost:3000/"): Navigate to 'http://localhost:3000/' successfully

2019-05-23 10:30:30 - [MESSAGE][PASSED] - Navigate to 'http://localhost:3000/' successfully

2019-05-23 10:30:30 - [TEST_STEP][PASSED] - click(findTestObject("Page_Spectrum/button_Log in or sign up")): Object: 'Object Repository/Page_Spectrum/button_Log in or sign up' is clicked on

2019-05-23 10:30:32 - [MESSAGE][PASSED] - Object: 'Object Repository/Page_Spectrum/button_Log in or sign up' is clicked on

2019-05-23 10:30:32 - [TEST_STEP][PASSED] - click(findTestObject("Page_Spectrum/span_Sign in with GitHub")): Object: 'Object Repository/Page_Spectrum/span_Sign in with GitHub' is clicked on

2019-05-23 10:30:34 - [MESSAGE][PASSED] - Object: 'Object Repository/Page_Spectrum/span_Sign in with GitHub' is clicked on

2019-05-23 10:30:34 - [TEST_STEP][PASSED] - setText(findTestObject("Page_Sign in to GitHub  GitHub/input_Username or email address_login"), "minhcuongit"): Text 'minhcuongit' is set on object 'Object Repository/Page_Sign in to GitHub  GitHub/input_Username or email address_login'

2019-05-23 10:30:34 - [MESSAGE][PASSED] - Text 'minhcuongit' is set on object 'Object Repository/Page_Sign in to GitHub  GitHub/input_Username or email address_login'

2019-05-23 10:30:34 - [TEST_STEP][PASSED] - setEncryptedText(findTestObject("Page_Sign in to GitHub  GitHub/input_Forgot password_password"), "9e5/e4jZbrkRPxL/am/6uYGu2iBUrIMS"): Text ****** has been set on object 'Object Repository/Page_Sign in to GitHub  GitHub/input_Forgot password_password'

2019-05-23 10:30:34 - [MESSAGE][PASSED] - Text ****** has been set on object 'Object Repository/Page_Sign in to GitHub  GitHub/input_Forgot password_password'

2019-05-23 10:30:34 - [TEST_STEP][PASSED] - click(findTestObject("Page_Sign in to GitHub  GitHub/input_Forgot password_commit")): Object: 'Object Repository/Page_Sign in to GitHub  GitHub/input_Forgot password_commit' is clicked on

2019-05-23 10:30:38 - [MESSAGE][PASSED] - Object: 'Object Repository/Page_Sign in to GitHub  GitHub/input_Forgot password_commit' is clicked on

2019-05-23 10:30:38 - [TEST_STEP][PASSED] - click(findTestObject("Page_Spectrum community/img_Explore_style__Img-u3znqr-3 kJsvJN")): Object: 'Object Repository/Page_Spectrum community/img_Explore_style__Img-u3znqr-3 kJsvJN' is clicked on

2019-05-23 10:30:43 - [MESSAGE][PASSED] - Object: 'Object Repository/Page_Spectrum community/img_Explore_style__Img-u3znqr-3 kJsvJN' is clicked on

2019-05-23 10:30:43 - [TEST_STEP][PASSED] - navigateToUrl("http://localhost:3000/new/community"): Navigate to 'http://localhost:3000/new/community' successfully

2019-05-23 10:30:45 - [MESSAGE][PASSED] - Navigate to 'http://localhost:3000/new/community' successfully

2019-05-23 10:30:45 - [TEST_STEP][PASSED] - setText(findTestObject("Object Repository/Page_New community/input_What is your community called_style__StyledInput-sc-17zryot-2 jHXlSy"), community_name): Text 'My community 03' is set on object 'Object Repository/Page_New community/input_What is your community called_style__StyledInput-sc-17zryot-2 jHXlSy'

2019-05-23 10:30:47 - [MESSAGE][PASSED] - Text 'My community 03' is set on object 'Object Repository/Page_New community/input_What is your community called_style__StyledInput-sc-17zryot-2 jHXlSy'

2019-05-23 10:30:47 - [TEST_STEP][PASSED] - setText(findTestObject("Object Repository/Page_New community/textarea_dd"), describe): Text 'This is decribe for community 03' is set on object 'Object Repository/Page_New community/textarea_dd'

2019-05-23 10:30:47 - [MESSAGE][PASSED] - Text 'This is decribe for community 03' is set on object 'Object Repository/Page_New community/textarea_dd'

2019-05-23 10:30:47 - [TEST_STEP][PASSED] - setText(findTestObject("Object Repository/Page_New community/input_Optional Add your communitys website_style__StyledInput-sc-17zryot-2 jHXlSy"), website): Text 'www.community03.com' is set on object 'Object Repository/Page_New community/input_Optional Add your communitys website_style__StyledInput-sc-17zryot-2 jHXlSy'

2019-05-23 10:30:48 - [MESSAGE][PASSED] - Text 'www.community03.com' is set on object 'Object Repository/Page_New community/input_Optional Add your communitys website_style__StyledInput-sc-17zryot-2 jHXlSy'

2019-05-23 10:30:48 - [TEST_STEP][PASSED] - click(findTestObject("Object Repository/Page_New community/div_checkboxI have read the Spectrum Code of Conduct and agree to enforce it in my community")): Object: 'Object Repository/Page_New community/div_checkboxI have read the Spectrum Code of Conduct and agree to enforce it in my community' is clicked on

2019-05-23 10:30:48 - [MESSAGE][PASSED] - Object: 'Object Repository/Page_New community/div_checkboxI have read the Spectrum Code of Conduct and agree to enforce it in my community' is clicked on

2019-05-23 10:30:48 - [TEST_STEP][PASSED] - click(findTestObject("Object Repository/Page_New community/button_Create Community  Continue")): Object: 'Object Repository/Page_New community/button_Create Community  Continue' is clicked on

2019-05-23 10:30:48 - [MESSAGE][PASSED] - Object: 'Object Repository/Page_New community/button_Create Community  Continue' is clicked on

2019-05-23 10:30:48 - [TEST_STEP][PASSED] - click(findTestObject("Object Repository/Page_New community/button_Skip this step")): Object: 'Object Repository/Page_New community/button_Skip this step' is clicked on

2019-05-23 10:30:50 - [MESSAGE][PASSED] - Object: 'Object Repository/Page_New community/button_Skip this step' is clicked on

2019-05-23 10:30:50 - [TEST_STEP][PASSED] - click(findTestObject("Object Repository/Page_New community/button_Go to my community")): Object: 'Object Repository/Page_New community/button_Go to my community' is clicked on

2019-05-23 10:30:51 - [MESSAGE][PASSED] - Object: 'Object Repository/Page_New community/button_Go to my community' is clicked on]]></system-out>
         <system-err><![CDATA[]]></system-err>
      </testcase>
      <testcase name="Test Cases/20 Data-driven test case/Create Community use CSV" classname="Test Cases/20 Data-driven test case/Create Community use CSV" status="PASSED">
         <system-out><![CDATA[2019-05-23 10:30:51 - [TEST_CASE][PASSED] - Test Cases/20 Data-driven test case/Create Community use CSV: Test Cases/20 Data-driven test case/Create Community use CSV

2019-05-23 10:30:51 - [TEST_STEP][PASSED] - openBrowser(""): Browser is opened with url: ''

2019-05-23 10:30:51 - [MESSAGE][WARNING] - A browser is already opened. Closing browser and opening a new one

2019-05-23 10:30:53 - [MESSAGE][INFO] - Starting 'Firefox' driver

2019-05-23 10:30:56 - [MESSAGE][PASSED] - Browser is opened with url: ''

2019-05-23 10:30:56 - [TEST_STEP][PASSED] - navigateToUrl("http://localhost:3000/"): Navigate to 'http://localhost:3000/' successfully

2019-05-23 10:30:58 - [MESSAGE][PASSED] - Navigate to 'http://localhost:3000/' successfully

2019-05-23 10:30:58 - [TEST_STEP][PASSED] - click(findTestObject("Page_Spectrum/button_Log in or sign up")): Object: 'Object Repository/Page_Spectrum/button_Log in or sign up' is clicked on

2019-05-23 10:31:00 - [MESSAGE][PASSED] - Object: 'Object Repository/Page_Spectrum/button_Log in or sign up' is clicked on

2019-05-23 10:31:00 - [TEST_STEP][PASSED] - click(findTestObject("Page_Spectrum/span_Sign in with GitHub")): Object: 'Object Repository/Page_Spectrum/span_Sign in with GitHub' is clicked on

2019-05-23 10:31:02 - [MESSAGE][PASSED] - Object: 'Object Repository/Page_Spectrum/span_Sign in with GitHub' is clicked on

2019-05-23 10:31:02 - [TEST_STEP][PASSED] - setText(findTestObject("Page_Sign in to GitHub  GitHub/input_Username or email address_login"), "minhcuongit"): Text 'minhcuongit' is set on object 'Object Repository/Page_Sign in to GitHub  GitHub/input_Username or email address_login'

2019-05-23 10:31:02 - [MESSAGE][PASSED] - Text 'minhcuongit' is set on object 'Object Repository/Page_Sign in to GitHub  GitHub/input_Username or email address_login'

2019-05-23 10:31:02 - [TEST_STEP][PASSED] - setEncryptedText(findTestObject("Page_Sign in to GitHub  GitHub/input_Forgot password_password"), "9e5/e4jZbrkRPxL/am/6uYGu2iBUrIMS"): Text ****** has been set on object 'Object Repository/Page_Sign in to GitHub  GitHub/input_Forgot password_password'

2019-05-23 10:31:02 - [MESSAGE][PASSED] - Text ****** has been set on object 'Object Repository/Page_Sign in to GitHub  GitHub/input_Forgot password_password'

2019-05-23 10:31:02 - [TEST_STEP][PASSED] - click(findTestObject("Page_Sign in to GitHub  GitHub/input_Forgot password_commit")): Object: 'Object Repository/Page_Sign in to GitHub  GitHub/input_Forgot password_commit' is clicked on

2019-05-23 10:31:08 - [MESSAGE][PASSED] - Object: 'Object Repository/Page_Sign in to GitHub  GitHub/input_Forgot password_commit' is clicked on

2019-05-23 10:31:08 - [TEST_STEP][PASSED] - click(findTestObject("Page_Spectrum community/img_Explore_style__Img-u3znqr-3 kJsvJN")): Object: 'Object Repository/Page_Spectrum community/img_Explore_style__Img-u3znqr-3 kJsvJN' is clicked on

2019-05-23 10:31:13 - [MESSAGE][PASSED] - Object: 'Object Repository/Page_Spectrum community/img_Explore_style__Img-u3znqr-3 kJsvJN' is clicked on

2019-05-23 10:31:13 - [TEST_STEP][PASSED] - navigateToUrl("http://localhost:3000/new/community"): Navigate to 'http://localhost:3000/new/community' successfully

2019-05-23 10:31:15 - [MESSAGE][PASSED] - Navigate to 'http://localhost:3000/new/community' successfully

2019-05-23 10:31:15 - [TEST_STEP][PASSED] - setText(findTestObject("Object Repository/Page_New community/input_What is your community called_style__StyledInput-sc-17zryot-2 jHXlSy"), community_name): Text 'My community 04' is set on object 'Object Repository/Page_New community/input_What is your community called_style__StyledInput-sc-17zryot-2 jHXlSy'

2019-05-23 10:31:18 - [MESSAGE][PASSED] - Text 'My community 04' is set on object 'Object Repository/Page_New community/input_What is your community called_style__StyledInput-sc-17zryot-2 jHXlSy'

2019-05-23 10:31:18 - [TEST_STEP][PASSED] - setText(findTestObject("Object Repository/Page_New community/textarea_dd"), describe): Text 'This is decribe for community 04' is set on object 'Object Repository/Page_New community/textarea_dd'

2019-05-23 10:31:18 - [MESSAGE][PASSED] - Text 'This is decribe for community 04' is set on object 'Object Repository/Page_New community/textarea_dd'

2019-05-23 10:31:18 - [TEST_STEP][PASSED] - setText(findTestObject("Object Repository/Page_New community/input_Optional Add your communitys website_style__StyledInput-sc-17zryot-2 jHXlSy"), website): Text 'www.community04.com' is set on object 'Object Repository/Page_New community/input_Optional Add your communitys website_style__StyledInput-sc-17zryot-2 jHXlSy'

2019-05-23 10:31:19 - [MESSAGE][PASSED] - Text 'www.community04.com' is set on object 'Object Repository/Page_New community/input_Optional Add your communitys website_style__StyledInput-sc-17zryot-2 jHXlSy'

2019-05-23 10:31:19 - [TEST_STEP][PASSED] - click(findTestObject("Object Repository/Page_New community/div_checkboxI have read the Spectrum Code of Conduct and agree to enforce it in my community")): Object: 'Object Repository/Page_New community/div_checkboxI have read the Spectrum Code of Conduct and agree to enforce it in my community' is clicked on

2019-05-23 10:31:19 - [MESSAGE][PASSED] - Object: 'Object Repository/Page_New community/div_checkboxI have read the Spectrum Code of Conduct and agree to enforce it in my community' is clicked on

2019-05-23 10:31:19 - [TEST_STEP][PASSED] - click(findTestObject("Object Repository/Page_New community/button_Create Community  Continue")): Object: 'Object Repository/Page_New community/button_Create Community  Continue' is clicked on

2019-05-23 10:31:19 - [MESSAGE][PASSED] - Object: 'Object Repository/Page_New community/button_Create Community  Continue' is clicked on

2019-05-23 10:31:19 - [TEST_STEP][PASSED] - click(findTestObject("Object Repository/Page_New community/button_Skip this step")): Object: 'Object Repository/Page_New community/button_Skip this step' is clicked on

2019-05-23 10:31:21 - [MESSAGE][PASSED] - Object: 'Object Repository/Page_New community/button_Skip this step' is clicked on

2019-05-23 10:31:21 - [TEST_STEP][PASSED] - click(findTestObject("Object Repository/Page_New community/button_Go to my community")): Object: 'Object Repository/Page_New community/button_Go to my community' is clicked on

2019-05-23 10:31:23 - [MESSAGE][PASSED] - Object: 'Object Repository/Page_New community/button_Go to my community' is clicked on]]></system-out>
         <system-err><![CDATA[]]></system-err>
      </testcase>
      <testcase name="Test Cases/20 Data-driven test case/Create Community use CSV" classname="Test Cases/20 Data-driven test case/Create Community use CSV" status="PASSED">
         <system-out><![CDATA[2019-05-23 10:31:23 - [TEST_CASE][PASSED] - Test Cases/20 Data-driven test case/Create Community use CSV: Test Cases/20 Data-driven test case/Create Community use CSV

2019-05-23 10:31:23 - [TEST_STEP][PASSED] - openBrowser(""): Browser is opened with url: ''

2019-05-23 10:31:23 - [MESSAGE][WARNING] - A browser is already opened. Closing browser and opening a new one

2019-05-23 10:31:25 - [MESSAGE][INFO] - Starting 'Firefox' driver

2019-05-23 10:31:29 - [MESSAGE][PASSED] - Browser is opened with url: ''

2019-05-23 10:31:29 - [TEST_STEP][PASSED] - navigateToUrl("http://localhost:3000/"): Navigate to 'http://localhost:3000/' successfully

2019-05-23 10:31:31 - [MESSAGE][PASSED] - Navigate to 'http://localhost:3000/' successfully

2019-05-23 10:31:31 - [TEST_STEP][PASSED] - click(findTestObject("Page_Spectrum/button_Log in or sign up")): Object: 'Object Repository/Page_Spectrum/button_Log in or sign up' is clicked on

2019-05-23 10:31:33 - [MESSAGE][PASSED] - Object: 'Object Repository/Page_Spectrum/button_Log in or sign up' is clicked on

2019-05-23 10:31:33 - [TEST_STEP][PASSED] - click(findTestObject("Page_Spectrum/span_Sign in with GitHub")): Object: 'Object Repository/Page_Spectrum/span_Sign in with GitHub' is clicked on

2019-05-23 10:31:35 - [MESSAGE][PASSED] - Object: 'Object Repository/Page_Spectrum/span_Sign in with GitHub' is clicked on

2019-05-23 10:31:35 - [TEST_STEP][PASSED] - setText(findTestObject("Page_Sign in to GitHub  GitHub/input_Username or email address_login"), "minhcuongit"): Text 'minhcuongit' is set on object 'Object Repository/Page_Sign in to GitHub  GitHub/input_Username or email address_login'

2019-05-23 10:31:35 - [MESSAGE][PASSED] - Text 'minhcuongit' is set on object 'Object Repository/Page_Sign in to GitHub  GitHub/input_Username or email address_login'

2019-05-23 10:31:35 - [TEST_STEP][PASSED] - setEncryptedText(findTestObject("Page_Sign in to GitHub  GitHub/input_Forgot password_password"), "9e5/e4jZbrkRPxL/am/6uYGu2iBUrIMS"): Text ****** has been set on object 'Object Repository/Page_Sign in to GitHub  GitHub/input_Forgot password_password'

2019-05-23 10:31:35 - [MESSAGE][PASSED] - Text ****** has been set on object 'Object Repository/Page_Sign in to GitHub  GitHub/input_Forgot password_password'

2019-05-23 10:31:35 - [TEST_STEP][PASSED] - click(findTestObject("Page_Sign in to GitHub  GitHub/input_Forgot password_commit")): Object: 'Object Repository/Page_Sign in to GitHub  GitHub/input_Forgot password_commit' is clicked on

2019-05-23 10:31:39 - [MESSAGE][PASSED] - Object: 'Object Repository/Page_Sign in to GitHub  GitHub/input_Forgot password_commit' is clicked on

2019-05-23 10:31:39 - [TEST_STEP][PASSED] - click(findTestObject("Page_Spectrum community/img_Explore_style__Img-u3znqr-3 kJsvJN")): Object: 'Object Repository/Page_Spectrum community/img_Explore_style__Img-u3znqr-3 kJsvJN' is clicked on

2019-05-23 10:31:44 - [MESSAGE][PASSED] - Object: 'Object Repository/Page_Spectrum community/img_Explore_style__Img-u3znqr-3 kJsvJN' is clicked on

2019-05-23 10:31:44 - [TEST_STEP][PASSED] - navigateToUrl("http://localhost:3000/new/community"): Navigate to 'http://localhost:3000/new/community' successfully

2019-05-23 10:31:46 - [MESSAGE][PASSED] - Navigate to 'http://localhost:3000/new/community' successfully

2019-05-23 10:31:46 - [TEST_STEP][PASSED] - setText(findTestObject("Object Repository/Page_New community/input_What is your community called_style__StyledInput-sc-17zryot-2 jHXlSy"), community_name): Text 'My community 05' is set on object 'Object Repository/Page_New community/input_What is your community called_style__StyledInput-sc-17zryot-2 jHXlSy'

2019-05-23 10:31:48 - [MESSAGE][PASSED] - Text 'My community 05' is set on object 'Object Repository/Page_New community/input_What is your community called_style__StyledInput-sc-17zryot-2 jHXlSy'

2019-05-23 10:31:48 - [TEST_STEP][PASSED] - setText(findTestObject("Object Repository/Page_New community/textarea_dd"), describe): Text 'This is decribe for community 05' is set on object 'Object Repository/Page_New community/textarea_dd'

2019-05-23 10:31:49 - [MESSAGE][PASSED] - Text 'This is decribe for community 05' is set on object 'Object Repository/Page_New community/textarea_dd'

2019-05-23 10:31:49 - [TEST_STEP][PASSED] - setText(findTestObject("Object Repository/Page_New community/input_Optional Add your communitys website_style__StyledInput-sc-17zryot-2 jHXlSy"), website): Text 'www.community05.com' is set on object 'Object Repository/Page_New community/input_Optional Add your communitys website_style__StyledInput-sc-17zryot-2 jHXlSy'

2019-05-23 10:31:49 - [MESSAGE][PASSED] - Text 'www.community05.com' is set on object 'Object Repository/Page_New community/input_Optional Add your communitys website_style__StyledInput-sc-17zryot-2 jHXlSy'

2019-05-23 10:31:49 - [TEST_STEP][PASSED] - click(findTestObject("Object Repository/Page_New community/div_checkboxI have read the Spectrum Code of Conduct and agree to enforce it in my community")): Object: 'Object Repository/Page_New community/div_checkboxI have read the Spectrum Code of Conduct and agree to enforce it in my community' is clicked on

2019-05-23 10:31:50 - [MESSAGE][PASSED] - Object: 'Object Repository/Page_New community/div_checkboxI have read the Spectrum Code of Conduct and agree to enforce it in my community' is clicked on

2019-05-23 10:31:50 - [TEST_STEP][PASSED] - click(findTestObject("Object Repository/Page_New community/button_Create Community  Continue")): Object: 'Object Repository/Page_New community/button_Create Community  Continue' is clicked on

2019-05-23 10:31:50 - [MESSAGE][PASSED] - Object: 'Object Repository/Page_New community/button_Create Community  Continue' is clicked on

2019-05-23 10:31:50 - [TEST_STEP][PASSED] - click(findTestObject("Object Repository/Page_New community/button_Skip this step")): Object: 'Object Repository/Page_New community/button_Skip this step' is clicked on

2019-05-23 10:31:52 - [MESSAGE][PASSED] - Object: 'Object Repository/Page_New community/button_Skip this step' is clicked on

2019-05-23 10:31:52 - [TEST_STEP][PASSED] - click(findTestObject("Object Repository/Page_New community/button_Go to my community")): Object: 'Object Repository/Page_New community/button_Go to my community' is clicked on

2019-05-23 10:31:54 - [MESSAGE][PASSED] - Object: 'Object Repository/Page_New community/button_Go to my community' is clicked on]]></system-out>
         <system-err><![CDATA[]]></system-err>
      </testcase>
      <testcase name="Test Cases/20 Data-driven test case/Create Community use Internal Data" classname="Test Cases/20 Data-driven test case/Create Community use Internal Data" status="PASSED">
         <system-out><![CDATA[2019-05-23 10:31:54 - [TEST_CASE][PASSED] - Test Cases/20 Data-driven test case/Create Community use Internal Data: Test Cases/20 Data-driven test case/Create Community use Internal Data

2019-05-23 10:31:55 - [TEST_STEP][PASSED] - openBrowser(""): Browser is opened with url: ''

2019-05-23 10:31:55 - [MESSAGE][WARNING] - A browser is already opened. Closing browser and opening a new one

2019-05-23 10:31:57 - [MESSAGE][INFO] - Starting 'Firefox' driver

2019-05-23 10:32:00 - [MESSAGE][PASSED] - Browser is opened with url: ''

2019-05-23 10:32:00 - [TEST_STEP][PASSED] - navigateToUrl("http://localhost:3000/"): Navigate to 'http://localhost:3000/' successfully

2019-05-23 10:32:03 - [MESSAGE][PASSED] - Navigate to 'http://localhost:3000/' successfully

2019-05-23 10:32:03 - [TEST_STEP][PASSED] - click(findTestObject("Page_Spectrum/button_Log in or sign up")): Object: 'Object Repository/Page_Spectrum/button_Log in or sign up' is clicked on

2019-05-23 10:32:05 - [MESSAGE][PASSED] - Object: 'Object Repository/Page_Spectrum/button_Log in or sign up' is clicked on

2019-05-23 10:32:05 - [TEST_STEP][PASSED] - click(findTestObject("Page_Spectrum/span_Sign in with GitHub")): Object: 'Object Repository/Page_Spectrum/span_Sign in with GitHub' is clicked on

2019-05-23 10:32:07 - [MESSAGE][PASSED] - Object: 'Object Repository/Page_Spectrum/span_Sign in with GitHub' is clicked on

2019-05-23 10:32:07 - [TEST_STEP][PASSED] - setText(findTestObject("Page_Sign in to GitHub  GitHub/input_Username or email address_login"), "minhcuongit"): Text 'minhcuongit' is set on object 'Object Repository/Page_Sign in to GitHub  GitHub/input_Username or email address_login'

2019-05-23 10:32:07 - [MESSAGE][PASSED] - Text 'minhcuongit' is set on object 'Object Repository/Page_Sign in to GitHub  GitHub/input_Username or email address_login'

2019-05-23 10:32:07 - [TEST_STEP][PASSED] - setEncryptedText(findTestObject("Page_Sign in to GitHub  GitHub/input_Forgot password_password"), "9e5/e4jZbrkRPxL/am/6uYGu2iBUrIMS"): Text ****** has been set on object 'Object Repository/Page_Sign in to GitHub  GitHub/input_Forgot password_password'

2019-05-23 10:32:07 - [MESSAGE][PASSED] - Text ****** has been set on object 'Object Repository/Page_Sign in to GitHub  GitHub/input_Forgot password_password'

2019-05-23 10:32:07 - [TEST_STEP][PASSED] - click(findTestObject("Page_Sign in to GitHub  GitHub/input_Forgot password_commit")): Object: 'Object Repository/Page_Sign in to GitHub  GitHub/input_Forgot password_commit' is clicked on

2019-05-23 10:32:12 - [MESSAGE][PASSED] - Object: 'Object Repository/Page_Sign in to GitHub  GitHub/input_Forgot password_commit' is clicked on

2019-05-23 10:32:12 - [TEST_STEP][PASSED] - click(findTestObject("Page_Spectrum community/img_Explore_style__Img-u3znqr-3 kJsvJN")): Object: 'Object Repository/Page_Spectrum community/img_Explore_style__Img-u3znqr-3 kJsvJN' is clicked on

2019-05-23 10:32:17 - [MESSAGE][PASSED] - Object: 'Object Repository/Page_Spectrum community/img_Explore_style__Img-u3znqr-3 kJsvJN' is clicked on

2019-05-23 10:32:17 - [TEST_STEP][PASSED] - navigateToUrl("http://localhost:3000/new/community"): Navigate to 'http://localhost:3000/new/community' successfully

2019-05-23 10:32:18 - [MESSAGE][PASSED] - Navigate to 'http://localhost:3000/new/community' successfully

2019-05-23 10:32:18 - [TEST_STEP][PASSED] - setText(findTestObject("Object Repository/Page_New community/input_What is your community called_style__StyledInput-sc-17zryot-2 jHXlSy"), community_name): Text 'Community 0001' is set on object 'Object Repository/Page_New community/input_What is your community called_style__StyledInput-sc-17zryot-2 jHXlSy'

2019-05-23 10:32:21 - [MESSAGE][PASSED] - Text 'Community 0001' is set on object 'Object Repository/Page_New community/input_What is your community called_style__StyledInput-sc-17zryot-2 jHXlSy'

2019-05-23 10:32:21 - [TEST_STEP][PASSED] - setText(findTestObject("Object Repository/Page_New community/textarea_dd"), describe): Text 'The describe of Community 0001' is set on object 'Object Repository/Page_New community/textarea_dd'

2019-05-23 10:32:21 - [MESSAGE][PASSED] - Text 'The describe of Community 0001' is set on object 'Object Repository/Page_New community/textarea_dd'

2019-05-23 10:32:21 - [TEST_STEP][PASSED] - setText(findTestObject("Object Repository/Page_New community/input_Optional Add your communitys website_style__StyledInput-sc-17zryot-2 jHXlSy"), website): Text 'company0001.com' is set on object 'Object Repository/Page_New community/input_Optional Add your communitys website_style__StyledInput-sc-17zryot-2 jHXlSy'

2019-05-23 10:32:22 - [MESSAGE][PASSED] - Text 'company0001.com' is set on object 'Object Repository/Page_New community/input_Optional Add your communitys website_style__StyledInput-sc-17zryot-2 jHXlSy'

2019-05-23 10:32:22 - [TEST_STEP][PASSED] - click(findTestObject("Object Repository/Page_New community/div_checkboxI have read the Spectrum Code of Conduct and agree to enforce it in my community")): Object: 'Object Repository/Page_New community/div_checkboxI have read the Spectrum Code of Conduct and agree to enforce it in my community' is clicked on

2019-05-23 10:32:22 - [MESSAGE][PASSED] - Object: 'Object Repository/Page_New community/div_checkboxI have read the Spectrum Code of Conduct and agree to enforce it in my community' is clicked on

2019-05-23 10:32:22 - [TEST_STEP][PASSED] - click(findTestObject("Object Repository/Page_New community/button_Create Community  Continue")): Object: 'Object Repository/Page_New community/button_Create Community  Continue' is clicked on

2019-05-23 10:32:22 - [MESSAGE][PASSED] - Object: 'Object Repository/Page_New community/button_Create Community  Continue' is clicked on

2019-05-23 10:32:22 - [TEST_STEP][PASSED] - click(findTestObject("Object Repository/Page_New community/button_Skip this step")): Object: 'Object Repository/Page_New community/button_Skip this step' is clicked on

2019-05-23 10:32:24 - [MESSAGE][PASSED] - Object: 'Object Repository/Page_New community/button_Skip this step' is clicked on

2019-05-23 10:32:24 - [TEST_STEP][PASSED] - click(findTestObject("Object Repository/Page_New community/button_Go to my community")): Object: 'Object Repository/Page_New community/button_Go to my community' is clicked on

2019-05-23 10:32:27 - [MESSAGE][PASSED] - Object: 'Object Repository/Page_New community/button_Go to my community' is clicked on]]></system-out>
         <system-err><![CDATA[]]></system-err>
      </testcase>
      <testcase name="Test Cases/20 Data-driven test case/Create Community use Internal Data" classname="Test Cases/20 Data-driven test case/Create Community use Internal Data" status="PASSED">
         <system-out><![CDATA[2019-05-23 10:32:27 - [TEST_CASE][PASSED] - Test Cases/20 Data-driven test case/Create Community use Internal Data: Test Cases/20 Data-driven test case/Create Community use Internal Data

2019-05-23 10:32:27 - [TEST_STEP][PASSED] - openBrowser(""): Browser is opened with url: ''

2019-05-23 10:32:27 - [MESSAGE][WARNING] - A browser is already opened. Closing browser and opening a new one

2019-05-23 10:32:30 - [MESSAGE][INFO] - Starting 'Firefox' driver

2019-05-23 10:32:34 - [MESSAGE][PASSED] - Browser is opened with url: ''

2019-05-23 10:32:34 - [TEST_STEP][PASSED] - navigateToUrl("http://localhost:3000/"): Navigate to 'http://localhost:3000/' successfully

2019-05-23 10:32:37 - [MESSAGE][PASSED] - Navigate to 'http://localhost:3000/' successfully

2019-05-23 10:32:37 - [TEST_STEP][PASSED] - click(findTestObject("Page_Spectrum/button_Log in or sign up")): Object: 'Object Repository/Page_Spectrum/button_Log in or sign up' is clicked on

2019-05-23 10:32:39 - [MESSAGE][PASSED] - Object: 'Object Repository/Page_Spectrum/button_Log in or sign up' is clicked on

2019-05-23 10:32:39 - [TEST_STEP][PASSED] - click(findTestObject("Page_Spectrum/span_Sign in with GitHub")): Object: 'Object Repository/Page_Spectrum/span_Sign in with GitHub' is clicked on

2019-05-23 10:32:41 - [MESSAGE][PASSED] - Object: 'Object Repository/Page_Spectrum/span_Sign in with GitHub' is clicked on

2019-05-23 10:32:41 - [TEST_STEP][PASSED] - setText(findTestObject("Page_Sign in to GitHub  GitHub/input_Username or email address_login"), "minhcuongit"): Text 'minhcuongit' is set on object 'Object Repository/Page_Sign in to GitHub  GitHub/input_Username or email address_login'

2019-05-23 10:32:41 - [MESSAGE][PASSED] - Text 'minhcuongit' is set on object 'Object Repository/Page_Sign in to GitHub  GitHub/input_Username or email address_login'

2019-05-23 10:32:41 - [TEST_STEP][PASSED] - setEncryptedText(findTestObject("Page_Sign in to GitHub  GitHub/input_Forgot password_password"), "9e5/e4jZbrkRPxL/am/6uYGu2iBUrIMS"): Text ****** has been set on object 'Object Repository/Page_Sign in to GitHub  GitHub/input_Forgot password_password'

2019-05-23 10:32:41 - [MESSAGE][PASSED] - Text ****** has been set on object 'Object Repository/Page_Sign in to GitHub  GitHub/input_Forgot password_password'

2019-05-23 10:32:41 - [TEST_STEP][PASSED] - click(findTestObject("Page_Sign in to GitHub  GitHub/input_Forgot password_commit")): Object: 'Object Repository/Page_Sign in to GitHub  GitHub/input_Forgot password_commit' is clicked on

2019-05-23 10:32:45 - [MESSAGE][PASSED] - Object: 'Object Repository/Page_Sign in to GitHub  GitHub/input_Forgot password_commit' is clicked on

2019-05-23 10:32:45 - [TEST_STEP][PASSED] - click(findTestObject("Page_Spectrum community/img_Explore_style__Img-u3znqr-3 kJsvJN")): Object: 'Object Repository/Page_Spectrum community/img_Explore_style__Img-u3znqr-3 kJsvJN' is clicked on

2019-05-23 10:32:51 - [MESSAGE][PASSED] - Object: 'Object Repository/Page_Spectrum community/img_Explore_style__Img-u3znqr-3 kJsvJN' is clicked on

2019-05-23 10:32:51 - [TEST_STEP][PASSED] - navigateToUrl("http://localhost:3000/new/community"): Navigate to 'http://localhost:3000/new/community' successfully

2019-05-23 10:32:53 - [MESSAGE][PASSED] - Navigate to 'http://localhost:3000/new/community' successfully

2019-05-23 10:32:53 - [TEST_STEP][PASSED] - setText(findTestObject("Object Repository/Page_New community/input_What is your community called_style__StyledInput-sc-17zryot-2 jHXlSy"), community_name): Text 'Community 0002' is set on object 'Object Repository/Page_New community/input_What is your community called_style__StyledInput-sc-17zryot-2 jHXlSy'

2019-05-23 10:32:55 - [MESSAGE][PASSED] - Text 'Community 0002' is set on object 'Object Repository/Page_New community/input_What is your community called_style__StyledInput-sc-17zryot-2 jHXlSy'

2019-05-23 10:32:55 - [TEST_STEP][PASSED] - setText(findTestObject("Object Repository/Page_New community/textarea_dd"), describe): Text 'The describe of Community 0002' is set on object 'Object Repository/Page_New community/textarea_dd'

2019-05-23 10:32:56 - [MESSAGE][PASSED] - Text 'The describe of Community 0002' is set on object 'Object Repository/Page_New community/textarea_dd'

2019-05-23 10:32:56 - [TEST_STEP][PASSED] - setText(findTestObject("Object Repository/Page_New community/input_Optional Add your communitys website_style__StyledInput-sc-17zryot-2 jHXlSy"), website): Text 'company0002.com' is set on object 'Object Repository/Page_New community/input_Optional Add your communitys website_style__StyledInput-sc-17zryot-2 jHXlSy'

2019-05-23 10:32:56 - [MESSAGE][PASSED] - Text 'company0002.com' is set on object 'Object Repository/Page_New community/input_Optional Add your communitys website_style__StyledInput-sc-17zryot-2 jHXlSy'

2019-05-23 10:32:56 - [TEST_STEP][PASSED] - click(findTestObject("Object Repository/Page_New community/div_checkboxI have read the Spectrum Code of Conduct and agree to enforce it in my community")): Object: 'Object Repository/Page_New community/div_checkboxI have read the Spectrum Code of Conduct and agree to enforce it in my community' is clicked on

2019-05-23 10:32:57 - [MESSAGE][PASSED] - Object: 'Object Repository/Page_New community/div_checkboxI have read the Spectrum Code of Conduct and agree to enforce it in my community' is clicked on

2019-05-23 10:32:57 - [TEST_STEP][PASSED] - click(findTestObject("Object Repository/Page_New community/button_Create Community  Continue")): Object: 'Object Repository/Page_New community/button_Create Community  Continue' is clicked on

2019-05-23 10:32:57 - [MESSAGE][PASSED] - Object: 'Object Repository/Page_New community/button_Create Community  Continue' is clicked on

2019-05-23 10:32:57 - [TEST_STEP][PASSED] - click(findTestObject("Object Repository/Page_New community/button_Skip this step")): Object: 'Object Repository/Page_New community/button_Skip this step' is clicked on

2019-05-23 10:32:59 - [MESSAGE][PASSED] - Object: 'Object Repository/Page_New community/button_Skip this step' is clicked on

2019-05-23 10:32:59 - [TEST_STEP][PASSED] - click(findTestObject("Object Repository/Page_New community/button_Go to my community")): Object: 'Object Repository/Page_New community/button_Go to my community' is clicked on

2019-05-23 10:33:01 - [MESSAGE][PASSED] - Object: 'Object Repository/Page_New community/button_Go to my community' is clicked on]]></system-out>
         <system-err><![CDATA[]]></system-err>
      </testcase>
      <testcase name="Test Cases/20 Data-driven test case/Create Community use Internal Data" classname="Test Cases/20 Data-driven test case/Create Community use Internal Data" status="PASSED">
         <system-out><![CDATA[2019-05-23 10:33:01 - [TEST_CASE][PASSED] - Test Cases/20 Data-driven test case/Create Community use Internal Data: Test Cases/20 Data-driven test case/Create Community use Internal Data

2019-05-23 10:33:01 - [TEST_STEP][PASSED] - openBrowser(""): Browser is opened with url: ''

2019-05-23 10:33:01 - [MESSAGE][WARNING] - A browser is already opened. Closing browser and opening a new one

2019-05-23 10:33:03 - [MESSAGE][INFO] - Starting 'Firefox' driver

2019-05-23 10:33:07 - [MESSAGE][PASSED] - Browser is opened with url: ''

2019-05-23 10:33:07 - [TEST_STEP][PASSED] - navigateToUrl("http://localhost:3000/"): Navigate to 'http://localhost:3000/' successfully

2019-05-23 10:33:09 - [MESSAGE][PASSED] - Navigate to 'http://localhost:3000/' successfully

2019-05-23 10:33:09 - [TEST_STEP][PASSED] - click(findTestObject("Page_Spectrum/button_Log in or sign up")): Object: 'Object Repository/Page_Spectrum/button_Log in or sign up' is clicked on

2019-05-23 10:33:13 - [MESSAGE][PASSED] - Object: 'Object Repository/Page_Spectrum/button_Log in or sign up' is clicked on

2019-05-23 10:33:13 - [TEST_STEP][PASSED] - click(findTestObject("Page_Spectrum/span_Sign in with GitHub")): Object: 'Object Repository/Page_Spectrum/span_Sign in with GitHub' is clicked on

2019-05-23 10:33:15 - [MESSAGE][PASSED] - Object: 'Object Repository/Page_Spectrum/span_Sign in with GitHub' is clicked on

2019-05-23 10:33:15 - [TEST_STEP][PASSED] - setText(findTestObject("Page_Sign in to GitHub  GitHub/input_Username or email address_login"), "minhcuongit"): Text 'minhcuongit' is set on object 'Object Repository/Page_Sign in to GitHub  GitHub/input_Username or email address_login'

2019-05-23 10:33:15 - [MESSAGE][PASSED] - Text 'minhcuongit' is set on object 'Object Repository/Page_Sign in to GitHub  GitHub/input_Username or email address_login'

2019-05-23 10:33:15 - [TEST_STEP][PASSED] - setEncryptedText(findTestObject("Page_Sign in to GitHub  GitHub/input_Forgot password_password"), "9e5/e4jZbrkRPxL/am/6uYGu2iBUrIMS"): Text ****** has been set on object 'Object Repository/Page_Sign in to GitHub  GitHub/input_Forgot password_password'

2019-05-23 10:33:15 - [MESSAGE][PASSED] - Text ****** has been set on object 'Object Repository/Page_Sign in to GitHub  GitHub/input_Forgot password_password'

2019-05-23 10:33:15 - [TEST_STEP][PASSED] - click(findTestObject("Page_Sign in to GitHub  GitHub/input_Forgot password_commit")): Object: 'Object Repository/Page_Sign in to GitHub  GitHub/input_Forgot password_commit' is clicked on

2019-05-23 10:33:20 - [MESSAGE][PASSED] - Object: 'Object Repository/Page_Sign in to GitHub  GitHub/input_Forgot password_commit' is clicked on

2019-05-23 10:33:20 - [TEST_STEP][PASSED] - click(findTestObject("Page_Spectrum community/img_Explore_style__Img-u3znqr-3 kJsvJN")): Object: 'Object Repository/Page_Spectrum community/img_Explore_style__Img-u3znqr-3 kJsvJN' is clicked on

2019-05-23 10:33:24 - [MESSAGE][PASSED] - Object: 'Object Repository/Page_Spectrum community/img_Explore_style__Img-u3znqr-3 kJsvJN' is clicked on

2019-05-23 10:33:24 - [TEST_STEP][PASSED] - navigateToUrl("http://localhost:3000/new/community"): Navigate to 'http://localhost:3000/new/community' successfully

2019-05-23 10:33:26 - [MESSAGE][PASSED] - Navigate to 'http://localhost:3000/new/community' successfully

2019-05-23 10:33:26 - [TEST_STEP][PASSED] - setText(findTestObject("Object Repository/Page_New community/input_What is your community called_style__StyledInput-sc-17zryot-2 jHXlSy"), community_name): Text 'Community 0003' is set on object 'Object Repository/Page_New community/input_What is your community called_style__StyledInput-sc-17zryot-2 jHXlSy'

2019-05-23 10:33:28 - [MESSAGE][PASSED] - Text 'Community 0003' is set on object 'Object Repository/Page_New community/input_What is your community called_style__StyledInput-sc-17zryot-2 jHXlSy'

2019-05-23 10:33:28 - [TEST_STEP][PASSED] - setText(findTestObject("Object Repository/Page_New community/textarea_dd"), describe): Text 'The describe of Community 0003' is set on object 'Object Repository/Page_New community/textarea_dd'

2019-05-23 10:33:29 - [MESSAGE][PASSED] - Text 'The describe of Community 0003' is set on object 'Object Repository/Page_New community/textarea_dd'

2019-05-23 10:33:29 - [TEST_STEP][PASSED] - setText(findTestObject("Object Repository/Page_New community/input_Optional Add your communitys website_style__StyledInput-sc-17zryot-2 jHXlSy"), website): Text 'company0003.com' is set on object 'Object Repository/Page_New community/input_Optional Add your communitys website_style__StyledInput-sc-17zryot-2 jHXlSy'

2019-05-23 10:33:29 - [MESSAGE][PASSED] - Text 'company0003.com' is set on object 'Object Repository/Page_New community/input_Optional Add your communitys website_style__StyledInput-sc-17zryot-2 jHXlSy'

2019-05-23 10:33:29 - [TEST_STEP][PASSED] - click(findTestObject("Object Repository/Page_New community/div_checkboxI have read the Spectrum Code of Conduct and agree to enforce it in my community")): Object: 'Object Repository/Page_New community/div_checkboxI have read the Spectrum Code of Conduct and agree to enforce it in my community' is clicked on

2019-05-23 10:33:29 - [MESSAGE][PASSED] - Object: 'Object Repository/Page_New community/div_checkboxI have read the Spectrum Code of Conduct and agree to enforce it in my community' is clicked on

2019-05-23 10:33:29 - [TEST_STEP][PASSED] - click(findTestObject("Object Repository/Page_New community/button_Create Community  Continue")): Object: 'Object Repository/Page_New community/button_Create Community  Continue' is clicked on

2019-05-23 10:33:30 - [MESSAGE][PASSED] - Object: 'Object Repository/Page_New community/button_Create Community  Continue' is clicked on

2019-05-23 10:33:30 - [TEST_STEP][PASSED] - click(findTestObject("Object Repository/Page_New community/button_Skip this step")): Object: 'Object Repository/Page_New community/button_Skip this step' is clicked on

2019-05-23 10:33:32 - [MESSAGE][PASSED] - Object: 'Object Repository/Page_New community/button_Skip this step' is clicked on

2019-05-23 10:33:32 - [TEST_STEP][PASSED] - click(findTestObject("Object Repository/Page_New community/button_Go to my community")): Object: 'Object Repository/Page_New community/button_Go to my community' is clicked on

2019-05-23 10:33:33 - [MESSAGE][PASSED] - Object: 'Object Repository/Page_New community/button_Go to my community' is clicked on]]></system-out>
         <system-err><![CDATA[]]></system-err>
      </testcase>
      <testcase name="Test Cases/20 Data-driven test case/Create Community use Internal Data" classname="Test Cases/20 Data-driven test case/Create Community use Internal Data" status="PASSED">
         <system-out><![CDATA[2019-05-23 10:33:33 - [TEST_CASE][PASSED] - Test Cases/20 Data-driven test case/Create Community use Internal Data: Test Cases/20 Data-driven test case/Create Community use Internal Data

2019-05-23 10:33:33 - [TEST_STEP][PASSED] - openBrowser(""): Browser is opened with url: ''

2019-05-23 10:33:33 - [MESSAGE][WARNING] - A browser is already opened. Closing browser and opening a new one

2019-05-23 10:33:35 - [MESSAGE][INFO] - Starting 'Firefox' driver

2019-05-23 10:33:38 - [MESSAGE][PASSED] - Browser is opened with url: ''

2019-05-23 10:33:38 - [TEST_STEP][PASSED] - navigateToUrl("http://localhost:3000/"): Navigate to 'http://localhost:3000/' successfully

2019-05-23 10:33:40 - [MESSAGE][PASSED] - Navigate to 'http://localhost:3000/' successfully

2019-05-23 10:33:40 - [TEST_STEP][PASSED] - click(findTestObject("Page_Spectrum/button_Log in or sign up")): Object: 'Object Repository/Page_Spectrum/button_Log in or sign up' is clicked on

2019-05-23 10:33:42 - [MESSAGE][PASSED] - Object: 'Object Repository/Page_Spectrum/button_Log in or sign up' is clicked on

2019-05-23 10:33:42 - [TEST_STEP][PASSED] - click(findTestObject("Page_Spectrum/span_Sign in with GitHub")): Object: 'Object Repository/Page_Spectrum/span_Sign in with GitHub' is clicked on

2019-05-23 10:33:44 - [MESSAGE][PASSED] - Object: 'Object Repository/Page_Spectrum/span_Sign in with GitHub' is clicked on

2019-05-23 10:33:44 - [TEST_STEP][PASSED] - setText(findTestObject("Page_Sign in to GitHub  GitHub/input_Username or email address_login"), "minhcuongit"): Text 'minhcuongit' is set on object 'Object Repository/Page_Sign in to GitHub  GitHub/input_Username or email address_login'

2019-05-23 10:33:44 - [MESSAGE][PASSED] - Text 'minhcuongit' is set on object 'Object Repository/Page_Sign in to GitHub  GitHub/input_Username or email address_login'

2019-05-23 10:33:44 - [TEST_STEP][PASSED] - setEncryptedText(findTestObject("Page_Sign in to GitHub  GitHub/input_Forgot password_password"), "9e5/e4jZbrkRPxL/am/6uYGu2iBUrIMS"): Text ****** has been set on object 'Object Repository/Page_Sign in to GitHub  GitHub/input_Forgot password_password'

2019-05-23 10:33:44 - [MESSAGE][PASSED] - Text ****** has been set on object 'Object Repository/Page_Sign in to GitHub  GitHub/input_Forgot password_password'

2019-05-23 10:33:44 - [TEST_STEP][PASSED] - click(findTestObject("Page_Sign in to GitHub  GitHub/input_Forgot password_commit")): Object: 'Object Repository/Page_Sign in to GitHub  GitHub/input_Forgot password_commit' is clicked on

2019-05-23 10:33:49 - [MESSAGE][PASSED] - Object: 'Object Repository/Page_Sign in to GitHub  GitHub/input_Forgot password_commit' is clicked on

2019-05-23 10:33:49 - [TEST_STEP][PASSED] - click(findTestObject("Page_Spectrum community/img_Explore_style__Img-u3znqr-3 kJsvJN")): Object: 'Object Repository/Page_Spectrum community/img_Explore_style__Img-u3znqr-3 kJsvJN' is clicked on

2019-05-23 10:33:55 - [MESSAGE][PASSED] - Object: 'Object Repository/Page_Spectrum community/img_Explore_style__Img-u3znqr-3 kJsvJN' is clicked on

2019-05-23 10:33:55 - [TEST_STEP][PASSED] - navigateToUrl("http://localhost:3000/new/community"): Navigate to 'http://localhost:3000/new/community' successfully

2019-05-23 10:33:57 - [MESSAGE][PASSED] - Navigate to 'http://localhost:3000/new/community' successfully

2019-05-23 10:33:57 - [TEST_STEP][PASSED] - setText(findTestObject("Object Repository/Page_New community/input_What is your community called_style__StyledInput-sc-17zryot-2 jHXlSy"), community_name): Text 'Community 0004' is set on object 'Object Repository/Page_New community/input_What is your community called_style__StyledInput-sc-17zryot-2 jHXlSy'

2019-05-23 10:33:59 - [MESSAGE][PASSED] - Text 'Community 0004' is set on object 'Object Repository/Page_New community/input_What is your community called_style__StyledInput-sc-17zryot-2 jHXlSy'

2019-05-23 10:33:59 - [TEST_STEP][PASSED] - setText(findTestObject("Object Repository/Page_New community/textarea_dd"), describe): Text 'The describe of Community 0004' is set on object 'Object Repository/Page_New community/textarea_dd'

2019-05-23 10:34:00 - [MESSAGE][PASSED] - Text 'The describe of Community 0004' is set on object 'Object Repository/Page_New community/textarea_dd'

2019-05-23 10:34:00 - [TEST_STEP][PASSED] - setText(findTestObject("Object Repository/Page_New community/input_Optional Add your communitys website_style__StyledInput-sc-17zryot-2 jHXlSy"), website): Text 'company0004.com' is set on object 'Object Repository/Page_New community/input_Optional Add your communitys website_style__StyledInput-sc-17zryot-2 jHXlSy'

2019-05-23 10:34:00 - [MESSAGE][PASSED] - Text 'company0004.com' is set on object 'Object Repository/Page_New community/input_Optional Add your communitys website_style__StyledInput-sc-17zryot-2 jHXlSy'

2019-05-23 10:34:00 - [TEST_STEP][PASSED] - click(findTestObject("Object Repository/Page_New community/div_checkboxI have read the Spectrum Code of Conduct and agree to enforce it in my community")): Object: 'Object Repository/Page_New community/div_checkboxI have read the Spectrum Code of Conduct and agree to enforce it in my community' is clicked on

2019-05-23 10:34:01 - [MESSAGE][PASSED] - Object: 'Object Repository/Page_New community/div_checkboxI have read the Spectrum Code of Conduct and agree to enforce it in my community' is clicked on

2019-05-23 10:34:01 - [TEST_STEP][PASSED] - click(findTestObject("Object Repository/Page_New community/button_Create Community  Continue")): Object: 'Object Repository/Page_New community/button_Create Community  Continue' is clicked on

2019-05-23 10:34:02 - [MESSAGE][PASSED] - Object: 'Object Repository/Page_New community/button_Create Community  Continue' is clicked on

2019-05-23 10:34:02 - [TEST_STEP][PASSED] - click(findTestObject("Object Repository/Page_New community/button_Skip this step")): Object: 'Object Repository/Page_New community/button_Skip this step' is clicked on

2019-05-23 10:34:03 - [MESSAGE][PASSED] - Object: 'Object Repository/Page_New community/button_Skip this step' is clicked on

2019-05-23 10:34:03 - [TEST_STEP][PASSED] - click(findTestObject("Object Repository/Page_New community/button_Go to my community")): Object: 'Object Repository/Page_New community/button_Go to my community' is clicked on

2019-05-23 10:34:05 - [MESSAGE][PASSED] - Object: 'Object Repository/Page_New community/button_Go to my community' is clicked on]]></system-out>
         <system-err><![CDATA[]]></system-err>
      </testcase>
      <testcase name="Test Cases/20 Data-driven test case/Create Community use Internal Data" classname="Test Cases/20 Data-driven test case/Create Community use Internal Data" status="PASSED">
         <system-out><![CDATA[2019-05-23 10:34:05 - [TEST_CASE][PASSED] - Test Cases/20 Data-driven test case/Create Community use Internal Data: Test Cases/20 Data-driven test case/Create Community use Internal Data

2019-05-23 10:34:05 - [TEST_STEP][PASSED] - openBrowser(""): Browser is opened with url: ''

2019-05-23 10:34:05 - [MESSAGE][WARNING] - A browser is already opened. Closing browser and opening a new one

2019-05-23 10:34:06 - [MESSAGE][INFO] - Starting 'Firefox' driver

2019-05-23 10:34:10 - [MESSAGE][PASSED] - Browser is opened with url: ''

2019-05-23 10:34:10 - [TEST_STEP][PASSED] - navigateToUrl("http://localhost:3000/"): Navigate to 'http://localhost:3000/' successfully

2019-05-23 10:34:12 - [MESSAGE][PASSED] - Navigate to 'http://localhost:3000/' successfully

2019-05-23 10:34:12 - [TEST_STEP][PASSED] - click(findTestObject("Page_Spectrum/button_Log in or sign up")): Object: 'Object Repository/Page_Spectrum/button_Log in or sign up' is clicked on

2019-05-23 10:34:15 - [MESSAGE][PASSED] - Object: 'Object Repository/Page_Spectrum/button_Log in or sign up' is clicked on

2019-05-23 10:34:15 - [TEST_STEP][PASSED] - click(findTestObject("Page_Spectrum/span_Sign in with GitHub")): Object: 'Object Repository/Page_Spectrum/span_Sign in with GitHub' is clicked on

2019-05-23 10:34:17 - [MESSAGE][PASSED] - Object: 'Object Repository/Page_Spectrum/span_Sign in with GitHub' is clicked on

2019-05-23 10:34:17 - [TEST_STEP][PASSED] - setText(findTestObject("Page_Sign in to GitHub  GitHub/input_Username or email address_login"), "minhcuongit"): Text 'minhcuongit' is set on object 'Object Repository/Page_Sign in to GitHub  GitHub/input_Username or email address_login'

2019-05-23 10:34:17 - [MESSAGE][PASSED] - Text 'minhcuongit' is set on object 'Object Repository/Page_Sign in to GitHub  GitHub/input_Username or email address_login'

2019-05-23 10:34:17 - [TEST_STEP][PASSED] - setEncryptedText(findTestObject("Page_Sign in to GitHub  GitHub/input_Forgot password_password"), "9e5/e4jZbrkRPxL/am/6uYGu2iBUrIMS"): Text ****** has been set on object 'Object Repository/Page_Sign in to GitHub  GitHub/input_Forgot password_password'

2019-05-23 10:34:17 - [MESSAGE][PASSED] - Text ****** has been set on object 'Object Repository/Page_Sign in to GitHub  GitHub/input_Forgot password_password'

2019-05-23 10:34:17 - [TEST_STEP][PASSED] - click(findTestObject("Page_Sign in to GitHub  GitHub/input_Forgot password_commit")): Object: 'Object Repository/Page_Sign in to GitHub  GitHub/input_Forgot password_commit' is clicked on

2019-05-23 10:34:22 - [MESSAGE][PASSED] - Object: 'Object Repository/Page_Sign in to GitHub  GitHub/input_Forgot password_commit' is clicked on

2019-05-23 10:34:22 - [TEST_STEP][PASSED] - click(findTestObject("Page_Spectrum community/img_Explore_style__Img-u3znqr-3 kJsvJN")): Object: 'Object Repository/Page_Spectrum community/img_Explore_style__Img-u3znqr-3 kJsvJN' is clicked on

2019-05-23 10:34:27 - [MESSAGE][PASSED] - Object: 'Object Repository/Page_Spectrum community/img_Explore_style__Img-u3znqr-3 kJsvJN' is clicked on

2019-05-23 10:34:27 - [TEST_STEP][PASSED] - navigateToUrl("http://localhost:3000/new/community"): Navigate to 'http://localhost:3000/new/community' successfully

2019-05-23 10:34:29 - [MESSAGE][PASSED] - Navigate to 'http://localhost:3000/new/community' successfully

2019-05-23 10:34:29 - [TEST_STEP][PASSED] - setText(findTestObject("Object Repository/Page_New community/input_What is your community called_style__StyledInput-sc-17zryot-2 jHXlSy"), community_name): Text 'Community 0005' is set on object 'Object Repository/Page_New community/input_What is your community called_style__StyledInput-sc-17zryot-2 jHXlSy'

2019-05-23 10:34:32 - [MESSAGE][PASSED] - Text 'Community 0005' is set on object 'Object Repository/Page_New community/input_What is your community called_style__StyledInput-sc-17zryot-2 jHXlSy'

2019-05-23 10:34:32 - [TEST_STEP][PASSED] - setText(findTestObject("Object Repository/Page_New community/textarea_dd"), describe): Text 'The describe of Community 0005' is set on object 'Object Repository/Page_New community/textarea_dd'

2019-05-23 10:34:33 - [MESSAGE][PASSED] - Text 'The describe of Community 0005' is set on object 'Object Repository/Page_New community/textarea_dd'

2019-05-23 10:34:33 - [TEST_STEP][PASSED] - setText(findTestObject("Object Repository/Page_New community/input_Optional Add your communitys website_style__StyledInput-sc-17zryot-2 jHXlSy"), website): Text 'company0005.com' is set on object 'Object Repository/Page_New community/input_Optional Add your communitys website_style__StyledInput-sc-17zryot-2 jHXlSy'

2019-05-23 10:34:33 - [MESSAGE][PASSED] - Text 'company0005.com' is set on object 'Object Repository/Page_New community/input_Optional Add your communitys website_style__StyledInput-sc-17zryot-2 jHXlSy'

2019-05-23 10:34:33 - [TEST_STEP][PASSED] - click(findTestObject("Object Repository/Page_New community/div_checkboxI have read the Spectrum Code of Conduct and agree to enforce it in my community")): Object: 'Object Repository/Page_New community/div_checkboxI have read the Spectrum Code of Conduct and agree to enforce it in my community' is clicked on

2019-05-23 10:34:33 - [MESSAGE][PASSED] - Object: 'Object Repository/Page_New community/div_checkboxI have read the Spectrum Code of Conduct and agree to enforce it in my community' is clicked on

2019-05-23 10:34:33 - [TEST_STEP][PASSED] - click(findTestObject("Object Repository/Page_New community/button_Create Community  Continue")): Object: 'Object Repository/Page_New community/button_Create Community  Continue' is clicked on

2019-05-23 10:34:33 - [MESSAGE][PASSED] - Object: 'Object Repository/Page_New community/button_Create Community  Continue' is clicked on

2019-05-23 10:34:33 - [TEST_STEP][PASSED] - click(findTestObject("Object Repository/Page_New community/button_Skip this step")): Object: 'Object Repository/Page_New community/button_Skip this step' is clicked on

2019-05-23 10:34:36 - [MESSAGE][PASSED] - Object: 'Object Repository/Page_New community/button_Skip this step' is clicked on

2019-05-23 10:34:36 - [TEST_STEP][PASSED] - click(findTestObject("Object Repository/Page_New community/button_Go to my community")): Object: 'Object Repository/Page_New community/button_Go to my community' is clicked on

2019-05-23 10:34:38 - [MESSAGE][PASSED] - Object: 'Object Repository/Page_New community/button_Go to my community' is clicked on]]></system-out>
         <system-err><![CDATA[]]></system-err>
      </testcase>
      <testcase name="Test Cases/20 Data-driven test case/Send Message use CSV" classname="Test Cases/20 Data-driven test case/Send Message use CSV" status="PASSED">
         <system-out><![CDATA[2019-05-23 10:34:38 - [TEST_CASE][PASSED] - Test Cases/20 Data-driven test case/Send Message use CSV: Test Cases/20 Data-driven test case/Send Message use CSV

2019-05-23 10:34:38 - [TEST_STEP][PASSED] - openBrowser(""): Browser is opened with url: ''

2019-05-23 10:34:38 - [MESSAGE][WARNING] - A browser is already opened. Closing browser and opening a new one

2019-05-23 10:34:44 - [MESSAGE][INFO] - Starting 'Firefox' driver

2019-05-23 10:34:48 - [MESSAGE][PASSED] - Browser is opened with url: ''

2019-05-23 10:34:48 - [TEST_STEP][PASSED] - navigateToUrl("http://127.0.0.1:3000/"): Navigate to 'http://127.0.0.1:3000/' successfully

2019-05-23 10:34:50 - [MESSAGE][PASSED] - Navigate to 'http://127.0.0.1:3000/' successfully

2019-05-23 10:34:50 - [TEST_STEP][PASSED] - click(findTestObject("Page_Spectrum/button_Log in or sign up")): Object: 'Object Repository/Page_Spectrum/button_Log in or sign up' is clicked on

2019-05-23 10:34:59 - [MESSAGE][PASSED] - Object: 'Object Repository/Page_Spectrum/button_Log in or sign up' is clicked on

2019-05-23 10:34:59 - [TEST_STEP][PASSED] - click(findTestObject("Page_Spectrum/span_Sign in with GitHub")): Object: 'Object Repository/Page_Spectrum/span_Sign in with GitHub' is clicked on

2019-05-23 10:35:09 - [MESSAGE][PASSED] - Object: 'Object Repository/Page_Spectrum/span_Sign in with GitHub' is clicked on

2019-05-23 10:35:09 - [TEST_STEP][PASSED] - setText(findTestObject("Page_Sign in to GitHub  GitHub/input_Username or email address_login"), "minhcuongit"): Text 'minhcuongit' is set on object 'Object Repository/Page_Sign in to GitHub  GitHub/input_Username or email address_login'

2019-05-23 10:35:09 - [MESSAGE][PASSED] - Text 'minhcuongit' is set on object 'Object Repository/Page_Sign in to GitHub  GitHub/input_Username or email address_login'

2019-05-23 10:35:09 - [TEST_STEP][PASSED] - setEncryptedText(findTestObject("Page_Sign in to GitHub  GitHub/input_Forgot password_password"), "9e5/e4jZbrkRPxL/am/6uYGu2iBUrIMS"): Text ****** has been set on object 'Object Repository/Page_Sign in to GitHub  GitHub/input_Forgot password_password'

2019-05-23 10:35:09 - [MESSAGE][PASSED] - Text ****** has been set on object 'Object Repository/Page_Sign in to GitHub  GitHub/input_Forgot password_password'

2019-05-23 10:35:09 - [TEST_STEP][PASSED] - click(findTestObject("Page_Sign in to GitHub  GitHub/input_Forgot password_commit")): Object: 'Object Repository/Page_Sign in to GitHub  GitHub/input_Forgot password_commit' is clicked on

2019-05-23 10:35:17 - [MESSAGE][PASSED] - Object: 'Object Repository/Page_Sign in to GitHub  GitHub/input_Forgot password_commit' is clicked on

2019-05-23 10:35:17 - [TEST_STEP][PASSED] - navigateToUrl("http://localhost:3000/spectrum?tab=posts"): Navigate to 'http://localhost:3000/spectrum?tab=posts' successfully

2019-05-23 10:35:20 - [MESSAGE][PASSED] - Navigate to 'http://localhost:3000/spectrum?tab=posts' successfully

2019-05-23 10:35:20 - [TEST_STEP][PASSED] - click(findTestObject("Object Repository/Page_Spectrum community/span_blocked-user_click")): Object: 'Object Repository/Page_Spectrum community/span_blocked-user_click' is clicked on

2019-05-23 10:35:24 - [MESSAGE][PASSED] - Object: 'Object Repository/Page_Spectrum community/span_blocked-user_click' is clicked on

2019-05-23 10:35:24 - [TEST_STEP][PASSED] - click(findTestObject("Object Repository/Page_Blocked user  blocked-user/button_Message_Ben_Trong")): Object: 'Object Repository/Page_Blocked user  blocked-user/button_Message_Ben_Trong' is clicked on

2019-05-23 10:35:26 - [MESSAGE][PASSED] - Object: 'Object Repository/Page_Blocked user  blocked-user/button_Message_Ben_Trong' is clicked on

2019-05-23 10:35:26 - [TEST_STEP][PASSED] - setText(findTestObject("Page_Spectrum community/textarea_hell"), message): Text 'I used to bite my tongue and hold my breath' is set on object 'Object Repository/Page_Spectrum community/textarea_hell'

2019-05-23 10:35:28 - [MESSAGE][PASSED] - Text 'I used to bite my tongue and hold my breath' is set on object 'Object Repository/Page_Spectrum community/textarea_hell'

2019-05-23 10:35:28 - [TEST_STEP][PASSED] - click(findTestObject("Object Repository/Page_Spectrum community/button_Send")): Object: 'Object Repository/Page_Spectrum community/button_Send' is clicked on

2019-05-23 10:35:29 - [MESSAGE][PASSED] - Object: 'Object Repository/Page_Spectrum community/button_Send' is clicked on]]></system-out>
         <system-err><![CDATA[]]></system-err>
      </testcase>
      <testcase name="Test Cases/20 Data-driven test case/Send Message use CSV" classname="Test Cases/20 Data-driven test case/Send Message use CSV" status="PASSED">
         <system-out><![CDATA[2019-05-23 10:35:29 - [TEST_CASE][PASSED] - Test Cases/20 Data-driven test case/Send Message use CSV: Test Cases/20 Data-driven test case/Send Message use CSV

2019-05-23 10:35:29 - [TEST_STEP][PASSED] - openBrowser(""): Browser is opened with url: ''

2019-05-23 10:35:29 - [MESSAGE][WARNING] - A browser is already opened. Closing browser and opening a new one

2019-05-23 10:35:32 - [MESSAGE][INFO] - Starting 'Firefox' driver

2019-05-23 10:35:36 - [MESSAGE][PASSED] - Browser is opened with url: ''

2019-05-23 10:35:36 - [TEST_STEP][PASSED] - navigateToUrl("http://127.0.0.1:3000/"): Navigate to 'http://127.0.0.1:3000/' successfully

2019-05-23 10:35:38 - [MESSAGE][PASSED] - Navigate to 'http://127.0.0.1:3000/' successfully

2019-05-23 10:35:38 - [TEST_STEP][PASSED] - click(findTestObject("Page_Spectrum/button_Log in or sign up")): Object: 'Object Repository/Page_Spectrum/button_Log in or sign up' is clicked on

2019-05-23 10:35:54 - [MESSAGE][PASSED] - Object: 'Object Repository/Page_Spectrum/button_Log in or sign up' is clicked on

2019-05-23 10:35:54 - [TEST_STEP][PASSED] - click(findTestObject("Page_Spectrum/span_Sign in with GitHub")): Object: 'Object Repository/Page_Spectrum/span_Sign in with GitHub' is clicked on

2019-05-23 10:36:02 - [MESSAGE][PASSED] - Object: 'Object Repository/Page_Spectrum/span_Sign in with GitHub' is clicked on

2019-05-23 10:36:02 - [TEST_STEP][PASSED] - setText(findTestObject("Page_Sign in to GitHub  GitHub/input_Username or email address_login"), "minhcuongit"): Text 'minhcuongit' is set on object 'Object Repository/Page_Sign in to GitHub  GitHub/input_Username or email address_login'

2019-05-23 10:36:02 - [MESSAGE][PASSED] - Text 'minhcuongit' is set on object 'Object Repository/Page_Sign in to GitHub  GitHub/input_Username or email address_login'

2019-05-23 10:36:02 - [TEST_STEP][PASSED] - setEncryptedText(findTestObject("Page_Sign in to GitHub  GitHub/input_Forgot password_password"), "9e5/e4jZbrkRPxL/am/6uYGu2iBUrIMS"): Text ****** has been set on object 'Object Repository/Page_Sign in to GitHub  GitHub/input_Forgot password_password'

2019-05-23 10:36:02 - [MESSAGE][PASSED] - Text ****** has been set on object 'Object Repository/Page_Sign in to GitHub  GitHub/input_Forgot password_password'

2019-05-23 10:36:02 - [TEST_STEP][PASSED] - click(findTestObject("Page_Sign in to GitHub  GitHub/input_Forgot password_commit")): Object: 'Object Repository/Page_Sign in to GitHub  GitHub/input_Forgot password_commit' is clicked on

2019-05-23 10:36:07 - [MESSAGE][PASSED] - Object: 'Object Repository/Page_Sign in to GitHub  GitHub/input_Forgot password_commit' is clicked on

2019-05-23 10:36:07 - [TEST_STEP][PASSED] - navigateToUrl("http://localhost:3000/spectrum?tab=posts"): Navigate to 'http://localhost:3000/spectrum?tab=posts' successfully

2019-05-23 10:36:09 - [MESSAGE][PASSED] - Navigate to 'http://localhost:3000/spectrum?tab=posts' successfully

2019-05-23 10:36:09 - [TEST_STEP][PASSED] - click(findTestObject("Object Repository/Page_Spectrum community/span_blocked-user_click")): Object: 'Object Repository/Page_Spectrum community/span_blocked-user_click' is clicked on

2019-05-23 10:36:13 - [MESSAGE][PASSED] - Object: 'Object Repository/Page_Spectrum community/span_blocked-user_click' is clicked on

2019-05-23 10:36:13 - [TEST_STEP][PASSED] - click(findTestObject("Object Repository/Page_Blocked user  blocked-user/button_Message_Ben_Trong")): Object: 'Object Repository/Page_Blocked user  blocked-user/button_Message_Ben_Trong' is clicked on

2019-05-23 10:36:13 - [MESSAGE][PASSED] - Object: 'Object Repository/Page_Blocked user  blocked-user/button_Message_Ben_Trong' is clicked on

2019-05-23 10:36:13 - [TEST_STEP][PASSED] - setText(findTestObject("Page_Spectrum community/textarea_hell"), message): Text 'Scared to rock the boat and make a mess' is set on object 'Object Repository/Page_Spectrum community/textarea_hell'

2019-05-23 10:36:15 - [MESSAGE][PASSED] - Text 'Scared to rock the boat and make a mess' is set on object 'Object Repository/Page_Spectrum community/textarea_hell'

2019-05-23 10:36:15 - [TEST_STEP][PASSED] - click(findTestObject("Object Repository/Page_Spectrum community/button_Send")): Object: 'Object Repository/Page_Spectrum community/button_Send' is clicked on

2019-05-23 10:36:16 - [MESSAGE][PASSED] - Object: 'Object Repository/Page_Spectrum community/button_Send' is clicked on]]></system-out>
         <system-err><![CDATA[]]></system-err>
      </testcase>
      <testcase name="Test Cases/20 Data-driven test case/Send Message use CSV" classname="Test Cases/20 Data-driven test case/Send Message use CSV" status="PASSED">
         <system-out><![CDATA[2019-05-23 10:36:16 - [TEST_CASE][PASSED] - Test Cases/20 Data-driven test case/Send Message use CSV: Test Cases/20 Data-driven test case/Send Message use CSV

2019-05-23 10:36:16 - [TEST_STEP][PASSED] - openBrowser(""): Browser is opened with url: ''

2019-05-23 10:36:16 - [MESSAGE][WARNING] - A browser is already opened. Closing browser and opening a new one

2019-05-23 10:36:17 - [MESSAGE][INFO] - Starting 'Firefox' driver

2019-05-23 10:36:20 - [MESSAGE][PASSED] - Browser is opened with url: ''

2019-05-23 10:36:20 - [TEST_STEP][PASSED] - navigateToUrl("http://127.0.0.1:3000/"): Navigate to 'http://127.0.0.1:3000/' successfully

2019-05-23 10:36:21 - [MESSAGE][PASSED] - Navigate to 'http://127.0.0.1:3000/' successfully

2019-05-23 10:36:21 - [TEST_STEP][PASSED] - click(findTestObject("Page_Spectrum/button_Log in or sign up")): Object: 'Object Repository/Page_Spectrum/button_Log in or sign up' is clicked on

2019-05-23 10:36:29 - [MESSAGE][PASSED] - Object: 'Object Repository/Page_Spectrum/button_Log in or sign up' is clicked on

2019-05-23 10:36:29 - [TEST_STEP][PASSED] - click(findTestObject("Page_Spectrum/span_Sign in with GitHub")): Object: 'Object Repository/Page_Spectrum/span_Sign in with GitHub' is clicked on

2019-05-23 10:36:40 - [MESSAGE][PASSED] - Object: 'Object Repository/Page_Spectrum/span_Sign in with GitHub' is clicked on

2019-05-23 10:36:40 - [TEST_STEP][PASSED] - setText(findTestObject("Page_Sign in to GitHub  GitHub/input_Username or email address_login"), "minhcuongit"): Text 'minhcuongit' is set on object 'Object Repository/Page_Sign in to GitHub  GitHub/input_Username or email address_login'

2019-05-23 10:36:40 - [MESSAGE][PASSED] - Text 'minhcuongit' is set on object 'Object Repository/Page_Sign in to GitHub  GitHub/input_Username or email address_login'

2019-05-23 10:36:40 - [TEST_STEP][PASSED] - setEncryptedText(findTestObject("Page_Sign in to GitHub  GitHub/input_Forgot password_password"), "9e5/e4jZbrkRPxL/am/6uYGu2iBUrIMS"): Text ****** has been set on object 'Object Repository/Page_Sign in to GitHub  GitHub/input_Forgot password_password'

2019-05-23 10:36:40 - [MESSAGE][PASSED] - Text ****** has been set on object 'Object Repository/Page_Sign in to GitHub  GitHub/input_Forgot password_password'

2019-05-23 10:36:40 - [TEST_STEP][PASSED] - click(findTestObject("Page_Sign in to GitHub  GitHub/input_Forgot password_commit")): Object: 'Object Repository/Page_Sign in to GitHub  GitHub/input_Forgot password_commit' is clicked on

2019-05-23 10:36:44 - [MESSAGE][PASSED] - Object: 'Object Repository/Page_Sign in to GitHub  GitHub/input_Forgot password_commit' is clicked on

2019-05-23 10:36:44 - [TEST_STEP][PASSED] - navigateToUrl("http://localhost:3000/spectrum?tab=posts"): Navigate to 'http://localhost:3000/spectrum?tab=posts' successfully

2019-05-23 10:36:47 - [MESSAGE][PASSED] - Navigate to 'http://localhost:3000/spectrum?tab=posts' successfully

2019-05-23 10:36:47 - [TEST_STEP][PASSED] - click(findTestObject("Object Repository/Page_Spectrum community/span_blocked-user_click")): Object: 'Object Repository/Page_Spectrum community/span_blocked-user_click' is clicked on

2019-05-23 10:36:51 - [MESSAGE][PASSED] - Object: 'Object Repository/Page_Spectrum community/span_blocked-user_click' is clicked on

2019-05-23 10:36:51 - [TEST_STEP][PASSED] - click(findTestObject("Object Repository/Page_Blocked user  blocked-user/button_Message_Ben_Trong")): Object: 'Object Repository/Page_Blocked user  blocked-user/button_Message_Ben_Trong' is clicked on

2019-05-23 10:36:52 - [MESSAGE][PASSED] - Object: 'Object Repository/Page_Blocked user  blocked-user/button_Message_Ben_Trong' is clicked on

2019-05-23 10:36:52 - [TEST_STEP][PASSED] - setText(findTestObject("Page_Spectrum community/textarea_hell"), message): Text 'So I sat quietly, agreed politely' is set on object 'Object Repository/Page_Spectrum community/textarea_hell'

2019-05-23 10:36:53 - [MESSAGE][PASSED] - Text 'So I sat quietly, agreed politely' is set on object 'Object Repository/Page_Spectrum community/textarea_hell'

2019-05-23 10:36:53 - [TEST_STEP][PASSED] - click(findTestObject("Object Repository/Page_Spectrum community/button_Send")): Object: 'Object Repository/Page_Spectrum community/button_Send' is clicked on

2019-05-23 10:36:54 - [MESSAGE][PASSED] - Object: 'Object Repository/Page_Spectrum community/button_Send' is clicked on]]></system-out>
         <system-err><![CDATA[]]></system-err>
      </testcase>
      <testcase name="Test Cases/20 Data-driven test case/Send Message use CSV" classname="Test Cases/20 Data-driven test case/Send Message use CSV" status="PASSED">
         <system-out><![CDATA[2019-05-23 10:36:54 - [TEST_CASE][PASSED] - Test Cases/20 Data-driven test case/Send Message use CSV: Test Cases/20 Data-driven test case/Send Message use CSV

2019-05-23 10:36:54 - [TEST_STEP][PASSED] - openBrowser(""): Browser is opened with url: ''

2019-05-23 10:36:54 - [MESSAGE][WARNING] - A browser is already opened. Closing browser and opening a new one

2019-05-23 10:36:55 - [MESSAGE][INFO] - Starting 'Firefox' driver

2019-05-23 10:36:58 - [MESSAGE][PASSED] - Browser is opened with url: ''

2019-05-23 10:36:58 - [TEST_STEP][PASSED] - navigateToUrl("http://127.0.0.1:3000/"): Navigate to 'http://127.0.0.1:3000/' successfully

2019-05-23 10:36:59 - [MESSAGE][PASSED] - Navigate to 'http://127.0.0.1:3000/' successfully

2019-05-23 10:36:59 - [TEST_STEP][PASSED] - click(findTestObject("Page_Spectrum/button_Log in or sign up")): Object: 'Object Repository/Page_Spectrum/button_Log in or sign up' is clicked on

2019-05-23 10:37:09 - [MESSAGE][PASSED] - Object: 'Object Repository/Page_Spectrum/button_Log in or sign up' is clicked on

2019-05-23 10:37:09 - [TEST_STEP][PASSED] - click(findTestObject("Page_Spectrum/span_Sign in with GitHub")): Object: 'Object Repository/Page_Spectrum/span_Sign in with GitHub' is clicked on

2019-05-23 10:37:15 - [MESSAGE][PASSED] - Object: 'Object Repository/Page_Spectrum/span_Sign in with GitHub' is clicked on

2019-05-23 10:37:15 - [TEST_STEP][PASSED] - setText(findTestObject("Page_Sign in to GitHub  GitHub/input_Username or email address_login"), "minhcuongit"): Text 'minhcuongit' is set on object 'Object Repository/Page_Sign in to GitHub  GitHub/input_Username or email address_login'

2019-05-23 10:37:15 - [MESSAGE][PASSED] - Text 'minhcuongit' is set on object 'Object Repository/Page_Sign in to GitHub  GitHub/input_Username or email address_login'

2019-05-23 10:37:15 - [TEST_STEP][PASSED] - setEncryptedText(findTestObject("Page_Sign in to GitHub  GitHub/input_Forgot password_password"), "9e5/e4jZbrkRPxL/am/6uYGu2iBUrIMS"): Text ****** has been set on object 'Object Repository/Page_Sign in to GitHub  GitHub/input_Forgot password_password'

2019-05-23 10:37:15 - [MESSAGE][PASSED] - Text ****** has been set on object 'Object Repository/Page_Sign in to GitHub  GitHub/input_Forgot password_password'

2019-05-23 10:37:15 - [TEST_STEP][PASSED] - click(findTestObject("Page_Sign in to GitHub  GitHub/input_Forgot password_commit")): Object: 'Object Repository/Page_Sign in to GitHub  GitHub/input_Forgot password_commit' is clicked on

2019-05-23 10:37:20 - [MESSAGE][PASSED] - Object: 'Object Repository/Page_Sign in to GitHub  GitHub/input_Forgot password_commit' is clicked on

2019-05-23 10:37:20 - [TEST_STEP][PASSED] - navigateToUrl("http://localhost:3000/spectrum?tab=posts"): Navigate to 'http://localhost:3000/spectrum?tab=posts' successfully

2019-05-23 10:37:23 - [MESSAGE][PASSED] - Navigate to 'http://localhost:3000/spectrum?tab=posts' successfully

2019-05-23 10:37:23 - [TEST_STEP][PASSED] - click(findTestObject("Object Repository/Page_Spectrum community/span_blocked-user_click")): Object: 'Object Repository/Page_Spectrum community/span_blocked-user_click' is clicked on

2019-05-23 10:37:28 - [MESSAGE][PASSED] - Object: 'Object Repository/Page_Spectrum community/span_blocked-user_click' is clicked on

2019-05-23 10:37:28 - [TEST_STEP][PASSED] - click(findTestObject("Object Repository/Page_Blocked user  blocked-user/button_Message_Ben_Trong")): Object: 'Object Repository/Page_Blocked user  blocked-user/button_Message_Ben_Trong' is clicked on

2019-05-23 10:37:30 - [MESSAGE][PASSED] - Object: 'Object Repository/Page_Blocked user  blocked-user/button_Message_Ben_Trong' is clicked on

2019-05-23 10:37:30 - [TEST_STEP][PASSED] - setText(findTestObject("Page_Spectrum community/textarea_hell"), message): Text 'I guess that I forgot I had a choice' is set on object 'Object Repository/Page_Spectrum community/textarea_hell'

2019-05-23 10:37:31 - [MESSAGE][PASSED] - Text 'I guess that I forgot I had a choice' is set on object 'Object Repository/Page_Spectrum community/textarea_hell'

2019-05-23 10:37:31 - [TEST_STEP][PASSED] - click(findTestObject("Object Repository/Page_Spectrum community/button_Send")): Object: 'Object Repository/Page_Spectrum community/button_Send' is clicked on

2019-05-23 10:37:32 - [MESSAGE][PASSED] - Object: 'Object Repository/Page_Spectrum community/button_Send' is clicked on]]></system-out>
         <system-err><![CDATA[]]></system-err>
      </testcase>
      <testcase name="Test Cases/20 Data-driven test case/Send Message use CSV" classname="Test Cases/20 Data-driven test case/Send Message use CSV" status="PASSED">
         <system-out><![CDATA[2019-05-23 10:37:32 - [TEST_CASE][PASSED] - Test Cases/20 Data-driven test case/Send Message use CSV: Test Cases/20 Data-driven test case/Send Message use CSV

2019-05-23 10:37:32 - [TEST_STEP][PASSED] - openBrowser(""): Browser is opened with url: ''

2019-05-23 10:37:32 - [MESSAGE][WARNING] - A browser is already opened. Closing browser and opening a new one

2019-05-23 10:37:33 - [MESSAGE][INFO] - Starting 'Firefox' driver

2019-05-23 10:37:37 - [MESSAGE][PASSED] - Browser is opened with url: ''

2019-05-23 10:37:37 - [TEST_STEP][PASSED] - navigateToUrl("http://127.0.0.1:3000/"): Navigate to 'http://127.0.0.1:3000/' successfully

2019-05-23 10:37:39 - [MESSAGE][PASSED] - Navigate to 'http://127.0.0.1:3000/' successfully

2019-05-23 10:37:39 - [TEST_STEP][PASSED] - click(findTestObject("Page_Spectrum/button_Log in or sign up")): Object: 'Object Repository/Page_Spectrum/button_Log in or sign up' is clicked on

2019-05-23 10:37:47 - [MESSAGE][PASSED] - Object: 'Object Repository/Page_Spectrum/button_Log in or sign up' is clicked on

2019-05-23 10:37:47 - [TEST_STEP][PASSED] - click(findTestObject("Page_Spectrum/span_Sign in with GitHub")): Object: 'Object Repository/Page_Spectrum/span_Sign in with GitHub' is clicked on

2019-05-23 10:38:05 - [MESSAGE][PASSED] - Object: 'Object Repository/Page_Spectrum/span_Sign in with GitHub' is clicked on

2019-05-23 10:38:05 - [TEST_STEP][PASSED] - setText(findTestObject("Page_Sign in to GitHub  GitHub/input_Username or email address_login"), "minhcuongit"): Text 'minhcuongit' is set on object 'Object Repository/Page_Sign in to GitHub  GitHub/input_Username or email address_login'

2019-05-23 10:38:06 - [MESSAGE][PASSED] - Text 'minhcuongit' is set on object 'Object Repository/Page_Sign in to GitHub  GitHub/input_Username or email address_login'

2019-05-23 10:38:06 - [TEST_STEP][PASSED] - setEncryptedText(findTestObject("Page_Sign in to GitHub  GitHub/input_Forgot password_password"), "9e5/e4jZbrkRPxL/am/6uYGu2iBUrIMS"): Text ****** has been set on object 'Object Repository/Page_Sign in to GitHub  GitHub/input_Forgot password_password'

2019-05-23 10:38:06 - [MESSAGE][PASSED] - Text ****** has been set on object 'Object Repository/Page_Sign in to GitHub  GitHub/input_Forgot password_password'

2019-05-23 10:38:06 - [TEST_STEP][PASSED] - click(findTestObject("Page_Sign in to GitHub  GitHub/input_Forgot password_commit")): Object: 'Object Repository/Page_Sign in to GitHub  GitHub/input_Forgot password_commit' is clicked on

2019-05-23 10:38:11 - [MESSAGE][PASSED] - Object: 'Object Repository/Page_Sign in to GitHub  GitHub/input_Forgot password_commit' is clicked on

2019-05-23 10:38:11 - [TEST_STEP][PASSED] - navigateToUrl("http://localhost:3000/spectrum?tab=posts"): Navigate to 'http://localhost:3000/spectrum?tab=posts' successfully

2019-05-23 10:38:13 - [MESSAGE][PASSED] - Navigate to 'http://localhost:3000/spectrum?tab=posts' successfully

2019-05-23 10:38:13 - [TEST_STEP][PASSED] - click(findTestObject("Object Repository/Page_Spectrum community/span_blocked-user_click")): Object: 'Object Repository/Page_Spectrum community/span_blocked-user_click' is clicked on

2019-05-23 10:38:17 - [MESSAGE][PASSED] - Object: 'Object Repository/Page_Spectrum community/span_blocked-user_click' is clicked on

2019-05-23 10:38:17 - [TEST_STEP][PASSED] - click(findTestObject("Object Repository/Page_Blocked user  blocked-user/button_Message_Ben_Trong")): Object: 'Object Repository/Page_Blocked user  blocked-user/button_Message_Ben_Trong' is clicked on

2019-05-23 10:38:19 - [MESSAGE][PASSED] - Object: 'Object Repository/Page_Blocked user  blocked-user/button_Message_Ben_Trong' is clicked on

2019-05-23 10:38:19 - [TEST_STEP][PASSED] - setText(findTestObject("Page_Spectrum community/textarea_hell"), message): Text 'I let you push me past the breaking point' is set on object 'Object Repository/Page_Spectrum community/textarea_hell'

2019-05-23 10:38:20 - [MESSAGE][PASSED] - Text 'I let you push me past the breaking point' is set on object 'Object Repository/Page_Spectrum community/textarea_hell'

2019-05-23 10:38:20 - [TEST_STEP][PASSED] - click(findTestObject("Object Repository/Page_Spectrum community/button_Send")): Object: 'Object Repository/Page_Spectrum community/button_Send' is clicked on

2019-05-23 10:38:21 - [MESSAGE][PASSED] - Object: 'Object Repository/Page_Spectrum community/button_Send' is clicked on]]></system-out>
         <system-err><![CDATA[]]></system-err>
      </testcase>
      <testcase name="Test Cases/20 Data-driven test case/Send Message use CSV" classname="Test Cases/20 Data-driven test case/Send Message use CSV" status="PASSED">
         <system-out><![CDATA[2019-05-23 10:38:21 - [TEST_CASE][PASSED] - Test Cases/20 Data-driven test case/Send Message use CSV: Test Cases/20 Data-driven test case/Send Message use CSV

2019-05-23 10:38:21 - [TEST_STEP][PASSED] - openBrowser(""): Browser is opened with url: ''

2019-05-23 10:38:21 - [MESSAGE][WARNING] - A browser is already opened. Closing browser and opening a new one

2019-05-23 10:38:22 - [MESSAGE][INFO] - Starting 'Firefox' driver

2019-05-23 10:38:25 - [MESSAGE][PASSED] - Browser is opened with url: ''

2019-05-23 10:38:25 - [TEST_STEP][PASSED] - navigateToUrl("http://127.0.0.1:3000/"): Navigate to 'http://127.0.0.1:3000/' successfully

2019-05-23 10:38:26 - [MESSAGE][PASSED] - Navigate to 'http://127.0.0.1:3000/' successfully

2019-05-23 10:38:26 - [TEST_STEP][PASSED] - click(findTestObject("Page_Spectrum/button_Log in or sign up")): Object: 'Object Repository/Page_Spectrum/button_Log in or sign up' is clicked on

2019-05-23 10:38:39 - [MESSAGE][PASSED] - Object: 'Object Repository/Page_Spectrum/button_Log in or sign up' is clicked on

2019-05-23 10:38:39 - [TEST_STEP][PASSED] - click(findTestObject("Page_Spectrum/span_Sign in with GitHub")): Object: 'Object Repository/Page_Spectrum/span_Sign in with GitHub' is clicked on

2019-05-23 10:38:48 - [MESSAGE][PASSED] - Object: 'Object Repository/Page_Spectrum/span_Sign in with GitHub' is clicked on

2019-05-23 10:38:48 - [TEST_STEP][PASSED] - setText(findTestObject("Page_Sign in to GitHub  GitHub/input_Username or email address_login"), "minhcuongit"): Text 'minhcuongit' is set on object 'Object Repository/Page_Sign in to GitHub  GitHub/input_Username or email address_login'

2019-05-23 10:38:48 - [MESSAGE][PASSED] - Text 'minhcuongit' is set on object 'Object Repository/Page_Sign in to GitHub  GitHub/input_Username or email address_login'

2019-05-23 10:38:48 - [TEST_STEP][PASSED] - setEncryptedText(findTestObject("Page_Sign in to GitHub  GitHub/input_Forgot password_password"), "9e5/e4jZbrkRPxL/am/6uYGu2iBUrIMS"): Text ****** has been set on object 'Object Repository/Page_Sign in to GitHub  GitHub/input_Forgot password_password'

2019-05-23 10:38:48 - [MESSAGE][PASSED] - Text ****** has been set on object 'Object Repository/Page_Sign in to GitHub  GitHub/input_Forgot password_password'

2019-05-23 10:38:48 - [TEST_STEP][PASSED] - click(findTestObject("Page_Sign in to GitHub  GitHub/input_Forgot password_commit")): Object: 'Object Repository/Page_Sign in to GitHub  GitHub/input_Forgot password_commit' is clicked on

2019-05-23 10:38:53 - [MESSAGE][PASSED] - Object: 'Object Repository/Page_Sign in to GitHub  GitHub/input_Forgot password_commit' is clicked on

2019-05-23 10:38:53 - [TEST_STEP][PASSED] - navigateToUrl("http://localhost:3000/spectrum?tab=posts"): Navigate to 'http://localhost:3000/spectrum?tab=posts' successfully

2019-05-23 10:38:55 - [MESSAGE][PASSED] - Navigate to 'http://localhost:3000/spectrum?tab=posts' successfully

2019-05-23 10:38:55 - [TEST_STEP][PASSED] - click(findTestObject("Object Repository/Page_Spectrum community/span_blocked-user_click")): Object: 'Object Repository/Page_Spectrum community/span_blocked-user_click' is clicked on

2019-05-23 10:38:59 - [MESSAGE][PASSED] - Object: 'Object Repository/Page_Spectrum community/span_blocked-user_click' is clicked on

2019-05-23 10:39:00 - [TEST_STEP][PASSED] - click(findTestObject("Object Repository/Page_Blocked user  blocked-user/button_Message_Ben_Trong")): Object: 'Object Repository/Page_Blocked user  blocked-user/button_Message_Ben_Trong' is clicked on

2019-05-23 10:39:00 - [MESSAGE][PASSED] - Object: 'Object Repository/Page_Blocked user  blocked-user/button_Message_Ben_Trong' is clicked on

2019-05-23 10:39:00 - [TEST_STEP][PASSED] - setText(findTestObject("Page_Spectrum community/textarea_hell"), message): Text 'I stood for nothing, so I fell for everything' is set on object 'Object Repository/Page_Spectrum community/textarea_hell'

2019-05-23 10:39:02 - [MESSAGE][PASSED] - Text 'I stood for nothing, so I fell for everything' is set on object 'Object Repository/Page_Spectrum community/textarea_hell'

2019-05-23 10:39:02 - [TEST_STEP][PASSED] - click(findTestObject("Object Repository/Page_Spectrum community/button_Send")): Object: 'Object Repository/Page_Spectrum community/button_Send' is clicked on

2019-05-23 10:39:03 - [MESSAGE][PASSED] - Object: 'Object Repository/Page_Spectrum community/button_Send' is clicked on]]></system-out>
         <system-err><![CDATA[]]></system-err>
      </testcase>
      <testcase name="Test Cases/20 Data-driven test case/Send Message use Internal Data" classname="Test Cases/20 Data-driven test case/Send Message use Internal Data" status="PASSED">
         <system-out><![CDATA[2019-05-23 10:39:03 - [TEST_CASE][PASSED] - Test Cases/20 Data-driven test case/Send Message use Internal Data: Test Cases/20 Data-driven test case/Send Message use Internal Data

2019-05-23 10:39:03 - [TEST_STEP][PASSED] - openBrowser(""): Browser is opened with url: ''

2019-05-23 10:39:03 - [MESSAGE][WARNING] - A browser is already opened. Closing browser and opening a new one

2019-05-23 10:39:04 - [MESSAGE][INFO] - Starting 'Firefox' driver

2019-05-23 10:39:07 - [MESSAGE][PASSED] - Browser is opened with url: ''

2019-05-23 10:39:07 - [TEST_STEP][PASSED] - navigateToUrl("http://127.0.0.1:3000/"): Navigate to 'http://127.0.0.1:3000/' successfully

2019-05-23 10:39:09 - [MESSAGE][PASSED] - Navigate to 'http://127.0.0.1:3000/' successfully

2019-05-23 10:39:09 - [TEST_STEP][PASSED] - click(findTestObject("Page_Spectrum/button_Log in or sign up")): Object: 'Object Repository/Page_Spectrum/button_Log in or sign up' is clicked on

2019-05-23 10:39:18 - [MESSAGE][PASSED] - Object: 'Object Repository/Page_Spectrum/button_Log in or sign up' is clicked on

2019-05-23 10:39:18 - [TEST_STEP][PASSED] - click(findTestObject("Page_Spectrum/span_Sign in with GitHub")): Object: 'Object Repository/Page_Spectrum/span_Sign in with GitHub' is clicked on

2019-05-23 10:39:31 - [MESSAGE][PASSED] - Object: 'Object Repository/Page_Spectrum/span_Sign in with GitHub' is clicked on

2019-05-23 10:39:31 - [TEST_STEP][PASSED] - setText(findTestObject("Page_Sign in to GitHub  GitHub/input_Username or email address_login"), "minhcuongit"): Text 'minhcuongit' is set on object 'Object Repository/Page_Sign in to GitHub  GitHub/input_Username or email address_login'

2019-05-23 10:39:31 - [MESSAGE][PASSED] - Text 'minhcuongit' is set on object 'Object Repository/Page_Sign in to GitHub  GitHub/input_Username or email address_login'

2019-05-23 10:39:31 - [TEST_STEP][PASSED] - setEncryptedText(findTestObject("Page_Sign in to GitHub  GitHub/input_Forgot password_password"), "9e5/e4jZbrkRPxL/am/6uYGu2iBUrIMS"): Text ****** has been set on object 'Object Repository/Page_Sign in to GitHub  GitHub/input_Forgot password_password'

2019-05-23 10:39:31 - [MESSAGE][PASSED] - Text ****** has been set on object 'Object Repository/Page_Sign in to GitHub  GitHub/input_Forgot password_password'

2019-05-23 10:39:31 - [TEST_STEP][PASSED] - click(findTestObject("Page_Sign in to GitHub  GitHub/input_Forgot password_commit")): Object: 'Object Repository/Page_Sign in to GitHub  GitHub/input_Forgot password_commit' is clicked on

2019-05-23 10:39:36 - [MESSAGE][PASSED] - Object: 'Object Repository/Page_Sign in to GitHub  GitHub/input_Forgot password_commit' is clicked on

2019-05-23 10:39:36 - [TEST_STEP][PASSED] - navigateToUrl("http://localhost:3000/spectrum?tab=posts"): Navigate to 'http://localhost:3000/spectrum?tab=posts' successfully

2019-05-23 10:39:38 - [MESSAGE][PASSED] - Navigate to 'http://localhost:3000/spectrum?tab=posts' successfully

2019-05-23 10:39:38 - [TEST_STEP][PASSED] - click(findTestObject("Object Repository/Page_Spectrum community/span_blocked-user_click")): Object: 'Object Repository/Page_Spectrum community/span_blocked-user_click' is clicked on

2019-05-23 10:39:42 - [MESSAGE][PASSED] - Object: 'Object Repository/Page_Spectrum community/span_blocked-user_click' is clicked on

2019-05-23 10:39:42 - [TEST_STEP][PASSED] - click(findTestObject("Object Repository/Page_Blocked user  blocked-user/button_Message_Ben_Trong")): Object: 'Object Repository/Page_Blocked user  blocked-user/button_Message_Ben_Trong' is clicked on

2019-05-23 10:39:43 - [MESSAGE][PASSED] - Object: 'Object Repository/Page_Blocked user  blocked-user/button_Message_Ben_Trong' is clicked on

2019-05-23 10:39:43 - [TEST_STEP][PASSED] - setText(findTestObject("Page_Spectrum community/textarea_hell"), message): Text 'You should've seen by the look in my eyes, baby' is set on object 'Object Repository/Page_Spectrum community/textarea_hell'

2019-05-23 10:39:44 - [MESSAGE][PASSED] - Text 'You should've seen by the look in my eyes, baby' is set on object 'Object Repository/Page_Spectrum community/textarea_hell'

2019-05-23 10:39:44 - [TEST_STEP][PASSED] - click(findTestObject("Object Repository/Page_Spectrum community/button_Send")): Object: 'Object Repository/Page_Spectrum community/button_Send' is clicked on

2019-05-23 10:39:46 - [MESSAGE][PASSED] - Object: 'Object Repository/Page_Spectrum community/button_Send' is clicked on]]></system-out>
         <system-err><![CDATA[]]></system-err>
      </testcase>
      <testcase name="Test Cases/20 Data-driven test case/Send Message use Internal Data" classname="Test Cases/20 Data-driven test case/Send Message use Internal Data" status="PASSED">
         <system-out><![CDATA[2019-05-23 10:39:46 - [TEST_CASE][PASSED] - Test Cases/20 Data-driven test case/Send Message use Internal Data: Test Cases/20 Data-driven test case/Send Message use Internal Data

2019-05-23 10:39:46 - [TEST_STEP][PASSED] - openBrowser(""): Browser is opened with url: ''

2019-05-23 10:39:46 - [MESSAGE][WARNING] - A browser is already opened. Closing browser and opening a new one

2019-05-23 10:39:47 - [MESSAGE][INFO] - Starting 'Firefox' driver

2019-05-23 10:39:49 - [MESSAGE][PASSED] - Browser is opened with url: ''

2019-05-23 10:39:49 - [TEST_STEP][PASSED] - navigateToUrl("http://127.0.0.1:3000/"): Navigate to 'http://127.0.0.1:3000/' successfully

2019-05-23 10:39:51 - [MESSAGE][PASSED] - Navigate to 'http://127.0.0.1:3000/' successfully

2019-05-23 10:39:51 - [TEST_STEP][PASSED] - click(findTestObject("Page_Spectrum/button_Log in or sign up")): Object: 'Object Repository/Page_Spectrum/button_Log in or sign up' is clicked on

2019-05-23 10:39:57 - [MESSAGE][PASSED] - Object: 'Object Repository/Page_Spectrum/button_Log in or sign up' is clicked on

2019-05-23 10:39:57 - [TEST_STEP][PASSED] - click(findTestObject("Page_Spectrum/span_Sign in with GitHub")): Object: 'Object Repository/Page_Spectrum/span_Sign in with GitHub' is clicked on

2019-05-23 10:40:08 - [MESSAGE][PASSED] - Object: 'Object Repository/Page_Spectrum/span_Sign in with GitHub' is clicked on

2019-05-23 10:40:08 - [TEST_STEP][PASSED] - setText(findTestObject("Page_Sign in to GitHub  GitHub/input_Username or email address_login"), "minhcuongit"): Text 'minhcuongit' is set on object 'Object Repository/Page_Sign in to GitHub  GitHub/input_Username or email address_login'

2019-05-23 10:40:08 - [MESSAGE][PASSED] - Text 'minhcuongit' is set on object 'Object Repository/Page_Sign in to GitHub  GitHub/input_Username or email address_login'

2019-05-23 10:40:08 - [TEST_STEP][PASSED] - setEncryptedText(findTestObject("Page_Sign in to GitHub  GitHub/input_Forgot password_password"), "9e5/e4jZbrkRPxL/am/6uYGu2iBUrIMS"): Text ****** has been set on object 'Object Repository/Page_Sign in to GitHub  GitHub/input_Forgot password_password'

2019-05-23 10:40:08 - [MESSAGE][PASSED] - Text ****** has been set on object 'Object Repository/Page_Sign in to GitHub  GitHub/input_Forgot password_password'

2019-05-23 10:40:08 - [TEST_STEP][PASSED] - click(findTestObject("Page_Sign in to GitHub  GitHub/input_Forgot password_commit")): Object: 'Object Repository/Page_Sign in to GitHub  GitHub/input_Forgot password_commit' is clicked on

2019-05-23 10:40:13 - [MESSAGE][PASSED] - Object: 'Object Repository/Page_Sign in to GitHub  GitHub/input_Forgot password_commit' is clicked on

2019-05-23 10:40:13 - [TEST_STEP][PASSED] - navigateToUrl("http://localhost:3000/spectrum?tab=posts"): Navigate to 'http://localhost:3000/spectrum?tab=posts' successfully

2019-05-23 10:40:15 - [MESSAGE][PASSED] - Navigate to 'http://localhost:3000/spectrum?tab=posts' successfully

2019-05-23 10:40:15 - [TEST_STEP][PASSED] - click(findTestObject("Object Repository/Page_Spectrum community/span_blocked-user_click")): Object: 'Object Repository/Page_Spectrum community/span_blocked-user_click' is clicked on

2019-05-23 10:40:19 - [MESSAGE][PASSED] - Object: 'Object Repository/Page_Spectrum community/span_blocked-user_click' is clicked on

2019-05-23 10:40:19 - [TEST_STEP][PASSED] - click(findTestObject("Object Repository/Page_Blocked user  blocked-user/button_Message_Ben_Trong")): Object: 'Object Repository/Page_Blocked user  blocked-user/button_Message_Ben_Trong' is clicked on

2019-05-23 10:40:21 - [MESSAGE][PASSED] - Object: 'Object Repository/Page_Blocked user  blocked-user/button_Message_Ben_Trong' is clicked on

2019-05-23 10:40:21 - [TEST_STEP][PASSED] - setText(findTestObject("Page_Spectrum community/textarea_hell"), message): Text 'There was somethin missin'' is set on object 'Object Repository/Page_Spectrum community/textarea_hell'

2019-05-23 10:40:22 - [MESSAGE][PASSED] - Text 'There was somethin missin'' is set on object 'Object Repository/Page_Spectrum community/textarea_hell'

2019-05-23 10:40:22 - [TEST_STEP][PASSED] - click(findTestObject("Object Repository/Page_Spectrum community/button_Send")): Object: 'Object Repository/Page_Spectrum community/button_Send' is clicked on

2019-05-23 10:40:23 - [MESSAGE][PASSED] - Object: 'Object Repository/Page_Spectrum community/button_Send' is clicked on]]></system-out>
         <system-err><![CDATA[]]></system-err>
      </testcase>
      <testcase name="Test Cases/20 Data-driven test case/Send Message use Internal Data" classname="Test Cases/20 Data-driven test case/Send Message use Internal Data" status="PASSED">
         <system-out><![CDATA[2019-05-23 10:40:23 - [TEST_CASE][PASSED] - Test Cases/20 Data-driven test case/Send Message use Internal Data: Test Cases/20 Data-driven test case/Send Message use Internal Data

2019-05-23 10:40:23 - [TEST_STEP][PASSED] - openBrowser(""): Browser is opened with url: ''

2019-05-23 10:40:23 - [MESSAGE][WARNING] - A browser is already opened. Closing browser and opening a new one

2019-05-23 10:40:24 - [MESSAGE][INFO] - Starting 'Firefox' driver

2019-05-23 10:40:27 - [MESSAGE][PASSED] - Browser is opened with url: ''

2019-05-23 10:40:27 - [TEST_STEP][PASSED] - navigateToUrl("http://127.0.0.1:3000/"): Navigate to 'http://127.0.0.1:3000/' successfully

2019-05-23 10:40:28 - [MESSAGE][PASSED] - Navigate to 'http://127.0.0.1:3000/' successfully

2019-05-23 10:40:28 - [TEST_STEP][PASSED] - click(findTestObject("Page_Spectrum/button_Log in or sign up")): Object: 'Object Repository/Page_Spectrum/button_Log in or sign up' is clicked on

2019-05-23 10:40:37 - [MESSAGE][PASSED] - Object: 'Object Repository/Page_Spectrum/button_Log in or sign up' is clicked on

2019-05-23 10:40:37 - [TEST_STEP][PASSED] - click(findTestObject("Page_Spectrum/span_Sign in with GitHub")): Object: 'Object Repository/Page_Spectrum/span_Sign in with GitHub' is clicked on

2019-05-23 10:40:44 - [MESSAGE][PASSED] - Object: 'Object Repository/Page_Spectrum/span_Sign in with GitHub' is clicked on

2019-05-23 10:40:44 - [TEST_STEP][PASSED] - setText(findTestObject("Page_Sign in to GitHub  GitHub/input_Username or email address_login"), "minhcuongit"): Text 'minhcuongit' is set on object 'Object Repository/Page_Sign in to GitHub  GitHub/input_Username or email address_login'

2019-05-23 10:40:44 - [MESSAGE][PASSED] - Text 'minhcuongit' is set on object 'Object Repository/Page_Sign in to GitHub  GitHub/input_Username or email address_login'

2019-05-23 10:40:44 - [TEST_STEP][PASSED] - setEncryptedText(findTestObject("Page_Sign in to GitHub  GitHub/input_Forgot password_password"), "9e5/e4jZbrkRPxL/am/6uYGu2iBUrIMS"): Text ****** has been set on object 'Object Repository/Page_Sign in to GitHub  GitHub/input_Forgot password_password'

2019-05-23 10:40:44 - [MESSAGE][PASSED] - Text ****** has been set on object 'Object Repository/Page_Sign in to GitHub  GitHub/input_Forgot password_password'

2019-05-23 10:40:44 - [TEST_STEP][PASSED] - click(findTestObject("Page_Sign in to GitHub  GitHub/input_Forgot password_commit")): Object: 'Object Repository/Page_Sign in to GitHub  GitHub/input_Forgot password_commit' is clicked on

2019-05-23 10:40:49 - [MESSAGE][PASSED] - Object: 'Object Repository/Page_Sign in to GitHub  GitHub/input_Forgot password_commit' is clicked on

2019-05-23 10:40:49 - [TEST_STEP][PASSED] - navigateToUrl("http://localhost:3000/spectrum?tab=posts"): Navigate to 'http://localhost:3000/spectrum?tab=posts' successfully

2019-05-23 10:40:51 - [MESSAGE][PASSED] - Navigate to 'http://localhost:3000/spectrum?tab=posts' successfully

2019-05-23 10:40:51 - [TEST_STEP][PASSED] - click(findTestObject("Object Repository/Page_Spectrum community/span_blocked-user_click")): Object: 'Object Repository/Page_Spectrum community/span_blocked-user_click' is clicked on

2019-05-23 10:40:56 - [MESSAGE][PASSED] - Object: 'Object Repository/Page_Spectrum community/span_blocked-user_click' is clicked on

2019-05-23 10:40:56 - [TEST_STEP][PASSED] - click(findTestObject("Object Repository/Page_Blocked user  blocked-user/button_Message_Ben_Trong")): Object: 'Object Repository/Page_Blocked user  blocked-user/button_Message_Ben_Trong' is clicked on

2019-05-23 10:40:56 - [MESSAGE][PASSED] - Object: 'Object Repository/Page_Blocked user  blocked-user/button_Message_Ben_Trong' is clicked on

2019-05-23 10:40:56 - [TEST_STEP][PASSED] - setText(findTestObject("Page_Spectrum community/textarea_hell"), message): Text 'You should've known by the tone of my voice, maybe' is set on object 'Object Repository/Page_Spectrum community/textarea_hell'

2019-05-23 10:40:58 - [MESSAGE][PASSED] - Text 'You should've known by the tone of my voice, maybe' is set on object 'Object Repository/Page_Spectrum community/textarea_hell'

2019-05-23 10:40:58 - [TEST_STEP][PASSED] - click(findTestObject("Object Repository/Page_Spectrum community/button_Send")): Object: 'Object Repository/Page_Spectrum community/button_Send' is clicked on

2019-05-23 10:40:59 - [MESSAGE][PASSED] - Object: 'Object Repository/Page_Spectrum community/button_Send' is clicked on]]></system-out>
         <system-err><![CDATA[]]></system-err>
      </testcase>
      <testcase name="Test Cases/20 Data-driven test case/Send Message use Internal Data" classname="Test Cases/20 Data-driven test case/Send Message use Internal Data" status="PASSED">
         <system-out><![CDATA[2019-05-23 10:40:59 - [TEST_CASE][PASSED] - Test Cases/20 Data-driven test case/Send Message use Internal Data: Test Cases/20 Data-driven test case/Send Message use Internal Data

2019-05-23 10:40:59 - [TEST_STEP][PASSED] - openBrowser(""): Browser is opened with url: ''

2019-05-23 10:40:59 - [MESSAGE][WARNING] - A browser is already opened. Closing browser and opening a new one

2019-05-23 10:41:00 - [MESSAGE][INFO] - Starting 'Firefox' driver

2019-05-23 10:41:03 - [MESSAGE][PASSED] - Browser is opened with url: ''

2019-05-23 10:41:03 - [TEST_STEP][PASSED] - navigateToUrl("http://127.0.0.1:3000/"): Navigate to 'http://127.0.0.1:3000/' successfully

2019-05-23 10:41:04 - [MESSAGE][PASSED] - Navigate to 'http://127.0.0.1:3000/' successfully

2019-05-23 10:41:04 - [TEST_STEP][PASSED] - click(findTestObject("Page_Spectrum/button_Log in or sign up")): Object: 'Object Repository/Page_Spectrum/button_Log in or sign up' is clicked on

2019-05-23 10:41:19 - [MESSAGE][PASSED] - Object: 'Object Repository/Page_Spectrum/button_Log in or sign up' is clicked on

2019-05-23 10:41:19 - [TEST_STEP][PASSED] - click(findTestObject("Page_Spectrum/span_Sign in with GitHub")): Object: 'Object Repository/Page_Spectrum/span_Sign in with GitHub' is clicked on

2019-05-23 10:41:31 - [MESSAGE][PASSED] - Object: 'Object Repository/Page_Spectrum/span_Sign in with GitHub' is clicked on

2019-05-23 10:41:31 - [TEST_STEP][PASSED] - setText(findTestObject("Page_Sign in to GitHub  GitHub/input_Username or email address_login"), "minhcuongit"): Text 'minhcuongit' is set on object 'Object Repository/Page_Sign in to GitHub  GitHub/input_Username or email address_login'

2019-05-23 10:41:31 - [MESSAGE][PASSED] - Text 'minhcuongit' is set on object 'Object Repository/Page_Sign in to GitHub  GitHub/input_Username or email address_login'

2019-05-23 10:41:31 - [TEST_STEP][PASSED] - setEncryptedText(findTestObject("Page_Sign in to GitHub  GitHub/input_Forgot password_password"), "9e5/e4jZbrkRPxL/am/6uYGu2iBUrIMS"): Text ****** has been set on object 'Object Repository/Page_Sign in to GitHub  GitHub/input_Forgot password_password'

2019-05-23 10:41:31 - [MESSAGE][PASSED] - Text ****** has been set on object 'Object Repository/Page_Sign in to GitHub  GitHub/input_Forgot password_password'

2019-05-23 10:41:31 - [TEST_STEP][PASSED] - click(findTestObject("Page_Sign in to GitHub  GitHub/input_Forgot password_commit")): Object: 'Object Repository/Page_Sign in to GitHub  GitHub/input_Forgot password_commit' is clicked on

2019-05-23 10:41:36 - [MESSAGE][PASSED] - Object: 'Object Repository/Page_Sign in to GitHub  GitHub/input_Forgot password_commit' is clicked on

2019-05-23 10:41:36 - [TEST_STEP][PASSED] - navigateToUrl("http://localhost:3000/spectrum?tab=posts"): Navigate to 'http://localhost:3000/spectrum?tab=posts' successfully

2019-05-23 10:41:38 - [MESSAGE][PASSED] - Navigate to 'http://localhost:3000/spectrum?tab=posts' successfully

2019-05-23 10:41:38 - [TEST_STEP][PASSED] - click(findTestObject("Object Repository/Page_Spectrum community/span_blocked-user_click")): Object: 'Object Repository/Page_Spectrum community/span_blocked-user_click' is clicked on

2019-05-23 10:41:42 - [MESSAGE][PASSED] - Object: 'Object Repository/Page_Spectrum community/span_blocked-user_click' is clicked on

2019-05-23 10:41:42 - [TEST_STEP][PASSED] - click(findTestObject("Object Repository/Page_Blocked user  blocked-user/button_Message_Ben_Trong")): Object: 'Object Repository/Page_Blocked user  blocked-user/button_Message_Ben_Trong' is clicked on

2019-05-23 10:41:44 - [MESSAGE][PASSED] - Object: 'Object Repository/Page_Blocked user  blocked-user/button_Message_Ben_Trong' is clicked on

2019-05-23 10:41:44 - [TEST_STEP][PASSED] - setText(findTestObject("Page_Spectrum community/textarea_hell"), message): Text 'But you didn't listen' is set on object 'Object Repository/Page_Spectrum community/textarea_hell'

2019-05-23 10:41:45 - [MESSAGE][PASSED] - Text 'But you didn't listen' is set on object 'Object Repository/Page_Spectrum community/textarea_hell'

2019-05-23 10:41:45 - [TEST_STEP][PASSED] - click(findTestObject("Object Repository/Page_Spectrum community/button_Send")): Object: 'Object Repository/Page_Spectrum community/button_Send' is clicked on

2019-05-23 10:41:46 - [MESSAGE][PASSED] - Object: 'Object Repository/Page_Spectrum community/button_Send' is clicked on]]></system-out>
         <system-err><![CDATA[]]></system-err>
      </testcase>
      <testcase name="Test Cases/20 Data-driven test case/Send Message use Internal Data" classname="Test Cases/20 Data-driven test case/Send Message use Internal Data" status="PASSED">
         <system-out><![CDATA[2019-05-23 10:41:46 - [TEST_CASE][PASSED] - Test Cases/20 Data-driven test case/Send Message use Internal Data: Test Cases/20 Data-driven test case/Send Message use Internal Data

2019-05-23 10:41:46 - [TEST_STEP][PASSED] - openBrowser(""): Browser is opened with url: ''

2019-05-23 10:41:46 - [MESSAGE][WARNING] - A browser is already opened. Closing browser and opening a new one

2019-05-23 10:41:47 - [MESSAGE][INFO] - Starting 'Firefox' driver

2019-05-23 10:41:52 - [MESSAGE][PASSED] - Browser is opened with url: ''

2019-05-23 10:41:52 - [TEST_STEP][PASSED] - navigateToUrl("http://127.0.0.1:3000/"): Navigate to 'http://127.0.0.1:3000/' successfully

2019-05-23 10:41:54 - [MESSAGE][PASSED] - Navigate to 'http://127.0.0.1:3000/' successfully

2019-05-23 10:41:54 - [TEST_STEP][PASSED] - click(findTestObject("Page_Spectrum/button_Log in or sign up")): Object: 'Object Repository/Page_Spectrum/button_Log in or sign up' is clicked on

2019-05-23 10:42:11 - [MESSAGE][PASSED] - Object: 'Object Repository/Page_Spectrum/button_Log in or sign up' is clicked on

2019-05-23 10:42:11 - [TEST_STEP][PASSED] - click(findTestObject("Page_Spectrum/span_Sign in with GitHub")): Object: 'Object Repository/Page_Spectrum/span_Sign in with GitHub' is clicked on

2019-05-23 10:42:19 - [MESSAGE][PASSED] - Object: 'Object Repository/Page_Spectrum/span_Sign in with GitHub' is clicked on

2019-05-23 10:42:19 - [TEST_STEP][PASSED] - setText(findTestObject("Page_Sign in to GitHub  GitHub/input_Username or email address_login"), "minhcuongit"): Text 'minhcuongit' is set on object 'Object Repository/Page_Sign in to GitHub  GitHub/input_Username or email address_login'

2019-05-23 10:42:19 - [MESSAGE][PASSED] - Text 'minhcuongit' is set on object 'Object Repository/Page_Sign in to GitHub  GitHub/input_Username or email address_login'

2019-05-23 10:42:19 - [TEST_STEP][PASSED] - setEncryptedText(findTestObject("Page_Sign in to GitHub  GitHub/input_Forgot password_password"), "9e5/e4jZbrkRPxL/am/6uYGu2iBUrIMS"): Text ****** has been set on object 'Object Repository/Page_Sign in to GitHub  GitHub/input_Forgot password_password'

2019-05-23 10:42:19 - [MESSAGE][PASSED] - Text ****** has been set on object 'Object Repository/Page_Sign in to GitHub  GitHub/input_Forgot password_password'

2019-05-23 10:42:19 - [TEST_STEP][PASSED] - click(findTestObject("Page_Sign in to GitHub  GitHub/input_Forgot password_commit")): Object: 'Object Repository/Page_Sign in to GitHub  GitHub/input_Forgot password_commit' is clicked on

2019-05-23 10:42:25 - [MESSAGE][PASSED] - Object: 'Object Repository/Page_Sign in to GitHub  GitHub/input_Forgot password_commit' is clicked on

2019-05-23 10:42:25 - [TEST_STEP][PASSED] - navigateToUrl("http://localhost:3000/spectrum?tab=posts"): Navigate to 'http://localhost:3000/spectrum?tab=posts' successfully

2019-05-23 10:42:27 - [MESSAGE][PASSED] - Navigate to 'http://localhost:3000/spectrum?tab=posts' successfully

2019-05-23 10:42:27 - [TEST_STEP][PASSED] - click(findTestObject("Object Repository/Page_Spectrum community/span_blocked-user_click")): Object: 'Object Repository/Page_Spectrum community/span_blocked-user_click' is clicked on

2019-05-23 10:42:32 - [MESSAGE][PASSED] - Object: 'Object Repository/Page_Spectrum community/span_blocked-user_click' is clicked on

2019-05-23 10:42:32 - [TEST_STEP][PASSED] - click(findTestObject("Object Repository/Page_Blocked user  blocked-user/button_Message_Ben_Trong")): Object: 'Object Repository/Page_Blocked user  blocked-user/button_Message_Ben_Trong' is clicked on

2019-05-23 10:42:34 - [MESSAGE][PASSED] - Object: 'Object Repository/Page_Blocked user  blocked-user/button_Message_Ben_Trong' is clicked on

2019-05-23 10:42:34 - [TEST_STEP][PASSED] - setText(findTestObject("Page_Spectrum community/textarea_hell"), message): Text 'You played dead, but you never bled' is set on object 'Object Repository/Page_Spectrum community/textarea_hell'

2019-05-23 10:42:35 - [MESSAGE][PASSED] - Text 'You played dead, but you never bled' is set on object 'Object Repository/Page_Spectrum community/textarea_hell'

2019-05-23 10:42:35 - [TEST_STEP][PASSED] - click(findTestObject("Object Repository/Page_Spectrum community/button_Send")): Object: 'Object Repository/Page_Spectrum community/button_Send' is clicked on

2019-05-23 10:42:36 - [MESSAGE][PASSED] - Object: 'Object Repository/Page_Spectrum community/button_Send' is clicked on]]></system-out>
         <system-err><![CDATA[]]></system-err>
      </testcase>
      <testcase name="Test Cases/20 Data-driven test case/Set Email Profile use CSV" classname="Test Cases/20 Data-driven test case/Set Email Profile use CSV" status="PASSED">
         <system-out><![CDATA[2019-05-23 10:42:36 - [TEST_CASE][PASSED] - Test Cases/20 Data-driven test case/Set Email Profile use CSV: Test Cases/20 Data-driven test case/Set Email Profile use CSV

2019-05-23 10:42:36 - [TEST_STEP][PASSED] - openBrowser(""): Browser is opened with url: ''

2019-05-23 10:42:36 - [MESSAGE][WARNING] - A browser is already opened. Closing browser and opening a new one

2019-05-23 10:42:38 - [MESSAGE][INFO] - Starting 'Firefox' driver

2019-05-23 10:42:41 - [MESSAGE][PASSED] - Browser is opened with url: ''

2019-05-23 10:42:41 - [TEST_STEP][PASSED] - navigateToUrl("http://localhost:3000/"): Navigate to 'http://localhost:3000/' successfully

2019-05-23 10:42:44 - [MESSAGE][PASSED] - Navigate to 'http://localhost:3000/' successfully

2019-05-23 10:42:44 - [TEST_STEP][PASSED] - click(findTestObject("Page_Spectrum/button_Log in or sign up")): Object: 'Object Repository/Page_Spectrum/button_Log in or sign up' is clicked on

2019-05-23 10:42:46 - [MESSAGE][PASSED] - Object: 'Object Repository/Page_Spectrum/button_Log in or sign up' is clicked on

2019-05-23 10:42:46 - [TEST_STEP][PASSED] - click(findTestObject("Page_Spectrum/span_Sign in with GitHub")): Object: 'Object Repository/Page_Spectrum/span_Sign in with GitHub' is clicked on

2019-05-23 10:42:48 - [MESSAGE][PASSED] - Object: 'Object Repository/Page_Spectrum/span_Sign in with GitHub' is clicked on

2019-05-23 10:42:48 - [TEST_STEP][PASSED] - setText(findTestObject("Page_Sign in to GitHub  GitHub/input_Username or email address_login"), "minhcuongit"): Text 'minhcuongit' is set on object 'Object Repository/Page_Sign in to GitHub  GitHub/input_Username or email address_login'

2019-05-23 10:42:48 - [MESSAGE][PASSED] - Text 'minhcuongit' is set on object 'Object Repository/Page_Sign in to GitHub  GitHub/input_Username or email address_login'

2019-05-23 10:42:48 - [TEST_STEP][PASSED] - setEncryptedText(findTestObject("Page_Sign in to GitHub  GitHub/input_Forgot password_password"), "9e5/e4jZbrkRPxL/am/6uYGu2iBUrIMS"): Text ****** has been set on object 'Object Repository/Page_Sign in to GitHub  GitHub/input_Forgot password_password'

2019-05-23 10:42:48 - [MESSAGE][PASSED] - Text ****** has been set on object 'Object Repository/Page_Sign in to GitHub  GitHub/input_Forgot password_password'

2019-05-23 10:42:48 - [TEST_STEP][PASSED] - click(findTestObject("Page_Sign in to GitHub  GitHub/input_Forgot password_commit")): Object: 'Object Repository/Page_Sign in to GitHub  GitHub/input_Forgot password_commit' is clicked on

2019-05-23 10:42:52 - [MESSAGE][PASSED] - Object: 'Object Repository/Page_Sign in to GitHub  GitHub/input_Forgot password_commit' is clicked on

2019-05-23 10:42:52 - [TEST_STEP][PASSED] - click(findTestObject("Page_Spectrum community/img_Explore_style__Img-u3znqr-3 kJsvJN")): Object: 'Object Repository/Page_Spectrum community/img_Explore_style__Img-u3znqr-3 kJsvJN' is clicked on

2019-05-23 10:42:57 - [MESSAGE][PASSED] - Object: 'Object Repository/Page_Spectrum community/img_Explore_style__Img-u3znqr-3 kJsvJN' is clicked on

2019-05-23 10:42:57 - [TEST_STEP][PASSED] - navigateToUrl("http://localhost:3000/users/tranminhcuong?tab=posts"): Navigate to 'http://localhost:3000/users/tranminhcuong?tab=posts' successfully

2019-05-23 10:42:59 - [MESSAGE][PASSED] - Navigate to 'http://localhost:3000/users/tranminhcuong?tab=posts' successfully

2019-05-23 10:42:59 - [TEST_STEP][PASSED] - click(findTestObject("Page_TRN MINH CNG  tranminhcuong/button_Settings")): Object: 'Object Repository/Page_TRN MINH CNG  tranminhcuong/button_Settings' is clicked on

2019-05-23 10:43:02 - [MESSAGE][PASSED] - Object: 'Object Repository/Page_TRN MINH CNG  tranminhcuong/button_Settings' is clicked on

2019-05-23 10:43:02 - [TEST_STEP][PASSED] - setText(findTestObject("Object Repository/Page_My settings/input_set_email"), email): Text 'minhcuongit97@yahoo.com' is set on object 'Object Repository/Page_My settings/input_set_email'

2019-05-23 10:43:04 - [MESSAGE][PASSED] - Text 'minhcuongit97@yahoo.com' is set on object 'Object Repository/Page_My settings/input_set_email'

2019-05-23 10:43:04 - [TEST_STEP][PASSED] - click(findTestObject("Object Repository/Page_My settings/button_Save")): Object: 'Object Repository/Page_My settings/button_Save' is clicked on

2019-05-23 10:43:04 - [MESSAGE][PASSED] - Object: 'Object Repository/Page_My settings/button_Save' is clicked on]]></system-out>
         <system-err><![CDATA[]]></system-err>
      </testcase>
      <testcase name="Test Cases/20 Data-driven test case/Set Email Profile use CSV" classname="Test Cases/20 Data-driven test case/Set Email Profile use CSV" status="PASSED">
         <system-out><![CDATA[2019-05-23 10:43:04 - [TEST_CASE][PASSED] - Test Cases/20 Data-driven test case/Set Email Profile use CSV: Test Cases/20 Data-driven test case/Set Email Profile use CSV

2019-05-23 10:43:04 - [TEST_STEP][PASSED] - openBrowser(""): Browser is opened with url: ''

2019-05-23 10:43:04 - [MESSAGE][WARNING] - A browser is already opened. Closing browser and opening a new one

2019-05-23 10:43:06 - [MESSAGE][INFO] - Starting 'Firefox' driver

2019-05-23 10:43:10 - [MESSAGE][PASSED] - Browser is opened with url: ''

2019-05-23 10:43:10 - [TEST_STEP][PASSED] - navigateToUrl("http://localhost:3000/"): Navigate to 'http://localhost:3000/' successfully

2019-05-23 10:43:13 - [MESSAGE][PASSED] - Navigate to 'http://localhost:3000/' successfully

2019-05-23 10:43:13 - [TEST_STEP][PASSED] - click(findTestObject("Page_Spectrum/button_Log in or sign up")): Object: 'Object Repository/Page_Spectrum/button_Log in or sign up' is clicked on

2019-05-23 10:43:16 - [MESSAGE][PASSED] - Object: 'Object Repository/Page_Spectrum/button_Log in or sign up' is clicked on

2019-05-23 10:43:16 - [TEST_STEP][PASSED] - click(findTestObject("Page_Spectrum/span_Sign in with GitHub")): Object: 'Object Repository/Page_Spectrum/span_Sign in with GitHub' is clicked on

2019-05-23 10:43:18 - [MESSAGE][PASSED] - Object: 'Object Repository/Page_Spectrum/span_Sign in with GitHub' is clicked on

2019-05-23 10:43:18 - [TEST_STEP][PASSED] - setText(findTestObject("Page_Sign in to GitHub  GitHub/input_Username or email address_login"), "minhcuongit"): Text 'minhcuongit' is set on object 'Object Repository/Page_Sign in to GitHub  GitHub/input_Username or email address_login'

2019-05-23 10:43:18 - [MESSAGE][PASSED] - Text 'minhcuongit' is set on object 'Object Repository/Page_Sign in to GitHub  GitHub/input_Username or email address_login'

2019-05-23 10:43:18 - [TEST_STEP][PASSED] - setEncryptedText(findTestObject("Page_Sign in to GitHub  GitHub/input_Forgot password_password"), "9e5/e4jZbrkRPxL/am/6uYGu2iBUrIMS"): Text ****** has been set on object 'Object Repository/Page_Sign in to GitHub  GitHub/input_Forgot password_password'

2019-05-23 10:43:18 - [MESSAGE][PASSED] - Text ****** has been set on object 'Object Repository/Page_Sign in to GitHub  GitHub/input_Forgot password_password'

2019-05-23 10:43:18 - [TEST_STEP][PASSED] - click(findTestObject("Page_Sign in to GitHub  GitHub/input_Forgot password_commit")): Object: 'Object Repository/Page_Sign in to GitHub  GitHub/input_Forgot password_commit' is clicked on

2019-05-23 10:43:23 - [MESSAGE][PASSED] - Object: 'Object Repository/Page_Sign in to GitHub  GitHub/input_Forgot password_commit' is clicked on

2019-05-23 10:43:23 - [TEST_STEP][PASSED] - click(findTestObject("Page_Spectrum community/img_Explore_style__Img-u3znqr-3 kJsvJN")): Object: 'Object Repository/Page_Spectrum community/img_Explore_style__Img-u3znqr-3 kJsvJN' is clicked on

2019-05-23 10:43:30 - [MESSAGE][PASSED] - Object: 'Object Repository/Page_Spectrum community/img_Explore_style__Img-u3znqr-3 kJsvJN' is clicked on

2019-05-23 10:43:30 - [TEST_STEP][PASSED] - navigateToUrl("http://localhost:3000/users/tranminhcuong?tab=posts"): Navigate to 'http://localhost:3000/users/tranminhcuong?tab=posts' successfully

2019-05-23 10:43:31 - [MESSAGE][PASSED] - Navigate to 'http://localhost:3000/users/tranminhcuong?tab=posts' successfully

2019-05-23 10:43:31 - [TEST_STEP][PASSED] - click(findTestObject("Page_TRN MINH CNG  tranminhcuong/button_Settings")): Object: 'Object Repository/Page_TRN MINH CNG  tranminhcuong/button_Settings' is clicked on

2019-05-23 10:43:33 - [MESSAGE][PASSED] - Object: 'Object Repository/Page_TRN MINH CNG  tranminhcuong/button_Settings' is clicked on

2019-05-23 10:43:33 - [TEST_STEP][PASSED] - setText(findTestObject("Object Repository/Page_My settings/input_set_email"), email): Text 'teamted@yahoo.com' is set on object 'Object Repository/Page_My settings/input_set_email'

2019-05-23 10:43:35 - [MESSAGE][PASSED] - Text 'teamted@yahoo.com' is set on object 'Object Repository/Page_My settings/input_set_email'

2019-05-23 10:43:35 - [TEST_STEP][PASSED] - click(findTestObject("Object Repository/Page_My settings/button_Save")): Object: 'Object Repository/Page_My settings/button_Save' is clicked on

2019-05-23 10:43:35 - [MESSAGE][PASSED] - Object: 'Object Repository/Page_My settings/button_Save' is clicked on]]></system-out>
         <system-err><![CDATA[]]></system-err>
      </testcase>
      <testcase name="Test Cases/20 Data-driven test case/Set Email Profile use CSV" classname="Test Cases/20 Data-driven test case/Set Email Profile use CSV" status="PASSED">
         <system-out><![CDATA[2019-05-23 10:43:35 - [TEST_CASE][PASSED] - Test Cases/20 Data-driven test case/Set Email Profile use CSV: Test Cases/20 Data-driven test case/Set Email Profile use CSV

2019-05-23 10:43:35 - [TEST_STEP][PASSED] - openBrowser(""): Browser is opened with url: ''

2019-05-23 10:43:35 - [MESSAGE][WARNING] - A browser is already opened. Closing browser and opening a new one

2019-05-23 10:43:37 - [MESSAGE][INFO] - Starting 'Firefox' driver

2019-05-23 10:43:41 - [MESSAGE][PASSED] - Browser is opened with url: ''

2019-05-23 10:43:41 - [TEST_STEP][PASSED] - navigateToUrl("http://localhost:3000/"): Navigate to 'http://localhost:3000/' successfully

2019-05-23 10:43:43 - [MESSAGE][PASSED] - Navigate to 'http://localhost:3000/' successfully

2019-05-23 10:43:43 - [TEST_STEP][PASSED] - click(findTestObject("Page_Spectrum/button_Log in or sign up")): Object: 'Object Repository/Page_Spectrum/button_Log in or sign up' is clicked on

2019-05-23 10:43:44 - [MESSAGE][PASSED] - Object: 'Object Repository/Page_Spectrum/button_Log in or sign up' is clicked on

2019-05-23 10:43:44 - [TEST_STEP][PASSED] - click(findTestObject("Page_Spectrum/span_Sign in with GitHub")): Object: 'Object Repository/Page_Spectrum/span_Sign in with GitHub' is clicked on

2019-05-23 10:43:46 - [MESSAGE][PASSED] - Object: 'Object Repository/Page_Spectrum/span_Sign in with GitHub' is clicked on

2019-05-23 10:43:46 - [TEST_STEP][PASSED] - setText(findTestObject("Page_Sign in to GitHub  GitHub/input_Username or email address_login"), "minhcuongit"): Text 'minhcuongit' is set on object 'Object Repository/Page_Sign in to GitHub  GitHub/input_Username or email address_login'

2019-05-23 10:43:46 - [MESSAGE][PASSED] - Text 'minhcuongit' is set on object 'Object Repository/Page_Sign in to GitHub  GitHub/input_Username or email address_login'

2019-05-23 10:43:46 - [TEST_STEP][PASSED] - setEncryptedText(findTestObject("Page_Sign in to GitHub  GitHub/input_Forgot password_password"), "9e5/e4jZbrkRPxL/am/6uYGu2iBUrIMS"): Text ****** has been set on object 'Object Repository/Page_Sign in to GitHub  GitHub/input_Forgot password_password'

2019-05-23 10:43:46 - [MESSAGE][PASSED] - Text ****** has been set on object 'Object Repository/Page_Sign in to GitHub  GitHub/input_Forgot password_password'

2019-05-23 10:43:46 - [TEST_STEP][PASSED] - click(findTestObject("Page_Sign in to GitHub  GitHub/input_Forgot password_commit")): Object: 'Object Repository/Page_Sign in to GitHub  GitHub/input_Forgot password_commit' is clicked on

2019-05-23 10:43:51 - [MESSAGE][PASSED] - Object: 'Object Repository/Page_Sign in to GitHub  GitHub/input_Forgot password_commit' is clicked on

2019-05-23 10:43:51 - [TEST_STEP][PASSED] - click(findTestObject("Page_Spectrum community/img_Explore_style__Img-u3znqr-3 kJsvJN")): Object: 'Object Repository/Page_Spectrum community/img_Explore_style__Img-u3znqr-3 kJsvJN' is clicked on

2019-05-23 10:43:56 - [MESSAGE][PASSED] - Object: 'Object Repository/Page_Spectrum community/img_Explore_style__Img-u3znqr-3 kJsvJN' is clicked on

2019-05-23 10:43:56 - [TEST_STEP][PASSED] - navigateToUrl("http://localhost:3000/users/tranminhcuong?tab=posts"): Navigate to 'http://localhost:3000/users/tranminhcuong?tab=posts' successfully

2019-05-23 10:43:59 - [MESSAGE][PASSED] - Navigate to 'http://localhost:3000/users/tranminhcuong?tab=posts' successfully

2019-05-23 10:43:59 - [TEST_STEP][PASSED] - click(findTestObject("Page_TRN MINH CNG  tranminhcuong/button_Settings")): Object: 'Object Repository/Page_TRN MINH CNG  tranminhcuong/button_Settings' is clicked on

2019-05-23 10:44:01 - [MESSAGE][PASSED] - Object: 'Object Repository/Page_TRN MINH CNG  tranminhcuong/button_Settings' is clicked on

2019-05-23 10:44:01 - [TEST_STEP][PASSED] - setText(findTestObject("Object Repository/Page_My settings/input_set_email"), email): Text 'manhvu@yahoo.com' is set on object 'Object Repository/Page_My settings/input_set_email'

2019-05-23 10:44:01 - [MESSAGE][PASSED] - Text 'manhvu@yahoo.com' is set on object 'Object Repository/Page_My settings/input_set_email'

2019-05-23 10:44:01 - [TEST_STEP][PASSED] - click(findTestObject("Object Repository/Page_My settings/button_Save")): Object: 'Object Repository/Page_My settings/button_Save' is clicked on

2019-05-23 10:44:02 - [MESSAGE][PASSED] - Object: 'Object Repository/Page_My settings/button_Save' is clicked on]]></system-out>
         <system-err><![CDATA[]]></system-err>
      </testcase>
      <testcase name="Test Cases/20 Data-driven test case/Set Email Profile use CSV" classname="Test Cases/20 Data-driven test case/Set Email Profile use CSV" status="PASSED">
         <system-out><![CDATA[2019-05-23 10:44:02 - [TEST_CASE][PASSED] - Test Cases/20 Data-driven test case/Set Email Profile use CSV: Test Cases/20 Data-driven test case/Set Email Profile use CSV

2019-05-23 10:44:02 - [TEST_STEP][PASSED] - openBrowser(""): Browser is opened with url: ''

2019-05-23 10:44:02 - [MESSAGE][WARNING] - A browser is already opened. Closing browser and opening a new one

2019-05-23 10:44:03 - [MESSAGE][INFO] - Starting 'Firefox' driver

2019-05-23 10:44:06 - [MESSAGE][PASSED] - Browser is opened with url: ''

2019-05-23 10:44:06 - [TEST_STEP][PASSED] - navigateToUrl("http://localhost:3000/"): Navigate to 'http://localhost:3000/' successfully

2019-05-23 10:44:07 - [MESSAGE][PASSED] - Navigate to 'http://localhost:3000/' successfully

2019-05-23 10:44:07 - [TEST_STEP][PASSED] - click(findTestObject("Page_Spectrum/button_Log in or sign up")): Object: 'Object Repository/Page_Spectrum/button_Log in or sign up' is clicked on

2019-05-23 10:44:09 - [MESSAGE][PASSED] - Object: 'Object Repository/Page_Spectrum/button_Log in or sign up' is clicked on

2019-05-23 10:44:09 - [TEST_STEP][PASSED] - click(findTestObject("Page_Spectrum/span_Sign in with GitHub")): Object: 'Object Repository/Page_Spectrum/span_Sign in with GitHub' is clicked on

2019-05-23 10:44:11 - [MESSAGE][PASSED] - Object: 'Object Repository/Page_Spectrum/span_Sign in with GitHub' is clicked on

2019-05-23 10:44:11 - [TEST_STEP][PASSED] - setText(findTestObject("Page_Sign in to GitHub  GitHub/input_Username or email address_login"), "minhcuongit"): Text 'minhcuongit' is set on object 'Object Repository/Page_Sign in to GitHub  GitHub/input_Username or email address_login'

2019-05-23 10:44:11 - [MESSAGE][PASSED] - Text 'minhcuongit' is set on object 'Object Repository/Page_Sign in to GitHub  GitHub/input_Username or email address_login'

2019-05-23 10:44:11 - [TEST_STEP][PASSED] - setEncryptedText(findTestObject("Page_Sign in to GitHub  GitHub/input_Forgot password_password"), "9e5/e4jZbrkRPxL/am/6uYGu2iBUrIMS"): Text ****** has been set on object 'Object Repository/Page_Sign in to GitHub  GitHub/input_Forgot password_password'

2019-05-23 10:44:11 - [MESSAGE][PASSED] - Text ****** has been set on object 'Object Repository/Page_Sign in to GitHub  GitHub/input_Forgot password_password'

2019-05-23 10:44:11 - [TEST_STEP][PASSED] - click(findTestObject("Page_Sign in to GitHub  GitHub/input_Forgot password_commit")): Object: 'Object Repository/Page_Sign in to GitHub  GitHub/input_Forgot password_commit' is clicked on

2019-05-23 10:44:15 - [MESSAGE][PASSED] - Object: 'Object Repository/Page_Sign in to GitHub  GitHub/input_Forgot password_commit' is clicked on

2019-05-23 10:44:15 - [TEST_STEP][PASSED] - click(findTestObject("Page_Spectrum community/img_Explore_style__Img-u3znqr-3 kJsvJN")): Object: 'Object Repository/Page_Spectrum community/img_Explore_style__Img-u3znqr-3 kJsvJN' is clicked on

2019-05-23 10:44:20 - [MESSAGE][PASSED] - Object: 'Object Repository/Page_Spectrum community/img_Explore_style__Img-u3znqr-3 kJsvJN' is clicked on

2019-05-23 10:44:20 - [TEST_STEP][PASSED] - navigateToUrl("http://localhost:3000/users/tranminhcuong?tab=posts"): Navigate to 'http://localhost:3000/users/tranminhcuong?tab=posts' successfully

2019-05-23 10:44:23 - [MESSAGE][PASSED] - Navigate to 'http://localhost:3000/users/tranminhcuong?tab=posts' successfully

2019-05-23 10:44:23 - [TEST_STEP][PASSED] - click(findTestObject("Page_TRN MINH CNG  tranminhcuong/button_Settings")): Object: 'Object Repository/Page_TRN MINH CNG  tranminhcuong/button_Settings' is clicked on

2019-05-23 10:44:24 - [MESSAGE][PASSED] - Object: 'Object Repository/Page_TRN MINH CNG  tranminhcuong/button_Settings' is clicked on

2019-05-23 10:44:24 - [TEST_STEP][PASSED] - setText(findTestObject("Object Repository/Page_My settings/input_set_email"), email): Text 'quoccuong@yahoo.com' is set on object 'Object Repository/Page_My settings/input_set_email'

2019-05-23 10:44:25 - [MESSAGE][PASSED] - Text 'quoccuong@yahoo.com' is set on object 'Object Repository/Page_My settings/input_set_email'

2019-05-23 10:44:25 - [TEST_STEP][PASSED] - click(findTestObject("Object Repository/Page_My settings/button_Save")): Object: 'Object Repository/Page_My settings/button_Save' is clicked on

2019-05-23 10:44:25 - [MESSAGE][PASSED] - Object: 'Object Repository/Page_My settings/button_Save' is clicked on]]></system-out>
         <system-err><![CDATA[]]></system-err>
      </testcase>
      <testcase name="Test Cases/20 Data-driven test case/Set Email Profile use CSV" classname="Test Cases/20 Data-driven test case/Set Email Profile use CSV" status="PASSED">
         <system-out><![CDATA[2019-05-23 10:44:25 - [TEST_CASE][PASSED] - Test Cases/20 Data-driven test case/Set Email Profile use CSV: Test Cases/20 Data-driven test case/Set Email Profile use CSV

2019-05-23 10:44:25 - [TEST_STEP][PASSED] - openBrowser(""): Browser is opened with url: ''

2019-05-23 10:44:25 - [MESSAGE][WARNING] - A browser is already opened. Closing browser and opening a new one

2019-05-23 10:44:27 - [MESSAGE][INFO] - Starting 'Firefox' driver

2019-05-23 10:44:29 - [MESSAGE][PASSED] - Browser is opened with url: ''

2019-05-23 10:44:29 - [TEST_STEP][PASSED] - navigateToUrl("http://localhost:3000/"): Navigate to 'http://localhost:3000/' successfully

2019-05-23 10:44:31 - [MESSAGE][PASSED] - Navigate to 'http://localhost:3000/' successfully

2019-05-23 10:44:31 - [TEST_STEP][PASSED] - click(findTestObject("Page_Spectrum/button_Log in or sign up")): Object: 'Object Repository/Page_Spectrum/button_Log in or sign up' is clicked on

2019-05-23 10:44:33 - [MESSAGE][PASSED] - Object: 'Object Repository/Page_Spectrum/button_Log in or sign up' is clicked on

2019-05-23 10:44:33 - [TEST_STEP][PASSED] - click(findTestObject("Page_Spectrum/span_Sign in with GitHub")): Object: 'Object Repository/Page_Spectrum/span_Sign in with GitHub' is clicked on

2019-05-23 10:44:35 - [MESSAGE][PASSED] - Object: 'Object Repository/Page_Spectrum/span_Sign in with GitHub' is clicked on

2019-05-23 10:44:35 - [TEST_STEP][PASSED] - setText(findTestObject("Page_Sign in to GitHub  GitHub/input_Username or email address_login"), "minhcuongit"): Text 'minhcuongit' is set on object 'Object Repository/Page_Sign in to GitHub  GitHub/input_Username or email address_login'

2019-05-23 10:44:35 - [MESSAGE][PASSED] - Text 'minhcuongit' is set on object 'Object Repository/Page_Sign in to GitHub  GitHub/input_Username or email address_login'

2019-05-23 10:44:35 - [TEST_STEP][PASSED] - setEncryptedText(findTestObject("Page_Sign in to GitHub  GitHub/input_Forgot password_password"), "9e5/e4jZbrkRPxL/am/6uYGu2iBUrIMS"): Text ****** has been set on object 'Object Repository/Page_Sign in to GitHub  GitHub/input_Forgot password_password'

2019-05-23 10:44:35 - [MESSAGE][PASSED] - Text ****** has been set on object 'Object Repository/Page_Sign in to GitHub  GitHub/input_Forgot password_password'

2019-05-23 10:44:35 - [TEST_STEP][PASSED] - click(findTestObject("Page_Sign in to GitHub  GitHub/input_Forgot password_commit")): Object: 'Object Repository/Page_Sign in to GitHub  GitHub/input_Forgot password_commit' is clicked on

2019-05-23 10:44:40 - [MESSAGE][PASSED] - Object: 'Object Repository/Page_Sign in to GitHub  GitHub/input_Forgot password_commit' is clicked on

2019-05-23 10:44:40 - [TEST_STEP][PASSED] - click(findTestObject("Page_Spectrum community/img_Explore_style__Img-u3znqr-3 kJsvJN")): Object: 'Object Repository/Page_Spectrum community/img_Explore_style__Img-u3znqr-3 kJsvJN' is clicked on

2019-05-23 10:44:43 - [MESSAGE][PASSED] - Object: 'Object Repository/Page_Spectrum community/img_Explore_style__Img-u3znqr-3 kJsvJN' is clicked on

2019-05-23 10:44:43 - [TEST_STEP][PASSED] - navigateToUrl("http://localhost:3000/users/tranminhcuong?tab=posts"): Navigate to 'http://localhost:3000/users/tranminhcuong?tab=posts' successfully

2019-05-23 10:44:47 - [MESSAGE][PASSED] - Navigate to 'http://localhost:3000/users/tranminhcuong?tab=posts' successfully

2019-05-23 10:44:47 - [TEST_STEP][PASSED] - click(findTestObject("Page_TRN MINH CNG  tranminhcuong/button_Settings")): Object: 'Object Repository/Page_TRN MINH CNG  tranminhcuong/button_Settings' is clicked on

2019-05-23 10:44:48 - [MESSAGE][PASSED] - Object: 'Object Repository/Page_TRN MINH CNG  tranminhcuong/button_Settings' is clicked on

2019-05-23 10:44:48 - [TEST_STEP][PASSED] - setText(findTestObject("Object Repository/Page_My settings/input_set_email"), email): Text 'hoduy@yahoo.com' is set on object 'Object Repository/Page_My settings/input_set_email'

2019-05-23 10:44:48 - [MESSAGE][PASSED] - Text 'hoduy@yahoo.com' is set on object 'Object Repository/Page_My settings/input_set_email'

2019-05-23 10:44:48 - [TEST_STEP][PASSED] - click(findTestObject("Object Repository/Page_My settings/button_Save")): Object: 'Object Repository/Page_My settings/button_Save' is clicked on

2019-05-23 10:44:49 - [MESSAGE][PASSED] - Object: 'Object Repository/Page_My settings/button_Save' is clicked on]]></system-out>
         <system-err><![CDATA[]]></system-err>
      </testcase>
      <testcase name="Test Cases/20 Data-driven test case/Set Email Profile use Internal Data" classname="Test Cases/20 Data-driven test case/Set Email Profile use Internal Data" status="PASSED">
         <system-out><![CDATA[2019-05-23 10:44:49 - [TEST_CASE][PASSED] - Test Cases/20 Data-driven test case/Set Email Profile use Internal Data: Test Cases/20 Data-driven test case/Set Email Profile use Internal Data

2019-05-23 10:44:49 - [TEST_STEP][PASSED] - openBrowser(""): Browser is opened with url: ''

2019-05-23 10:44:49 - [MESSAGE][WARNING] - A browser is already opened. Closing browser and opening a new one

2019-05-23 10:44:50 - [MESSAGE][INFO] - Starting 'Firefox' driver

2019-05-23 10:44:53 - [MESSAGE][PASSED] - Browser is opened with url: ''

2019-05-23 10:44:53 - [TEST_STEP][PASSED] - navigateToUrl("http://localhost:3000/"): Navigate to 'http://localhost:3000/' successfully

2019-05-23 10:44:55 - [MESSAGE][PASSED] - Navigate to 'http://localhost:3000/' successfully

2019-05-23 10:44:55 - [TEST_STEP][PASSED] - click(findTestObject("Page_Spectrum/button_Log in or sign up")): Object: 'Object Repository/Page_Spectrum/button_Log in or sign up' is clicked on

2019-05-23 10:44:56 - [MESSAGE][PASSED] - Object: 'Object Repository/Page_Spectrum/button_Log in or sign up' is clicked on

2019-05-23 10:44:56 - [TEST_STEP][PASSED] - click(findTestObject("Page_Spectrum/span_Sign in with GitHub")): Object: 'Object Repository/Page_Spectrum/span_Sign in with GitHub' is clicked on

2019-05-23 10:44:58 - [MESSAGE][PASSED] - Object: 'Object Repository/Page_Spectrum/span_Sign in with GitHub' is clicked on

2019-05-23 10:44:58 - [TEST_STEP][PASSED] - setText(findTestObject("Page_Sign in to GitHub  GitHub/input_Username or email address_login"), "minhcuongit"): Text 'minhcuongit' is set on object 'Object Repository/Page_Sign in to GitHub  GitHub/input_Username or email address_login'

2019-05-23 10:44:58 - [MESSAGE][PASSED] - Text 'minhcuongit' is set on object 'Object Repository/Page_Sign in to GitHub  GitHub/input_Username or email address_login'

2019-05-23 10:44:58 - [TEST_STEP][PASSED] - setEncryptedText(findTestObject("Page_Sign in to GitHub  GitHub/input_Forgot password_password"), "9e5/e4jZbrkRPxL/am/6uYGu2iBUrIMS"): Text ****** has been set on object 'Object Repository/Page_Sign in to GitHub  GitHub/input_Forgot password_password'

2019-05-23 10:44:58 - [MESSAGE][PASSED] - Text ****** has been set on object 'Object Repository/Page_Sign in to GitHub  GitHub/input_Forgot password_password'

2019-05-23 10:44:58 - [TEST_STEP][PASSED] - click(findTestObject("Page_Sign in to GitHub  GitHub/input_Forgot password_commit")): Object: 'Object Repository/Page_Sign in to GitHub  GitHub/input_Forgot password_commit' is clicked on

2019-05-23 10:45:03 - [MESSAGE][PASSED] - Object: 'Object Repository/Page_Sign in to GitHub  GitHub/input_Forgot password_commit' is clicked on

2019-05-23 10:45:03 - [TEST_STEP][PASSED] - click(findTestObject("Page_Spectrum community/img_Explore_style__Img-u3znqr-3 kJsvJN")): Object: 'Object Repository/Page_Spectrum community/img_Explore_style__Img-u3znqr-3 kJsvJN' is clicked on

2019-05-23 10:45:07 - [MESSAGE][PASSED] - Object: 'Object Repository/Page_Spectrum community/img_Explore_style__Img-u3znqr-3 kJsvJN' is clicked on

2019-05-23 10:45:07 - [TEST_STEP][PASSED] - navigateToUrl("http://localhost:3000/users/tranminhcuong?tab=posts"): Navigate to 'http://localhost:3000/users/tranminhcuong?tab=posts' successfully

2019-05-23 10:45:09 - [MESSAGE][PASSED] - Navigate to 'http://localhost:3000/users/tranminhcuong?tab=posts' successfully

2019-05-23 10:45:09 - [TEST_STEP][PASSED] - click(findTestObject("Page_TRN MINH CNG  tranminhcuong/button_Settings")): Object: 'Object Repository/Page_TRN MINH CNG  tranminhcuong/button_Settings' is clicked on

2019-05-23 10:45:11 - [MESSAGE][PASSED] - Object: 'Object Repository/Page_TRN MINH CNG  tranminhcuong/button_Settings' is clicked on

2019-05-23 10:45:11 - [TEST_STEP][PASSED] - setText(findTestObject("Object Repository/Page_My settings/input_set_email"), email): Text 'minhcuongit97@yahoo.com' is set on object 'Object Repository/Page_My settings/input_set_email'

2019-05-23 10:45:12 - [MESSAGE][PASSED] - Text 'minhcuongit97@yahoo.com' is set on object 'Object Repository/Page_My settings/input_set_email'

2019-05-23 10:45:12 - [TEST_STEP][PASSED] - click(findTestObject("Object Repository/Page_My settings/button_Save")): Object: 'Object Repository/Page_My settings/button_Save' is clicked on

2019-05-23 10:45:12 - [MESSAGE][PASSED] - Object: 'Object Repository/Page_My settings/button_Save' is clicked on]]></system-out>
         <system-err><![CDATA[]]></system-err>
      </testcase>
      <testcase name="Test Cases/20 Data-driven test case/Set Email Profile use Internal Data" classname="Test Cases/20 Data-driven test case/Set Email Profile use Internal Data" status="PASSED">
         <system-out><![CDATA[2019-05-23 10:45:12 - [TEST_CASE][PASSED] - Test Cases/20 Data-driven test case/Set Email Profile use Internal Data: Test Cases/20 Data-driven test case/Set Email Profile use Internal Data

2019-05-23 10:45:12 - [TEST_STEP][PASSED] - openBrowser(""): Browser is opened with url: ''

2019-05-23 10:45:12 - [MESSAGE][WARNING] - A browser is already opened. Closing browser and opening a new one

2019-05-23 10:45:13 - [MESSAGE][INFO] - Starting 'Firefox' driver

2019-05-23 10:45:16 - [MESSAGE][PASSED] - Browser is opened with url: ''

2019-05-23 10:45:16 - [TEST_STEP][PASSED] - navigateToUrl("http://localhost:3000/"): Navigate to 'http://localhost:3000/' successfully

2019-05-23 10:45:18 - [MESSAGE][PASSED] - Navigate to 'http://localhost:3000/' successfully

2019-05-23 10:45:18 - [TEST_STEP][PASSED] - click(findTestObject("Page_Spectrum/button_Log in or sign up")): Object: 'Object Repository/Page_Spectrum/button_Log in or sign up' is clicked on

2019-05-23 10:45:20 - [MESSAGE][PASSED] - Object: 'Object Repository/Page_Spectrum/button_Log in or sign up' is clicked on

2019-05-23 10:45:20 - [TEST_STEP][PASSED] - click(findTestObject("Page_Spectrum/span_Sign in with GitHub")): Object: 'Object Repository/Page_Spectrum/span_Sign in with GitHub' is clicked on

2019-05-23 10:45:22 - [MESSAGE][PASSED] - Object: 'Object Repository/Page_Spectrum/span_Sign in with GitHub' is clicked on

2019-05-23 10:45:22 - [TEST_STEP][PASSED] - setText(findTestObject("Page_Sign in to GitHub  GitHub/input_Username or email address_login"), "minhcuongit"): Text 'minhcuongit' is set on object 'Object Repository/Page_Sign in to GitHub  GitHub/input_Username or email address_login'

2019-05-23 10:45:22 - [MESSAGE][PASSED] - Text 'minhcuongit' is set on object 'Object Repository/Page_Sign in to GitHub  GitHub/input_Username or email address_login'

2019-05-23 10:45:22 - [TEST_STEP][PASSED] - setEncryptedText(findTestObject("Page_Sign in to GitHub  GitHub/input_Forgot password_password"), "9e5/e4jZbrkRPxL/am/6uYGu2iBUrIMS"): Text ****** has been set on object 'Object Repository/Page_Sign in to GitHub  GitHub/input_Forgot password_password'

2019-05-23 10:45:22 - [MESSAGE][PASSED] - Text ****** has been set on object 'Object Repository/Page_Sign in to GitHub  GitHub/input_Forgot password_password'

2019-05-23 10:45:22 - [TEST_STEP][PASSED] - click(findTestObject("Page_Sign in to GitHub  GitHub/input_Forgot password_commit")): Object: 'Object Repository/Page_Sign in to GitHub  GitHub/input_Forgot password_commit' is clicked on

2019-05-23 10:45:26 - [MESSAGE][PASSED] - Object: 'Object Repository/Page_Sign in to GitHub  GitHub/input_Forgot password_commit' is clicked on

2019-05-23 10:45:26 - [TEST_STEP][PASSED] - click(findTestObject("Page_Spectrum community/img_Explore_style__Img-u3znqr-3 kJsvJN")): Object: 'Object Repository/Page_Spectrum community/img_Explore_style__Img-u3znqr-3 kJsvJN' is clicked on

2019-05-23 10:45:31 - [MESSAGE][PASSED] - Object: 'Object Repository/Page_Spectrum community/img_Explore_style__Img-u3znqr-3 kJsvJN' is clicked on

2019-05-23 10:45:31 - [TEST_STEP][PASSED] - navigateToUrl("http://localhost:3000/users/tranminhcuong?tab=posts"): Navigate to 'http://localhost:3000/users/tranminhcuong?tab=posts' successfully

2019-05-23 10:45:32 - [MESSAGE][PASSED] - Navigate to 'http://localhost:3000/users/tranminhcuong?tab=posts' successfully

2019-05-23 10:45:32 - [TEST_STEP][PASSED] - click(findTestObject("Page_TRN MINH CNG  tranminhcuong/button_Settings")): Object: 'Object Repository/Page_TRN MINH CNG  tranminhcuong/button_Settings' is clicked on

2019-05-23 10:45:34 - [MESSAGE][PASSED] - Object: 'Object Repository/Page_TRN MINH CNG  tranminhcuong/button_Settings' is clicked on

2019-05-23 10:45:34 - [TEST_STEP][PASSED] - setText(findTestObject("Object Repository/Page_My settings/input_set_email"), email): Text 'manhvu@yahoo.com' is set on object 'Object Repository/Page_My settings/input_set_email'

2019-05-23 10:45:35 - [MESSAGE][PASSED] - Text 'manhvu@yahoo.com' is set on object 'Object Repository/Page_My settings/input_set_email'

2019-05-23 10:45:35 - [TEST_STEP][PASSED] - click(findTestObject("Object Repository/Page_My settings/button_Save")): Object: 'Object Repository/Page_My settings/button_Save' is clicked on

2019-05-23 10:45:36 - [MESSAGE][PASSED] - Object: 'Object Repository/Page_My settings/button_Save' is clicked on]]></system-out>
         <system-err><![CDATA[]]></system-err>
      </testcase>
      <testcase name="Test Cases/20 Data-driven test case/Set Email Profile use Internal Data" classname="Test Cases/20 Data-driven test case/Set Email Profile use Internal Data" status="PASSED">
         <system-out><![CDATA[2019-05-23 10:45:36 - [TEST_CASE][PASSED] - Test Cases/20 Data-driven test case/Set Email Profile use Internal Data: Test Cases/20 Data-driven test case/Set Email Profile use Internal Data

2019-05-23 10:45:36 - [TEST_STEP][PASSED] - openBrowser(""): Browser is opened with url: ''

2019-05-23 10:45:36 - [MESSAGE][WARNING] - A browser is already opened. Closing browser and opening a new one

2019-05-23 10:45:37 - [MESSAGE][INFO] - Starting 'Firefox' driver

2019-05-23 10:45:40 - [MESSAGE][PASSED] - Browser is opened with url: ''

2019-05-23 10:45:40 - [TEST_STEP][PASSED] - navigateToUrl("http://localhost:3000/"): Navigate to 'http://localhost:3000/' successfully

2019-05-23 10:45:42 - [MESSAGE][PASSED] - Navigate to 'http://localhost:3000/' successfully

2019-05-23 10:45:42 - [TEST_STEP][PASSED] - click(findTestObject("Page_Spectrum/button_Log in or sign up")): Object: 'Object Repository/Page_Spectrum/button_Log in or sign up' is clicked on

2019-05-23 10:45:43 - [MESSAGE][PASSED] - Object: 'Object Repository/Page_Spectrum/button_Log in or sign up' is clicked on

2019-05-23 10:45:43 - [TEST_STEP][PASSED] - click(findTestObject("Page_Spectrum/span_Sign in with GitHub")): Object: 'Object Repository/Page_Spectrum/span_Sign in with GitHub' is clicked on

2019-05-23 10:45:45 - [MESSAGE][PASSED] - Object: 'Object Repository/Page_Spectrum/span_Sign in with GitHub' is clicked on

2019-05-23 10:45:45 - [TEST_STEP][PASSED] - setText(findTestObject("Page_Sign in to GitHub  GitHub/input_Username or email address_login"), "minhcuongit"): Text 'minhcuongit' is set on object 'Object Repository/Page_Sign in to GitHub  GitHub/input_Username or email address_login'

2019-05-23 10:45:45 - [MESSAGE][PASSED] - Text 'minhcuongit' is set on object 'Object Repository/Page_Sign in to GitHub  GitHub/input_Username or email address_login'

2019-05-23 10:45:45 - [TEST_STEP][PASSED] - setEncryptedText(findTestObject("Page_Sign in to GitHub  GitHub/input_Forgot password_password"), "9e5/e4jZbrkRPxL/am/6uYGu2iBUrIMS"): Text ****** has been set on object 'Object Repository/Page_Sign in to GitHub  GitHub/input_Forgot password_password'

2019-05-23 10:45:45 - [MESSAGE][PASSED] - Text ****** has been set on object 'Object Repository/Page_Sign in to GitHub  GitHub/input_Forgot password_password'

2019-05-23 10:45:45 - [TEST_STEP][PASSED] - click(findTestObject("Page_Sign in to GitHub  GitHub/input_Forgot password_commit")): Object: 'Object Repository/Page_Sign in to GitHub  GitHub/input_Forgot password_commit' is clicked on

2019-05-23 10:45:49 - [MESSAGE][PASSED] - Object: 'Object Repository/Page_Sign in to GitHub  GitHub/input_Forgot password_commit' is clicked on

2019-05-23 10:45:49 - [TEST_STEP][PASSED] - click(findTestObject("Page_Spectrum community/img_Explore_style__Img-u3znqr-3 kJsvJN")): Object: 'Object Repository/Page_Spectrum community/img_Explore_style__Img-u3znqr-3 kJsvJN' is clicked on

2019-05-23 10:45:53 - [MESSAGE][PASSED] - Object: 'Object Repository/Page_Spectrum community/img_Explore_style__Img-u3znqr-3 kJsvJN' is clicked on

2019-05-23 10:45:53 - [TEST_STEP][PASSED] - navigateToUrl("http://localhost:3000/users/tranminhcuong?tab=posts"): Navigate to 'http://localhost:3000/users/tranminhcuong?tab=posts' successfully

2019-05-23 10:45:57 - [MESSAGE][PASSED] - Navigate to 'http://localhost:3000/users/tranminhcuong?tab=posts' successfully

2019-05-23 10:45:57 - [TEST_STEP][PASSED] - click(findTestObject("Page_TRN MINH CNG  tranminhcuong/button_Settings")): Object: 'Object Repository/Page_TRN MINH CNG  tranminhcuong/button_Settings' is clicked on

2019-05-23 10:45:58 - [MESSAGE][PASSED] - Object: 'Object Repository/Page_TRN MINH CNG  tranminhcuong/button_Settings' is clicked on

2019-05-23 10:45:58 - [TEST_STEP][PASSED] - setText(findTestObject("Object Repository/Page_My settings/input_set_email"), email): Text 'duyho@yahoo.com' is set on object 'Object Repository/Page_My settings/input_set_email'

2019-05-23 10:45:58 - [MESSAGE][PASSED] - Text 'duyho@yahoo.com' is set on object 'Object Repository/Page_My settings/input_set_email'

2019-05-23 10:45:58 - [TEST_STEP][PASSED] - click(findTestObject("Object Repository/Page_My settings/button_Save")): Object: 'Object Repository/Page_My settings/button_Save' is clicked on

2019-05-23 10:45:59 - [MESSAGE][PASSED] - Object: 'Object Repository/Page_My settings/button_Save' is clicked on]]></system-out>
         <system-err><![CDATA[]]></system-err>
      </testcase>
      <testcase name="Test Cases/20 Data-driven test case/Set Email Profile use Internal Data" classname="Test Cases/20 Data-driven test case/Set Email Profile use Internal Data" status="PASSED">
         <system-out><![CDATA[2019-05-23 10:45:59 - [TEST_CASE][PASSED] - Test Cases/20 Data-driven test case/Set Email Profile use Internal Data: Test Cases/20 Data-driven test case/Set Email Profile use Internal Data

2019-05-23 10:45:59 - [TEST_STEP][PASSED] - openBrowser(""): Browser is opened with url: ''

2019-05-23 10:45:59 - [MESSAGE][WARNING] - A browser is already opened. Closing browser and opening a new one

2019-05-23 10:46:00 - [MESSAGE][INFO] - Starting 'Firefox' driver

2019-05-23 10:46:03 - [MESSAGE][PASSED] - Browser is opened with url: ''

2019-05-23 10:46:03 - [TEST_STEP][PASSED] - navigateToUrl("http://localhost:3000/"): Navigate to 'http://localhost:3000/' successfully

2019-05-23 10:46:05 - [MESSAGE][PASSED] - Navigate to 'http://localhost:3000/' successfully

2019-05-23 10:46:05 - [TEST_STEP][PASSED] - click(findTestObject("Page_Spectrum/button_Log in or sign up")): Object: 'Object Repository/Page_Spectrum/button_Log in or sign up' is clicked on

2019-05-23 10:46:06 - [MESSAGE][PASSED] - Object: 'Object Repository/Page_Spectrum/button_Log in or sign up' is clicked on

2019-05-23 10:46:06 - [TEST_STEP][PASSED] - click(findTestObject("Page_Spectrum/span_Sign in with GitHub")): Object: 'Object Repository/Page_Spectrum/span_Sign in with GitHub' is clicked on

2019-05-23 10:46:08 - [MESSAGE][PASSED] - Object: 'Object Repository/Page_Spectrum/span_Sign in with GitHub' is clicked on

2019-05-23 10:46:08 - [TEST_STEP][PASSED] - setText(findTestObject("Page_Sign in to GitHub  GitHub/input_Username or email address_login"), "minhcuongit"): Text 'minhcuongit' is set on object 'Object Repository/Page_Sign in to GitHub  GitHub/input_Username or email address_login'

2019-05-23 10:46:08 - [MESSAGE][PASSED] - Text 'minhcuongit' is set on object 'Object Repository/Page_Sign in to GitHub  GitHub/input_Username or email address_login'

2019-05-23 10:46:08 - [TEST_STEP][PASSED] - setEncryptedText(findTestObject("Page_Sign in to GitHub  GitHub/input_Forgot password_password"), "9e5/e4jZbrkRPxL/am/6uYGu2iBUrIMS"): Text ****** has been set on object 'Object Repository/Page_Sign in to GitHub  GitHub/input_Forgot password_password'

2019-05-23 10:46:08 - [MESSAGE][PASSED] - Text ****** has been set on object 'Object Repository/Page_Sign in to GitHub  GitHub/input_Forgot password_password'

2019-05-23 10:46:08 - [TEST_STEP][PASSED] - click(findTestObject("Page_Sign in to GitHub  GitHub/input_Forgot password_commit")): Object: 'Object Repository/Page_Sign in to GitHub  GitHub/input_Forgot password_commit' is clicked on

2019-05-23 10:46:12 - [MESSAGE][PASSED] - Object: 'Object Repository/Page_Sign in to GitHub  GitHub/input_Forgot password_commit' is clicked on

2019-05-23 10:46:12 - [TEST_STEP][PASSED] - click(findTestObject("Page_Spectrum community/img_Explore_style__Img-u3znqr-3 kJsvJN")): Object: 'Object Repository/Page_Spectrum community/img_Explore_style__Img-u3znqr-3 kJsvJN' is clicked on

2019-05-23 10:46:17 - [MESSAGE][PASSED] - Object: 'Object Repository/Page_Spectrum community/img_Explore_style__Img-u3znqr-3 kJsvJN' is clicked on

2019-05-23 10:46:17 - [TEST_STEP][PASSED] - navigateToUrl("http://localhost:3000/users/tranminhcuong?tab=posts"): Navigate to 'http://localhost:3000/users/tranminhcuong?tab=posts' successfully

2019-05-23 10:46:19 - [MESSAGE][PASSED] - Navigate to 'http://localhost:3000/users/tranminhcuong?tab=posts' successfully

2019-05-23 10:46:19 - [TEST_STEP][PASSED] - click(findTestObject("Page_TRN MINH CNG  tranminhcuong/button_Settings")): Object: 'Object Repository/Page_TRN MINH CNG  tranminhcuong/button_Settings' is clicked on

2019-05-23 10:46:20 - [MESSAGE][PASSED] - Object: 'Object Repository/Page_TRN MINH CNG  tranminhcuong/button_Settings' is clicked on

2019-05-23 10:46:20 - [TEST_STEP][PASSED] - setText(findTestObject("Object Repository/Page_My settings/input_set_email"), email): Text 'quoccuong@yahoo.com' is set on object 'Object Repository/Page_My settings/input_set_email'

2019-05-23 10:46:22 - [MESSAGE][PASSED] - Text 'quoccuong@yahoo.com' is set on object 'Object Repository/Page_My settings/input_set_email'

2019-05-23 10:46:22 - [TEST_STEP][PASSED] - click(findTestObject("Object Repository/Page_My settings/button_Save")): Object: 'Object Repository/Page_My settings/button_Save' is clicked on

2019-05-23 10:46:22 - [MESSAGE][PASSED] - Object: 'Object Repository/Page_My settings/button_Save' is clicked on]]></system-out>
         <system-err><![CDATA[]]></system-err>
      </testcase>
      <testcase name="Test Cases/20 Data-driven test case/Set Email Profile use Internal Data" classname="Test Cases/20 Data-driven test case/Set Email Profile use Internal Data" status="PASSED">
         <system-out><![CDATA[2019-05-23 10:46:22 - [TEST_CASE][PASSED] - Test Cases/20 Data-driven test case/Set Email Profile use Internal Data: Test Cases/20 Data-driven test case/Set Email Profile use Internal Data

2019-05-23 10:46:22 - [TEST_STEP][PASSED] - openBrowser(""): Browser is opened with url: ''

2019-05-23 10:46:22 - [MESSAGE][WARNING] - A browser is already opened. Closing browser and opening a new one

2019-05-23 10:46:23 - [MESSAGE][INFO] - Starting 'Firefox' driver

2019-05-23 10:46:26 - [MESSAGE][PASSED] - Browser is opened with url: ''

2019-05-23 10:46:26 - [TEST_STEP][PASSED] - navigateToUrl("http://localhost:3000/"): Navigate to 'http://localhost:3000/' successfully

2019-05-23 10:46:28 - [MESSAGE][PASSED] - Navigate to 'http://localhost:3000/' successfully

2019-05-23 10:46:28 - [TEST_STEP][PASSED] - click(findTestObject("Page_Spectrum/button_Log in or sign up")): Object: 'Object Repository/Page_Spectrum/button_Log in or sign up' is clicked on

2019-05-23 10:46:30 - [MESSAGE][PASSED] - Object: 'Object Repository/Page_Spectrum/button_Log in or sign up' is clicked on

2019-05-23 10:46:30 - [TEST_STEP][PASSED] - click(findTestObject("Page_Spectrum/span_Sign in with GitHub")): Object: 'Object Repository/Page_Spectrum/span_Sign in with GitHub' is clicked on

2019-05-23 10:46:32 - [MESSAGE][PASSED] - Object: 'Object Repository/Page_Spectrum/span_Sign in with GitHub' is clicked on

2019-05-23 10:46:32 - [TEST_STEP][PASSED] - setText(findTestObject("Page_Sign in to GitHub  GitHub/input_Username or email address_login"), "minhcuongit"): Text 'minhcuongit' is set on object 'Object Repository/Page_Sign in to GitHub  GitHub/input_Username or email address_login'

2019-05-23 10:46:32 - [MESSAGE][PASSED] - Text 'minhcuongit' is set on object 'Object Repository/Page_Sign in to GitHub  GitHub/input_Username or email address_login'

2019-05-23 10:46:32 - [TEST_STEP][PASSED] - setEncryptedText(findTestObject("Page_Sign in to GitHub  GitHub/input_Forgot password_password"), "9e5/e4jZbrkRPxL/am/6uYGu2iBUrIMS"): Text ****** has been set on object 'Object Repository/Page_Sign in to GitHub  GitHub/input_Forgot password_password'

2019-05-23 10:46:32 - [MESSAGE][PASSED] - Text ****** has been set on object 'Object Repository/Page_Sign in to GitHub  GitHub/input_Forgot password_password'

2019-05-23 10:46:32 - [TEST_STEP][PASSED] - click(findTestObject("Page_Sign in to GitHub  GitHub/input_Forgot password_commit")): Object: 'Object Repository/Page_Sign in to GitHub  GitHub/input_Forgot password_commit' is clicked on

2019-05-23 10:46:36 - [MESSAGE][PASSED] - Object: 'Object Repository/Page_Sign in to GitHub  GitHub/input_Forgot password_commit' is clicked on

2019-05-23 10:46:36 - [TEST_STEP][PASSED] - click(findTestObject("Page_Spectrum community/img_Explore_style__Img-u3znqr-3 kJsvJN")): Object: 'Object Repository/Page_Spectrum community/img_Explore_style__Img-u3znqr-3 kJsvJN' is clicked on

2019-05-23 10:46:41 - [MESSAGE][PASSED] - Object: 'Object Repository/Page_Spectrum community/img_Explore_style__Img-u3znqr-3 kJsvJN' is clicked on

2019-05-23 10:46:41 - [TEST_STEP][PASSED] - navigateToUrl("http://localhost:3000/users/tranminhcuong?tab=posts"): Navigate to 'http://localhost:3000/users/tranminhcuong?tab=posts' successfully

2019-05-23 10:46:42 - [MESSAGE][PASSED] - Navigate to 'http://localhost:3000/users/tranminhcuong?tab=posts' successfully

2019-05-23 10:46:42 - [TEST_STEP][PASSED] - click(findTestObject("Page_TRN MINH CNG  tranminhcuong/button_Settings")): Object: 'Object Repository/Page_TRN MINH CNG  tranminhcuong/button_Settings' is clicked on

2019-05-23 10:46:44 - [MESSAGE][PASSED] - Object: 'Object Repository/Page_TRN MINH CNG  tranminhcuong/button_Settings' is clicked on

2019-05-23 10:46:44 - [TEST_STEP][PASSED] - setText(findTestObject("Object Repository/Page_My settings/input_set_email"), email): Text 'ted_team@yahoo.com' is set on object 'Object Repository/Page_My settings/input_set_email'

2019-05-23 10:46:46 - [MESSAGE][PASSED] - Text 'ted_team@yahoo.com' is set on object 'Object Repository/Page_My settings/input_set_email'

2019-05-23 10:46:46 - [TEST_STEP][PASSED] - click(findTestObject("Object Repository/Page_My settings/button_Save")): Object: 'Object Repository/Page_My settings/button_Save' is clicked on

2019-05-23 10:46:46 - [MESSAGE][PASSED] - Object: 'Object Repository/Page_My settings/button_Save' is clicked on]]></system-out>
         <system-err><![CDATA[]]></system-err>
      </testcase>
      <testcase name="Test Cases/20 Data-driven test case/Up Posts use CSV" classname="Test Cases/20 Data-driven test case/Up Posts use CSV" status="FAILED">
         <failure type="FAILED" message="Test Cases/20 Data-driven test case/Up Posts use CSV FAILED.
Reason:
com.kms.katalon.core.exception.StepFailedException: Unable to select option by value '1815d581-d824-4937-830d-d0c746093540' of object 'Object Repository/Page_abc community/chon_channel_cuong'  using regular expression
	at com.kms.katalon.core.webui.keyword.internal.WebUIKeywordMain.stepFailed(WebUIKeywordMain.groovy:64)
	at com.kms.katalon.core.webui.keyword.internal.WebUIKeywordMain.runKeyword(WebUIKeywordMain.groovy:26)
	at com.kms.katalon.core.webui.keyword.builtin.SelectOptionByValueKeyword.selectOptionByValue(SelectOptionByValueKeyword.groovy:99)
	at com.kms.katalon.core.webui.keyword.builtin.SelectOptionByValueKeyword.execute(SelectOptionByValueKeyword.groovy:71)
	at com.kms.katalon.core.keyword.internal.KeywordExecutor.executeKeywordForPlatform(KeywordExecutor.groovy:56)
	at com.kms.katalon.core.webui.keyword.WebUiBuiltInKeywords.selectOptionByValue(WebUiBuiltInKeywords.groovy:1138)
	at com.kms.katalon.core.webui.keyword.WebUiBuiltInKeywords$selectOptionByValue$7.call(Unknown Source)
	at Up Posts use CSV.run(Up Posts use CSV:38)
	at com.kms.katalon.core.main.ScriptEngine.run(ScriptEngine.java:194)
	at com.kms.katalon.core.main.ScriptEngine.runScriptAsRawText(ScriptEngine.java:119)
	at com.kms.katalon.core.main.TestCaseExecutor.runScript(TestCaseExecutor.java:336)
	at com.kms.katalon.core.main.TestCaseExecutor.doExecute(TestCaseExecutor.java:327)
	at com.kms.katalon.core.main.TestCaseExecutor.processExecutionPhase(TestCaseExecutor.java:306)
	at com.kms.katalon.core.main.TestCaseExecutor.accessMainPhase(TestCaseExecutor.java:298)
	at com.kms.katalon.core.main.TestCaseExecutor.execute(TestCaseExecutor.java:232)
	at com.kms.katalon.core.main.TestSuiteExecutor.accessTestCaseMainPhase(TestSuiteExecutor.java:129)
	at com.kms.katalon.core.main.TestSuiteExecutor.accessTestSuiteMainPhase(TestSuiteExecutor.java:112)
	at com.kms.katalon.core.main.TestSuiteExecutor.execute(TestSuiteExecutor.java:81)
	at com.kms.katalon.core.main.TestCaseMain.startTestSuite(TestCaseMain.java:157)
	at com.kms.katalon.core.main.TestCaseMain$startTestSuite$0.call(Unknown Source)
	at TempTestSuite1558580976607.run(TempTestSuite1558580976607.groovy:35)
Caused by: com.kms.katalon.core.webui.exception.WebElementNotFoundException: Web element with id: 'Object Repository/Page_abc community/chon_channel_cuong' located by 'By.xpath: //select[@id='3f2e58e3-9735-45f6-a76e-7e6e204f22fb']' not found
	at com.kms.katalon.core.webui.common.WebUiCommonHelper.findWebElement(WebUiCommonHelper.java:1097)
	at com.kms.katalon.core.webui.keyword.internal.WebUIAbstractKeyword.findWebElement(WebUIAbstractKeyword.groovy:27)
	at com.kms.katalon.core.webui.keyword.internal.WebUIAbstractKeyword.findWebElement(WebUIAbstractKeyword.groovy:26)
	at com.kms.katalon.core.webui.keyword.builtin.SelectOptionByValueKeyword$_selectOptionByValue_closure1.doCall(SelectOptionByValueKeyword.groovy:86)
	at com.kms.katalon.core.webui.keyword.builtin.SelectOptionByValueKeyword$_selectOptionByValue_closure1.call(SelectOptionByValueKeyword.groovy)
	at com.kms.katalon.core.webui.keyword.internal.WebUIKeywordMain.runKeyword(WebUIKeywordMain.groovy:20)
	at com.kms.katalon.core.webui.keyword.builtin.SelectOptionByValueKeyword.selectOptionByValue(SelectOptionByValueKeyword.groovy:99)
	at com.kms.katalon.core.webui.keyword.builtin.SelectOptionByValueKeyword.execute(SelectOptionByValueKeyword.groovy:71)
	at com.kms.katalon.core.keyword.internal.KeywordExecutor.executeKeywordForPlatform(KeywordExecutor.groovy:56)
	at com.kms.katalon.core.webui.keyword.WebUiBuiltInKeywords.selectOptionByValue(WebUiBuiltInKeywords.groovy:1138)
	at com.kms.katalon.core.webui.keyword.WebUiBuiltInKeywords$selectOptionByValue$7.call(Unknown Source)
	at Script1558569401790.run(Script1558569401790.groovy:38)
	... 13 more
"/>
         <system-out><![CDATA[2019-05-23 10:46:46 - [TEST_CASE][FAILED] - Test Cases/20 Data-driven test case/Up Posts use CSV: Test Cases/20 Data-driven test case/Up Posts use CSV FAILED.
Reason:
com.kms.katalon.core.exception.StepFailedException: Unable to select option by value '1815d581-d824-4937-830d-d0c746093540' of object 'Object Repository/Page_abc community/chon_channel_cuong'  using regular expression
	at com.kms.katalon.core.webui.keyword.internal.WebUIKeywordMain.stepFailed(WebUIKeywordMain.groovy:64)
	at com.kms.katalon.core.webui.keyword.internal.WebUIKeywordMain.runKeyword(WebUIKeywordMain.groovy:26)
	at com.kms.katalon.core.webui.keyword.builtin.SelectOptionByValueKeyword.selectOptionByValue(SelectOptionByValueKeyword.groovy:99)
	at com.kms.katalon.core.webui.keyword.builtin.SelectOptionByValueKeyword.execute(SelectOptionByValueKeyword.groovy:71)
	at com.kms.katalon.core.keyword.internal.KeywordExecutor.executeKeywordForPlatform(KeywordExecutor.groovy:56)
	at com.kms.katalon.core.webui.keyword.WebUiBuiltInKeywords.selectOptionByValue(WebUiBuiltInKeywords.groovy:1138)
	at com.kms.katalon.core.webui.keyword.WebUiBuiltInKeywords$selectOptionByValue$7.call(Unknown Source)
	at Up Posts use CSV.run(Up Posts use CSV:38)
	at com.kms.katalon.core.main.ScriptEngine.run(ScriptEngine.java:194)
	at com.kms.katalon.core.main.ScriptEngine.runScriptAsRawText(ScriptEngine.java:119)
	at com.kms.katalon.core.main.TestCaseExecutor.runScript(TestCaseExecutor.java:336)
	at com.kms.katalon.core.main.TestCaseExecutor.doExecute(TestCaseExecutor.java:327)
	at com.kms.katalon.core.main.TestCaseExecutor.processExecutionPhase(TestCaseExecutor.java:306)
	at com.kms.katalon.core.main.TestCaseExecutor.accessMainPhase(TestCaseExecutor.java:298)
	at com.kms.katalon.core.main.TestCaseExecutor.execute(TestCaseExecutor.java:232)
	at com.kms.katalon.core.main.TestSuiteExecutor.accessTestCaseMainPhase(TestSuiteExecutor.java:129)
	at com.kms.katalon.core.main.TestSuiteExecutor.accessTestSuiteMainPhase(TestSuiteExecutor.java:112)
	at com.kms.katalon.core.main.TestSuiteExecutor.execute(TestSuiteExecutor.java:81)
	at com.kms.katalon.core.main.TestCaseMain.startTestSuite(TestCaseMain.java:157)
	at com.kms.katalon.core.main.TestCaseMain$startTestSuite$0.call(Unknown Source)
	at TempTestSuite1558580976607.run(TempTestSuite1558580976607.groovy:35)
Caused by: com.kms.katalon.core.webui.exception.WebElementNotFoundException: Web element with id: 'Object Repository/Page_abc community/chon_channel_cuong' located by 'By.xpath: //select[@id='3f2e58e3-9735-45f6-a76e-7e6e204f22fb']' not found
	at com.kms.katalon.core.webui.common.WebUiCommonHelper.findWebElement(WebUiCommonHelper.java:1097)
	at com.kms.katalon.core.webui.keyword.internal.WebUIAbstractKeyword.findWebElement(WebUIAbstractKeyword.groovy:27)
	at com.kms.katalon.core.webui.keyword.internal.WebUIAbstractKeyword.findWebElement(WebUIAbstractKeyword.groovy:26)
	at com.kms.katalon.core.webui.keyword.builtin.SelectOptionByValueKeyword$_selectOptionByValue_closure1.doCall(SelectOptionByValueKeyword.groovy:86)
	at com.kms.katalon.core.webui.keyword.builtin.SelectOptionByValueKeyword$_selectOptionByValue_closure1.call(SelectOptionByValueKeyword.groovy)
	at com.kms.katalon.core.webui.keyword.internal.WebUIKeywordMain.runKeyword(WebUIKeywordMain.groovy:20)
	at com.kms.katalon.core.webui.keyword.builtin.SelectOptionByValueKeyword.selectOptionByValue(SelectOptionByValueKeyword.groovy:99)
	at com.kms.katalon.core.webui.keyword.builtin.SelectOptionByValueKeyword.execute(SelectOptionByValueKeyword.groovy:71)
	at com.kms.katalon.core.keyword.internal.KeywordExecutor.executeKeywordForPlatform(KeywordExecutor.groovy:56)
	at com.kms.katalon.core.webui.keyword.WebUiBuiltInKeywords.selectOptionByValue(WebUiBuiltInKeywords.groovy:1138)
	at com.kms.katalon.core.webui.keyword.WebUiBuiltInKeywords$selectOptionByValue$7.call(Unknown Source)
	at Script1558569401790.run(Script1558569401790.groovy:38)
	... 13 more


2019-05-23 10:46:46 - [TEST_STEP][PASSED] - openBrowser(""): Browser is opened with url: ''

2019-05-23 10:46:46 - [MESSAGE][WARNING] - A browser is already opened. Closing browser and opening a new one

2019-05-23 10:46:47 - [MESSAGE][INFO] - Starting 'Firefox' driver

2019-05-23 10:46:51 - [MESSAGE][PASSED] - Browser is opened with url: ''

2019-05-23 10:46:51 - [TEST_STEP][PASSED] - navigateToUrl("http://localhost:3000/"): Navigate to 'http://localhost:3000/' successfully

2019-05-23 10:46:53 - [MESSAGE][PASSED] - Navigate to 'http://localhost:3000/' successfully

2019-05-23 10:46:53 - [TEST_STEP][PASSED] - click(findTestObject("Page_Spectrum/button_Log in or sign up")): Object: 'Object Repository/Page_Spectrum/button_Log in or sign up' is clicked on

2019-05-23 10:46:54 - [MESSAGE][PASSED] - Object: 'Object Repository/Page_Spectrum/button_Log in or sign up' is clicked on

2019-05-23 10:46:54 - [TEST_STEP][PASSED] - click(findTestObject("Page_Spectrum/span_Sign in with GitHub")): Object: 'Object Repository/Page_Spectrum/span_Sign in with GitHub' is clicked on

2019-05-23 10:46:56 - [MESSAGE][PASSED] - Object: 'Object Repository/Page_Spectrum/span_Sign in with GitHub' is clicked on

2019-05-23 10:46:56 - [TEST_STEP][PASSED] - setText(findTestObject("Page_Sign in to GitHub  GitHub/input_Username or email address_login"), "minhcuongit"): Text 'minhcuongit' is set on object 'Object Repository/Page_Sign in to GitHub  GitHub/input_Username or email address_login'

2019-05-23 10:46:56 - [MESSAGE][PASSED] - Text 'minhcuongit' is set on object 'Object Repository/Page_Sign in to GitHub  GitHub/input_Username or email address_login'

2019-05-23 10:46:56 - [TEST_STEP][PASSED] - setEncryptedText(findTestObject("Page_Sign in to GitHub  GitHub/input_Forgot password_password"), "9e5/e4jZbrkRPxL/am/6uYGu2iBUrIMS"): Text ****** has been set on object 'Object Repository/Page_Sign in to GitHub  GitHub/input_Forgot password_password'

2019-05-23 10:46:56 - [MESSAGE][PASSED] - Text ****** has been set on object 'Object Repository/Page_Sign in to GitHub  GitHub/input_Forgot password_password'

2019-05-23 10:46:56 - [TEST_STEP][PASSED] - click(findTestObject("Page_Sign in to GitHub  GitHub/input_Forgot password_commit")): Object: 'Object Repository/Page_Sign in to GitHub  GitHub/input_Forgot password_commit' is clicked on

2019-05-23 10:47:01 - [MESSAGE][PASSED] - Object: 'Object Repository/Page_Sign in to GitHub  GitHub/input_Forgot password_commit' is clicked on

2019-05-23 10:47:01 - [TEST_STEP][PASSED] - navigateToUrl("http://localhost:3000/abc?tab=posts"): Navigate to 'http://localhost:3000/abc?tab=posts' successfully

2019-05-23 10:47:03 - [MESSAGE][PASSED] - Navigate to 'http://localhost:3000/abc?tab=posts' successfully

2019-05-23 10:47:03 - [TEST_STEP][PASSED] - click(findTestObject("Object Repository/Page_abc community/div_click_de_hien_khung")): Object: 'Object Repository/Page_abc community/div_click_de_hien_khung' is clicked on

2019-05-23 10:47:05 - [MESSAGE][PASSED] - Object: 'Object Repository/Page_abc community/div_click_de_hien_khung' is clicked on

2019-05-23 10:47:05 - [TEST_STEP][PASSED] - setText(findTestObject("Object Repository/Page_abc community/input_tieu_de"), message): Text 'I used to bite my tongue and hold my breath' is set on object 'Object Repository/Page_abc community/input_tieu_de'

2019-05-23 10:47:06 - [MESSAGE][PASSED] - Text 'I used to bite my tongue and hold my breath' is set on object 'Object Repository/Page_abc community/input_tieu_de'

2019-05-23 10:47:06 - [TEST_STEP][PASSED] - setText(findTestObject("Object Repository/Page_abc community/textarea_detail"), detail): Text 'details I used to bite my tongue and hold my breath' is set on object 'Object Repository/Page_abc community/textarea_detail'

2019-05-23 10:47:09 - [MESSAGE][PASSED] - Text 'details I used to bite my tongue and hold my breath' is set on object 'Object Repository/Page_abc community/textarea_detail'

2019-05-23 10:47:09 - [TEST_STEP][FAILED] - selectOptionByValue(findTestObject("Object Repository/Page_abc community/chon_channel_cuong"), "1815d581-d824-4937-830d-d0c746093540", true): Unable to select option by value '1815d581-d824-4937-830d-d0c746093540' of object 'Object Repository/Page_abc community/chon_channel_cuong'  using regular expression (Root cause: com.kms.katalon.core.exception.StepFailedException: Unable to select option by value '1815d581-d824-4937-830d-d0c746093540' of object 'Object Repository/Page_abc community/chon_channel_cuong'  using regular expression
	at com.kms.katalon.core.webui.keyword.internal.WebUIKeywordMain.stepFailed(WebUIKeywordMain.groovy:64)
	at com.kms.katalon.core.webui.keyword.internal.WebUIKeywordMain.runKeyword(WebUIKeywordMain.groovy:26)
	at com.kms.katalon.core.webui.keyword.builtin.SelectOptionByValueKeyword.selectOptionByValue(SelectOptionByValueKeyword.groovy:99)
	at com.kms.katalon.core.webui.keyword.builtin.SelectOptionByValueKeyword.execute(SelectOptionByValueKeyword.groovy:71)
	at com.kms.katalon.core.keyword.internal.KeywordExecutor.executeKeywordForPlatform(KeywordExecutor.groovy:56)
	at com.kms.katalon.core.webui.keyword.WebUiBuiltInKeywords.selectOptionByValue(WebUiBuiltInKeywords.groovy:1138)
	at com.kms.katalon.core.webui.keyword.WebUiBuiltInKeywords$selectOptionByValue$7.call(Unknown Source)
	at Up Posts use CSV.run(Up Posts use CSV:38)
	at com.kms.katalon.core.main.ScriptEngine.run(ScriptEngine.java:194)
	at com.kms.katalon.core.main.ScriptEngine.runScriptAsRawText(ScriptEngine.java:119)
	at com.kms.katalon.core.main.TestCaseExecutor.runScript(TestCaseExecutor.java:336)
	at com.kms.katalon.core.main.TestCaseExecutor.doExecute(TestCaseExecutor.java:327)
	at com.kms.katalon.core.main.TestCaseExecutor.processExecutionPhase(TestCaseExecutor.java:306)
	at com.kms.katalon.core.main.TestCaseExecutor.accessMainPhase(TestCaseExecutor.java:298)
	at com.kms.katalon.core.main.TestCaseExecutor.execute(TestCaseExecutor.java:232)
	at com.kms.katalon.core.main.TestSuiteExecutor.accessTestCaseMainPhase(TestSuiteExecutor.java:129)
	at com.kms.katalon.core.main.TestSuiteExecutor.accessTestSuiteMainPhase(TestSuiteExecutor.java:112)
	at com.kms.katalon.core.main.TestSuiteExecutor.execute(TestSuiteExecutor.java:81)
	at com.kms.katalon.core.main.TestCaseMain.startTestSuite(TestCaseMain.java:157)
	at com.kms.katalon.core.main.TestCaseMain$startTestSuite$0.call(Unknown Source)
	at TempTestSuite1558580976607.run(TempTestSuite1558580976607.groovy:35)
Caused by: com.kms.katalon.core.webui.exception.WebElementNotFoundException: Web element with id: 'Object Repository/Page_abc community/chon_channel_cuong' located by 'By.xpath: //select[@id='3f2e58e3-9735-45f6-a76e-7e6e204f22fb']' not found
	at com.kms.katalon.core.webui.common.WebUiCommonHelper.findWebElement(WebUiCommonHelper.java:1097)
	at com.kms.katalon.core.webui.keyword.internal.WebUIAbstractKeyword.findWebElement(WebUIAbstractKeyword.groovy:27)
	at com.kms.katalon.core.webui.keyword.internal.WebUIAbstractKeyword.findWebElement(WebUIAbstractKeyword.groovy:26)
	at com.kms.katalon.core.webui.keyword.builtin.SelectOptionByValueKeyword$_selectOptionByValue_closure1.doCall(SelectOptionByValueKeyword.groovy:86)
	at com.kms.katalon.core.webui.keyword.builtin.SelectOptionByValueKeyword$_selectOptionByValue_closure1.call(SelectOptionByValueKeyword.groovy)
	at com.kms.katalon.core.webui.keyword.internal.WebUIKeywordMain.runKeyword(WebUIKeywordMain.groovy:20)
	at com.kms.katalon.core.webui.keyword.builtin.SelectOptionByValueKeyword.selectOptionByValue(SelectOptionByValueKeyword.groovy:99)
	at com.kms.katalon.core.webui.keyword.builtin.SelectOptionByValueKeyword.execute(SelectOptionByValueKeyword.groovy:71)
	at com.kms.katalon.core.keyword.internal.KeywordExecutor.executeKeywordForPlatform(KeywordExecutor.groovy:56)
	at com.kms.katalon.core.webui.keyword.WebUiBuiltInKeywords.selectOptionByValue(WebUiBuiltInKeywords.groovy:1138)
	at com.kms.katalon.core.webui.keyword.WebUiBuiltInKeywords$selectOptionByValue$7.call(Unknown Source)
	at Script1558569401790.run(Script1558569401790.groovy:38)
	... 13 more
)

2019-05-23 10:47:40 - [MESSAGE][INFO] - Unable to find the element located by 'By.xpath: //select[@id='3f2e58e3-9735-45f6-a76e-7e6e204f22fb']'. Please recheck the objects properties to make sure the desired element is located. 

2019-05-23 10:47:40 - [MESSAGE][FAILED] - Unable to select option by value '1815d581-d824-4937-830d-d0c746093540' of object 'Object Repository/Page_abc community/chon_channel_cuong'  using regular expression (Root cause: com.kms.katalon.core.exception.StepFailedException: Unable to select option by value '1815d581-d824-4937-830d-d0c746093540' of object 'Object Repository/Page_abc community/chon_channel_cuong'  using regular expression
	at com.kms.katalon.core.webui.keyword.internal.WebUIKeywordMain.stepFailed(WebUIKeywordMain.groovy:64)
	at com.kms.katalon.core.webui.keyword.internal.WebUIKeywordMain.runKeyword(WebUIKeywordMain.groovy:26)
	at com.kms.katalon.core.webui.keyword.builtin.SelectOptionByValueKeyword.selectOptionByValue(SelectOptionByValueKeyword.groovy:99)
	at com.kms.katalon.core.webui.keyword.builtin.SelectOptionByValueKeyword.execute(SelectOptionByValueKeyword.groovy:71)
	at com.kms.katalon.core.keyword.internal.KeywordExecutor.executeKeywordForPlatform(KeywordExecutor.groovy:56)
	at com.kms.katalon.core.webui.keyword.WebUiBuiltInKeywords.selectOptionByValue(WebUiBuiltInKeywords.groovy:1138)
	at com.kms.katalon.core.webui.keyword.WebUiBuiltInKeywords$selectOptionByValue$7.call(Unknown Source)
	at Up Posts use CSV.run(Up Posts use CSV:38)
	at com.kms.katalon.core.main.ScriptEngine.run(ScriptEngine.java:194)
	at com.kms.katalon.core.main.ScriptEngine.runScriptAsRawText(ScriptEngine.java:119)
	at com.kms.katalon.core.main.TestCaseExecutor.runScript(TestCaseExecutor.java:336)
	at com.kms.katalon.core.main.TestCaseExecutor.doExecute(TestCaseExecutor.java:327)
	at com.kms.katalon.core.main.TestCaseExecutor.processExecutionPhase(TestCaseExecutor.java:306)
	at com.kms.katalon.core.main.TestCaseExecutor.accessMainPhase(TestCaseExecutor.java:298)
	at com.kms.katalon.core.main.TestCaseExecutor.execute(TestCaseExecutor.java:232)
	at com.kms.katalon.core.main.TestSuiteExecutor.accessTestCaseMainPhase(TestSuiteExecutor.java:129)
	at com.kms.katalon.core.main.TestSuiteExecutor.accessTestSuiteMainPhase(TestSuiteExecutor.java:112)
	at com.kms.katalon.core.main.TestSuiteExecutor.execute(TestSuiteExecutor.java:81)
	at com.kms.katalon.core.main.TestCaseMain.startTestSuite(TestCaseMain.java:157)
	at com.kms.katalon.core.main.TestCaseMain$startTestSuite$0.call(Unknown Source)
	at TempTestSuite1558580976607.run(TempTestSuite1558580976607.groovy:35)
Caused by: com.kms.katalon.core.webui.exception.WebElementNotFoundException: Web element with id: 'Object Repository/Page_abc community/chon_channel_cuong' located by 'By.xpath: //select[@id='3f2e58e3-9735-45f6-a76e-7e6e204f22fb']' not found
	at com.kms.katalon.core.webui.common.WebUiCommonHelper.findWebElement(WebUiCommonHelper.java:1097)
	at com.kms.katalon.core.webui.keyword.internal.WebUIAbstractKeyword.findWebElement(WebUIAbstractKeyword.groovy:27)
	at com.kms.katalon.core.webui.keyword.internal.WebUIAbstractKeyword.findWebElement(WebUIAbstractKeyword.groovy:26)
	at com.kms.katalon.core.webui.keyword.builtin.SelectOptionByValueKeyword$_selectOptionByValue_closure1.doCall(SelectOptionByValueKeyword.groovy:86)
	at com.kms.katalon.core.webui.keyword.builtin.SelectOptionByValueKeyword$_selectOptionByValue_closure1.call(SelectOptionByValueKeyword.groovy)
	at com.kms.katalon.core.webui.keyword.internal.WebUIKeywordMain.runKeyword(WebUIKeywordMain.groovy:20)
	at com.kms.katalon.core.webui.keyword.builtin.SelectOptionByValueKeyword.selectOptionByValue(SelectOptionByValueKeyword.groovy:99)
	at com.kms.katalon.core.webui.keyword.builtin.SelectOptionByValueKeyword.execute(SelectOptionByValueKeyword.groovy:71)
	at com.kms.katalon.core.keyword.internal.KeywordExecutor.executeKeywordForPlatform(KeywordExecutor.groovy:56)
	at com.kms.katalon.core.webui.keyword.WebUiBuiltInKeywords.selectOptionByValue(WebUiBuiltInKeywords.groovy:1138)
	at com.kms.katalon.core.webui.keyword.WebUiBuiltInKeywords$selectOptionByValue$7.call(Unknown Source)
	at Script1558569401790.run(Script1558569401790.groovy:38)
	... 13 more
)
[[ATTACHMENT|D:\\HCMUS DATA\\Tern2-4th\\CCDNCTPTPM\\BT\\HW2\\Project\\TED_Team-Test_Project\\TED_Team-Test_Project\\Reports\\Run all test cases\\20190523_100936\\1558583260196.png]]]]></system-out>
         <system-err><![CDATA[2019-05-23 10:46:46 - [TEST_CASE][FAILED] - Test Cases/20 Data-driven test case/Up Posts use CSV: Test Cases/20 Data-driven test case/Up Posts use CSV FAILED.
Reason:
com.kms.katalon.core.exception.StepFailedException: Unable to select option by value '1815d581-d824-4937-830d-d0c746093540' of object 'Object Repository/Page_abc community/chon_channel_cuong'  using regular expression
	at com.kms.katalon.core.webui.keyword.internal.WebUIKeywordMain.stepFailed(WebUIKeywordMain.groovy:64)
	at com.kms.katalon.core.webui.keyword.internal.WebUIKeywordMain.runKeyword(WebUIKeywordMain.groovy:26)
	at com.kms.katalon.core.webui.keyword.builtin.SelectOptionByValueKeyword.selectOptionByValue(SelectOptionByValueKeyword.groovy:99)
	at com.kms.katalon.core.webui.keyword.builtin.SelectOptionByValueKeyword.execute(SelectOptionByValueKeyword.groovy:71)
	at com.kms.katalon.core.keyword.internal.KeywordExecutor.executeKeywordForPlatform(KeywordExecutor.groovy:56)
	at com.kms.katalon.core.webui.keyword.WebUiBuiltInKeywords.selectOptionByValue(WebUiBuiltInKeywords.groovy:1138)
	at com.kms.katalon.core.webui.keyword.WebUiBuiltInKeywords$selectOptionByValue$7.call(Unknown Source)
	at Up Posts use CSV.run(Up Posts use CSV:38)
	at com.kms.katalon.core.main.ScriptEngine.run(ScriptEngine.java:194)
	at com.kms.katalon.core.main.ScriptEngine.runScriptAsRawText(ScriptEngine.java:119)
	at com.kms.katalon.core.main.TestCaseExecutor.runScript(TestCaseExecutor.java:336)
	at com.kms.katalon.core.main.TestCaseExecutor.doExecute(TestCaseExecutor.java:327)
	at com.kms.katalon.core.main.TestCaseExecutor.processExecutionPhase(TestCaseExecutor.java:306)
	at com.kms.katalon.core.main.TestCaseExecutor.accessMainPhase(TestCaseExecutor.java:298)
	at com.kms.katalon.core.main.TestCaseExecutor.execute(TestCaseExecutor.java:232)
	at com.kms.katalon.core.main.TestSuiteExecutor.accessTestCaseMainPhase(TestSuiteExecutor.java:129)
	at com.kms.katalon.core.main.TestSuiteExecutor.accessTestSuiteMainPhase(TestSuiteExecutor.java:112)
	at com.kms.katalon.core.main.TestSuiteExecutor.execute(TestSuiteExecutor.java:81)
	at com.kms.katalon.core.main.TestCaseMain.startTestSuite(TestCaseMain.java:157)
	at com.kms.katalon.core.main.TestCaseMain$startTestSuite$0.call(Unknown Source)
	at TempTestSuite1558580976607.run(TempTestSuite1558580976607.groovy:35)
Caused by: com.kms.katalon.core.webui.exception.WebElementNotFoundException: Web element with id: 'Object Repository/Page_abc community/chon_channel_cuong' located by 'By.xpath: //select[@id='3f2e58e3-9735-45f6-a76e-7e6e204f22fb']' not found
	at com.kms.katalon.core.webui.common.WebUiCommonHelper.findWebElement(WebUiCommonHelper.java:1097)
	at com.kms.katalon.core.webui.keyword.internal.WebUIAbstractKeyword.findWebElement(WebUIAbstractKeyword.groovy:27)
	at com.kms.katalon.core.webui.keyword.internal.WebUIAbstractKeyword.findWebElement(WebUIAbstractKeyword.groovy:26)
	at com.kms.katalon.core.webui.keyword.builtin.SelectOptionByValueKeyword$_selectOptionByValue_closure1.doCall(SelectOptionByValueKeyword.groovy:86)
	at com.kms.katalon.core.webui.keyword.builtin.SelectOptionByValueKeyword$_selectOptionByValue_closure1.call(SelectOptionByValueKeyword.groovy)
	at com.kms.katalon.core.webui.keyword.internal.WebUIKeywordMain.runKeyword(WebUIKeywordMain.groovy:20)
	at com.kms.katalon.core.webui.keyword.builtin.SelectOptionByValueKeyword.selectOptionByValue(SelectOptionByValueKeyword.groovy:99)
	at com.kms.katalon.core.webui.keyword.builtin.SelectOptionByValueKeyword.execute(SelectOptionByValueKeyword.groovy:71)
	at com.kms.katalon.core.keyword.internal.KeywordExecutor.executeKeywordForPlatform(KeywordExecutor.groovy:56)
	at com.kms.katalon.core.webui.keyword.WebUiBuiltInKeywords.selectOptionByValue(WebUiBuiltInKeywords.groovy:1138)
	at com.kms.katalon.core.webui.keyword.WebUiBuiltInKeywords$selectOptionByValue$7.call(Unknown Source)
	at Script1558569401790.run(Script1558569401790.groovy:38)
	... 13 more]]></system-err>
      </testcase>
      <testcase name="Test Cases/20 Data-driven test case/Up Posts use CSV" classname="Test Cases/20 Data-driven test case/Up Posts use CSV" status="FAILED">
         <failure type="FAILED" message="Test Cases/20 Data-driven test case/Up Posts use CSV FAILED.
Reason:
com.kms.katalon.core.exception.StepFailedException: Unable to select option by value '1815d581-d824-4937-830d-d0c746093540' of object 'Object Repository/Page_abc community/chon_channel_cuong'  using regular expression
	at com.kms.katalon.core.webui.keyword.internal.WebUIKeywordMain.stepFailed(WebUIKeywordMain.groovy:64)
	at com.kms.katalon.core.webui.keyword.internal.WebUIKeywordMain.runKeyword(WebUIKeywordMain.groovy:26)
	at com.kms.katalon.core.webui.keyword.builtin.SelectOptionByValueKeyword.selectOptionByValue(SelectOptionByValueKeyword.groovy:99)
	at com.kms.katalon.core.webui.keyword.builtin.SelectOptionByValueKeyword.execute(SelectOptionByValueKeyword.groovy:71)
	at com.kms.katalon.core.keyword.internal.KeywordExecutor.executeKeywordForPlatform(KeywordExecutor.groovy:56)
	at com.kms.katalon.core.webui.keyword.WebUiBuiltInKeywords.selectOptionByValue(WebUiBuiltInKeywords.groovy:1138)
	at com.kms.katalon.core.webui.keyword.WebUiBuiltInKeywords$selectOptionByValue$7.call(Unknown Source)
	at Up Posts use CSV.run(Up Posts use CSV:38)
	at com.kms.katalon.core.main.ScriptEngine.run(ScriptEngine.java:194)
	at com.kms.katalon.core.main.ScriptEngine.runScriptAsRawText(ScriptEngine.java:119)
	at com.kms.katalon.core.main.TestCaseExecutor.runScript(TestCaseExecutor.java:336)
	at com.kms.katalon.core.main.TestCaseExecutor.doExecute(TestCaseExecutor.java:327)
	at com.kms.katalon.core.main.TestCaseExecutor.processExecutionPhase(TestCaseExecutor.java:306)
	at com.kms.katalon.core.main.TestCaseExecutor.accessMainPhase(TestCaseExecutor.java:298)
	at com.kms.katalon.core.main.TestCaseExecutor.execute(TestCaseExecutor.java:232)
	at com.kms.katalon.core.main.TestSuiteExecutor.accessTestCaseMainPhase(TestSuiteExecutor.java:129)
	at com.kms.katalon.core.main.TestSuiteExecutor.accessTestSuiteMainPhase(TestSuiteExecutor.java:112)
	at com.kms.katalon.core.main.TestSuiteExecutor.execute(TestSuiteExecutor.java:81)
	at com.kms.katalon.core.main.TestCaseMain.startTestSuite(TestCaseMain.java:157)
	at com.kms.katalon.core.main.TestCaseMain$startTestSuite$0.call(Unknown Source)
	at TempTestSuite1558580976607.run(TempTestSuite1558580976607.groovy:35)
Caused by: com.kms.katalon.core.webui.exception.WebElementNotFoundException: Web element with id: 'Object Repository/Page_abc community/chon_channel_cuong' located by 'By.xpath: //select[@id='3f2e58e3-9735-45f6-a76e-7e6e204f22fb']' not found
	at com.kms.katalon.core.webui.common.WebUiCommonHelper.findWebElement(WebUiCommonHelper.java:1097)
	at com.kms.katalon.core.webui.keyword.internal.WebUIAbstractKeyword.findWebElement(WebUIAbstractKeyword.groovy:27)
	at com.kms.katalon.core.webui.keyword.internal.WebUIAbstractKeyword.findWebElement(WebUIAbstractKeyword.groovy:26)
	at com.kms.katalon.core.webui.keyword.builtin.SelectOptionByValueKeyword$_selectOptionByValue_closure1.doCall(SelectOptionByValueKeyword.groovy:86)
	at com.kms.katalon.core.webui.keyword.builtin.SelectOptionByValueKeyword$_selectOptionByValue_closure1.call(SelectOptionByValueKeyword.groovy)
	at com.kms.katalon.core.webui.keyword.internal.WebUIKeywordMain.runKeyword(WebUIKeywordMain.groovy:20)
	at com.kms.katalon.core.webui.keyword.builtin.SelectOptionByValueKeyword.selectOptionByValue(SelectOptionByValueKeyword.groovy:99)
	at com.kms.katalon.core.webui.keyword.builtin.SelectOptionByValueKeyword.execute(SelectOptionByValueKeyword.groovy:71)
	at com.kms.katalon.core.keyword.internal.KeywordExecutor.executeKeywordForPlatform(KeywordExecutor.groovy:56)
	at com.kms.katalon.core.webui.keyword.WebUiBuiltInKeywords.selectOptionByValue(WebUiBuiltInKeywords.groovy:1138)
	at com.kms.katalon.core.webui.keyword.WebUiBuiltInKeywords$selectOptionByValue$7.call(Unknown Source)
	at Script1558569401790.run(Script1558569401790.groovy:38)
	... 13 more
"/>
         <system-out><![CDATA[2019-05-23 10:47:40 - [TEST_CASE][FAILED] - Test Cases/20 Data-driven test case/Up Posts use CSV: Test Cases/20 Data-driven test case/Up Posts use CSV FAILED.
Reason:
com.kms.katalon.core.exception.StepFailedException: Unable to select option by value '1815d581-d824-4937-830d-d0c746093540' of object 'Object Repository/Page_abc community/chon_channel_cuong'  using regular expression
	at com.kms.katalon.core.webui.keyword.internal.WebUIKeywordMain.stepFailed(WebUIKeywordMain.groovy:64)
	at com.kms.katalon.core.webui.keyword.internal.WebUIKeywordMain.runKeyword(WebUIKeywordMain.groovy:26)
	at com.kms.katalon.core.webui.keyword.builtin.SelectOptionByValueKeyword.selectOptionByValue(SelectOptionByValueKeyword.groovy:99)
	at com.kms.katalon.core.webui.keyword.builtin.SelectOptionByValueKeyword.execute(SelectOptionByValueKeyword.groovy:71)
	at com.kms.katalon.core.keyword.internal.KeywordExecutor.executeKeywordForPlatform(KeywordExecutor.groovy:56)
	at com.kms.katalon.core.webui.keyword.WebUiBuiltInKeywords.selectOptionByValue(WebUiBuiltInKeywords.groovy:1138)
	at com.kms.katalon.core.webui.keyword.WebUiBuiltInKeywords$selectOptionByValue$7.call(Unknown Source)
	at Up Posts use CSV.run(Up Posts use CSV:38)
	at com.kms.katalon.core.main.ScriptEngine.run(ScriptEngine.java:194)
	at com.kms.katalon.core.main.ScriptEngine.runScriptAsRawText(ScriptEngine.java:119)
	at com.kms.katalon.core.main.TestCaseExecutor.runScript(TestCaseExecutor.java:336)
	at com.kms.katalon.core.main.TestCaseExecutor.doExecute(TestCaseExecutor.java:327)
	at com.kms.katalon.core.main.TestCaseExecutor.processExecutionPhase(TestCaseExecutor.java:306)
	at com.kms.katalon.core.main.TestCaseExecutor.accessMainPhase(TestCaseExecutor.java:298)
	at com.kms.katalon.core.main.TestCaseExecutor.execute(TestCaseExecutor.java:232)
	at com.kms.katalon.core.main.TestSuiteExecutor.accessTestCaseMainPhase(TestSuiteExecutor.java:129)
	at com.kms.katalon.core.main.TestSuiteExecutor.accessTestSuiteMainPhase(TestSuiteExecutor.java:112)
	at com.kms.katalon.core.main.TestSuiteExecutor.execute(TestSuiteExecutor.java:81)
	at com.kms.katalon.core.main.TestCaseMain.startTestSuite(TestCaseMain.java:157)
	at com.kms.katalon.core.main.TestCaseMain$startTestSuite$0.call(Unknown Source)
	at TempTestSuite1558580976607.run(TempTestSuite1558580976607.groovy:35)
Caused by: com.kms.katalon.core.webui.exception.WebElementNotFoundException: Web element with id: 'Object Repository/Page_abc community/chon_channel_cuong' located by 'By.xpath: //select[@id='3f2e58e3-9735-45f6-a76e-7e6e204f22fb']' not found
	at com.kms.katalon.core.webui.common.WebUiCommonHelper.findWebElement(WebUiCommonHelper.java:1097)
	at com.kms.katalon.core.webui.keyword.internal.WebUIAbstractKeyword.findWebElement(WebUIAbstractKeyword.groovy:27)
	at com.kms.katalon.core.webui.keyword.internal.WebUIAbstractKeyword.findWebElement(WebUIAbstractKeyword.groovy:26)
	at com.kms.katalon.core.webui.keyword.builtin.SelectOptionByValueKeyword$_selectOptionByValue_closure1.doCall(SelectOptionByValueKeyword.groovy:86)
	at com.kms.katalon.core.webui.keyword.builtin.SelectOptionByValueKeyword$_selectOptionByValue_closure1.call(SelectOptionByValueKeyword.groovy)
	at com.kms.katalon.core.webui.keyword.internal.WebUIKeywordMain.runKeyword(WebUIKeywordMain.groovy:20)
	at com.kms.katalon.core.webui.keyword.builtin.SelectOptionByValueKeyword.selectOptionByValue(SelectOptionByValueKeyword.groovy:99)
	at com.kms.katalon.core.webui.keyword.builtin.SelectOptionByValueKeyword.execute(SelectOptionByValueKeyword.groovy:71)
	at com.kms.katalon.core.keyword.internal.KeywordExecutor.executeKeywordForPlatform(KeywordExecutor.groovy:56)
	at com.kms.katalon.core.webui.keyword.WebUiBuiltInKeywords.selectOptionByValue(WebUiBuiltInKeywords.groovy:1138)
	at com.kms.katalon.core.webui.keyword.WebUiBuiltInKeywords$selectOptionByValue$7.call(Unknown Source)
	at Script1558569401790.run(Script1558569401790.groovy:38)
	... 13 more


2019-05-23 10:47:40 - [TEST_STEP][PASSED] - openBrowser(""): Browser is opened with url: ''

2019-05-23 10:47:40 - [MESSAGE][WARNING] - A browser is already opened. Closing browser and opening a new one

2019-05-23 10:47:41 - [MESSAGE][INFO] - Starting 'Firefox' driver

2019-05-23 10:47:45 - [MESSAGE][PASSED] - Browser is opened with url: ''

2019-05-23 10:47:45 - [TEST_STEP][PASSED] - navigateToUrl("http://localhost:3000/"): Navigate to 'http://localhost:3000/' successfully

2019-05-23 10:47:46 - [MESSAGE][PASSED] - Navigate to 'http://localhost:3000/' successfully

2019-05-23 10:47:46 - [TEST_STEP][PASSED] - click(findTestObject("Page_Spectrum/button_Log in or sign up")): Object: 'Object Repository/Page_Spectrum/button_Log in or sign up' is clicked on

2019-05-23 10:47:48 - [MESSAGE][PASSED] - Object: 'Object Repository/Page_Spectrum/button_Log in or sign up' is clicked on

2019-05-23 10:47:48 - [TEST_STEP][PASSED] - click(findTestObject("Page_Spectrum/span_Sign in with GitHub")): Object: 'Object Repository/Page_Spectrum/span_Sign in with GitHub' is clicked on

2019-05-23 10:47:50 - [MESSAGE][PASSED] - Object: 'Object Repository/Page_Spectrum/span_Sign in with GitHub' is clicked on

2019-05-23 10:47:50 - [TEST_STEP][PASSED] - setText(findTestObject("Page_Sign in to GitHub  GitHub/input_Username or email address_login"), "minhcuongit"): Text 'minhcuongit' is set on object 'Object Repository/Page_Sign in to GitHub  GitHub/input_Username or email address_login'

2019-05-23 10:47:50 - [MESSAGE][PASSED] - Text 'minhcuongit' is set on object 'Object Repository/Page_Sign in to GitHub  GitHub/input_Username or email address_login'

2019-05-23 10:47:50 - [TEST_STEP][PASSED] - setEncryptedText(findTestObject("Page_Sign in to GitHub  GitHub/input_Forgot password_password"), "9e5/e4jZbrkRPxL/am/6uYGu2iBUrIMS"): Text ****** has been set on object 'Object Repository/Page_Sign in to GitHub  GitHub/input_Forgot password_password'

2019-05-23 10:47:50 - [MESSAGE][PASSED] - Text ****** has been set on object 'Object Repository/Page_Sign in to GitHub  GitHub/input_Forgot password_password'

2019-05-23 10:47:50 - [TEST_STEP][PASSED] - click(findTestObject("Page_Sign in to GitHub  GitHub/input_Forgot password_commit")): Object: 'Object Repository/Page_Sign in to GitHub  GitHub/input_Forgot password_commit' is clicked on

2019-05-23 10:47:55 - [MESSAGE][PASSED] - Object: 'Object Repository/Page_Sign in to GitHub  GitHub/input_Forgot password_commit' is clicked on

2019-05-23 10:47:55 - [TEST_STEP][PASSED] - navigateToUrl("http://localhost:3000/abc?tab=posts"): Navigate to 'http://localhost:3000/abc?tab=posts' successfully

2019-05-23 10:47:57 - [MESSAGE][PASSED] - Navigate to 'http://localhost:3000/abc?tab=posts' successfully

2019-05-23 10:47:57 - [TEST_STEP][PASSED] - click(findTestObject("Object Repository/Page_abc community/div_click_de_hien_khung")): Object: 'Object Repository/Page_abc community/div_click_de_hien_khung' is clicked on

2019-05-23 10:47:59 - [MESSAGE][PASSED] - Object: 'Object Repository/Page_abc community/div_click_de_hien_khung' is clicked on

2019-05-23 10:47:59 - [TEST_STEP][PASSED] - setText(findTestObject("Object Repository/Page_abc community/input_tieu_de"), message): Text 'Scared to rock the boat and make a mess' is set on object 'Object Repository/Page_abc community/input_tieu_de'

2019-05-23 10:48:00 - [MESSAGE][PASSED] - Text 'Scared to rock the boat and make a mess' is set on object 'Object Repository/Page_abc community/input_tieu_de'

2019-05-23 10:48:00 - [TEST_STEP][PASSED] - setText(findTestObject("Object Repository/Page_abc community/textarea_detail"), detail): Text 'details Scared to rock the boat and make a mess' is set on object 'Object Repository/Page_abc community/textarea_detail'

2019-05-23 10:48:02 - [MESSAGE][PASSED] - Text 'details Scared to rock the boat and make a mess' is set on object 'Object Repository/Page_abc community/textarea_detail'

2019-05-23 10:48:02 - [TEST_STEP][FAILED] - selectOptionByValue(findTestObject("Object Repository/Page_abc community/chon_channel_cuong"), "1815d581-d824-4937-830d-d0c746093540", true): Unable to select option by value '1815d581-d824-4937-830d-d0c746093540' of object 'Object Repository/Page_abc community/chon_channel_cuong'  using regular expression (Root cause: com.kms.katalon.core.exception.StepFailedException: Unable to select option by value '1815d581-d824-4937-830d-d0c746093540' of object 'Object Repository/Page_abc community/chon_channel_cuong'  using regular expression
	at com.kms.katalon.core.webui.keyword.internal.WebUIKeywordMain.stepFailed(WebUIKeywordMain.groovy:64)
	at com.kms.katalon.core.webui.keyword.internal.WebUIKeywordMain.runKeyword(WebUIKeywordMain.groovy:26)
	at com.kms.katalon.core.webui.keyword.builtin.SelectOptionByValueKeyword.selectOptionByValue(SelectOptionByValueKeyword.groovy:99)
	at com.kms.katalon.core.webui.keyword.builtin.SelectOptionByValueKeyword.execute(SelectOptionByValueKeyword.groovy:71)
	at com.kms.katalon.core.keyword.internal.KeywordExecutor.executeKeywordForPlatform(KeywordExecutor.groovy:56)
	at com.kms.katalon.core.webui.keyword.WebUiBuiltInKeywords.selectOptionByValue(WebUiBuiltInKeywords.groovy:1138)
	at com.kms.katalon.core.webui.keyword.WebUiBuiltInKeywords$selectOptionByValue$7.call(Unknown Source)
	at Up Posts use CSV.run(Up Posts use CSV:38)
	at com.kms.katalon.core.main.ScriptEngine.run(ScriptEngine.java:194)
	at com.kms.katalon.core.main.ScriptEngine.runScriptAsRawText(ScriptEngine.java:119)
	at com.kms.katalon.core.main.TestCaseExecutor.runScript(TestCaseExecutor.java:336)
	at com.kms.katalon.core.main.TestCaseExecutor.doExecute(TestCaseExecutor.java:327)
	at com.kms.katalon.core.main.TestCaseExecutor.processExecutionPhase(TestCaseExecutor.java:306)
	at com.kms.katalon.core.main.TestCaseExecutor.accessMainPhase(TestCaseExecutor.java:298)
	at com.kms.katalon.core.main.TestCaseExecutor.execute(TestCaseExecutor.java:232)
	at com.kms.katalon.core.main.TestSuiteExecutor.accessTestCaseMainPhase(TestSuiteExecutor.java:129)
	at com.kms.katalon.core.main.TestSuiteExecutor.accessTestSuiteMainPhase(TestSuiteExecutor.java:112)
	at com.kms.katalon.core.main.TestSuiteExecutor.execute(TestSuiteExecutor.java:81)
	at com.kms.katalon.core.main.TestCaseMain.startTestSuite(TestCaseMain.java:157)
	at com.kms.katalon.core.main.TestCaseMain$startTestSuite$0.call(Unknown Source)
	at TempTestSuite1558580976607.run(TempTestSuite1558580976607.groovy:35)
Caused by: com.kms.katalon.core.webui.exception.WebElementNotFoundException: Web element with id: 'Object Repository/Page_abc community/chon_channel_cuong' located by 'By.xpath: //select[@id='3f2e58e3-9735-45f6-a76e-7e6e204f22fb']' not found
	at com.kms.katalon.core.webui.common.WebUiCommonHelper.findWebElement(WebUiCommonHelper.java:1097)
	at com.kms.katalon.core.webui.keyword.internal.WebUIAbstractKeyword.findWebElement(WebUIAbstractKeyword.groovy:27)
	at com.kms.katalon.core.webui.keyword.internal.WebUIAbstractKeyword.findWebElement(WebUIAbstractKeyword.groovy:26)
	at com.kms.katalon.core.webui.keyword.builtin.SelectOptionByValueKeyword$_selectOptionByValue_closure1.doCall(SelectOptionByValueKeyword.groovy:86)
	at com.kms.katalon.core.webui.keyword.builtin.SelectOptionByValueKeyword$_selectOptionByValue_closure1.call(SelectOptionByValueKeyword.groovy)
	at com.kms.katalon.core.webui.keyword.internal.WebUIKeywordMain.runKeyword(WebUIKeywordMain.groovy:20)
	at com.kms.katalon.core.webui.keyword.builtin.SelectOptionByValueKeyword.selectOptionByValue(SelectOptionByValueKeyword.groovy:99)
	at com.kms.katalon.core.webui.keyword.builtin.SelectOptionByValueKeyword.execute(SelectOptionByValueKeyword.groovy:71)
	at com.kms.katalon.core.keyword.internal.KeywordExecutor.executeKeywordForPlatform(KeywordExecutor.groovy:56)
	at com.kms.katalon.core.webui.keyword.WebUiBuiltInKeywords.selectOptionByValue(WebUiBuiltInKeywords.groovy:1138)
	at com.kms.katalon.core.webui.keyword.WebUiBuiltInKeywords$selectOptionByValue$7.call(Unknown Source)
	at Script1558569401790.run(Script1558569401790.groovy:38)
	... 13 more
)

2019-05-23 10:48:33 - [MESSAGE][INFO] - Unable to find the element located by 'By.xpath: //select[@id='3f2e58e3-9735-45f6-a76e-7e6e204f22fb']'. Please recheck the objects properties to make sure the desired element is located. 

2019-05-23 10:48:33 - [MESSAGE][FAILED] - Unable to select option by value '1815d581-d824-4937-830d-d0c746093540' of object 'Object Repository/Page_abc community/chon_channel_cuong'  using regular expression (Root cause: com.kms.katalon.core.exception.StepFailedException: Unable to select option by value '1815d581-d824-4937-830d-d0c746093540' of object 'Object Repository/Page_abc community/chon_channel_cuong'  using regular expression
	at com.kms.katalon.core.webui.keyword.internal.WebUIKeywordMain.stepFailed(WebUIKeywordMain.groovy:64)
	at com.kms.katalon.core.webui.keyword.internal.WebUIKeywordMain.runKeyword(WebUIKeywordMain.groovy:26)
	at com.kms.katalon.core.webui.keyword.builtin.SelectOptionByValueKeyword.selectOptionByValue(SelectOptionByValueKeyword.groovy:99)
	at com.kms.katalon.core.webui.keyword.builtin.SelectOptionByValueKeyword.execute(SelectOptionByValueKeyword.groovy:71)
	at com.kms.katalon.core.keyword.internal.KeywordExecutor.executeKeywordForPlatform(KeywordExecutor.groovy:56)
	at com.kms.katalon.core.webui.keyword.WebUiBuiltInKeywords.selectOptionByValue(WebUiBuiltInKeywords.groovy:1138)
	at com.kms.katalon.core.webui.keyword.WebUiBuiltInKeywords$selectOptionByValue$7.call(Unknown Source)
	at Up Posts use CSV.run(Up Posts use CSV:38)
	at com.kms.katalon.core.main.ScriptEngine.run(ScriptEngine.java:194)
	at com.kms.katalon.core.main.ScriptEngine.runScriptAsRawText(ScriptEngine.java:119)
	at com.kms.katalon.core.main.TestCaseExecutor.runScript(TestCaseExecutor.java:336)
	at com.kms.katalon.core.main.TestCaseExecutor.doExecute(TestCaseExecutor.java:327)
	at com.kms.katalon.core.main.TestCaseExecutor.processExecutionPhase(TestCaseExecutor.java:306)
	at com.kms.katalon.core.main.TestCaseExecutor.accessMainPhase(TestCaseExecutor.java:298)
	at com.kms.katalon.core.main.TestCaseExecutor.execute(TestCaseExecutor.java:232)
	at com.kms.katalon.core.main.TestSuiteExecutor.accessTestCaseMainPhase(TestSuiteExecutor.java:129)
	at com.kms.katalon.core.main.TestSuiteExecutor.accessTestSuiteMainPhase(TestSuiteExecutor.java:112)
	at com.kms.katalon.core.main.TestSuiteExecutor.execute(TestSuiteExecutor.java:81)
	at com.kms.katalon.core.main.TestCaseMain.startTestSuite(TestCaseMain.java:157)
	at com.kms.katalon.core.main.TestCaseMain$startTestSuite$0.call(Unknown Source)
	at TempTestSuite1558580976607.run(TempTestSuite1558580976607.groovy:35)
Caused by: com.kms.katalon.core.webui.exception.WebElementNotFoundException: Web element with id: 'Object Repository/Page_abc community/chon_channel_cuong' located by 'By.xpath: //select[@id='3f2e58e3-9735-45f6-a76e-7e6e204f22fb']' not found
	at com.kms.katalon.core.webui.common.WebUiCommonHelper.findWebElement(WebUiCommonHelper.java:1097)
	at com.kms.katalon.core.webui.keyword.internal.WebUIAbstractKeyword.findWebElement(WebUIAbstractKeyword.groovy:27)
	at com.kms.katalon.core.webui.keyword.internal.WebUIAbstractKeyword.findWebElement(WebUIAbstractKeyword.groovy:26)
	at com.kms.katalon.core.webui.keyword.builtin.SelectOptionByValueKeyword$_selectOptionByValue_closure1.doCall(SelectOptionByValueKeyword.groovy:86)
	at com.kms.katalon.core.webui.keyword.builtin.SelectOptionByValueKeyword$_selectOptionByValue_closure1.call(SelectOptionByValueKeyword.groovy)
	at com.kms.katalon.core.webui.keyword.internal.WebUIKeywordMain.runKeyword(WebUIKeywordMain.groovy:20)
	at com.kms.katalon.core.webui.keyword.builtin.SelectOptionByValueKeyword.selectOptionByValue(SelectOptionByValueKeyword.groovy:99)
	at com.kms.katalon.core.webui.keyword.builtin.SelectOptionByValueKeyword.execute(SelectOptionByValueKeyword.groovy:71)
	at com.kms.katalon.core.keyword.internal.KeywordExecutor.executeKeywordForPlatform(KeywordExecutor.groovy:56)
	at com.kms.katalon.core.webui.keyword.WebUiBuiltInKeywords.selectOptionByValue(WebUiBuiltInKeywords.groovy:1138)
	at com.kms.katalon.core.webui.keyword.WebUiBuiltInKeywords$selectOptionByValue$7.call(Unknown Source)
	at Script1558569401790.run(Script1558569401790.groovy:38)
	... 13 more
)
[[ATTACHMENT|D:\\HCMUS DATA\\Tern2-4th\\CCDNCTPTPM\\BT\\HW2\\Project\\TED_Team-Test_Project\\TED_Team-Test_Project\\Reports\\Run all test cases\\20190523_100936\\1558583313403.png]]]]></system-out>
         <system-err><![CDATA[2019-05-23 10:47:40 - [TEST_CASE][FAILED] - Test Cases/20 Data-driven test case/Up Posts use CSV: Test Cases/20 Data-driven test case/Up Posts use CSV FAILED.
Reason:
com.kms.katalon.core.exception.StepFailedException: Unable to select option by value '1815d581-d824-4937-830d-d0c746093540' of object 'Object Repository/Page_abc community/chon_channel_cuong'  using regular expression
	at com.kms.katalon.core.webui.keyword.internal.WebUIKeywordMain.stepFailed(WebUIKeywordMain.groovy:64)
	at com.kms.katalon.core.webui.keyword.internal.WebUIKeywordMain.runKeyword(WebUIKeywordMain.groovy:26)
	at com.kms.katalon.core.webui.keyword.builtin.SelectOptionByValueKeyword.selectOptionByValue(SelectOptionByValueKeyword.groovy:99)
	at com.kms.katalon.core.webui.keyword.builtin.SelectOptionByValueKeyword.execute(SelectOptionByValueKeyword.groovy:71)
	at com.kms.katalon.core.keyword.internal.KeywordExecutor.executeKeywordForPlatform(KeywordExecutor.groovy:56)
	at com.kms.katalon.core.webui.keyword.WebUiBuiltInKeywords.selectOptionByValue(WebUiBuiltInKeywords.groovy:1138)
	at com.kms.katalon.core.webui.keyword.WebUiBuiltInKeywords$selectOptionByValue$7.call(Unknown Source)
	at Up Posts use CSV.run(Up Posts use CSV:38)
	at com.kms.katalon.core.main.ScriptEngine.run(ScriptEngine.java:194)
	at com.kms.katalon.core.main.ScriptEngine.runScriptAsRawText(ScriptEngine.java:119)
	at com.kms.katalon.core.main.TestCaseExecutor.runScript(TestCaseExecutor.java:336)
	at com.kms.katalon.core.main.TestCaseExecutor.doExecute(TestCaseExecutor.java:327)
	at com.kms.katalon.core.main.TestCaseExecutor.processExecutionPhase(TestCaseExecutor.java:306)
	at com.kms.katalon.core.main.TestCaseExecutor.accessMainPhase(TestCaseExecutor.java:298)
	at com.kms.katalon.core.main.TestCaseExecutor.execute(TestCaseExecutor.java:232)
	at com.kms.katalon.core.main.TestSuiteExecutor.accessTestCaseMainPhase(TestSuiteExecutor.java:129)
	at com.kms.katalon.core.main.TestSuiteExecutor.accessTestSuiteMainPhase(TestSuiteExecutor.java:112)
	at com.kms.katalon.core.main.TestSuiteExecutor.execute(TestSuiteExecutor.java:81)
	at com.kms.katalon.core.main.TestCaseMain.startTestSuite(TestCaseMain.java:157)
	at com.kms.katalon.core.main.TestCaseMain$startTestSuite$0.call(Unknown Source)
	at TempTestSuite1558580976607.run(TempTestSuite1558580976607.groovy:35)
Caused by: com.kms.katalon.core.webui.exception.WebElementNotFoundException: Web element with id: 'Object Repository/Page_abc community/chon_channel_cuong' located by 'By.xpath: //select[@id='3f2e58e3-9735-45f6-a76e-7e6e204f22fb']' not found
	at com.kms.katalon.core.webui.common.WebUiCommonHelper.findWebElement(WebUiCommonHelper.java:1097)
	at com.kms.katalon.core.webui.keyword.internal.WebUIAbstractKeyword.findWebElement(WebUIAbstractKeyword.groovy:27)
	at com.kms.katalon.core.webui.keyword.internal.WebUIAbstractKeyword.findWebElement(WebUIAbstractKeyword.groovy:26)
	at com.kms.katalon.core.webui.keyword.builtin.SelectOptionByValueKeyword$_selectOptionByValue_closure1.doCall(SelectOptionByValueKeyword.groovy:86)
	at com.kms.katalon.core.webui.keyword.builtin.SelectOptionByValueKeyword$_selectOptionByValue_closure1.call(SelectOptionByValueKeyword.groovy)
	at com.kms.katalon.core.webui.keyword.internal.WebUIKeywordMain.runKeyword(WebUIKeywordMain.groovy:20)
	at com.kms.katalon.core.webui.keyword.builtin.SelectOptionByValueKeyword.selectOptionByValue(SelectOptionByValueKeyword.groovy:99)
	at com.kms.katalon.core.webui.keyword.builtin.SelectOptionByValueKeyword.execute(SelectOptionByValueKeyword.groovy:71)
	at com.kms.katalon.core.keyword.internal.KeywordExecutor.executeKeywordForPlatform(KeywordExecutor.groovy:56)
	at com.kms.katalon.core.webui.keyword.WebUiBuiltInKeywords.selectOptionByValue(WebUiBuiltInKeywords.groovy:1138)
	at com.kms.katalon.core.webui.keyword.WebUiBuiltInKeywords$selectOptionByValue$7.call(Unknown Source)
	at Script1558569401790.run(Script1558569401790.groovy:38)
	... 13 more]]></system-err>
      </testcase>
      <testcase name="Test Cases/20 Data-driven test case/Up Posts use CSV" classname="Test Cases/20 Data-driven test case/Up Posts use CSV" status="FAILED">
         <failure type="FAILED" message="Test Cases/20 Data-driven test case/Up Posts use CSV FAILED.
Reason:
com.kms.katalon.core.exception.StepFailedException: Unable to select option by value '1815d581-d824-4937-830d-d0c746093540' of object 'Object Repository/Page_abc community/chon_channel_cuong'  using regular expression
	at com.kms.katalon.core.webui.keyword.internal.WebUIKeywordMain.stepFailed(WebUIKeywordMain.groovy:64)
	at com.kms.katalon.core.webui.keyword.internal.WebUIKeywordMain.runKeyword(WebUIKeywordMain.groovy:26)
	at com.kms.katalon.core.webui.keyword.builtin.SelectOptionByValueKeyword.selectOptionByValue(SelectOptionByValueKeyword.groovy:99)
	at com.kms.katalon.core.webui.keyword.builtin.SelectOptionByValueKeyword.execute(SelectOptionByValueKeyword.groovy:71)
	at com.kms.katalon.core.keyword.internal.KeywordExecutor.executeKeywordForPlatform(KeywordExecutor.groovy:56)
	at com.kms.katalon.core.webui.keyword.WebUiBuiltInKeywords.selectOptionByValue(WebUiBuiltInKeywords.groovy:1138)
	at com.kms.katalon.core.webui.keyword.WebUiBuiltInKeywords$selectOptionByValue$7.call(Unknown Source)
	at Up Posts use CSV.run(Up Posts use CSV:38)
	at com.kms.katalon.core.main.ScriptEngine.run(ScriptEngine.java:194)
	at com.kms.katalon.core.main.ScriptEngine.runScriptAsRawText(ScriptEngine.java:119)
	at com.kms.katalon.core.main.TestCaseExecutor.runScript(TestCaseExecutor.java:336)
	at com.kms.katalon.core.main.TestCaseExecutor.doExecute(TestCaseExecutor.java:327)
	at com.kms.katalon.core.main.TestCaseExecutor.processExecutionPhase(TestCaseExecutor.java:306)
	at com.kms.katalon.core.main.TestCaseExecutor.accessMainPhase(TestCaseExecutor.java:298)
	at com.kms.katalon.core.main.TestCaseExecutor.execute(TestCaseExecutor.java:232)
	at com.kms.katalon.core.main.TestSuiteExecutor.accessTestCaseMainPhase(TestSuiteExecutor.java:129)
	at com.kms.katalon.core.main.TestSuiteExecutor.accessTestSuiteMainPhase(TestSuiteExecutor.java:112)
	at com.kms.katalon.core.main.TestSuiteExecutor.execute(TestSuiteExecutor.java:81)
	at com.kms.katalon.core.main.TestCaseMain.startTestSuite(TestCaseMain.java:157)
	at com.kms.katalon.core.main.TestCaseMain$startTestSuite$0.call(Unknown Source)
	at TempTestSuite1558580976607.run(TempTestSuite1558580976607.groovy:35)
Caused by: com.kms.katalon.core.webui.exception.WebElementNotFoundException: Web element with id: 'Object Repository/Page_abc community/chon_channel_cuong' located by 'By.xpath: //select[@id='3f2e58e3-9735-45f6-a76e-7e6e204f22fb']' not found
	at com.kms.katalon.core.webui.common.WebUiCommonHelper.findWebElement(WebUiCommonHelper.java:1097)
	at com.kms.katalon.core.webui.keyword.internal.WebUIAbstractKeyword.findWebElement(WebUIAbstractKeyword.groovy:27)
	at com.kms.katalon.core.webui.keyword.internal.WebUIAbstractKeyword.findWebElement(WebUIAbstractKeyword.groovy:26)
	at com.kms.katalon.core.webui.keyword.builtin.SelectOptionByValueKeyword$_selectOptionByValue_closure1.doCall(SelectOptionByValueKeyword.groovy:86)
	at com.kms.katalon.core.webui.keyword.builtin.SelectOptionByValueKeyword$_selectOptionByValue_closure1.call(SelectOptionByValueKeyword.groovy)
	at com.kms.katalon.core.webui.keyword.internal.WebUIKeywordMain.runKeyword(WebUIKeywordMain.groovy:20)
	at com.kms.katalon.core.webui.keyword.builtin.SelectOptionByValueKeyword.selectOptionByValue(SelectOptionByValueKeyword.groovy:99)
	at com.kms.katalon.core.webui.keyword.builtin.SelectOptionByValueKeyword.execute(SelectOptionByValueKeyword.groovy:71)
	at com.kms.katalon.core.keyword.internal.KeywordExecutor.executeKeywordForPlatform(KeywordExecutor.groovy:56)
	at com.kms.katalon.core.webui.keyword.WebUiBuiltInKeywords.selectOptionByValue(WebUiBuiltInKeywords.groovy:1138)
	at com.kms.katalon.core.webui.keyword.WebUiBuiltInKeywords$selectOptionByValue$7.call(Unknown Source)
	at Script1558569401790.run(Script1558569401790.groovy:38)
	... 13 more
"/>
         <system-out><![CDATA[2019-05-23 10:48:33 - [TEST_CASE][FAILED] - Test Cases/20 Data-driven test case/Up Posts use CSV: Test Cases/20 Data-driven test case/Up Posts use CSV FAILED.
Reason:
com.kms.katalon.core.exception.StepFailedException: Unable to select option by value '1815d581-d824-4937-830d-d0c746093540' of object 'Object Repository/Page_abc community/chon_channel_cuong'  using regular expression
	at com.kms.katalon.core.webui.keyword.internal.WebUIKeywordMain.stepFailed(WebUIKeywordMain.groovy:64)
	at com.kms.katalon.core.webui.keyword.internal.WebUIKeywordMain.runKeyword(WebUIKeywordMain.groovy:26)
	at com.kms.katalon.core.webui.keyword.builtin.SelectOptionByValueKeyword.selectOptionByValue(SelectOptionByValueKeyword.groovy:99)
	at com.kms.katalon.core.webui.keyword.builtin.SelectOptionByValueKeyword.execute(SelectOptionByValueKeyword.groovy:71)
	at com.kms.katalon.core.keyword.internal.KeywordExecutor.executeKeywordForPlatform(KeywordExecutor.groovy:56)
	at com.kms.katalon.core.webui.keyword.WebUiBuiltInKeywords.selectOptionByValue(WebUiBuiltInKeywords.groovy:1138)
	at com.kms.katalon.core.webui.keyword.WebUiBuiltInKeywords$selectOptionByValue$7.call(Unknown Source)
	at Up Posts use CSV.run(Up Posts use CSV:38)
	at com.kms.katalon.core.main.ScriptEngine.run(ScriptEngine.java:194)
	at com.kms.katalon.core.main.ScriptEngine.runScriptAsRawText(ScriptEngine.java:119)
	at com.kms.katalon.core.main.TestCaseExecutor.runScript(TestCaseExecutor.java:336)
	at com.kms.katalon.core.main.TestCaseExecutor.doExecute(TestCaseExecutor.java:327)
	at com.kms.katalon.core.main.TestCaseExecutor.processExecutionPhase(TestCaseExecutor.java:306)
	at com.kms.katalon.core.main.TestCaseExecutor.accessMainPhase(TestCaseExecutor.java:298)
	at com.kms.katalon.core.main.TestCaseExecutor.execute(TestCaseExecutor.java:232)
	at com.kms.katalon.core.main.TestSuiteExecutor.accessTestCaseMainPhase(TestSuiteExecutor.java:129)
	at com.kms.katalon.core.main.TestSuiteExecutor.accessTestSuiteMainPhase(TestSuiteExecutor.java:112)
	at com.kms.katalon.core.main.TestSuiteExecutor.execute(TestSuiteExecutor.java:81)
	at com.kms.katalon.core.main.TestCaseMain.startTestSuite(TestCaseMain.java:157)
	at com.kms.katalon.core.main.TestCaseMain$startTestSuite$0.call(Unknown Source)
	at TempTestSuite1558580976607.run(TempTestSuite1558580976607.groovy:35)
Caused by: com.kms.katalon.core.webui.exception.WebElementNotFoundException: Web element with id: 'Object Repository/Page_abc community/chon_channel_cuong' located by 'By.xpath: //select[@id='3f2e58e3-9735-45f6-a76e-7e6e204f22fb']' not found
	at com.kms.katalon.core.webui.common.WebUiCommonHelper.findWebElement(WebUiCommonHelper.java:1097)
	at com.kms.katalon.core.webui.keyword.internal.WebUIAbstractKeyword.findWebElement(WebUIAbstractKeyword.groovy:27)
	at com.kms.katalon.core.webui.keyword.internal.WebUIAbstractKeyword.findWebElement(WebUIAbstractKeyword.groovy:26)
	at com.kms.katalon.core.webui.keyword.builtin.SelectOptionByValueKeyword$_selectOptionByValue_closure1.doCall(SelectOptionByValueKeyword.groovy:86)
	at com.kms.katalon.core.webui.keyword.builtin.SelectOptionByValueKeyword$_selectOptionByValue_closure1.call(SelectOptionByValueKeyword.groovy)
	at com.kms.katalon.core.webui.keyword.internal.WebUIKeywordMain.runKeyword(WebUIKeywordMain.groovy:20)
	at com.kms.katalon.core.webui.keyword.builtin.SelectOptionByValueKeyword.selectOptionByValue(SelectOptionByValueKeyword.groovy:99)
	at com.kms.katalon.core.webui.keyword.builtin.SelectOptionByValueKeyword.execute(SelectOptionByValueKeyword.groovy:71)
	at com.kms.katalon.core.keyword.internal.KeywordExecutor.executeKeywordForPlatform(KeywordExecutor.groovy:56)
	at com.kms.katalon.core.webui.keyword.WebUiBuiltInKeywords.selectOptionByValue(WebUiBuiltInKeywords.groovy:1138)
	at com.kms.katalon.core.webui.keyword.WebUiBuiltInKeywords$selectOptionByValue$7.call(Unknown Source)
	at Script1558569401790.run(Script1558569401790.groovy:38)
	... 13 more


2019-05-23 10:48:33 - [TEST_STEP][PASSED] - openBrowser(""): Browser is opened with url: ''

2019-05-23 10:48:33 - [MESSAGE][WARNING] - A browser is already opened. Closing browser and opening a new one

2019-05-23 10:48:34 - [MESSAGE][INFO] - Starting 'Firefox' driver

2019-05-23 10:48:37 - [MESSAGE][PASSED] - Browser is opened with url: ''

2019-05-23 10:48:37 - [TEST_STEP][PASSED] - navigateToUrl("http://localhost:3000/"): Navigate to 'http://localhost:3000/' successfully

2019-05-23 10:48:39 - [MESSAGE][PASSED] - Navigate to 'http://localhost:3000/' successfully

2019-05-23 10:48:39 - [TEST_STEP][PASSED] - click(findTestObject("Page_Spectrum/button_Log in or sign up")): Object: 'Object Repository/Page_Spectrum/button_Log in or sign up' is clicked on

2019-05-23 10:48:41 - [MESSAGE][PASSED] - Object: 'Object Repository/Page_Spectrum/button_Log in or sign up' is clicked on

2019-05-23 10:48:41 - [TEST_STEP][PASSED] - click(findTestObject("Page_Spectrum/span_Sign in with GitHub")): Object: 'Object Repository/Page_Spectrum/span_Sign in with GitHub' is clicked on

2019-05-23 10:48:43 - [MESSAGE][PASSED] - Object: 'Object Repository/Page_Spectrum/span_Sign in with GitHub' is clicked on

2019-05-23 10:48:43 - [TEST_STEP][PASSED] - setText(findTestObject("Page_Sign in to GitHub  GitHub/input_Username or email address_login"), "minhcuongit"): Text 'minhcuongit' is set on object 'Object Repository/Page_Sign in to GitHub  GitHub/input_Username or email address_login'

2019-05-23 10:48:43 - [MESSAGE][PASSED] - Text 'minhcuongit' is set on object 'Object Repository/Page_Sign in to GitHub  GitHub/input_Username or email address_login'

2019-05-23 10:48:43 - [TEST_STEP][PASSED] - setEncryptedText(findTestObject("Page_Sign in to GitHub  GitHub/input_Forgot password_password"), "9e5/e4jZbrkRPxL/am/6uYGu2iBUrIMS"): Text ****** has been set on object 'Object Repository/Page_Sign in to GitHub  GitHub/input_Forgot password_password'

2019-05-23 10:48:43 - [MESSAGE][PASSED] - Text ****** has been set on object 'Object Repository/Page_Sign in to GitHub  GitHub/input_Forgot password_password'

2019-05-23 10:48:43 - [TEST_STEP][PASSED] - click(findTestObject("Page_Sign in to GitHub  GitHub/input_Forgot password_commit")): Object: 'Object Repository/Page_Sign in to GitHub  GitHub/input_Forgot password_commit' is clicked on

2019-05-23 10:48:48 - [MESSAGE][PASSED] - Object: 'Object Repository/Page_Sign in to GitHub  GitHub/input_Forgot password_commit' is clicked on

2019-05-23 10:48:48 - [TEST_STEP][PASSED] - navigateToUrl("http://localhost:3000/abc?tab=posts"): Navigate to 'http://localhost:3000/abc?tab=posts' successfully

2019-05-23 10:48:49 - [MESSAGE][PASSED] - Navigate to 'http://localhost:3000/abc?tab=posts' successfully

2019-05-23 10:48:49 - [TEST_STEP][PASSED] - click(findTestObject("Object Repository/Page_abc community/div_click_de_hien_khung")): Object: 'Object Repository/Page_abc community/div_click_de_hien_khung' is clicked on

2019-05-23 10:48:51 - [MESSAGE][PASSED] - Object: 'Object Repository/Page_abc community/div_click_de_hien_khung' is clicked on

2019-05-23 10:48:51 - [TEST_STEP][PASSED] - setText(findTestObject("Object Repository/Page_abc community/input_tieu_de"), message): Text 'So I sat quietly, agreed politely' is set on object 'Object Repository/Page_abc community/input_tieu_de'

2019-05-23 10:48:52 - [MESSAGE][PASSED] - Text 'So I sat quietly, agreed politely' is set on object 'Object Repository/Page_abc community/input_tieu_de'

2019-05-23 10:48:52 - [TEST_STEP][PASSED] - setText(findTestObject("Object Repository/Page_abc community/textarea_detail"), detail): Text 'details So I sat quietly, agreed politely' is set on object 'Object Repository/Page_abc community/textarea_detail'

2019-05-23 10:48:54 - [MESSAGE][PASSED] - Text 'details So I sat quietly, agreed politely' is set on object 'Object Repository/Page_abc community/textarea_detail'

2019-05-23 10:48:54 - [TEST_STEP][FAILED] - selectOptionByValue(findTestObject("Object Repository/Page_abc community/chon_channel_cuong"), "1815d581-d824-4937-830d-d0c746093540", true): Unable to select option by value '1815d581-d824-4937-830d-d0c746093540' of object 'Object Repository/Page_abc community/chon_channel_cuong'  using regular expression (Root cause: com.kms.katalon.core.exception.StepFailedException: Unable to select option by value '1815d581-d824-4937-830d-d0c746093540' of object 'Object Repository/Page_abc community/chon_channel_cuong'  using regular expression
	at com.kms.katalon.core.webui.keyword.internal.WebUIKeywordMain.stepFailed(WebUIKeywordMain.groovy:64)
	at com.kms.katalon.core.webui.keyword.internal.WebUIKeywordMain.runKeyword(WebUIKeywordMain.groovy:26)
	at com.kms.katalon.core.webui.keyword.builtin.SelectOptionByValueKeyword.selectOptionByValue(SelectOptionByValueKeyword.groovy:99)
	at com.kms.katalon.core.webui.keyword.builtin.SelectOptionByValueKeyword.execute(SelectOptionByValueKeyword.groovy:71)
	at com.kms.katalon.core.keyword.internal.KeywordExecutor.executeKeywordForPlatform(KeywordExecutor.groovy:56)
	at com.kms.katalon.core.webui.keyword.WebUiBuiltInKeywords.selectOptionByValue(WebUiBuiltInKeywords.groovy:1138)
	at com.kms.katalon.core.webui.keyword.WebUiBuiltInKeywords$selectOptionByValue$7.call(Unknown Source)
	at Up Posts use CSV.run(Up Posts use CSV:38)
	at com.kms.katalon.core.main.ScriptEngine.run(ScriptEngine.java:194)
	at com.kms.katalon.core.main.ScriptEngine.runScriptAsRawText(ScriptEngine.java:119)
	at com.kms.katalon.core.main.TestCaseExecutor.runScript(TestCaseExecutor.java:336)
	at com.kms.katalon.core.main.TestCaseExecutor.doExecute(TestCaseExecutor.java:327)
	at com.kms.katalon.core.main.TestCaseExecutor.processExecutionPhase(TestCaseExecutor.java:306)
	at com.kms.katalon.core.main.TestCaseExecutor.accessMainPhase(TestCaseExecutor.java:298)
	at com.kms.katalon.core.main.TestCaseExecutor.execute(TestCaseExecutor.java:232)
	at com.kms.katalon.core.main.TestSuiteExecutor.accessTestCaseMainPhase(TestSuiteExecutor.java:129)
	at com.kms.katalon.core.main.TestSuiteExecutor.accessTestSuiteMainPhase(TestSuiteExecutor.java:112)
	at com.kms.katalon.core.main.TestSuiteExecutor.execute(TestSuiteExecutor.java:81)
	at com.kms.katalon.core.main.TestCaseMain.startTestSuite(TestCaseMain.java:157)
	at com.kms.katalon.core.main.TestCaseMain$startTestSuite$0.call(Unknown Source)
	at TempTestSuite1558580976607.run(TempTestSuite1558580976607.groovy:35)
Caused by: com.kms.katalon.core.webui.exception.WebElementNotFoundException: Web element with id: 'Object Repository/Page_abc community/chon_channel_cuong' located by 'By.xpath: //select[@id='3f2e58e3-9735-45f6-a76e-7e6e204f22fb']' not found
	at com.kms.katalon.core.webui.common.WebUiCommonHelper.findWebElement(WebUiCommonHelper.java:1097)
	at com.kms.katalon.core.webui.keyword.internal.WebUIAbstractKeyword.findWebElement(WebUIAbstractKeyword.groovy:27)
	at com.kms.katalon.core.webui.keyword.internal.WebUIAbstractKeyword.findWebElement(WebUIAbstractKeyword.groovy:26)
	at com.kms.katalon.core.webui.keyword.builtin.SelectOptionByValueKeyword$_selectOptionByValue_closure1.doCall(SelectOptionByValueKeyword.groovy:86)
	at com.kms.katalon.core.webui.keyword.builtin.SelectOptionByValueKeyword$_selectOptionByValue_closure1.call(SelectOptionByValueKeyword.groovy)
	at com.kms.katalon.core.webui.keyword.internal.WebUIKeywordMain.runKeyword(WebUIKeywordMain.groovy:20)
	at com.kms.katalon.core.webui.keyword.builtin.SelectOptionByValueKeyword.selectOptionByValue(SelectOptionByValueKeyword.groovy:99)
	at com.kms.katalon.core.webui.keyword.builtin.SelectOptionByValueKeyword.execute(SelectOptionByValueKeyword.groovy:71)
	at com.kms.katalon.core.keyword.internal.KeywordExecutor.executeKeywordForPlatform(KeywordExecutor.groovy:56)
	at com.kms.katalon.core.webui.keyword.WebUiBuiltInKeywords.selectOptionByValue(WebUiBuiltInKeywords.groovy:1138)
	at com.kms.katalon.core.webui.keyword.WebUiBuiltInKeywords$selectOptionByValue$7.call(Unknown Source)
	at Script1558569401790.run(Script1558569401790.groovy:38)
	... 13 more
)

2019-05-23 10:49:25 - [MESSAGE][INFO] - Unable to find the element located by 'By.xpath: //select[@id='3f2e58e3-9735-45f6-a76e-7e6e204f22fb']'. Please recheck the objects properties to make sure the desired element is located. 

2019-05-23 10:49:25 - [MESSAGE][FAILED] - Unable to select option by value '1815d581-d824-4937-830d-d0c746093540' of object 'Object Repository/Page_abc community/chon_channel_cuong'  using regular expression (Root cause: com.kms.katalon.core.exception.StepFailedException: Unable to select option by value '1815d581-d824-4937-830d-d0c746093540' of object 'Object Repository/Page_abc community/chon_channel_cuong'  using regular expression
	at com.kms.katalon.core.webui.keyword.internal.WebUIKeywordMain.stepFailed(WebUIKeywordMain.groovy:64)
	at com.kms.katalon.core.webui.keyword.internal.WebUIKeywordMain.runKeyword(WebUIKeywordMain.groovy:26)
	at com.kms.katalon.core.webui.keyword.builtin.SelectOptionByValueKeyword.selectOptionByValue(SelectOptionByValueKeyword.groovy:99)
	at com.kms.katalon.core.webui.keyword.builtin.SelectOptionByValueKeyword.execute(SelectOptionByValueKeyword.groovy:71)
	at com.kms.katalon.core.keyword.internal.KeywordExecutor.executeKeywordForPlatform(KeywordExecutor.groovy:56)
	at com.kms.katalon.core.webui.keyword.WebUiBuiltInKeywords.selectOptionByValue(WebUiBuiltInKeywords.groovy:1138)
	at com.kms.katalon.core.webui.keyword.WebUiBuiltInKeywords$selectOptionByValue$7.call(Unknown Source)
	at Up Posts use CSV.run(Up Posts use CSV:38)
	at com.kms.katalon.core.main.ScriptEngine.run(ScriptEngine.java:194)
	at com.kms.katalon.core.main.ScriptEngine.runScriptAsRawText(ScriptEngine.java:119)
	at com.kms.katalon.core.main.TestCaseExecutor.runScript(TestCaseExecutor.java:336)
	at com.kms.katalon.core.main.TestCaseExecutor.doExecute(TestCaseExecutor.java:327)
	at com.kms.katalon.core.main.TestCaseExecutor.processExecutionPhase(TestCaseExecutor.java:306)
	at com.kms.katalon.core.main.TestCaseExecutor.accessMainPhase(TestCaseExecutor.java:298)
	at com.kms.katalon.core.main.TestCaseExecutor.execute(TestCaseExecutor.java:232)
	at com.kms.katalon.core.main.TestSuiteExecutor.accessTestCaseMainPhase(TestSuiteExecutor.java:129)
	at com.kms.katalon.core.main.TestSuiteExecutor.accessTestSuiteMainPhase(TestSuiteExecutor.java:112)
	at com.kms.katalon.core.main.TestSuiteExecutor.execute(TestSuiteExecutor.java:81)
	at com.kms.katalon.core.main.TestCaseMain.startTestSuite(TestCaseMain.java:157)
	at com.kms.katalon.core.main.TestCaseMain$startTestSuite$0.call(Unknown Source)
	at TempTestSuite1558580976607.run(TempTestSuite1558580976607.groovy:35)
Caused by: com.kms.katalon.core.webui.exception.WebElementNotFoundException: Web element with id: 'Object Repository/Page_abc community/chon_channel_cuong' located by 'By.xpath: //select[@id='3f2e58e3-9735-45f6-a76e-7e6e204f22fb']' not found
	at com.kms.katalon.core.webui.common.WebUiCommonHelper.findWebElement(WebUiCommonHelper.java:1097)
	at com.kms.katalon.core.webui.keyword.internal.WebUIAbstractKeyword.findWebElement(WebUIAbstractKeyword.groovy:27)
	at com.kms.katalon.core.webui.keyword.internal.WebUIAbstractKeyword.findWebElement(WebUIAbstractKeyword.groovy:26)
	at com.kms.katalon.core.webui.keyword.builtin.SelectOptionByValueKeyword$_selectOptionByValue_closure1.doCall(SelectOptionByValueKeyword.groovy:86)
	at com.kms.katalon.core.webui.keyword.builtin.SelectOptionByValueKeyword$_selectOptionByValue_closure1.call(SelectOptionByValueKeyword.groovy)
	at com.kms.katalon.core.webui.keyword.internal.WebUIKeywordMain.runKeyword(WebUIKeywordMain.groovy:20)
	at com.kms.katalon.core.webui.keyword.builtin.SelectOptionByValueKeyword.selectOptionByValue(SelectOptionByValueKeyword.groovy:99)
	at com.kms.katalon.core.webui.keyword.builtin.SelectOptionByValueKeyword.execute(SelectOptionByValueKeyword.groovy:71)
	at com.kms.katalon.core.keyword.internal.KeywordExecutor.executeKeywordForPlatform(KeywordExecutor.groovy:56)
	at com.kms.katalon.core.webui.keyword.WebUiBuiltInKeywords.selectOptionByValue(WebUiBuiltInKeywords.groovy:1138)
	at com.kms.katalon.core.webui.keyword.WebUiBuiltInKeywords$selectOptionByValue$7.call(Unknown Source)
	at Script1558569401790.run(Script1558569401790.groovy:38)
	... 13 more
)
[[ATTACHMENT|D:\\HCMUS DATA\\Tern2-4th\\CCDNCTPTPM\\BT\\HW2\\Project\\TED_Team-Test_Project\\TED_Team-Test_Project\\Reports\\Run all test cases\\20190523_100936\\1558583365329.png]]]]></system-out>
         <system-err><![CDATA[2019-05-23 10:48:33 - [TEST_CASE][FAILED] - Test Cases/20 Data-driven test case/Up Posts use CSV: Test Cases/20 Data-driven test case/Up Posts use CSV FAILED.
Reason:
com.kms.katalon.core.exception.StepFailedException: Unable to select option by value '1815d581-d824-4937-830d-d0c746093540' of object 'Object Repository/Page_abc community/chon_channel_cuong'  using regular expression
	at com.kms.katalon.core.webui.keyword.internal.WebUIKeywordMain.stepFailed(WebUIKeywordMain.groovy:64)
	at com.kms.katalon.core.webui.keyword.internal.WebUIKeywordMain.runKeyword(WebUIKeywordMain.groovy:26)
	at com.kms.katalon.core.webui.keyword.builtin.SelectOptionByValueKeyword.selectOptionByValue(SelectOptionByValueKeyword.groovy:99)
	at com.kms.katalon.core.webui.keyword.builtin.SelectOptionByValueKeyword.execute(SelectOptionByValueKeyword.groovy:71)
	at com.kms.katalon.core.keyword.internal.KeywordExecutor.executeKeywordForPlatform(KeywordExecutor.groovy:56)
	at com.kms.katalon.core.webui.keyword.WebUiBuiltInKeywords.selectOptionByValue(WebUiBuiltInKeywords.groovy:1138)
	at com.kms.katalon.core.webui.keyword.WebUiBuiltInKeywords$selectOptionByValue$7.call(Unknown Source)
	at Up Posts use CSV.run(Up Posts use CSV:38)
	at com.kms.katalon.core.main.ScriptEngine.run(ScriptEngine.java:194)
	at com.kms.katalon.core.main.ScriptEngine.runScriptAsRawText(ScriptEngine.java:119)
	at com.kms.katalon.core.main.TestCaseExecutor.runScript(TestCaseExecutor.java:336)
	at com.kms.katalon.core.main.TestCaseExecutor.doExecute(TestCaseExecutor.java:327)
	at com.kms.katalon.core.main.TestCaseExecutor.processExecutionPhase(TestCaseExecutor.java:306)
	at com.kms.katalon.core.main.TestCaseExecutor.accessMainPhase(TestCaseExecutor.java:298)
	at com.kms.katalon.core.main.TestCaseExecutor.execute(TestCaseExecutor.java:232)
	at com.kms.katalon.core.main.TestSuiteExecutor.accessTestCaseMainPhase(TestSuiteExecutor.java:129)
	at com.kms.katalon.core.main.TestSuiteExecutor.accessTestSuiteMainPhase(TestSuiteExecutor.java:112)
	at com.kms.katalon.core.main.TestSuiteExecutor.execute(TestSuiteExecutor.java:81)
	at com.kms.katalon.core.main.TestCaseMain.startTestSuite(TestCaseMain.java:157)
	at com.kms.katalon.core.main.TestCaseMain$startTestSuite$0.call(Unknown Source)
	at TempTestSuite1558580976607.run(TempTestSuite1558580976607.groovy:35)
Caused by: com.kms.katalon.core.webui.exception.WebElementNotFoundException: Web element with id: 'Object Repository/Page_abc community/chon_channel_cuong' located by 'By.xpath: //select[@id='3f2e58e3-9735-45f6-a76e-7e6e204f22fb']' not found
	at com.kms.katalon.core.webui.common.WebUiCommonHelper.findWebElement(WebUiCommonHelper.java:1097)
	at com.kms.katalon.core.webui.keyword.internal.WebUIAbstractKeyword.findWebElement(WebUIAbstractKeyword.groovy:27)
	at com.kms.katalon.core.webui.keyword.internal.WebUIAbstractKeyword.findWebElement(WebUIAbstractKeyword.groovy:26)
	at com.kms.katalon.core.webui.keyword.builtin.SelectOptionByValueKeyword$_selectOptionByValue_closure1.doCall(SelectOptionByValueKeyword.groovy:86)
	at com.kms.katalon.core.webui.keyword.builtin.SelectOptionByValueKeyword$_selectOptionByValue_closure1.call(SelectOptionByValueKeyword.groovy)
	at com.kms.katalon.core.webui.keyword.internal.WebUIKeywordMain.runKeyword(WebUIKeywordMain.groovy:20)
	at com.kms.katalon.core.webui.keyword.builtin.SelectOptionByValueKeyword.selectOptionByValue(SelectOptionByValueKeyword.groovy:99)
	at com.kms.katalon.core.webui.keyword.builtin.SelectOptionByValueKeyword.execute(SelectOptionByValueKeyword.groovy:71)
	at com.kms.katalon.core.keyword.internal.KeywordExecutor.executeKeywordForPlatform(KeywordExecutor.groovy:56)
	at com.kms.katalon.core.webui.keyword.WebUiBuiltInKeywords.selectOptionByValue(WebUiBuiltInKeywords.groovy:1138)
	at com.kms.katalon.core.webui.keyword.WebUiBuiltInKeywords$selectOptionByValue$7.call(Unknown Source)
	at Script1558569401790.run(Script1558569401790.groovy:38)
	... 13 more]]></system-err>
      </testcase>
      <testcase name="Test Cases/20 Data-driven test case/Up Posts use CSV" classname="Test Cases/20 Data-driven test case/Up Posts use CSV" status="FAILED">
         <failure type="FAILED" message="Test Cases/20 Data-driven test case/Up Posts use CSV FAILED.
Reason:
com.kms.katalon.core.exception.StepFailedException: Unable to select option by value '1815d581-d824-4937-830d-d0c746093540' of object 'Object Repository/Page_abc community/chon_channel_cuong'  using regular expression
	at com.kms.katalon.core.webui.keyword.internal.WebUIKeywordMain.stepFailed(WebUIKeywordMain.groovy:64)
	at com.kms.katalon.core.webui.keyword.internal.WebUIKeywordMain.runKeyword(WebUIKeywordMain.groovy:26)
	at com.kms.katalon.core.webui.keyword.builtin.SelectOptionByValueKeyword.selectOptionByValue(SelectOptionByValueKeyword.groovy:99)
	at com.kms.katalon.core.webui.keyword.builtin.SelectOptionByValueKeyword.execute(SelectOptionByValueKeyword.groovy:71)
	at com.kms.katalon.core.keyword.internal.KeywordExecutor.executeKeywordForPlatform(KeywordExecutor.groovy:56)
	at com.kms.katalon.core.webui.keyword.WebUiBuiltInKeywords.selectOptionByValue(WebUiBuiltInKeywords.groovy:1138)
	at com.kms.katalon.core.webui.keyword.WebUiBuiltInKeywords$selectOptionByValue$7.call(Unknown Source)
	at Up Posts use CSV.run(Up Posts use CSV:38)
	at com.kms.katalon.core.main.ScriptEngine.run(ScriptEngine.java:194)
	at com.kms.katalon.core.main.ScriptEngine.runScriptAsRawText(ScriptEngine.java:119)
	at com.kms.katalon.core.main.TestCaseExecutor.runScript(TestCaseExecutor.java:336)
	at com.kms.katalon.core.main.TestCaseExecutor.doExecute(TestCaseExecutor.java:327)
	at com.kms.katalon.core.main.TestCaseExecutor.processExecutionPhase(TestCaseExecutor.java:306)
	at com.kms.katalon.core.main.TestCaseExecutor.accessMainPhase(TestCaseExecutor.java:298)
	at com.kms.katalon.core.main.TestCaseExecutor.execute(TestCaseExecutor.java:232)
	at com.kms.katalon.core.main.TestSuiteExecutor.accessTestCaseMainPhase(TestSuiteExecutor.java:129)
	at com.kms.katalon.core.main.TestSuiteExecutor.accessTestSuiteMainPhase(TestSuiteExecutor.java:112)
	at com.kms.katalon.core.main.TestSuiteExecutor.execute(TestSuiteExecutor.java:81)
	at com.kms.katalon.core.main.TestCaseMain.startTestSuite(TestCaseMain.java:157)
	at com.kms.katalon.core.main.TestCaseMain$startTestSuite$0.call(Unknown Source)
	at TempTestSuite1558580976607.run(TempTestSuite1558580976607.groovy:35)
Caused by: com.kms.katalon.core.webui.exception.WebElementNotFoundException: Web element with id: 'Object Repository/Page_abc community/chon_channel_cuong' located by 'By.xpath: //select[@id='3f2e58e3-9735-45f6-a76e-7e6e204f22fb']' not found
	at com.kms.katalon.core.webui.common.WebUiCommonHelper.findWebElement(WebUiCommonHelper.java:1097)
	at com.kms.katalon.core.webui.keyword.internal.WebUIAbstractKeyword.findWebElement(WebUIAbstractKeyword.groovy:27)
	at com.kms.katalon.core.webui.keyword.internal.WebUIAbstractKeyword.findWebElement(WebUIAbstractKeyword.groovy:26)
	at com.kms.katalon.core.webui.keyword.builtin.SelectOptionByValueKeyword$_selectOptionByValue_closure1.doCall(SelectOptionByValueKeyword.groovy:86)
	at com.kms.katalon.core.webui.keyword.builtin.SelectOptionByValueKeyword$_selectOptionByValue_closure1.call(SelectOptionByValueKeyword.groovy)
	at com.kms.katalon.core.webui.keyword.internal.WebUIKeywordMain.runKeyword(WebUIKeywordMain.groovy:20)
	at com.kms.katalon.core.webui.keyword.builtin.SelectOptionByValueKeyword.selectOptionByValue(SelectOptionByValueKeyword.groovy:99)
	at com.kms.katalon.core.webui.keyword.builtin.SelectOptionByValueKeyword.execute(SelectOptionByValueKeyword.groovy:71)
	at com.kms.katalon.core.keyword.internal.KeywordExecutor.executeKeywordForPlatform(KeywordExecutor.groovy:56)
	at com.kms.katalon.core.webui.keyword.WebUiBuiltInKeywords.selectOptionByValue(WebUiBuiltInKeywords.groovy:1138)
	at com.kms.katalon.core.webui.keyword.WebUiBuiltInKeywords$selectOptionByValue$7.call(Unknown Source)
	at Script1558569401790.run(Script1558569401790.groovy:38)
	... 13 more
"/>
         <system-out><![CDATA[2019-05-23 10:49:25 - [TEST_CASE][FAILED] - Test Cases/20 Data-driven test case/Up Posts use CSV: Test Cases/20 Data-driven test case/Up Posts use CSV FAILED.
Reason:
com.kms.katalon.core.exception.StepFailedException: Unable to select option by value '1815d581-d824-4937-830d-d0c746093540' of object 'Object Repository/Page_abc community/chon_channel_cuong'  using regular expression
	at com.kms.katalon.core.webui.keyword.internal.WebUIKeywordMain.stepFailed(WebUIKeywordMain.groovy:64)
	at com.kms.katalon.core.webui.keyword.internal.WebUIKeywordMain.runKeyword(WebUIKeywordMain.groovy:26)
	at com.kms.katalon.core.webui.keyword.builtin.SelectOptionByValueKeyword.selectOptionByValue(SelectOptionByValueKeyword.groovy:99)
	at com.kms.katalon.core.webui.keyword.builtin.SelectOptionByValueKeyword.execute(SelectOptionByValueKeyword.groovy:71)
	at com.kms.katalon.core.keyword.internal.KeywordExecutor.executeKeywordForPlatform(KeywordExecutor.groovy:56)
	at com.kms.katalon.core.webui.keyword.WebUiBuiltInKeywords.selectOptionByValue(WebUiBuiltInKeywords.groovy:1138)
	at com.kms.katalon.core.webui.keyword.WebUiBuiltInKeywords$selectOptionByValue$7.call(Unknown Source)
	at Up Posts use CSV.run(Up Posts use CSV:38)
	at com.kms.katalon.core.main.ScriptEngine.run(ScriptEngine.java:194)
	at com.kms.katalon.core.main.ScriptEngine.runScriptAsRawText(ScriptEngine.java:119)
	at com.kms.katalon.core.main.TestCaseExecutor.runScript(TestCaseExecutor.java:336)
	at com.kms.katalon.core.main.TestCaseExecutor.doExecute(TestCaseExecutor.java:327)
	at com.kms.katalon.core.main.TestCaseExecutor.processExecutionPhase(TestCaseExecutor.java:306)
	at com.kms.katalon.core.main.TestCaseExecutor.accessMainPhase(TestCaseExecutor.java:298)
	at com.kms.katalon.core.main.TestCaseExecutor.execute(TestCaseExecutor.java:232)
	at com.kms.katalon.core.main.TestSuiteExecutor.accessTestCaseMainPhase(TestSuiteExecutor.java:129)
	at com.kms.katalon.core.main.TestSuiteExecutor.accessTestSuiteMainPhase(TestSuiteExecutor.java:112)
	at com.kms.katalon.core.main.TestSuiteExecutor.execute(TestSuiteExecutor.java:81)
	at com.kms.katalon.core.main.TestCaseMain.startTestSuite(TestCaseMain.java:157)
	at com.kms.katalon.core.main.TestCaseMain$startTestSuite$0.call(Unknown Source)
	at TempTestSuite1558580976607.run(TempTestSuite1558580976607.groovy:35)
Caused by: com.kms.katalon.core.webui.exception.WebElementNotFoundException: Web element with id: 'Object Repository/Page_abc community/chon_channel_cuong' located by 'By.xpath: //select[@id='3f2e58e3-9735-45f6-a76e-7e6e204f22fb']' not found
	at com.kms.katalon.core.webui.common.WebUiCommonHelper.findWebElement(WebUiCommonHelper.java:1097)
	at com.kms.katalon.core.webui.keyword.internal.WebUIAbstractKeyword.findWebElement(WebUIAbstractKeyword.groovy:27)
	at com.kms.katalon.core.webui.keyword.internal.WebUIAbstractKeyword.findWebElement(WebUIAbstractKeyword.groovy:26)
	at com.kms.katalon.core.webui.keyword.builtin.SelectOptionByValueKeyword$_selectOptionByValue_closure1.doCall(SelectOptionByValueKeyword.groovy:86)
	at com.kms.katalon.core.webui.keyword.builtin.SelectOptionByValueKeyword$_selectOptionByValue_closure1.call(SelectOptionByValueKeyword.groovy)
	at com.kms.katalon.core.webui.keyword.internal.WebUIKeywordMain.runKeyword(WebUIKeywordMain.groovy:20)
	at com.kms.katalon.core.webui.keyword.builtin.SelectOptionByValueKeyword.selectOptionByValue(SelectOptionByValueKeyword.groovy:99)
	at com.kms.katalon.core.webui.keyword.builtin.SelectOptionByValueKeyword.execute(SelectOptionByValueKeyword.groovy:71)
	at com.kms.katalon.core.keyword.internal.KeywordExecutor.executeKeywordForPlatform(KeywordExecutor.groovy:56)
	at com.kms.katalon.core.webui.keyword.WebUiBuiltInKeywords.selectOptionByValue(WebUiBuiltInKeywords.groovy:1138)
	at com.kms.katalon.core.webui.keyword.WebUiBuiltInKeywords$selectOptionByValue$7.call(Unknown Source)
	at Script1558569401790.run(Script1558569401790.groovy:38)
	... 13 more


2019-05-23 10:49:25 - [TEST_STEP][PASSED] - openBrowser(""): Browser is opened with url: ''

2019-05-23 10:49:25 - [MESSAGE][WARNING] - A browser is already opened. Closing browser and opening a new one

2019-05-23 10:49:26 - [MESSAGE][INFO] - Starting 'Firefox' driver

2019-05-23 10:49:30 - [MESSAGE][PASSED] - Browser is opened with url: ''

2019-05-23 10:49:30 - [TEST_STEP][PASSED] - navigateToUrl("http://localhost:3000/"): Navigate to 'http://localhost:3000/' successfully

2019-05-23 10:49:32 - [MESSAGE][PASSED] - Navigate to 'http://localhost:3000/' successfully

2019-05-23 10:49:32 - [TEST_STEP][PASSED] - click(findTestObject("Page_Spectrum/button_Log in or sign up")): Object: 'Object Repository/Page_Spectrum/button_Log in or sign up' is clicked on

2019-05-23 10:49:34 - [MESSAGE][PASSED] - Object: 'Object Repository/Page_Spectrum/button_Log in or sign up' is clicked on

2019-05-23 10:49:34 - [TEST_STEP][PASSED] - click(findTestObject("Page_Spectrum/span_Sign in with GitHub")): Object: 'Object Repository/Page_Spectrum/span_Sign in with GitHub' is clicked on

2019-05-23 10:49:35 - [MESSAGE][PASSED] - Object: 'Object Repository/Page_Spectrum/span_Sign in with GitHub' is clicked on

2019-05-23 10:49:35 - [TEST_STEP][PASSED] - setText(findTestObject("Page_Sign in to GitHub  GitHub/input_Username or email address_login"), "minhcuongit"): Text 'minhcuongit' is set on object 'Object Repository/Page_Sign in to GitHub  GitHub/input_Username or email address_login'

2019-05-23 10:49:36 - [MESSAGE][PASSED] - Text 'minhcuongit' is set on object 'Object Repository/Page_Sign in to GitHub  GitHub/input_Username or email address_login'

2019-05-23 10:49:36 - [TEST_STEP][PASSED] - setEncryptedText(findTestObject("Page_Sign in to GitHub  GitHub/input_Forgot password_password"), "9e5/e4jZbrkRPxL/am/6uYGu2iBUrIMS"): Text ****** has been set on object 'Object Repository/Page_Sign in to GitHub  GitHub/input_Forgot password_password'

2019-05-23 10:49:36 - [MESSAGE][PASSED] - Text ****** has been set on object 'Object Repository/Page_Sign in to GitHub  GitHub/input_Forgot password_password'

2019-05-23 10:49:36 - [TEST_STEP][PASSED] - click(findTestObject("Page_Sign in to GitHub  GitHub/input_Forgot password_commit")): Object: 'Object Repository/Page_Sign in to GitHub  GitHub/input_Forgot password_commit' is clicked on

2019-05-23 10:49:40 - [MESSAGE][PASSED] - Object: 'Object Repository/Page_Sign in to GitHub  GitHub/input_Forgot password_commit' is clicked on

2019-05-23 10:49:40 - [TEST_STEP][PASSED] - navigateToUrl("http://localhost:3000/abc?tab=posts"): Navigate to 'http://localhost:3000/abc?tab=posts' successfully

2019-05-23 10:49:41 - [MESSAGE][PASSED] - Navigate to 'http://localhost:3000/abc?tab=posts' successfully

2019-05-23 10:49:41 - [TEST_STEP][PASSED] - click(findTestObject("Object Repository/Page_abc community/div_click_de_hien_khung")): Object: 'Object Repository/Page_abc community/div_click_de_hien_khung' is clicked on

2019-05-23 10:49:44 - [MESSAGE][PASSED] - Object: 'Object Repository/Page_abc community/div_click_de_hien_khung' is clicked on

2019-05-23 10:49:44 - [TEST_STEP][PASSED] - setText(findTestObject("Object Repository/Page_abc community/input_tieu_de"), message): Text 'I guess that I forgot I had a choice' is set on object 'Object Repository/Page_abc community/input_tieu_de'

2019-05-23 10:49:45 - [MESSAGE][PASSED] - Text 'I guess that I forgot I had a choice' is set on object 'Object Repository/Page_abc community/input_tieu_de'

2019-05-23 10:49:45 - [TEST_STEP][PASSED] - setText(findTestObject("Object Repository/Page_abc community/textarea_detail"), detail): Text 'I guess that I forgot I had a choice' is set on object 'Object Repository/Page_abc community/textarea_detail'

2019-05-23 10:49:46 - [MESSAGE][PASSED] - Text 'I guess that I forgot I had a choice' is set on object 'Object Repository/Page_abc community/textarea_detail'

2019-05-23 10:49:46 - [TEST_STEP][FAILED] - selectOptionByValue(findTestObject("Object Repository/Page_abc community/chon_channel_cuong"), "1815d581-d824-4937-830d-d0c746093540", true): Unable to select option by value '1815d581-d824-4937-830d-d0c746093540' of object 'Object Repository/Page_abc community/chon_channel_cuong'  using regular expression (Root cause: com.kms.katalon.core.exception.StepFailedException: Unable to select option by value '1815d581-d824-4937-830d-d0c746093540' of object 'Object Repository/Page_abc community/chon_channel_cuong'  using regular expression
	at com.kms.katalon.core.webui.keyword.internal.WebUIKeywordMain.stepFailed(WebUIKeywordMain.groovy:64)
	at com.kms.katalon.core.webui.keyword.internal.WebUIKeywordMain.runKeyword(WebUIKeywordMain.groovy:26)
	at com.kms.katalon.core.webui.keyword.builtin.SelectOptionByValueKeyword.selectOptionByValue(SelectOptionByValueKeyword.groovy:99)
	at com.kms.katalon.core.webui.keyword.builtin.SelectOptionByValueKeyword.execute(SelectOptionByValueKeyword.groovy:71)
	at com.kms.katalon.core.keyword.internal.KeywordExecutor.executeKeywordForPlatform(KeywordExecutor.groovy:56)
	at com.kms.katalon.core.webui.keyword.WebUiBuiltInKeywords.selectOptionByValue(WebUiBuiltInKeywords.groovy:1138)
	at com.kms.katalon.core.webui.keyword.WebUiBuiltInKeywords$selectOptionByValue$7.call(Unknown Source)
	at Up Posts use CSV.run(Up Posts use CSV:38)
	at com.kms.katalon.core.main.ScriptEngine.run(ScriptEngine.java:194)
	at com.kms.katalon.core.main.ScriptEngine.runScriptAsRawText(ScriptEngine.java:119)
	at com.kms.katalon.core.main.TestCaseExecutor.runScript(TestCaseExecutor.java:336)
	at com.kms.katalon.core.main.TestCaseExecutor.doExecute(TestCaseExecutor.java:327)
	at com.kms.katalon.core.main.TestCaseExecutor.processExecutionPhase(TestCaseExecutor.java:306)
	at com.kms.katalon.core.main.TestCaseExecutor.accessMainPhase(TestCaseExecutor.java:298)
	at com.kms.katalon.core.main.TestCaseExecutor.execute(TestCaseExecutor.java:232)
	at com.kms.katalon.core.main.TestSuiteExecutor.accessTestCaseMainPhase(TestSuiteExecutor.java:129)
	at com.kms.katalon.core.main.TestSuiteExecutor.accessTestSuiteMainPhase(TestSuiteExecutor.java:112)
	at com.kms.katalon.core.main.TestSuiteExecutor.execute(TestSuiteExecutor.java:81)
	at com.kms.katalon.core.main.TestCaseMain.startTestSuite(TestCaseMain.java:157)
	at com.kms.katalon.core.main.TestCaseMain$startTestSuite$0.call(Unknown Source)
	at TempTestSuite1558580976607.run(TempTestSuite1558580976607.groovy:35)
Caused by: com.kms.katalon.core.webui.exception.WebElementNotFoundException: Web element with id: 'Object Repository/Page_abc community/chon_channel_cuong' located by 'By.xpath: //select[@id='3f2e58e3-9735-45f6-a76e-7e6e204f22fb']' not found
	at com.kms.katalon.core.webui.common.WebUiCommonHelper.findWebElement(WebUiCommonHelper.java:1097)
	at com.kms.katalon.core.webui.keyword.internal.WebUIAbstractKeyword.findWebElement(WebUIAbstractKeyword.groovy:27)
	at com.kms.katalon.core.webui.keyword.internal.WebUIAbstractKeyword.findWebElement(WebUIAbstractKeyword.groovy:26)
	at com.kms.katalon.core.webui.keyword.builtin.SelectOptionByValueKeyword$_selectOptionByValue_closure1.doCall(SelectOptionByValueKeyword.groovy:86)
	at com.kms.katalon.core.webui.keyword.builtin.SelectOptionByValueKeyword$_selectOptionByValue_closure1.call(SelectOptionByValueKeyword.groovy)
	at com.kms.katalon.core.webui.keyword.internal.WebUIKeywordMain.runKeyword(WebUIKeywordMain.groovy:20)
	at com.kms.katalon.core.webui.keyword.builtin.SelectOptionByValueKeyword.selectOptionByValue(SelectOptionByValueKeyword.groovy:99)
	at com.kms.katalon.core.webui.keyword.builtin.SelectOptionByValueKeyword.execute(SelectOptionByValueKeyword.groovy:71)
	at com.kms.katalon.core.keyword.internal.KeywordExecutor.executeKeywordForPlatform(KeywordExecutor.groovy:56)
	at com.kms.katalon.core.webui.keyword.WebUiBuiltInKeywords.selectOptionByValue(WebUiBuiltInKeywords.groovy:1138)
	at com.kms.katalon.core.webui.keyword.WebUiBuiltInKeywords$selectOptionByValue$7.call(Unknown Source)
	at Script1558569401790.run(Script1558569401790.groovy:38)
	... 13 more
)

2019-05-23 10:50:17 - [MESSAGE][INFO] - Unable to find the element located by 'By.xpath: //select[@id='3f2e58e3-9735-45f6-a76e-7e6e204f22fb']'. Please recheck the objects properties to make sure the desired element is located. 

2019-05-23 10:50:18 - [MESSAGE][FAILED] - Unable to select option by value '1815d581-d824-4937-830d-d0c746093540' of object 'Object Repository/Page_abc community/chon_channel_cuong'  using regular expression (Root cause: com.kms.katalon.core.exception.StepFailedException: Unable to select option by value '1815d581-d824-4937-830d-d0c746093540' of object 'Object Repository/Page_abc community/chon_channel_cuong'  using regular expression
	at com.kms.katalon.core.webui.keyword.internal.WebUIKeywordMain.stepFailed(WebUIKeywordMain.groovy:64)
	at com.kms.katalon.core.webui.keyword.internal.WebUIKeywordMain.runKeyword(WebUIKeywordMain.groovy:26)
	at com.kms.katalon.core.webui.keyword.builtin.SelectOptionByValueKeyword.selectOptionByValue(SelectOptionByValueKeyword.groovy:99)
	at com.kms.katalon.core.webui.keyword.builtin.SelectOptionByValueKeyword.execute(SelectOptionByValueKeyword.groovy:71)
	at com.kms.katalon.core.keyword.internal.KeywordExecutor.executeKeywordForPlatform(KeywordExecutor.groovy:56)
	at com.kms.katalon.core.webui.keyword.WebUiBuiltInKeywords.selectOptionByValue(WebUiBuiltInKeywords.groovy:1138)
	at com.kms.katalon.core.webui.keyword.WebUiBuiltInKeywords$selectOptionByValue$7.call(Unknown Source)
	at Up Posts use CSV.run(Up Posts use CSV:38)
	at com.kms.katalon.core.main.ScriptEngine.run(ScriptEngine.java:194)
	at com.kms.katalon.core.main.ScriptEngine.runScriptAsRawText(ScriptEngine.java:119)
	at com.kms.katalon.core.main.TestCaseExecutor.runScript(TestCaseExecutor.java:336)
	at com.kms.katalon.core.main.TestCaseExecutor.doExecute(TestCaseExecutor.java:327)
	at com.kms.katalon.core.main.TestCaseExecutor.processExecutionPhase(TestCaseExecutor.java:306)
	at com.kms.katalon.core.main.TestCaseExecutor.accessMainPhase(TestCaseExecutor.java:298)
	at com.kms.katalon.core.main.TestCaseExecutor.execute(TestCaseExecutor.java:232)
	at com.kms.katalon.core.main.TestSuiteExecutor.accessTestCaseMainPhase(TestSuiteExecutor.java:129)
	at com.kms.katalon.core.main.TestSuiteExecutor.accessTestSuiteMainPhase(TestSuiteExecutor.java:112)
	at com.kms.katalon.core.main.TestSuiteExecutor.execute(TestSuiteExecutor.java:81)
	at com.kms.katalon.core.main.TestCaseMain.startTestSuite(TestCaseMain.java:157)
	at com.kms.katalon.core.main.TestCaseMain$startTestSuite$0.call(Unknown Source)
	at TempTestSuite1558580976607.run(TempTestSuite1558580976607.groovy:35)
Caused by: com.kms.katalon.core.webui.exception.WebElementNotFoundException: Web element with id: 'Object Repository/Page_abc community/chon_channel_cuong' located by 'By.xpath: //select[@id='3f2e58e3-9735-45f6-a76e-7e6e204f22fb']' not found
	at com.kms.katalon.core.webui.common.WebUiCommonHelper.findWebElement(WebUiCommonHelper.java:1097)
	at com.kms.katalon.core.webui.keyword.internal.WebUIAbstractKeyword.findWebElement(WebUIAbstractKeyword.groovy:27)
	at com.kms.katalon.core.webui.keyword.internal.WebUIAbstractKeyword.findWebElement(WebUIAbstractKeyword.groovy:26)
	at com.kms.katalon.core.webui.keyword.builtin.SelectOptionByValueKeyword$_selectOptionByValue_closure1.doCall(SelectOptionByValueKeyword.groovy:86)
	at com.kms.katalon.core.webui.keyword.builtin.SelectOptionByValueKeyword$_selectOptionByValue_closure1.call(SelectOptionByValueKeyword.groovy)
	at com.kms.katalon.core.webui.keyword.internal.WebUIKeywordMain.runKeyword(WebUIKeywordMain.groovy:20)
	at com.kms.katalon.core.webui.keyword.builtin.SelectOptionByValueKeyword.selectOptionByValue(SelectOptionByValueKeyword.groovy:99)
	at com.kms.katalon.core.webui.keyword.builtin.SelectOptionByValueKeyword.execute(SelectOptionByValueKeyword.groovy:71)
	at com.kms.katalon.core.keyword.internal.KeywordExecutor.executeKeywordForPlatform(KeywordExecutor.groovy:56)
	at com.kms.katalon.core.webui.keyword.WebUiBuiltInKeywords.selectOptionByValue(WebUiBuiltInKeywords.groovy:1138)
	at com.kms.katalon.core.webui.keyword.WebUiBuiltInKeywords$selectOptionByValue$7.call(Unknown Source)
	at Script1558569401790.run(Script1558569401790.groovy:38)
	... 13 more
)
[[ATTACHMENT|D:\\HCMUS DATA\\Tern2-4th\\CCDNCTPTPM\\BT\\HW2\\Project\\TED_Team-Test_Project\\TED_Team-Test_Project\\Reports\\Run all test cases\\20190523_100936\\1558583417715.png]]]]></system-out>
         <system-err><![CDATA[2019-05-23 10:49:25 - [TEST_CASE][FAILED] - Test Cases/20 Data-driven test case/Up Posts use CSV: Test Cases/20 Data-driven test case/Up Posts use CSV FAILED.
Reason:
com.kms.katalon.core.exception.StepFailedException: Unable to select option by value '1815d581-d824-4937-830d-d0c746093540' of object 'Object Repository/Page_abc community/chon_channel_cuong'  using regular expression
	at com.kms.katalon.core.webui.keyword.internal.WebUIKeywordMain.stepFailed(WebUIKeywordMain.groovy:64)
	at com.kms.katalon.core.webui.keyword.internal.WebUIKeywordMain.runKeyword(WebUIKeywordMain.groovy:26)
	at com.kms.katalon.core.webui.keyword.builtin.SelectOptionByValueKeyword.selectOptionByValue(SelectOptionByValueKeyword.groovy:99)
	at com.kms.katalon.core.webui.keyword.builtin.SelectOptionByValueKeyword.execute(SelectOptionByValueKeyword.groovy:71)
	at com.kms.katalon.core.keyword.internal.KeywordExecutor.executeKeywordForPlatform(KeywordExecutor.groovy:56)
	at com.kms.katalon.core.webui.keyword.WebUiBuiltInKeywords.selectOptionByValue(WebUiBuiltInKeywords.groovy:1138)
	at com.kms.katalon.core.webui.keyword.WebUiBuiltInKeywords$selectOptionByValue$7.call(Unknown Source)
	at Up Posts use CSV.run(Up Posts use CSV:38)
	at com.kms.katalon.core.main.ScriptEngine.run(ScriptEngine.java:194)
	at com.kms.katalon.core.main.ScriptEngine.runScriptAsRawText(ScriptEngine.java:119)
	at com.kms.katalon.core.main.TestCaseExecutor.runScript(TestCaseExecutor.java:336)
	at com.kms.katalon.core.main.TestCaseExecutor.doExecute(TestCaseExecutor.java:327)
	at com.kms.katalon.core.main.TestCaseExecutor.processExecutionPhase(TestCaseExecutor.java:306)
	at com.kms.katalon.core.main.TestCaseExecutor.accessMainPhase(TestCaseExecutor.java:298)
	at com.kms.katalon.core.main.TestCaseExecutor.execute(TestCaseExecutor.java:232)
	at com.kms.katalon.core.main.TestSuiteExecutor.accessTestCaseMainPhase(TestSuiteExecutor.java:129)
	at com.kms.katalon.core.main.TestSuiteExecutor.accessTestSuiteMainPhase(TestSuiteExecutor.java:112)
	at com.kms.katalon.core.main.TestSuiteExecutor.execute(TestSuiteExecutor.java:81)
	at com.kms.katalon.core.main.TestCaseMain.startTestSuite(TestCaseMain.java:157)
	at com.kms.katalon.core.main.TestCaseMain$startTestSuite$0.call(Unknown Source)
	at TempTestSuite1558580976607.run(TempTestSuite1558580976607.groovy:35)
Caused by: com.kms.katalon.core.webui.exception.WebElementNotFoundException: Web element with id: 'Object Repository/Page_abc community/chon_channel_cuong' located by 'By.xpath: //select[@id='3f2e58e3-9735-45f6-a76e-7e6e204f22fb']' not found
	at com.kms.katalon.core.webui.common.WebUiCommonHelper.findWebElement(WebUiCommonHelper.java:1097)
	at com.kms.katalon.core.webui.keyword.internal.WebUIAbstractKeyword.findWebElement(WebUIAbstractKeyword.groovy:27)
	at com.kms.katalon.core.webui.keyword.internal.WebUIAbstractKeyword.findWebElement(WebUIAbstractKeyword.groovy:26)
	at com.kms.katalon.core.webui.keyword.builtin.SelectOptionByValueKeyword$_selectOptionByValue_closure1.doCall(SelectOptionByValueKeyword.groovy:86)
	at com.kms.katalon.core.webui.keyword.builtin.SelectOptionByValueKeyword$_selectOptionByValue_closure1.call(SelectOptionByValueKeyword.groovy)
	at com.kms.katalon.core.webui.keyword.internal.WebUIKeywordMain.runKeyword(WebUIKeywordMain.groovy:20)
	at com.kms.katalon.core.webui.keyword.builtin.SelectOptionByValueKeyword.selectOptionByValue(SelectOptionByValueKeyword.groovy:99)
	at com.kms.katalon.core.webui.keyword.builtin.SelectOptionByValueKeyword.execute(SelectOptionByValueKeyword.groovy:71)
	at com.kms.katalon.core.keyword.internal.KeywordExecutor.executeKeywordForPlatform(KeywordExecutor.groovy:56)
	at com.kms.katalon.core.webui.keyword.WebUiBuiltInKeywords.selectOptionByValue(WebUiBuiltInKeywords.groovy:1138)
	at com.kms.katalon.core.webui.keyword.WebUiBuiltInKeywords$selectOptionByValue$7.call(Unknown Source)
	at Script1558569401790.run(Script1558569401790.groovy:38)
	... 13 more]]></system-err>
      </testcase>
      <testcase name="Test Cases/20 Data-driven test case/Up Posts use CSV" classname="Test Cases/20 Data-driven test case/Up Posts use CSV" status="FAILED">
         <failure type="FAILED" message="Test Cases/20 Data-driven test case/Up Posts use CSV FAILED.
Reason:
com.kms.katalon.core.exception.StepFailedException: Unable to set text 'details I let you push me past the breaking point' of object 'Object Repository/Page_abc community/textarea_detail'
	at com.kms.katalon.core.webui.keyword.internal.WebUIKeywordMain.stepFailed(WebUIKeywordMain.groovy:64)
	at com.kms.katalon.core.webui.keyword.internal.WebUIKeywordMain.runKeyword(WebUIKeywordMain.groovy:26)
	at com.kms.katalon.core.webui.keyword.builtin.SetTextKeyword.setText(SetTextKeyword.groovy:66)
	at com.kms.katalon.core.webui.keyword.builtin.SetTextKeyword.execute(SetTextKeyword.groovy:37)
	at com.kms.katalon.core.keyword.internal.KeywordExecutor.executeKeywordForPlatform(KeywordExecutor.groovy:56)
	at com.kms.katalon.core.webui.keyword.WebUiBuiltInKeywords.setText(WebUiBuiltInKeywords.groovy:950)
	at com.kms.katalon.core.webui.keyword.WebUiBuiltInKeywords$setText$2.call(Unknown Source)
	at Up Posts use CSV.run(Up Posts use CSV:36)
	at com.kms.katalon.core.main.ScriptEngine.run(ScriptEngine.java:194)
	at com.kms.katalon.core.main.ScriptEngine.runScriptAsRawText(ScriptEngine.java:119)
	at com.kms.katalon.core.main.TestCaseExecutor.runScript(TestCaseExecutor.java:336)
	at com.kms.katalon.core.main.TestCaseExecutor.doExecute(TestCaseExecutor.java:327)
	at com.kms.katalon.core.main.TestCaseExecutor.processExecutionPhase(TestCaseExecutor.java:306)
	at com.kms.katalon.core.main.TestCaseExecutor.accessMainPhase(TestCaseExecutor.java:298)
	at com.kms.katalon.core.main.TestCaseExecutor.execute(TestCaseExecutor.java:232)
	at com.kms.katalon.core.main.TestSuiteExecutor.accessTestCaseMainPhase(TestSuiteExecutor.java:129)
	at com.kms.katalon.core.main.TestSuiteExecutor.accessTestSuiteMainPhase(TestSuiteExecutor.java:112)
	at com.kms.katalon.core.main.TestSuiteExecutor.execute(TestSuiteExecutor.java:81)
	at com.kms.katalon.core.main.TestCaseMain.startTestSuite(TestCaseMain.java:157)
	at com.kms.katalon.core.main.TestCaseMain$startTestSuite$0.call(Unknown Source)
	at TempTestSuite1558580976607.run(TempTestSuite1558580976607.groovy:35)
Caused by: com.kms.katalon.core.webui.exception.WebElementNotFoundException: Web element with id: 'Object Repository/Page_abc community/textarea_detail' located by 'By.xpath: //main[@id='main']/div/section[2]/section/div[3]/div[2]/div/div/div/textarea' not found
	at com.kms.katalon.core.webui.common.WebUiCommonHelper.findWebElement(WebUiCommonHelper.java:1097)
	at com.kms.katalon.core.webui.keyword.internal.WebUIAbstractKeyword.findWebElement(WebUIAbstractKeyword.groovy:27)
	at com.kms.katalon.core.webui.keyword.internal.WebUIAbstractKeyword.findWebElement(WebUIAbstractKeyword.groovy:26)
	at com.kms.katalon.core.webui.keyword.builtin.SetTextKeyword$_setText_closure1.doCall(SetTextKeyword.groovy:51)
	at com.kms.katalon.core.webui.keyword.builtin.SetTextKeyword$_setText_closure1.call(SetTextKeyword.groovy)
	at com.kms.katalon.core.webui.keyword.internal.WebUIKeywordMain.runKeyword(WebUIKeywordMain.groovy:20)
	at com.kms.katalon.core.webui.keyword.builtin.SetTextKeyword.setText(SetTextKeyword.groovy:66)
	at com.kms.katalon.core.webui.keyword.builtin.SetTextKeyword.execute(SetTextKeyword.groovy:37)
	at com.kms.katalon.core.keyword.internal.KeywordExecutor.executeKeywordForPlatform(KeywordExecutor.groovy:56)
	at com.kms.katalon.core.webui.keyword.WebUiBuiltInKeywords.setText(WebUiBuiltInKeywords.groovy:950)
	at com.kms.katalon.core.webui.keyword.WebUiBuiltInKeywords$setText$2.call(Unknown Source)
	at Script1558569401790.run(Script1558569401790.groovy:36)
	... 13 more
"/>
         <system-out><![CDATA[2019-05-23 10:50:18 - [TEST_CASE][FAILED] - Test Cases/20 Data-driven test case/Up Posts use CSV: Test Cases/20 Data-driven test case/Up Posts use CSV FAILED.
Reason:
com.kms.katalon.core.exception.StepFailedException: Unable to set text 'details I let you push me past the breaking point' of object 'Object Repository/Page_abc community/textarea_detail'
	at com.kms.katalon.core.webui.keyword.internal.WebUIKeywordMain.stepFailed(WebUIKeywordMain.groovy:64)
	at com.kms.katalon.core.webui.keyword.internal.WebUIKeywordMain.runKeyword(WebUIKeywordMain.groovy:26)
	at com.kms.katalon.core.webui.keyword.builtin.SetTextKeyword.setText(SetTextKeyword.groovy:66)
	at com.kms.katalon.core.webui.keyword.builtin.SetTextKeyword.execute(SetTextKeyword.groovy:37)
	at com.kms.katalon.core.keyword.internal.KeywordExecutor.executeKeywordForPlatform(KeywordExecutor.groovy:56)
	at com.kms.katalon.core.webui.keyword.WebUiBuiltInKeywords.setText(WebUiBuiltInKeywords.groovy:950)
	at com.kms.katalon.core.webui.keyword.WebUiBuiltInKeywords$setText$2.call(Unknown Source)
	at Up Posts use CSV.run(Up Posts use CSV:36)
	at com.kms.katalon.core.main.ScriptEngine.run(ScriptEngine.java:194)
	at com.kms.katalon.core.main.ScriptEngine.runScriptAsRawText(ScriptEngine.java:119)
	at com.kms.katalon.core.main.TestCaseExecutor.runScript(TestCaseExecutor.java:336)
	at com.kms.katalon.core.main.TestCaseExecutor.doExecute(TestCaseExecutor.java:327)
	at com.kms.katalon.core.main.TestCaseExecutor.processExecutionPhase(TestCaseExecutor.java:306)
	at com.kms.katalon.core.main.TestCaseExecutor.accessMainPhase(TestCaseExecutor.java:298)
	at com.kms.katalon.core.main.TestCaseExecutor.execute(TestCaseExecutor.java:232)
	at com.kms.katalon.core.main.TestSuiteExecutor.accessTestCaseMainPhase(TestSuiteExecutor.java:129)
	at com.kms.katalon.core.main.TestSuiteExecutor.accessTestSuiteMainPhase(TestSuiteExecutor.java:112)
	at com.kms.katalon.core.main.TestSuiteExecutor.execute(TestSuiteExecutor.java:81)
	at com.kms.katalon.core.main.TestCaseMain.startTestSuite(TestCaseMain.java:157)
	at com.kms.katalon.core.main.TestCaseMain$startTestSuite$0.call(Unknown Source)
	at TempTestSuite1558580976607.run(TempTestSuite1558580976607.groovy:35)
Caused by: com.kms.katalon.core.webui.exception.WebElementNotFoundException: Web element with id: 'Object Repository/Page_abc community/textarea_detail' located by 'By.xpath: //main[@id='main']/div/section[2]/section/div[3]/div[2]/div/div/div/textarea' not found
	at com.kms.katalon.core.webui.common.WebUiCommonHelper.findWebElement(WebUiCommonHelper.java:1097)
	at com.kms.katalon.core.webui.keyword.internal.WebUIAbstractKeyword.findWebElement(WebUIAbstractKeyword.groovy:27)
	at com.kms.katalon.core.webui.keyword.internal.WebUIAbstractKeyword.findWebElement(WebUIAbstractKeyword.groovy:26)
	at com.kms.katalon.core.webui.keyword.builtin.SetTextKeyword$_setText_closure1.doCall(SetTextKeyword.groovy:51)
	at com.kms.katalon.core.webui.keyword.builtin.SetTextKeyword$_setText_closure1.call(SetTextKeyword.groovy)
	at com.kms.katalon.core.webui.keyword.internal.WebUIKeywordMain.runKeyword(WebUIKeywordMain.groovy:20)
	at com.kms.katalon.core.webui.keyword.builtin.SetTextKeyword.setText(SetTextKeyword.groovy:66)
	at com.kms.katalon.core.webui.keyword.builtin.SetTextKeyword.execute(SetTextKeyword.groovy:37)
	at com.kms.katalon.core.keyword.internal.KeywordExecutor.executeKeywordForPlatform(KeywordExecutor.groovy:56)
	at com.kms.katalon.core.webui.keyword.WebUiBuiltInKeywords.setText(WebUiBuiltInKeywords.groovy:950)
	at com.kms.katalon.core.webui.keyword.WebUiBuiltInKeywords$setText$2.call(Unknown Source)
	at Script1558569401790.run(Script1558569401790.groovy:36)
	... 13 more


2019-05-23 10:50:18 - [TEST_STEP][PASSED] - openBrowser(""): Browser is opened with url: ''

2019-05-23 10:50:18 - [MESSAGE][WARNING] - A browser is already opened. Closing browser and opening a new one

2019-05-23 10:50:19 - [MESSAGE][INFO] - Starting 'Firefox' driver

2019-05-23 10:50:22 - [MESSAGE][PASSED] - Browser is opened with url: ''

2019-05-23 10:50:22 - [TEST_STEP][PASSED] - navigateToUrl("http://localhost:3000/"): Navigate to 'http://localhost:3000/' successfully

2019-05-23 10:50:23 - [MESSAGE][PASSED] - Navigate to 'http://localhost:3000/' successfully

2019-05-23 10:50:23 - [TEST_STEP][PASSED] - click(findTestObject("Page_Spectrum/button_Log in or sign up")): Object: 'Object Repository/Page_Spectrum/button_Log in or sign up' is clicked on

2019-05-23 10:50:25 - [MESSAGE][PASSED] - Object: 'Object Repository/Page_Spectrum/button_Log in or sign up' is clicked on

2019-05-23 10:50:25 - [TEST_STEP][PASSED] - click(findTestObject("Page_Spectrum/span_Sign in with GitHub")): Object: 'Object Repository/Page_Spectrum/span_Sign in with GitHub' is clicked on

2019-05-23 10:50:27 - [MESSAGE][PASSED] - Object: 'Object Repository/Page_Spectrum/span_Sign in with GitHub' is clicked on

2019-05-23 10:50:27 - [TEST_STEP][PASSED] - setText(findTestObject("Page_Sign in to GitHub  GitHub/input_Username or email address_login"), "minhcuongit"): Text 'minhcuongit' is set on object 'Object Repository/Page_Sign in to GitHub  GitHub/input_Username or email address_login'

2019-05-23 10:50:27 - [MESSAGE][PASSED] - Text 'minhcuongit' is set on object 'Object Repository/Page_Sign in to GitHub  GitHub/input_Username or email address_login'

2019-05-23 10:50:27 - [TEST_STEP][PASSED] - setEncryptedText(findTestObject("Page_Sign in to GitHub  GitHub/input_Forgot password_password"), "9e5/e4jZbrkRPxL/am/6uYGu2iBUrIMS"): Text ****** has been set on object 'Object Repository/Page_Sign in to GitHub  GitHub/input_Forgot password_password'

2019-05-23 10:50:27 - [MESSAGE][PASSED] - Text ****** has been set on object 'Object Repository/Page_Sign in to GitHub  GitHub/input_Forgot password_password'

2019-05-23 10:50:27 - [TEST_STEP][PASSED] - click(findTestObject("Page_Sign in to GitHub  GitHub/input_Forgot password_commit")): Object: 'Object Repository/Page_Sign in to GitHub  GitHub/input_Forgot password_commit' is clicked on

2019-05-23 10:50:31 - [MESSAGE][PASSED] - Object: 'Object Repository/Page_Sign in to GitHub  GitHub/input_Forgot password_commit' is clicked on

2019-05-23 10:50:31 - [TEST_STEP][PASSED] - navigateToUrl("http://localhost:3000/abc?tab=posts"): Navigate to 'http://localhost:3000/abc?tab=posts' successfully

2019-05-23 10:50:33 - [MESSAGE][PASSED] - Navigate to 'http://localhost:3000/abc?tab=posts' successfully

2019-05-23 10:50:33 - [TEST_STEP][PASSED] - click(findTestObject("Object Repository/Page_abc community/div_click_de_hien_khung")): Object: 'Object Repository/Page_abc community/div_click_de_hien_khung' is clicked on

2019-05-23 10:50:36 - [MESSAGE][PASSED] - Object: 'Object Repository/Page_abc community/div_click_de_hien_khung' is clicked on

2019-05-23 10:50:36 - [TEST_STEP][PASSED] - setText(findTestObject("Object Repository/Page_abc community/input_tieu_de"), message): Text 'I let you push me past the breaking point' is set on object 'Object Repository/Page_abc community/input_tieu_de'

2019-05-23 10:50:36 - [MESSAGE][PASSED] - Text 'I let you push me past the breaking point' is set on object 'Object Repository/Page_abc community/input_tieu_de'

2019-05-23 10:50:36 - [TEST_STEP][FAILED] - setText(findTestObject("Object Repository/Page_abc community/textarea_detail"), detail): Unable to set text 'details I let you push me past the breaking point' of object 'Object Repository/Page_abc community/textarea_detail' (Root cause: com.kms.katalon.core.exception.StepFailedException: Unable to set text 'details I let you push me past the breaking point' of object 'Object Repository/Page_abc community/textarea_detail'
	at com.kms.katalon.core.webui.keyword.internal.WebUIKeywordMain.stepFailed(WebUIKeywordMain.groovy:64)
	at com.kms.katalon.core.webui.keyword.internal.WebUIKeywordMain.runKeyword(WebUIKeywordMain.groovy:26)
	at com.kms.katalon.core.webui.keyword.builtin.SetTextKeyword.setText(SetTextKeyword.groovy:66)
	at com.kms.katalon.core.webui.keyword.builtin.SetTextKeyword.execute(SetTextKeyword.groovy:37)
	at com.kms.katalon.core.keyword.internal.KeywordExecutor.executeKeywordForPlatform(KeywordExecutor.groovy:56)
	at com.kms.katalon.core.webui.keyword.WebUiBuiltInKeywords.setText(WebUiBuiltInKeywords.groovy:950)
	at com.kms.katalon.core.webui.keyword.WebUiBuiltInKeywords$setText$2.call(Unknown Source)
	at Up Posts use CSV.run(Up Posts use CSV:36)
	at com.kms.katalon.core.main.ScriptEngine.run(ScriptEngine.java:194)
	at com.kms.katalon.core.main.ScriptEngine.runScriptAsRawText(ScriptEngine.java:119)
	at com.kms.katalon.core.main.TestCaseExecutor.runScript(TestCaseExecutor.java:336)
	at com.kms.katalon.core.main.TestCaseExecutor.doExecute(TestCaseExecutor.java:327)
	at com.kms.katalon.core.main.TestCaseExecutor.processExecutionPhase(TestCaseExecutor.java:306)
	at com.kms.katalon.core.main.TestCaseExecutor.accessMainPhase(TestCaseExecutor.java:298)
	at com.kms.katalon.core.main.TestCaseExecutor.execute(TestCaseExecutor.java:232)
	at com.kms.katalon.core.main.TestSuiteExecutor.accessTestCaseMainPhase(TestSuiteExecutor.java:129)
	at com.kms.katalon.core.main.TestSuiteExecutor.accessTestSuiteMainPhase(TestSuiteExecutor.java:112)
	at com.kms.katalon.core.main.TestSuiteExecutor.execute(TestSuiteExecutor.java:81)
	at com.kms.katalon.core.main.TestCaseMain.startTestSuite(TestCaseMain.java:157)
	at com.kms.katalon.core.main.TestCaseMain$startTestSuite$0.call(Unknown Source)
	at TempTestSuite1558580976607.run(TempTestSuite1558580976607.groovy:35)
Caused by: com.kms.katalon.core.webui.exception.WebElementNotFoundException: Web element with id: 'Object Repository/Page_abc community/textarea_detail' located by 'By.xpath: //main[@id='main']/div/section[2]/section/div[3]/div[2]/div/div/div/textarea' not found
	at com.kms.katalon.core.webui.common.WebUiCommonHelper.findWebElement(WebUiCommonHelper.java:1097)
	at com.kms.katalon.core.webui.keyword.internal.WebUIAbstractKeyword.findWebElement(WebUIAbstractKeyword.groovy:27)
	at com.kms.katalon.core.webui.keyword.internal.WebUIAbstractKeyword.findWebElement(WebUIAbstractKeyword.groovy:26)
	at com.kms.katalon.core.webui.keyword.builtin.SetTextKeyword$_setText_closure1.doCall(SetTextKeyword.groovy:51)
	at com.kms.katalon.core.webui.keyword.builtin.SetTextKeyword$_setText_closure1.call(SetTextKeyword.groovy)
	at com.kms.katalon.core.webui.keyword.internal.WebUIKeywordMain.runKeyword(WebUIKeywordMain.groovy:20)
	at com.kms.katalon.core.webui.keyword.builtin.SetTextKeyword.setText(SetTextKeyword.groovy:66)
	at com.kms.katalon.core.webui.keyword.builtin.SetTextKeyword.execute(SetTextKeyword.groovy:37)
	at com.kms.katalon.core.keyword.internal.KeywordExecutor.executeKeywordForPlatform(KeywordExecutor.groovy:56)
	at com.kms.katalon.core.webui.keyword.WebUiBuiltInKeywords.setText(WebUiBuiltInKeywords.groovy:950)
	at com.kms.katalon.core.webui.keyword.WebUiBuiltInKeywords$setText$2.call(Unknown Source)
	at Script1558569401790.run(Script1558569401790.groovy:36)
	... 13 more
)

2019-05-23 10:51:07 - [MESSAGE][INFO] - Unable to find the element located by 'By.xpath: //main[@id='main']/div/section[2]/section/div[3]/div[2]/div/div/div/textarea'. Please recheck the objects properties to make sure the desired element is located. 

2019-05-23 10:51:07 - [MESSAGE][FAILED] - Unable to set text 'details I let you push me past the breaking point' of object 'Object Repository/Page_abc community/textarea_detail' (Root cause: com.kms.katalon.core.exception.StepFailedException: Unable to set text 'details I let you push me past the breaking point' of object 'Object Repository/Page_abc community/textarea_detail'
	at com.kms.katalon.core.webui.keyword.internal.WebUIKeywordMain.stepFailed(WebUIKeywordMain.groovy:64)
	at com.kms.katalon.core.webui.keyword.internal.WebUIKeywordMain.runKeyword(WebUIKeywordMain.groovy:26)
	at com.kms.katalon.core.webui.keyword.builtin.SetTextKeyword.setText(SetTextKeyword.groovy:66)
	at com.kms.katalon.core.webui.keyword.builtin.SetTextKeyword.execute(SetTextKeyword.groovy:37)
	at com.kms.katalon.core.keyword.internal.KeywordExecutor.executeKeywordForPlatform(KeywordExecutor.groovy:56)
	at com.kms.katalon.core.webui.keyword.WebUiBuiltInKeywords.setText(WebUiBuiltInKeywords.groovy:950)
	at com.kms.katalon.core.webui.keyword.WebUiBuiltInKeywords$setText$2.call(Unknown Source)
	at Up Posts use CSV.run(Up Posts use CSV:36)
	at com.kms.katalon.core.main.ScriptEngine.run(ScriptEngine.java:194)
	at com.kms.katalon.core.main.ScriptEngine.runScriptAsRawText(ScriptEngine.java:119)
	at com.kms.katalon.core.main.TestCaseExecutor.runScript(TestCaseExecutor.java:336)
	at com.kms.katalon.core.main.TestCaseExecutor.doExecute(TestCaseExecutor.java:327)
	at com.kms.katalon.core.main.TestCaseExecutor.processExecutionPhase(TestCaseExecutor.java:306)
	at com.kms.katalon.core.main.TestCaseExecutor.accessMainPhase(TestCaseExecutor.java:298)
	at com.kms.katalon.core.main.TestCaseExecutor.execute(TestCaseExecutor.java:232)
	at com.kms.katalon.core.main.TestSuiteExecutor.accessTestCaseMainPhase(TestSuiteExecutor.java:129)
	at com.kms.katalon.core.main.TestSuiteExecutor.accessTestSuiteMainPhase(TestSuiteExecutor.java:112)
	at com.kms.katalon.core.main.TestSuiteExecutor.execute(TestSuiteExecutor.java:81)
	at com.kms.katalon.core.main.TestCaseMain.startTestSuite(TestCaseMain.java:157)
	at com.kms.katalon.core.main.TestCaseMain$startTestSuite$0.call(Unknown Source)
	at TempTestSuite1558580976607.run(TempTestSuite1558580976607.groovy:35)
Caused by: com.kms.katalon.core.webui.exception.WebElementNotFoundException: Web element with id: 'Object Repository/Page_abc community/textarea_detail' located by 'By.xpath: //main[@id='main']/div/section[2]/section/div[3]/div[2]/div/div/div/textarea' not found
	at com.kms.katalon.core.webui.common.WebUiCommonHelper.findWebElement(WebUiCommonHelper.java:1097)
	at com.kms.katalon.core.webui.keyword.internal.WebUIAbstractKeyword.findWebElement(WebUIAbstractKeyword.groovy:27)
	at com.kms.katalon.core.webui.keyword.internal.WebUIAbstractKeyword.findWebElement(WebUIAbstractKeyword.groovy:26)
	at com.kms.katalon.core.webui.keyword.builtin.SetTextKeyword$_setText_closure1.doCall(SetTextKeyword.groovy:51)
	at com.kms.katalon.core.webui.keyword.builtin.SetTextKeyword$_setText_closure1.call(SetTextKeyword.groovy)
	at com.kms.katalon.core.webui.keyword.internal.WebUIKeywordMain.runKeyword(WebUIKeywordMain.groovy:20)
	at com.kms.katalon.core.webui.keyword.builtin.SetTextKeyword.setText(SetTextKeyword.groovy:66)
	at com.kms.katalon.core.webui.keyword.builtin.SetTextKeyword.execute(SetTextKeyword.groovy:37)
	at com.kms.katalon.core.keyword.internal.KeywordExecutor.executeKeywordForPlatform(KeywordExecutor.groovy:56)
	at com.kms.katalon.core.webui.keyword.WebUiBuiltInKeywords.setText(WebUiBuiltInKeywords.groovy:950)
	at com.kms.katalon.core.webui.keyword.WebUiBuiltInKeywords$setText$2.call(Unknown Source)
	at Script1558569401790.run(Script1558569401790.groovy:36)
	... 13 more
)
[[ATTACHMENT|D:\\HCMUS DATA\\Tern2-4th\\CCDNCTPTPM\\BT\\HW2\\Project\\TED_Team-Test_Project\\TED_Team-Test_Project\\Reports\\Run all test cases\\20190523_100936\\1558583467606.png]]]]></system-out>
         <system-err><![CDATA[2019-05-23 10:50:18 - [TEST_CASE][FAILED] - Test Cases/20 Data-driven test case/Up Posts use CSV: Test Cases/20 Data-driven test case/Up Posts use CSV FAILED.
Reason:
com.kms.katalon.core.exception.StepFailedException: Unable to set text 'details I let you push me past the breaking point' of object 'Object Repository/Page_abc community/textarea_detail'
	at com.kms.katalon.core.webui.keyword.internal.WebUIKeywordMain.stepFailed(WebUIKeywordMain.groovy:64)
	at com.kms.katalon.core.webui.keyword.internal.WebUIKeywordMain.runKeyword(WebUIKeywordMain.groovy:26)
	at com.kms.katalon.core.webui.keyword.builtin.SetTextKeyword.setText(SetTextKeyword.groovy:66)
	at com.kms.katalon.core.webui.keyword.builtin.SetTextKeyword.execute(SetTextKeyword.groovy:37)
	at com.kms.katalon.core.keyword.internal.KeywordExecutor.executeKeywordForPlatform(KeywordExecutor.groovy:56)
	at com.kms.katalon.core.webui.keyword.WebUiBuiltInKeywords.setText(WebUiBuiltInKeywords.groovy:950)
	at com.kms.katalon.core.webui.keyword.WebUiBuiltInKeywords$setText$2.call(Unknown Source)
	at Up Posts use CSV.run(Up Posts use CSV:36)
	at com.kms.katalon.core.main.ScriptEngine.run(ScriptEngine.java:194)
	at com.kms.katalon.core.main.ScriptEngine.runScriptAsRawText(ScriptEngine.java:119)
	at com.kms.katalon.core.main.TestCaseExecutor.runScript(TestCaseExecutor.java:336)
	at com.kms.katalon.core.main.TestCaseExecutor.doExecute(TestCaseExecutor.java:327)
	at com.kms.katalon.core.main.TestCaseExecutor.processExecutionPhase(TestCaseExecutor.java:306)
	at com.kms.katalon.core.main.TestCaseExecutor.accessMainPhase(TestCaseExecutor.java:298)
	at com.kms.katalon.core.main.TestCaseExecutor.execute(TestCaseExecutor.java:232)
	at com.kms.katalon.core.main.TestSuiteExecutor.accessTestCaseMainPhase(TestSuiteExecutor.java:129)
	at com.kms.katalon.core.main.TestSuiteExecutor.accessTestSuiteMainPhase(TestSuiteExecutor.java:112)
	at com.kms.katalon.core.main.TestSuiteExecutor.execute(TestSuiteExecutor.java:81)
	at com.kms.katalon.core.main.TestCaseMain.startTestSuite(TestCaseMain.java:157)
	at com.kms.katalon.core.main.TestCaseMain$startTestSuite$0.call(Unknown Source)
	at TempTestSuite1558580976607.run(TempTestSuite1558580976607.groovy:35)
Caused by: com.kms.katalon.core.webui.exception.WebElementNotFoundException: Web element with id: 'Object Repository/Page_abc community/textarea_detail' located by 'By.xpath: //main[@id='main']/div/section[2]/section/div[3]/div[2]/div/div/div/textarea' not found
	at com.kms.katalon.core.webui.common.WebUiCommonHelper.findWebElement(WebUiCommonHelper.java:1097)
	at com.kms.katalon.core.webui.keyword.internal.WebUIAbstractKeyword.findWebElement(WebUIAbstractKeyword.groovy:27)
	at com.kms.katalon.core.webui.keyword.internal.WebUIAbstractKeyword.findWebElement(WebUIAbstractKeyword.groovy:26)
	at com.kms.katalon.core.webui.keyword.builtin.SetTextKeyword$_setText_closure1.doCall(SetTextKeyword.groovy:51)
	at com.kms.katalon.core.webui.keyword.builtin.SetTextKeyword$_setText_closure1.call(SetTextKeyword.groovy)
	at com.kms.katalon.core.webui.keyword.internal.WebUIKeywordMain.runKeyword(WebUIKeywordMain.groovy:20)
	at com.kms.katalon.core.webui.keyword.builtin.SetTextKeyword.setText(SetTextKeyword.groovy:66)
	at com.kms.katalon.core.webui.keyword.builtin.SetTextKeyword.execute(SetTextKeyword.groovy:37)
	at com.kms.katalon.core.keyword.internal.KeywordExecutor.executeKeywordForPlatform(KeywordExecutor.groovy:56)
	at com.kms.katalon.core.webui.keyword.WebUiBuiltInKeywords.setText(WebUiBuiltInKeywords.groovy:950)
	at com.kms.katalon.core.webui.keyword.WebUiBuiltInKeywords$setText$2.call(Unknown Source)
	at Script1558569401790.run(Script1558569401790.groovy:36)
	... 13 more]]></system-err>
      </testcase>
      <testcase name="Test Cases/20 Data-driven test case/Up Posts use CSV" classname="Test Cases/20 Data-driven test case/Up Posts use CSV" status="FAILED">
         <failure type="FAILED" message="Test Cases/20 Data-driven test case/Up Posts use CSV FAILED.
Reason:
com.kms.katalon.core.exception.StepFailedException: Unable to select option by value '1815d581-d824-4937-830d-d0c746093540' of object 'Object Repository/Page_abc community/chon_channel_cuong'  using regular expression
	at com.kms.katalon.core.webui.keyword.internal.WebUIKeywordMain.stepFailed(WebUIKeywordMain.groovy:64)
	at com.kms.katalon.core.webui.keyword.internal.WebUIKeywordMain.runKeyword(WebUIKeywordMain.groovy:26)
	at com.kms.katalon.core.webui.keyword.builtin.SelectOptionByValueKeyword.selectOptionByValue(SelectOptionByValueKeyword.groovy:99)
	at com.kms.katalon.core.webui.keyword.builtin.SelectOptionByValueKeyword.execute(SelectOptionByValueKeyword.groovy:71)
	at com.kms.katalon.core.keyword.internal.KeywordExecutor.executeKeywordForPlatform(KeywordExecutor.groovy:56)
	at com.kms.katalon.core.webui.keyword.WebUiBuiltInKeywords.selectOptionByValue(WebUiBuiltInKeywords.groovy:1138)
	at com.kms.katalon.core.webui.keyword.WebUiBuiltInKeywords$selectOptionByValue$7.call(Unknown Source)
	at Up Posts use CSV.run(Up Posts use CSV:38)
	at com.kms.katalon.core.main.ScriptEngine.run(ScriptEngine.java:194)
	at com.kms.katalon.core.main.ScriptEngine.runScriptAsRawText(ScriptEngine.java:119)
	at com.kms.katalon.core.main.TestCaseExecutor.runScript(TestCaseExecutor.java:336)
	at com.kms.katalon.core.main.TestCaseExecutor.doExecute(TestCaseExecutor.java:327)
	at com.kms.katalon.core.main.TestCaseExecutor.processExecutionPhase(TestCaseExecutor.java:306)
	at com.kms.katalon.core.main.TestCaseExecutor.accessMainPhase(TestCaseExecutor.java:298)
	at com.kms.katalon.core.main.TestCaseExecutor.execute(TestCaseExecutor.java:232)
	at com.kms.katalon.core.main.TestSuiteExecutor.accessTestCaseMainPhase(TestSuiteExecutor.java:129)
	at com.kms.katalon.core.main.TestSuiteExecutor.accessTestSuiteMainPhase(TestSuiteExecutor.java:112)
	at com.kms.katalon.core.main.TestSuiteExecutor.execute(TestSuiteExecutor.java:81)
	at com.kms.katalon.core.main.TestCaseMain.startTestSuite(TestCaseMain.java:157)
	at com.kms.katalon.core.main.TestCaseMain$startTestSuite$0.call(Unknown Source)
	at TempTestSuite1558580976607.run(TempTestSuite1558580976607.groovy:35)
Caused by: com.kms.katalon.core.webui.exception.WebElementNotFoundException: Web element with id: 'Object Repository/Page_abc community/chon_channel_cuong' located by 'By.xpath: //select[@id='3f2e58e3-9735-45f6-a76e-7e6e204f22fb']' not found
	at com.kms.katalon.core.webui.common.WebUiCommonHelper.findWebElement(WebUiCommonHelper.java:1097)
	at com.kms.katalon.core.webui.keyword.internal.WebUIAbstractKeyword.findWebElement(WebUIAbstractKeyword.groovy:27)
	at com.kms.katalon.core.webui.keyword.internal.WebUIAbstractKeyword.findWebElement(WebUIAbstractKeyword.groovy:26)
	at com.kms.katalon.core.webui.keyword.builtin.SelectOptionByValueKeyword$_selectOptionByValue_closure1.doCall(SelectOptionByValueKeyword.groovy:86)
	at com.kms.katalon.core.webui.keyword.builtin.SelectOptionByValueKeyword$_selectOptionByValue_closure1.call(SelectOptionByValueKeyword.groovy)
	at com.kms.katalon.core.webui.keyword.internal.WebUIKeywordMain.runKeyword(WebUIKeywordMain.groovy:20)
	at com.kms.katalon.core.webui.keyword.builtin.SelectOptionByValueKeyword.selectOptionByValue(SelectOptionByValueKeyword.groovy:99)
	at com.kms.katalon.core.webui.keyword.builtin.SelectOptionByValueKeyword.execute(SelectOptionByValueKeyword.groovy:71)
	at com.kms.katalon.core.keyword.internal.KeywordExecutor.executeKeywordForPlatform(KeywordExecutor.groovy:56)
	at com.kms.katalon.core.webui.keyword.WebUiBuiltInKeywords.selectOptionByValue(WebUiBuiltInKeywords.groovy:1138)
	at com.kms.katalon.core.webui.keyword.WebUiBuiltInKeywords$selectOptionByValue$7.call(Unknown Source)
	at Script1558569401790.run(Script1558569401790.groovy:38)
	... 13 more
"/>
         <system-out><![CDATA[2019-05-23 10:51:07 - [TEST_CASE][FAILED] - Test Cases/20 Data-driven test case/Up Posts use CSV: Test Cases/20 Data-driven test case/Up Posts use CSV FAILED.
Reason:
com.kms.katalon.core.exception.StepFailedException: Unable to select option by value '1815d581-d824-4937-830d-d0c746093540' of object 'Object Repository/Page_abc community/chon_channel_cuong'  using regular expression
	at com.kms.katalon.core.webui.keyword.internal.WebUIKeywordMain.stepFailed(WebUIKeywordMain.groovy:64)
	at com.kms.katalon.core.webui.keyword.internal.WebUIKeywordMain.runKeyword(WebUIKeywordMain.groovy:26)
	at com.kms.katalon.core.webui.keyword.builtin.SelectOptionByValueKeyword.selectOptionByValue(SelectOptionByValueKeyword.groovy:99)
	at com.kms.katalon.core.webui.keyword.builtin.SelectOptionByValueKeyword.execute(SelectOptionByValueKeyword.groovy:71)
	at com.kms.katalon.core.keyword.internal.KeywordExecutor.executeKeywordForPlatform(KeywordExecutor.groovy:56)
	at com.kms.katalon.core.webui.keyword.WebUiBuiltInKeywords.selectOptionByValue(WebUiBuiltInKeywords.groovy:1138)
	at com.kms.katalon.core.webui.keyword.WebUiBuiltInKeywords$selectOptionByValue$7.call(Unknown Source)
	at Up Posts use CSV.run(Up Posts use CSV:38)
	at com.kms.katalon.core.main.ScriptEngine.run(ScriptEngine.java:194)
	at com.kms.katalon.core.main.ScriptEngine.runScriptAsRawText(ScriptEngine.java:119)
	at com.kms.katalon.core.main.TestCaseExecutor.runScript(TestCaseExecutor.java:336)
	at com.kms.katalon.core.main.TestCaseExecutor.doExecute(TestCaseExecutor.java:327)
	at com.kms.katalon.core.main.TestCaseExecutor.processExecutionPhase(TestCaseExecutor.java:306)
	at com.kms.katalon.core.main.TestCaseExecutor.accessMainPhase(TestCaseExecutor.java:298)
	at com.kms.katalon.core.main.TestCaseExecutor.execute(TestCaseExecutor.java:232)
	at com.kms.katalon.core.main.TestSuiteExecutor.accessTestCaseMainPhase(TestSuiteExecutor.java:129)
	at com.kms.katalon.core.main.TestSuiteExecutor.accessTestSuiteMainPhase(TestSuiteExecutor.java:112)
	at com.kms.katalon.core.main.TestSuiteExecutor.execute(TestSuiteExecutor.java:81)
	at com.kms.katalon.core.main.TestCaseMain.startTestSuite(TestCaseMain.java:157)
	at com.kms.katalon.core.main.TestCaseMain$startTestSuite$0.call(Unknown Source)
	at TempTestSuite1558580976607.run(TempTestSuite1558580976607.groovy:35)
Caused by: com.kms.katalon.core.webui.exception.WebElementNotFoundException: Web element with id: 'Object Repository/Page_abc community/chon_channel_cuong' located by 'By.xpath: //select[@id='3f2e58e3-9735-45f6-a76e-7e6e204f22fb']' not found
	at com.kms.katalon.core.webui.common.WebUiCommonHelper.findWebElement(WebUiCommonHelper.java:1097)
	at com.kms.katalon.core.webui.keyword.internal.WebUIAbstractKeyword.findWebElement(WebUIAbstractKeyword.groovy:27)
	at com.kms.katalon.core.webui.keyword.internal.WebUIAbstractKeyword.findWebElement(WebUIAbstractKeyword.groovy:26)
	at com.kms.katalon.core.webui.keyword.builtin.SelectOptionByValueKeyword$_selectOptionByValue_closure1.doCall(SelectOptionByValueKeyword.groovy:86)
	at com.kms.katalon.core.webui.keyword.builtin.SelectOptionByValueKeyword$_selectOptionByValue_closure1.call(SelectOptionByValueKeyword.groovy)
	at com.kms.katalon.core.webui.keyword.internal.WebUIKeywordMain.runKeyword(WebUIKeywordMain.groovy:20)
	at com.kms.katalon.core.webui.keyword.builtin.SelectOptionByValueKeyword.selectOptionByValue(SelectOptionByValueKeyword.groovy:99)
	at com.kms.katalon.core.webui.keyword.builtin.SelectOptionByValueKeyword.execute(SelectOptionByValueKeyword.groovy:71)
	at com.kms.katalon.core.keyword.internal.KeywordExecutor.executeKeywordForPlatform(KeywordExecutor.groovy:56)
	at com.kms.katalon.core.webui.keyword.WebUiBuiltInKeywords.selectOptionByValue(WebUiBuiltInKeywords.groovy:1138)
	at com.kms.katalon.core.webui.keyword.WebUiBuiltInKeywords$selectOptionByValue$7.call(Unknown Source)
	at Script1558569401790.run(Script1558569401790.groovy:38)
	... 13 more


2019-05-23 10:51:07 - [TEST_STEP][PASSED] - openBrowser(""): Browser is opened with url: ''

2019-05-23 10:51:07 - [MESSAGE][WARNING] - A browser is already opened. Closing browser and opening a new one

2019-05-23 10:51:09 - [MESSAGE][INFO] - Starting 'Firefox' driver

2019-05-23 10:51:13 - [MESSAGE][PASSED] - Browser is opened with url: ''

2019-05-23 10:51:13 - [TEST_STEP][PASSED] - navigateToUrl("http://localhost:3000/"): Navigate to 'http://localhost:3000/' successfully

2019-05-23 10:51:15 - [MESSAGE][PASSED] - Navigate to 'http://localhost:3000/' successfully

2019-05-23 10:51:15 - [TEST_STEP][PASSED] - click(findTestObject("Page_Spectrum/button_Log in or sign up")): Object: 'Object Repository/Page_Spectrum/button_Log in or sign up' is clicked on

2019-05-23 10:51:18 - [MESSAGE][PASSED] - Object: 'Object Repository/Page_Spectrum/button_Log in or sign up' is clicked on

2019-05-23 10:51:18 - [TEST_STEP][PASSED] - click(findTestObject("Page_Spectrum/span_Sign in with GitHub")): Object: 'Object Repository/Page_Spectrum/span_Sign in with GitHub' is clicked on

2019-05-23 10:51:20 - [MESSAGE][PASSED] - Object: 'Object Repository/Page_Spectrum/span_Sign in with GitHub' is clicked on

2019-05-23 10:51:20 - [TEST_STEP][PASSED] - setText(findTestObject("Page_Sign in to GitHub  GitHub/input_Username or email address_login"), "minhcuongit"): Text 'minhcuongit' is set on object 'Object Repository/Page_Sign in to GitHub  GitHub/input_Username or email address_login'

2019-05-23 10:51:20 - [MESSAGE][PASSED] - Text 'minhcuongit' is set on object 'Object Repository/Page_Sign in to GitHub  GitHub/input_Username or email address_login'

2019-05-23 10:51:20 - [TEST_STEP][PASSED] - setEncryptedText(findTestObject("Page_Sign in to GitHub  GitHub/input_Forgot password_password"), "9e5/e4jZbrkRPxL/am/6uYGu2iBUrIMS"): Text ****** has been set on object 'Object Repository/Page_Sign in to GitHub  GitHub/input_Forgot password_password'

2019-05-23 10:51:20 - [MESSAGE][PASSED] - Text ****** has been set on object 'Object Repository/Page_Sign in to GitHub  GitHub/input_Forgot password_password'

2019-05-23 10:51:20 - [TEST_STEP][PASSED] - click(findTestObject("Page_Sign in to GitHub  GitHub/input_Forgot password_commit")): Object: 'Object Repository/Page_Sign in to GitHub  GitHub/input_Forgot password_commit' is clicked on

2019-05-23 10:51:25 - [MESSAGE][PASSED] - Object: 'Object Repository/Page_Sign in to GitHub  GitHub/input_Forgot password_commit' is clicked on

2019-05-23 10:51:25 - [TEST_STEP][PASSED] - navigateToUrl("http://localhost:3000/abc?tab=posts"): Navigate to 'http://localhost:3000/abc?tab=posts' successfully

2019-05-23 10:51:28 - [MESSAGE][PASSED] - Navigate to 'http://localhost:3000/abc?tab=posts' successfully

2019-05-23 10:51:28 - [TEST_STEP][PASSED] - click(findTestObject("Object Repository/Page_abc community/div_click_de_hien_khung")): Object: 'Object Repository/Page_abc community/div_click_de_hien_khung' is clicked on

2019-05-23 10:51:31 - [MESSAGE][PASSED] - Object: 'Object Repository/Page_abc community/div_click_de_hien_khung' is clicked on

2019-05-23 10:51:31 - [TEST_STEP][PASSED] - setText(findTestObject("Object Repository/Page_abc community/input_tieu_de"), message): Text 'I stood for nothing, so I fell for everything' is set on object 'Object Repository/Page_abc community/input_tieu_de'

2019-05-23 10:51:34 - [MESSAGE][PASSED] - Text 'I stood for nothing, so I fell for everything' is set on object 'Object Repository/Page_abc community/input_tieu_de'

2019-05-23 10:51:34 - [TEST_STEP][PASSED] - setText(findTestObject("Object Repository/Page_abc community/textarea_detail"), detail): Text 'details I stood for nothing, so I fell for everything' is set on object 'Object Repository/Page_abc community/textarea_detail'

2019-05-23 10:51:38 - [MESSAGE][PASSED] - Text 'details I stood for nothing, so I fell for everything' is set on object 'Object Repository/Page_abc community/textarea_detail'

2019-05-23 10:51:38 - [TEST_STEP][FAILED] - selectOptionByValue(findTestObject("Object Repository/Page_abc community/chon_channel_cuong"), "1815d581-d824-4937-830d-d0c746093540", true): Unable to select option by value '1815d581-d824-4937-830d-d0c746093540' of object 'Object Repository/Page_abc community/chon_channel_cuong'  using regular expression (Root cause: com.kms.katalon.core.exception.StepFailedException: Unable to select option by value '1815d581-d824-4937-830d-d0c746093540' of object 'Object Repository/Page_abc community/chon_channel_cuong'  using regular expression
	at com.kms.katalon.core.webui.keyword.internal.WebUIKeywordMain.stepFailed(WebUIKeywordMain.groovy:64)
	at com.kms.katalon.core.webui.keyword.internal.WebUIKeywordMain.runKeyword(WebUIKeywordMain.groovy:26)
	at com.kms.katalon.core.webui.keyword.builtin.SelectOptionByValueKeyword.selectOptionByValue(SelectOptionByValueKeyword.groovy:99)
	at com.kms.katalon.core.webui.keyword.builtin.SelectOptionByValueKeyword.execute(SelectOptionByValueKeyword.groovy:71)
	at com.kms.katalon.core.keyword.internal.KeywordExecutor.executeKeywordForPlatform(KeywordExecutor.groovy:56)
	at com.kms.katalon.core.webui.keyword.WebUiBuiltInKeywords.selectOptionByValue(WebUiBuiltInKeywords.groovy:1138)
	at com.kms.katalon.core.webui.keyword.WebUiBuiltInKeywords$selectOptionByValue$7.call(Unknown Source)
	at Up Posts use CSV.run(Up Posts use CSV:38)
	at com.kms.katalon.core.main.ScriptEngine.run(ScriptEngine.java:194)
	at com.kms.katalon.core.main.ScriptEngine.runScriptAsRawText(ScriptEngine.java:119)
	at com.kms.katalon.core.main.TestCaseExecutor.runScript(TestCaseExecutor.java:336)
	at com.kms.katalon.core.main.TestCaseExecutor.doExecute(TestCaseExecutor.java:327)
	at com.kms.katalon.core.main.TestCaseExecutor.processExecutionPhase(TestCaseExecutor.java:306)
	at com.kms.katalon.core.main.TestCaseExecutor.accessMainPhase(TestCaseExecutor.java:298)
	at com.kms.katalon.core.main.TestCaseExecutor.execute(TestCaseExecutor.java:232)
	at com.kms.katalon.core.main.TestSuiteExecutor.accessTestCaseMainPhase(TestSuiteExecutor.java:129)
	at com.kms.katalon.core.main.TestSuiteExecutor.accessTestSuiteMainPhase(TestSuiteExecutor.java:112)
	at com.kms.katalon.core.main.TestSuiteExecutor.execute(TestSuiteExecutor.java:81)
	at com.kms.katalon.core.main.TestCaseMain.startTestSuite(TestCaseMain.java:157)
	at com.kms.katalon.core.main.TestCaseMain$startTestSuite$0.call(Unknown Source)
	at TempTestSuite1558580976607.run(TempTestSuite1558580976607.groovy:35)
Caused by: com.kms.katalon.core.webui.exception.WebElementNotFoundException: Web element with id: 'Object Repository/Page_abc community/chon_channel_cuong' located by 'By.xpath: //select[@id='3f2e58e3-9735-45f6-a76e-7e6e204f22fb']' not found
	at com.kms.katalon.core.webui.common.WebUiCommonHelper.findWebElement(WebUiCommonHelper.java:1097)
	at com.kms.katalon.core.webui.keyword.internal.WebUIAbstractKeyword.findWebElement(WebUIAbstractKeyword.groovy:27)
	at com.kms.katalon.core.webui.keyword.internal.WebUIAbstractKeyword.findWebElement(WebUIAbstractKeyword.groovy:26)
	at com.kms.katalon.core.webui.keyword.builtin.SelectOptionByValueKeyword$_selectOptionByValue_closure1.doCall(SelectOptionByValueKeyword.groovy:86)
	at com.kms.katalon.core.webui.keyword.builtin.SelectOptionByValueKeyword$_selectOptionByValue_closure1.call(SelectOptionByValueKeyword.groovy)
	at com.kms.katalon.core.webui.keyword.internal.WebUIKeywordMain.runKeyword(WebUIKeywordMain.groovy:20)
	at com.kms.katalon.core.webui.keyword.builtin.SelectOptionByValueKeyword.selectOptionByValue(SelectOptionByValueKeyword.groovy:99)
	at com.kms.katalon.core.webui.keyword.builtin.SelectOptionByValueKeyword.execute(SelectOptionByValueKeyword.groovy:71)
	at com.kms.katalon.core.keyword.internal.KeywordExecutor.executeKeywordForPlatform(KeywordExecutor.groovy:56)
	at com.kms.katalon.core.webui.keyword.WebUiBuiltInKeywords.selectOptionByValue(WebUiBuiltInKeywords.groovy:1138)
	at com.kms.katalon.core.webui.keyword.WebUiBuiltInKeywords$selectOptionByValue$7.call(Unknown Source)
	at Script1558569401790.run(Script1558569401790.groovy:38)
	... 13 more
)

2019-05-23 10:52:08 - [MESSAGE][INFO] - Unable to find the element located by 'By.xpath: //select[@id='3f2e58e3-9735-45f6-a76e-7e6e204f22fb']'. Please recheck the objects properties to make sure the desired element is located. 

2019-05-23 10:52:09 - [MESSAGE][FAILED] - Unable to select option by value '1815d581-d824-4937-830d-d0c746093540' of object 'Object Repository/Page_abc community/chon_channel_cuong'  using regular expression (Root cause: com.kms.katalon.core.exception.StepFailedException: Unable to select option by value '1815d581-d824-4937-830d-d0c746093540' of object 'Object Repository/Page_abc community/chon_channel_cuong'  using regular expression
	at com.kms.katalon.core.webui.keyword.internal.WebUIKeywordMain.stepFailed(WebUIKeywordMain.groovy:64)
	at com.kms.katalon.core.webui.keyword.internal.WebUIKeywordMain.runKeyword(WebUIKeywordMain.groovy:26)
	at com.kms.katalon.core.webui.keyword.builtin.SelectOptionByValueKeyword.selectOptionByValue(SelectOptionByValueKeyword.groovy:99)
	at com.kms.katalon.core.webui.keyword.builtin.SelectOptionByValueKeyword.execute(SelectOptionByValueKeyword.groovy:71)
	at com.kms.katalon.core.keyword.internal.KeywordExecutor.executeKeywordForPlatform(KeywordExecutor.groovy:56)
	at com.kms.katalon.core.webui.keyword.WebUiBuiltInKeywords.selectOptionByValue(WebUiBuiltInKeywords.groovy:1138)
	at com.kms.katalon.core.webui.keyword.WebUiBuiltInKeywords$selectOptionByValue$7.call(Unknown Source)
	at Up Posts use CSV.run(Up Posts use CSV:38)
	at com.kms.katalon.core.main.ScriptEngine.run(ScriptEngine.java:194)
	at com.kms.katalon.core.main.ScriptEngine.runScriptAsRawText(ScriptEngine.java:119)
	at com.kms.katalon.core.main.TestCaseExecutor.runScript(TestCaseExecutor.java:336)
	at com.kms.katalon.core.main.TestCaseExecutor.doExecute(TestCaseExecutor.java:327)
	at com.kms.katalon.core.main.TestCaseExecutor.processExecutionPhase(TestCaseExecutor.java:306)
	at com.kms.katalon.core.main.TestCaseExecutor.accessMainPhase(TestCaseExecutor.java:298)
	at com.kms.katalon.core.main.TestCaseExecutor.execute(TestCaseExecutor.java:232)
	at com.kms.katalon.core.main.TestSuiteExecutor.accessTestCaseMainPhase(TestSuiteExecutor.java:129)
	at com.kms.katalon.core.main.TestSuiteExecutor.accessTestSuiteMainPhase(TestSuiteExecutor.java:112)
	at com.kms.katalon.core.main.TestSuiteExecutor.execute(TestSuiteExecutor.java:81)
	at com.kms.katalon.core.main.TestCaseMain.startTestSuite(TestCaseMain.java:157)
	at com.kms.katalon.core.main.TestCaseMain$startTestSuite$0.call(Unknown Source)
	at TempTestSuite1558580976607.run(TempTestSuite1558580976607.groovy:35)
Caused by: com.kms.katalon.core.webui.exception.WebElementNotFoundException: Web element with id: 'Object Repository/Page_abc community/chon_channel_cuong' located by 'By.xpath: //select[@id='3f2e58e3-9735-45f6-a76e-7e6e204f22fb']' not found
	at com.kms.katalon.core.webui.common.WebUiCommonHelper.findWebElement(WebUiCommonHelper.java:1097)
	at com.kms.katalon.core.webui.keyword.internal.WebUIAbstractKeyword.findWebElement(WebUIAbstractKeyword.groovy:27)
	at com.kms.katalon.core.webui.keyword.internal.WebUIAbstractKeyword.findWebElement(WebUIAbstractKeyword.groovy:26)
	at com.kms.katalon.core.webui.keyword.builtin.SelectOptionByValueKeyword$_selectOptionByValue_closure1.doCall(SelectOptionByValueKeyword.groovy:86)
	at com.kms.katalon.core.webui.keyword.builtin.SelectOptionByValueKeyword$_selectOptionByValue_closure1.call(SelectOptionByValueKeyword.groovy)
	at com.kms.katalon.core.webui.keyword.internal.WebUIKeywordMain.runKeyword(WebUIKeywordMain.groovy:20)
	at com.kms.katalon.core.webui.keyword.builtin.SelectOptionByValueKeyword.selectOptionByValue(SelectOptionByValueKeyword.groovy:99)
	at com.kms.katalon.core.webui.keyword.builtin.SelectOptionByValueKeyword.execute(SelectOptionByValueKeyword.groovy:71)
	at com.kms.katalon.core.keyword.internal.KeywordExecutor.executeKeywordForPlatform(KeywordExecutor.groovy:56)
	at com.kms.katalon.core.webui.keyword.WebUiBuiltInKeywords.selectOptionByValue(WebUiBuiltInKeywords.groovy:1138)
	at com.kms.katalon.core.webui.keyword.WebUiBuiltInKeywords$selectOptionByValue$7.call(Unknown Source)
	at Script1558569401790.run(Script1558569401790.groovy:38)
	... 13 more
)
[[ATTACHMENT|D:\\HCMUS DATA\\Tern2-4th\\CCDNCTPTPM\\BT\\HW2\\Project\\TED_Team-Test_Project\\TED_Team-Test_Project\\Reports\\Run all test cases\\20190523_100936\\1558583528630.png]]]]></system-out>
         <system-err><![CDATA[2019-05-23 10:51:07 - [TEST_CASE][FAILED] - Test Cases/20 Data-driven test case/Up Posts use CSV: Test Cases/20 Data-driven test case/Up Posts use CSV FAILED.
Reason:
com.kms.katalon.core.exception.StepFailedException: Unable to select option by value '1815d581-d824-4937-830d-d0c746093540' of object 'Object Repository/Page_abc community/chon_channel_cuong'  using regular expression
	at com.kms.katalon.core.webui.keyword.internal.WebUIKeywordMain.stepFailed(WebUIKeywordMain.groovy:64)
	at com.kms.katalon.core.webui.keyword.internal.WebUIKeywordMain.runKeyword(WebUIKeywordMain.groovy:26)
	at com.kms.katalon.core.webui.keyword.builtin.SelectOptionByValueKeyword.selectOptionByValue(SelectOptionByValueKeyword.groovy:99)
	at com.kms.katalon.core.webui.keyword.builtin.SelectOptionByValueKeyword.execute(SelectOptionByValueKeyword.groovy:71)
	at com.kms.katalon.core.keyword.internal.KeywordExecutor.executeKeywordForPlatform(KeywordExecutor.groovy:56)
	at com.kms.katalon.core.webui.keyword.WebUiBuiltInKeywords.selectOptionByValue(WebUiBuiltInKeywords.groovy:1138)
	at com.kms.katalon.core.webui.keyword.WebUiBuiltInKeywords$selectOptionByValue$7.call(Unknown Source)
	at Up Posts use CSV.run(Up Posts use CSV:38)
	at com.kms.katalon.core.main.ScriptEngine.run(ScriptEngine.java:194)
	at com.kms.katalon.core.main.ScriptEngine.runScriptAsRawText(ScriptEngine.java:119)
	at com.kms.katalon.core.main.TestCaseExecutor.runScript(TestCaseExecutor.java:336)
	at com.kms.katalon.core.main.TestCaseExecutor.doExecute(TestCaseExecutor.java:327)
	at com.kms.katalon.core.main.TestCaseExecutor.processExecutionPhase(TestCaseExecutor.java:306)
	at com.kms.katalon.core.main.TestCaseExecutor.accessMainPhase(TestCaseExecutor.java:298)
	at com.kms.katalon.core.main.TestCaseExecutor.execute(TestCaseExecutor.java:232)
	at com.kms.katalon.core.main.TestSuiteExecutor.accessTestCaseMainPhase(TestSuiteExecutor.java:129)
	at com.kms.katalon.core.main.TestSuiteExecutor.accessTestSuiteMainPhase(TestSuiteExecutor.java:112)
	at com.kms.katalon.core.main.TestSuiteExecutor.execute(TestSuiteExecutor.java:81)
	at com.kms.katalon.core.main.TestCaseMain.startTestSuite(TestCaseMain.java:157)
	at com.kms.katalon.core.main.TestCaseMain$startTestSuite$0.call(Unknown Source)
	at TempTestSuite1558580976607.run(TempTestSuite1558580976607.groovy:35)
Caused by: com.kms.katalon.core.webui.exception.WebElementNotFoundException: Web element with id: 'Object Repository/Page_abc community/chon_channel_cuong' located by 'By.xpath: //select[@id='3f2e58e3-9735-45f6-a76e-7e6e204f22fb']' not found
	at com.kms.katalon.core.webui.common.WebUiCommonHelper.findWebElement(WebUiCommonHelper.java:1097)
	at com.kms.katalon.core.webui.keyword.internal.WebUIAbstractKeyword.findWebElement(WebUIAbstractKeyword.groovy:27)
	at com.kms.katalon.core.webui.keyword.internal.WebUIAbstractKeyword.findWebElement(WebUIAbstractKeyword.groovy:26)
	at com.kms.katalon.core.webui.keyword.builtin.SelectOptionByValueKeyword$_selectOptionByValue_closure1.doCall(SelectOptionByValueKeyword.groovy:86)
	at com.kms.katalon.core.webui.keyword.builtin.SelectOptionByValueKeyword$_selectOptionByValue_closure1.call(SelectOptionByValueKeyword.groovy)
	at com.kms.katalon.core.webui.keyword.internal.WebUIKeywordMain.runKeyword(WebUIKeywordMain.groovy:20)
	at com.kms.katalon.core.webui.keyword.builtin.SelectOptionByValueKeyword.selectOptionByValue(SelectOptionByValueKeyword.groovy:99)
	at com.kms.katalon.core.webui.keyword.builtin.SelectOptionByValueKeyword.execute(SelectOptionByValueKeyword.groovy:71)
	at com.kms.katalon.core.keyword.internal.KeywordExecutor.executeKeywordForPlatform(KeywordExecutor.groovy:56)
	at com.kms.katalon.core.webui.keyword.WebUiBuiltInKeywords.selectOptionByValue(WebUiBuiltInKeywords.groovy:1138)
	at com.kms.katalon.core.webui.keyword.WebUiBuiltInKeywords$selectOptionByValue$7.call(Unknown Source)
	at Script1558569401790.run(Script1558569401790.groovy:38)
	... 13 more]]></system-err>
      </testcase>
      <testcase name="Test Cases/20 Data-driven test case/Up Posts use Internal Data" classname="Test Cases/20 Data-driven test case/Up Posts use Internal Data" status="FAILED">
         <failure type="FAILED" message="Test Cases/20 Data-driven test case/Up Posts use Internal Data FAILED.
Reason:
com.kms.katalon.core.exception.StepFailedException: Unable to select option by value '1815d581-d824-4937-830d-d0c746093540' of object 'Object Repository/Page_abc community/chon_channel_cuong'  using regular expression
	at com.kms.katalon.core.webui.keyword.internal.WebUIKeywordMain.stepFailed(WebUIKeywordMain.groovy:64)
	at com.kms.katalon.core.webui.keyword.internal.WebUIKeywordMain.runKeyword(WebUIKeywordMain.groovy:26)
	at com.kms.katalon.core.webui.keyword.builtin.SelectOptionByValueKeyword.selectOptionByValue(SelectOptionByValueKeyword.groovy:99)
	at com.kms.katalon.core.webui.keyword.builtin.SelectOptionByValueKeyword.execute(SelectOptionByValueKeyword.groovy:71)
	at com.kms.katalon.core.keyword.internal.KeywordExecutor.executeKeywordForPlatform(KeywordExecutor.groovy:56)
	at com.kms.katalon.core.webui.keyword.WebUiBuiltInKeywords.selectOptionByValue(WebUiBuiltInKeywords.groovy:1138)
	at com.kms.katalon.core.webui.keyword.WebUiBuiltInKeywords$selectOptionByValue$7.call(Unknown Source)
	at Up Posts use Internal Data.run(Up Posts use Internal Data:38)
	at com.kms.katalon.core.main.ScriptEngine.run(ScriptEngine.java:194)
	at com.kms.katalon.core.main.ScriptEngine.runScriptAsRawText(ScriptEngine.java:119)
	at com.kms.katalon.core.main.TestCaseExecutor.runScript(TestCaseExecutor.java:336)
	at com.kms.katalon.core.main.TestCaseExecutor.doExecute(TestCaseExecutor.java:327)
	at com.kms.katalon.core.main.TestCaseExecutor.processExecutionPhase(TestCaseExecutor.java:306)
	at com.kms.katalon.core.main.TestCaseExecutor.accessMainPhase(TestCaseExecutor.java:298)
	at com.kms.katalon.core.main.TestCaseExecutor.execute(TestCaseExecutor.java:232)
	at com.kms.katalon.core.main.TestSuiteExecutor.accessTestCaseMainPhase(TestSuiteExecutor.java:129)
	at com.kms.katalon.core.main.TestSuiteExecutor.accessTestSuiteMainPhase(TestSuiteExecutor.java:112)
	at com.kms.katalon.core.main.TestSuiteExecutor.execute(TestSuiteExecutor.java:81)
	at com.kms.katalon.core.main.TestCaseMain.startTestSuite(TestCaseMain.java:157)
	at com.kms.katalon.core.main.TestCaseMain$startTestSuite$0.call(Unknown Source)
	at TempTestSuite1558580976607.run(TempTestSuite1558580976607.groovy:35)
Caused by: com.kms.katalon.core.webui.exception.WebElementNotFoundException: Web element with id: 'Object Repository/Page_abc community/chon_channel_cuong' located by 'By.xpath: //select[@id='3f2e58e3-9735-45f6-a76e-7e6e204f22fb']' not found
	at com.kms.katalon.core.webui.common.WebUiCommonHelper.findWebElement(WebUiCommonHelper.java:1097)
	at com.kms.katalon.core.webui.keyword.internal.WebUIAbstractKeyword.findWebElement(WebUIAbstractKeyword.groovy:27)
	at com.kms.katalon.core.webui.keyword.internal.WebUIAbstractKeyword.findWebElement(WebUIAbstractKeyword.groovy:26)
	at com.kms.katalon.core.webui.keyword.builtin.SelectOptionByValueKeyword$_selectOptionByValue_closure1.doCall(SelectOptionByValueKeyword.groovy:86)
	at com.kms.katalon.core.webui.keyword.builtin.SelectOptionByValueKeyword$_selectOptionByValue_closure1.call(SelectOptionByValueKeyword.groovy)
	at com.kms.katalon.core.webui.keyword.internal.WebUIKeywordMain.runKeyword(WebUIKeywordMain.groovy:20)
	at com.kms.katalon.core.webui.keyword.builtin.SelectOptionByValueKeyword.selectOptionByValue(SelectOptionByValueKeyword.groovy:99)
	at com.kms.katalon.core.webui.keyword.builtin.SelectOptionByValueKeyword.execute(SelectOptionByValueKeyword.groovy:71)
	at com.kms.katalon.core.keyword.internal.KeywordExecutor.executeKeywordForPlatform(KeywordExecutor.groovy:56)
	at com.kms.katalon.core.webui.keyword.WebUiBuiltInKeywords.selectOptionByValue(WebUiBuiltInKeywords.groovy:1138)
	at com.kms.katalon.core.webui.keyword.WebUiBuiltInKeywords$selectOptionByValue$7.call(Unknown Source)
	at Script1558572291261.run(Script1558572291261.groovy:38)
	... 13 more
"/>
         <system-out><![CDATA[2019-05-23 10:52:09 - [TEST_CASE][FAILED] - Test Cases/20 Data-driven test case/Up Posts use Internal Data: Test Cases/20 Data-driven test case/Up Posts use Internal Data FAILED.
Reason:
com.kms.katalon.core.exception.StepFailedException: Unable to select option by value '1815d581-d824-4937-830d-d0c746093540' of object 'Object Repository/Page_abc community/chon_channel_cuong'  using regular expression
	at com.kms.katalon.core.webui.keyword.internal.WebUIKeywordMain.stepFailed(WebUIKeywordMain.groovy:64)
	at com.kms.katalon.core.webui.keyword.internal.WebUIKeywordMain.runKeyword(WebUIKeywordMain.groovy:26)
	at com.kms.katalon.core.webui.keyword.builtin.SelectOptionByValueKeyword.selectOptionByValue(SelectOptionByValueKeyword.groovy:99)
	at com.kms.katalon.core.webui.keyword.builtin.SelectOptionByValueKeyword.execute(SelectOptionByValueKeyword.groovy:71)
	at com.kms.katalon.core.keyword.internal.KeywordExecutor.executeKeywordForPlatform(KeywordExecutor.groovy:56)
	at com.kms.katalon.core.webui.keyword.WebUiBuiltInKeywords.selectOptionByValue(WebUiBuiltInKeywords.groovy:1138)
	at com.kms.katalon.core.webui.keyword.WebUiBuiltInKeywords$selectOptionByValue$7.call(Unknown Source)
	at Up Posts use Internal Data.run(Up Posts use Internal Data:38)
	at com.kms.katalon.core.main.ScriptEngine.run(ScriptEngine.java:194)
	at com.kms.katalon.core.main.ScriptEngine.runScriptAsRawText(ScriptEngine.java:119)
	at com.kms.katalon.core.main.TestCaseExecutor.runScript(TestCaseExecutor.java:336)
	at com.kms.katalon.core.main.TestCaseExecutor.doExecute(TestCaseExecutor.java:327)
	at com.kms.katalon.core.main.TestCaseExecutor.processExecutionPhase(TestCaseExecutor.java:306)
	at com.kms.katalon.core.main.TestCaseExecutor.accessMainPhase(TestCaseExecutor.java:298)
	at com.kms.katalon.core.main.TestCaseExecutor.execute(TestCaseExecutor.java:232)
	at com.kms.katalon.core.main.TestSuiteExecutor.accessTestCaseMainPhase(TestSuiteExecutor.java:129)
	at com.kms.katalon.core.main.TestSuiteExecutor.accessTestSuiteMainPhase(TestSuiteExecutor.java:112)
	at com.kms.katalon.core.main.TestSuiteExecutor.execute(TestSuiteExecutor.java:81)
	at com.kms.katalon.core.main.TestCaseMain.startTestSuite(TestCaseMain.java:157)
	at com.kms.katalon.core.main.TestCaseMain$startTestSuite$0.call(Unknown Source)
	at TempTestSuite1558580976607.run(TempTestSuite1558580976607.groovy:35)
Caused by: com.kms.katalon.core.webui.exception.WebElementNotFoundException: Web element with id: 'Object Repository/Page_abc community/chon_channel_cuong' located by 'By.xpath: //select[@id='3f2e58e3-9735-45f6-a76e-7e6e204f22fb']' not found
	at com.kms.katalon.core.webui.common.WebUiCommonHelper.findWebElement(WebUiCommonHelper.java:1097)
	at com.kms.katalon.core.webui.keyword.internal.WebUIAbstractKeyword.findWebElement(WebUIAbstractKeyword.groovy:27)
	at com.kms.katalon.core.webui.keyword.internal.WebUIAbstractKeyword.findWebElement(WebUIAbstractKeyword.groovy:26)
	at com.kms.katalon.core.webui.keyword.builtin.SelectOptionByValueKeyword$_selectOptionByValue_closure1.doCall(SelectOptionByValueKeyword.groovy:86)
	at com.kms.katalon.core.webui.keyword.builtin.SelectOptionByValueKeyword$_selectOptionByValue_closure1.call(SelectOptionByValueKeyword.groovy)
	at com.kms.katalon.core.webui.keyword.internal.WebUIKeywordMain.runKeyword(WebUIKeywordMain.groovy:20)
	at com.kms.katalon.core.webui.keyword.builtin.SelectOptionByValueKeyword.selectOptionByValue(SelectOptionByValueKeyword.groovy:99)
	at com.kms.katalon.core.webui.keyword.builtin.SelectOptionByValueKeyword.execute(SelectOptionByValueKeyword.groovy:71)
	at com.kms.katalon.core.keyword.internal.KeywordExecutor.executeKeywordForPlatform(KeywordExecutor.groovy:56)
	at com.kms.katalon.core.webui.keyword.WebUiBuiltInKeywords.selectOptionByValue(WebUiBuiltInKeywords.groovy:1138)
	at com.kms.katalon.core.webui.keyword.WebUiBuiltInKeywords$selectOptionByValue$7.call(Unknown Source)
	at Script1558572291261.run(Script1558572291261.groovy:38)
	... 13 more


2019-05-23 10:52:09 - [TEST_STEP][PASSED] - openBrowser(""): Browser is opened with url: ''

2019-05-23 10:52:09 - [MESSAGE][WARNING] - A browser is already opened. Closing browser and opening a new one

2019-05-23 10:52:10 - [MESSAGE][INFO] - Starting 'Firefox' driver

2019-05-23 10:52:13 - [MESSAGE][PASSED] - Browser is opened with url: ''

2019-05-23 10:52:13 - [TEST_STEP][PASSED] - navigateToUrl("http://localhost:3000/"): Navigate to 'http://localhost:3000/' successfully

2019-05-23 10:52:15 - [MESSAGE][PASSED] - Navigate to 'http://localhost:3000/' successfully

2019-05-23 10:52:15 - [TEST_STEP][PASSED] - click(findTestObject("Page_Spectrum/button_Log in or sign up")): Object: 'Object Repository/Page_Spectrum/button_Log in or sign up' is clicked on

2019-05-23 10:52:17 - [MESSAGE][PASSED] - Object: 'Object Repository/Page_Spectrum/button_Log in or sign up' is clicked on

2019-05-23 10:52:17 - [TEST_STEP][PASSED] - click(findTestObject("Page_Spectrum/span_Sign in with GitHub")): Object: 'Object Repository/Page_Spectrum/span_Sign in with GitHub' is clicked on

2019-05-23 10:52:19 - [MESSAGE][PASSED] - Object: 'Object Repository/Page_Spectrum/span_Sign in with GitHub' is clicked on

2019-05-23 10:52:19 - [TEST_STEP][PASSED] - setText(findTestObject("Page_Sign in to GitHub  GitHub/input_Username or email address_login"), "minhcuongit"): Text 'minhcuongit' is set on object 'Object Repository/Page_Sign in to GitHub  GitHub/input_Username or email address_login'

2019-05-23 10:52:19 - [MESSAGE][PASSED] - Text 'minhcuongit' is set on object 'Object Repository/Page_Sign in to GitHub  GitHub/input_Username or email address_login'

2019-05-23 10:52:19 - [TEST_STEP][PASSED] - setEncryptedText(findTestObject("Page_Sign in to GitHub  GitHub/input_Forgot password_password"), "9e5/e4jZbrkRPxL/am/6uYGu2iBUrIMS"): Text ****** has been set on object 'Object Repository/Page_Sign in to GitHub  GitHub/input_Forgot password_password'

2019-05-23 10:52:19 - [MESSAGE][PASSED] - Text ****** has been set on object 'Object Repository/Page_Sign in to GitHub  GitHub/input_Forgot password_password'

2019-05-23 10:52:19 - [TEST_STEP][PASSED] - click(findTestObject("Page_Sign in to GitHub  GitHub/input_Forgot password_commit")): Object: 'Object Repository/Page_Sign in to GitHub  GitHub/input_Forgot password_commit' is clicked on

2019-05-23 10:52:24 - [MESSAGE][PASSED] - Object: 'Object Repository/Page_Sign in to GitHub  GitHub/input_Forgot password_commit' is clicked on

2019-05-23 10:52:24 - [TEST_STEP][PASSED] - navigateToUrl("http://localhost:3000/abc?tab=posts"): Navigate to 'http://localhost:3000/abc?tab=posts' successfully

2019-05-23 10:52:26 - [MESSAGE][PASSED] - Navigate to 'http://localhost:3000/abc?tab=posts' successfully

2019-05-23 10:52:26 - [TEST_STEP][PASSED] - click(findTestObject("Object Repository/Page_abc community/div_click_de_hien_khung")): Object: 'Object Repository/Page_abc community/div_click_de_hien_khung' is clicked on

2019-05-23 10:52:28 - [MESSAGE][PASSED] - Object: 'Object Repository/Page_abc community/div_click_de_hien_khung' is clicked on

2019-05-23 10:52:28 - [TEST_STEP][PASSED] - setText(findTestObject("Object Repository/Page_abc community/input_tieu_de"), message): Text 'And though I know all about those men' is set on object 'Object Repository/Page_abc community/input_tieu_de'

2019-05-23 10:52:29 - [MESSAGE][PASSED] - Text 'And though I know all about those men' is set on object 'Object Repository/Page_abc community/input_tieu_de'

2019-05-23 10:52:29 - [TEST_STEP][PASSED] - setText(findTestObject("Object Repository/Page_abc community/textarea_detail"), detail): Text 'And though I know all about those men' is set on object 'Object Repository/Page_abc community/textarea_detail'

2019-05-23 10:52:31 - [MESSAGE][PASSED] - Text 'And though I know all about those men' is set on object 'Object Repository/Page_abc community/textarea_detail'

2019-05-23 10:52:31 - [TEST_STEP][FAILED] - selectOptionByValue(findTestObject("Object Repository/Page_abc community/chon_channel_cuong"), "1815d581-d824-4937-830d-d0c746093540", true): Unable to select option by value '1815d581-d824-4937-830d-d0c746093540' of object 'Object Repository/Page_abc community/chon_channel_cuong'  using regular expression (Root cause: com.kms.katalon.core.exception.StepFailedException: Unable to select option by value '1815d581-d824-4937-830d-d0c746093540' of object 'Object Repository/Page_abc community/chon_channel_cuong'  using regular expression
	at com.kms.katalon.core.webui.keyword.internal.WebUIKeywordMain.stepFailed(WebUIKeywordMain.groovy:64)
	at com.kms.katalon.core.webui.keyword.internal.WebUIKeywordMain.runKeyword(WebUIKeywordMain.groovy:26)
	at com.kms.katalon.core.webui.keyword.builtin.SelectOptionByValueKeyword.selectOptionByValue(SelectOptionByValueKeyword.groovy:99)
	at com.kms.katalon.core.webui.keyword.builtin.SelectOptionByValueKeyword.execute(SelectOptionByValueKeyword.groovy:71)
	at com.kms.katalon.core.keyword.internal.KeywordExecutor.executeKeywordForPlatform(KeywordExecutor.groovy:56)
	at com.kms.katalon.core.webui.keyword.WebUiBuiltInKeywords.selectOptionByValue(WebUiBuiltInKeywords.groovy:1138)
	at com.kms.katalon.core.webui.keyword.WebUiBuiltInKeywords$selectOptionByValue$7.call(Unknown Source)
	at Up Posts use Internal Data.run(Up Posts use Internal Data:38)
	at com.kms.katalon.core.main.ScriptEngine.run(ScriptEngine.java:194)
	at com.kms.katalon.core.main.ScriptEngine.runScriptAsRawText(ScriptEngine.java:119)
	at com.kms.katalon.core.main.TestCaseExecutor.runScript(TestCaseExecutor.java:336)
	at com.kms.katalon.core.main.TestCaseExecutor.doExecute(TestCaseExecutor.java:327)
	at com.kms.katalon.core.main.TestCaseExecutor.processExecutionPhase(TestCaseExecutor.java:306)
	at com.kms.katalon.core.main.TestCaseExecutor.accessMainPhase(TestCaseExecutor.java:298)
	at com.kms.katalon.core.main.TestCaseExecutor.execute(TestCaseExecutor.java:232)
	at com.kms.katalon.core.main.TestSuiteExecutor.accessTestCaseMainPhase(TestSuiteExecutor.java:129)
	at com.kms.katalon.core.main.TestSuiteExecutor.accessTestSuiteMainPhase(TestSuiteExecutor.java:112)
	at com.kms.katalon.core.main.TestSuiteExecutor.execute(TestSuiteExecutor.java:81)
	at com.kms.katalon.core.main.TestCaseMain.startTestSuite(TestCaseMain.java:157)
	at com.kms.katalon.core.main.TestCaseMain$startTestSuite$0.call(Unknown Source)
	at TempTestSuite1558580976607.run(TempTestSuite1558580976607.groovy:35)
Caused by: com.kms.katalon.core.webui.exception.WebElementNotFoundException: Web element with id: 'Object Repository/Page_abc community/chon_channel_cuong' located by 'By.xpath: //select[@id='3f2e58e3-9735-45f6-a76e-7e6e204f22fb']' not found
	at com.kms.katalon.core.webui.common.WebUiCommonHelper.findWebElement(WebUiCommonHelper.java:1097)
	at com.kms.katalon.core.webui.keyword.internal.WebUIAbstractKeyword.findWebElement(WebUIAbstractKeyword.groovy:27)
	at com.kms.katalon.core.webui.keyword.internal.WebUIAbstractKeyword.findWebElement(WebUIAbstractKeyword.groovy:26)
	at com.kms.katalon.core.webui.keyword.builtin.SelectOptionByValueKeyword$_selectOptionByValue_closure1.doCall(SelectOptionByValueKeyword.groovy:86)
	at com.kms.katalon.core.webui.keyword.builtin.SelectOptionByValueKeyword$_selectOptionByValue_closure1.call(SelectOptionByValueKeyword.groovy)
	at com.kms.katalon.core.webui.keyword.internal.WebUIKeywordMain.runKeyword(WebUIKeywordMain.groovy:20)
	at com.kms.katalon.core.webui.keyword.builtin.SelectOptionByValueKeyword.selectOptionByValue(SelectOptionByValueKeyword.groovy:99)
	at com.kms.katalon.core.webui.keyword.builtin.SelectOptionByValueKeyword.execute(SelectOptionByValueKeyword.groovy:71)
	at com.kms.katalon.core.keyword.internal.KeywordExecutor.executeKeywordForPlatform(KeywordExecutor.groovy:56)
	at com.kms.katalon.core.webui.keyword.WebUiBuiltInKeywords.selectOptionByValue(WebUiBuiltInKeywords.groovy:1138)
	at com.kms.katalon.core.webui.keyword.WebUiBuiltInKeywords$selectOptionByValue$7.call(Unknown Source)
	at Script1558572291261.run(Script1558572291261.groovy:38)
	... 13 more
)

2019-05-23 10:53:03 - [MESSAGE][INFO] - Unable to find the element located by 'By.xpath: //select[@id='3f2e58e3-9735-45f6-a76e-7e6e204f22fb']'. Please recheck the objects properties to make sure the desired element is located. 

2019-05-23 10:53:03 - [MESSAGE][FAILED] - Unable to select option by value '1815d581-d824-4937-830d-d0c746093540' of object 'Object Repository/Page_abc community/chon_channel_cuong'  using regular expression (Root cause: com.kms.katalon.core.exception.StepFailedException: Unable to select option by value '1815d581-d824-4937-830d-d0c746093540' of object 'Object Repository/Page_abc community/chon_channel_cuong'  using regular expression
	at com.kms.katalon.core.webui.keyword.internal.WebUIKeywordMain.stepFailed(WebUIKeywordMain.groovy:64)
	at com.kms.katalon.core.webui.keyword.internal.WebUIKeywordMain.runKeyword(WebUIKeywordMain.groovy:26)
	at com.kms.katalon.core.webui.keyword.builtin.SelectOptionByValueKeyword.selectOptionByValue(SelectOptionByValueKeyword.groovy:99)
	at com.kms.katalon.core.webui.keyword.builtin.SelectOptionByValueKeyword.execute(SelectOptionByValueKeyword.groovy:71)
	at com.kms.katalon.core.keyword.internal.KeywordExecutor.executeKeywordForPlatform(KeywordExecutor.groovy:56)
	at com.kms.katalon.core.webui.keyword.WebUiBuiltInKeywords.selectOptionByValue(WebUiBuiltInKeywords.groovy:1138)
	at com.kms.katalon.core.webui.keyword.WebUiBuiltInKeywords$selectOptionByValue$7.call(Unknown Source)
	at Up Posts use Internal Data.run(Up Posts use Internal Data:38)
	at com.kms.katalon.core.main.ScriptEngine.run(ScriptEngine.java:194)
	at com.kms.katalon.core.main.ScriptEngine.runScriptAsRawText(ScriptEngine.java:119)
	at com.kms.katalon.core.main.TestCaseExecutor.runScript(TestCaseExecutor.java:336)
	at com.kms.katalon.core.main.TestCaseExecutor.doExecute(TestCaseExecutor.java:327)
	at com.kms.katalon.core.main.TestCaseExecutor.processExecutionPhase(TestCaseExecutor.java:306)
	at com.kms.katalon.core.main.TestCaseExecutor.accessMainPhase(TestCaseExecutor.java:298)
	at com.kms.katalon.core.main.TestCaseExecutor.execute(TestCaseExecutor.java:232)
	at com.kms.katalon.core.main.TestSuiteExecutor.accessTestCaseMainPhase(TestSuiteExecutor.java:129)
	at com.kms.katalon.core.main.TestSuiteExecutor.accessTestSuiteMainPhase(TestSuiteExecutor.java:112)
	at com.kms.katalon.core.main.TestSuiteExecutor.execute(TestSuiteExecutor.java:81)
	at com.kms.katalon.core.main.TestCaseMain.startTestSuite(TestCaseMain.java:157)
	at com.kms.katalon.core.main.TestCaseMain$startTestSuite$0.call(Unknown Source)
	at TempTestSuite1558580976607.run(TempTestSuite1558580976607.groovy:35)
Caused by: com.kms.katalon.core.webui.exception.WebElementNotFoundException: Web element with id: 'Object Repository/Page_abc community/chon_channel_cuong' located by 'By.xpath: //select[@id='3f2e58e3-9735-45f6-a76e-7e6e204f22fb']' not found
	at com.kms.katalon.core.webui.common.WebUiCommonHelper.findWebElement(WebUiCommonHelper.java:1097)
	at com.kms.katalon.core.webui.keyword.internal.WebUIAbstractKeyword.findWebElement(WebUIAbstractKeyword.groovy:27)
	at com.kms.katalon.core.webui.keyword.internal.WebUIAbstractKeyword.findWebElement(WebUIAbstractKeyword.groovy:26)
	at com.kms.katalon.core.webui.keyword.builtin.SelectOptionByValueKeyword$_selectOptionByValue_closure1.doCall(SelectOptionByValueKeyword.groovy:86)
	at com.kms.katalon.core.webui.keyword.builtin.SelectOptionByValueKeyword$_selectOptionByValue_closure1.call(SelectOptionByValueKeyword.groovy)
	at com.kms.katalon.core.webui.keyword.internal.WebUIKeywordMain.runKeyword(WebUIKeywordMain.groovy:20)
	at com.kms.katalon.core.webui.keyword.builtin.SelectOptionByValueKeyword.selectOptionByValue(SelectOptionByValueKeyword.groovy:99)
	at com.kms.katalon.core.webui.keyword.builtin.SelectOptionByValueKeyword.execute(SelectOptionByValueKeyword.groovy:71)
	at com.kms.katalon.core.keyword.internal.KeywordExecutor.executeKeywordForPlatform(KeywordExecutor.groovy:56)
	at com.kms.katalon.core.webui.keyword.WebUiBuiltInKeywords.selectOptionByValue(WebUiBuiltInKeywords.groovy:1138)
	at com.kms.katalon.core.webui.keyword.WebUiBuiltInKeywords$selectOptionByValue$7.call(Unknown Source)
	at Script1558572291261.run(Script1558572291261.groovy:38)
	... 13 more
)
[[ATTACHMENT|D:\\HCMUS DATA\\Tern2-4th\\CCDNCTPTPM\\BT\\HW2\\Project\\TED_Team-Test_Project\\TED_Team-Test_Project\\Reports\\Run all test cases\\20190523_100936\\1558583583144.png]]]]></system-out>
         <system-err><![CDATA[2019-05-23 10:52:09 - [TEST_CASE][FAILED] - Test Cases/20 Data-driven test case/Up Posts use Internal Data: Test Cases/20 Data-driven test case/Up Posts use Internal Data FAILED.
Reason:
com.kms.katalon.core.exception.StepFailedException: Unable to select option by value '1815d581-d824-4937-830d-d0c746093540' of object 'Object Repository/Page_abc community/chon_channel_cuong'  using regular expression
	at com.kms.katalon.core.webui.keyword.internal.WebUIKeywordMain.stepFailed(WebUIKeywordMain.groovy:64)
	at com.kms.katalon.core.webui.keyword.internal.WebUIKeywordMain.runKeyword(WebUIKeywordMain.groovy:26)
	at com.kms.katalon.core.webui.keyword.builtin.SelectOptionByValueKeyword.selectOptionByValue(SelectOptionByValueKeyword.groovy:99)
	at com.kms.katalon.core.webui.keyword.builtin.SelectOptionByValueKeyword.execute(SelectOptionByValueKeyword.groovy:71)
	at com.kms.katalon.core.keyword.internal.KeywordExecutor.executeKeywordForPlatform(KeywordExecutor.groovy:56)
	at com.kms.katalon.core.webui.keyword.WebUiBuiltInKeywords.selectOptionByValue(WebUiBuiltInKeywords.groovy:1138)
	at com.kms.katalon.core.webui.keyword.WebUiBuiltInKeywords$selectOptionByValue$7.call(Unknown Source)
	at Up Posts use Internal Data.run(Up Posts use Internal Data:38)
	at com.kms.katalon.core.main.ScriptEngine.run(ScriptEngine.java:194)
	at com.kms.katalon.core.main.ScriptEngine.runScriptAsRawText(ScriptEngine.java:119)
	at com.kms.katalon.core.main.TestCaseExecutor.runScript(TestCaseExecutor.java:336)
	at com.kms.katalon.core.main.TestCaseExecutor.doExecute(TestCaseExecutor.java:327)
	at com.kms.katalon.core.main.TestCaseExecutor.processExecutionPhase(TestCaseExecutor.java:306)
	at com.kms.katalon.core.main.TestCaseExecutor.accessMainPhase(TestCaseExecutor.java:298)
	at com.kms.katalon.core.main.TestCaseExecutor.execute(TestCaseExecutor.java:232)
	at com.kms.katalon.core.main.TestSuiteExecutor.accessTestCaseMainPhase(TestSuiteExecutor.java:129)
	at com.kms.katalon.core.main.TestSuiteExecutor.accessTestSuiteMainPhase(TestSuiteExecutor.java:112)
	at com.kms.katalon.core.main.TestSuiteExecutor.execute(TestSuiteExecutor.java:81)
	at com.kms.katalon.core.main.TestCaseMain.startTestSuite(TestCaseMain.java:157)
	at com.kms.katalon.core.main.TestCaseMain$startTestSuite$0.call(Unknown Source)
	at TempTestSuite1558580976607.run(TempTestSuite1558580976607.groovy:35)
Caused by: com.kms.katalon.core.webui.exception.WebElementNotFoundException: Web element with id: 'Object Repository/Page_abc community/chon_channel_cuong' located by 'By.xpath: //select[@id='3f2e58e3-9735-45f6-a76e-7e6e204f22fb']' not found
	at com.kms.katalon.core.webui.common.WebUiCommonHelper.findWebElement(WebUiCommonHelper.java:1097)
	at com.kms.katalon.core.webui.keyword.internal.WebUIAbstractKeyword.findWebElement(WebUIAbstractKeyword.groovy:27)
	at com.kms.katalon.core.webui.keyword.internal.WebUIAbstractKeyword.findWebElement(WebUIAbstractKeyword.groovy:26)
	at com.kms.katalon.core.webui.keyword.builtin.SelectOptionByValueKeyword$_selectOptionByValue_closure1.doCall(SelectOptionByValueKeyword.groovy:86)
	at com.kms.katalon.core.webui.keyword.builtin.SelectOptionByValueKeyword$_selectOptionByValue_closure1.call(SelectOptionByValueKeyword.groovy)
	at com.kms.katalon.core.webui.keyword.internal.WebUIKeywordMain.runKeyword(WebUIKeywordMain.groovy:20)
	at com.kms.katalon.core.webui.keyword.builtin.SelectOptionByValueKeyword.selectOptionByValue(SelectOptionByValueKeyword.groovy:99)
	at com.kms.katalon.core.webui.keyword.builtin.SelectOptionByValueKeyword.execute(SelectOptionByValueKeyword.groovy:71)
	at com.kms.katalon.core.keyword.internal.KeywordExecutor.executeKeywordForPlatform(KeywordExecutor.groovy:56)
	at com.kms.katalon.core.webui.keyword.WebUiBuiltInKeywords.selectOptionByValue(WebUiBuiltInKeywords.groovy:1138)
	at com.kms.katalon.core.webui.keyword.WebUiBuiltInKeywords$selectOptionByValue$7.call(Unknown Source)
	at Script1558572291261.run(Script1558572291261.groovy:38)
	... 13 more]]></system-err>
      </testcase>
      <testcase name="Test Cases/20 Data-driven test case/Up Posts use Internal Data" classname="Test Cases/20 Data-driven test case/Up Posts use Internal Data" status="FAILED">
         <failure type="FAILED" message="Test Cases/20 Data-driven test case/Up Posts use Internal Data FAILED.
Reason:
com.kms.katalon.core.exception.StepFailedException: Unable to select option by value '1815d581-d824-4937-830d-d0c746093540' of object 'Object Repository/Page_abc community/chon_channel_cuong'  using regular expression
	at com.kms.katalon.core.webui.keyword.internal.WebUIKeywordMain.stepFailed(WebUIKeywordMain.groovy:64)
	at com.kms.katalon.core.webui.keyword.internal.WebUIKeywordMain.runKeyword(WebUIKeywordMain.groovy:26)
	at com.kms.katalon.core.webui.keyword.builtin.SelectOptionByValueKeyword.selectOptionByValue(SelectOptionByValueKeyword.groovy:99)
	at com.kms.katalon.core.webui.keyword.builtin.SelectOptionByValueKeyword.execute(SelectOptionByValueKeyword.groovy:71)
	at com.kms.katalon.core.keyword.internal.KeywordExecutor.executeKeywordForPlatform(KeywordExecutor.groovy:56)
	at com.kms.katalon.core.webui.keyword.WebUiBuiltInKeywords.selectOptionByValue(WebUiBuiltInKeywords.groovy:1138)
	at com.kms.katalon.core.webui.keyword.WebUiBuiltInKeywords$selectOptionByValue$7.call(Unknown Source)
	at Up Posts use Internal Data.run(Up Posts use Internal Data:38)
	at com.kms.katalon.core.main.ScriptEngine.run(ScriptEngine.java:194)
	at com.kms.katalon.core.main.ScriptEngine.runScriptAsRawText(ScriptEngine.java:119)
	at com.kms.katalon.core.main.TestCaseExecutor.runScript(TestCaseExecutor.java:336)
	at com.kms.katalon.core.main.TestCaseExecutor.doExecute(TestCaseExecutor.java:327)
	at com.kms.katalon.core.main.TestCaseExecutor.processExecutionPhase(TestCaseExecutor.java:306)
	at com.kms.katalon.core.main.TestCaseExecutor.accessMainPhase(TestCaseExecutor.java:298)
	at com.kms.katalon.core.main.TestCaseExecutor.execute(TestCaseExecutor.java:232)
	at com.kms.katalon.core.main.TestSuiteExecutor.accessTestCaseMainPhase(TestSuiteExecutor.java:129)
	at com.kms.katalon.core.main.TestSuiteExecutor.accessTestSuiteMainPhase(TestSuiteExecutor.java:112)
	at com.kms.katalon.core.main.TestSuiteExecutor.execute(TestSuiteExecutor.java:81)
	at com.kms.katalon.core.main.TestCaseMain.startTestSuite(TestCaseMain.java:157)
	at com.kms.katalon.core.main.TestCaseMain$startTestSuite$0.call(Unknown Source)
	at TempTestSuite1558580976607.run(TempTestSuite1558580976607.groovy:35)
Caused by: com.kms.katalon.core.webui.exception.WebElementNotFoundException: Web element with id: 'Object Repository/Page_abc community/chon_channel_cuong' located by 'By.xpath: //select[@id='3f2e58e3-9735-45f6-a76e-7e6e204f22fb']' not found
	at com.kms.katalon.core.webui.common.WebUiCommonHelper.findWebElement(WebUiCommonHelper.java:1097)
	at com.kms.katalon.core.webui.keyword.internal.WebUIAbstractKeyword.findWebElement(WebUIAbstractKeyword.groovy:27)
	at com.kms.katalon.core.webui.keyword.internal.WebUIAbstractKeyword.findWebElement(WebUIAbstractKeyword.groovy:26)
	at com.kms.katalon.core.webui.keyword.builtin.SelectOptionByValueKeyword$_selectOptionByValue_closure1.doCall(SelectOptionByValueKeyword.groovy:86)
	at com.kms.katalon.core.webui.keyword.builtin.SelectOptionByValueKeyword$_selectOptionByValue_closure1.call(SelectOptionByValueKeyword.groovy)
	at com.kms.katalon.core.webui.keyword.internal.WebUIKeywordMain.runKeyword(WebUIKeywordMain.groovy:20)
	at com.kms.katalon.core.webui.keyword.builtin.SelectOptionByValueKeyword.selectOptionByValue(SelectOptionByValueKeyword.groovy:99)
	at com.kms.katalon.core.webui.keyword.builtin.SelectOptionByValueKeyword.execute(SelectOptionByValueKeyword.groovy:71)
	at com.kms.katalon.core.keyword.internal.KeywordExecutor.executeKeywordForPlatform(KeywordExecutor.groovy:56)
	at com.kms.katalon.core.webui.keyword.WebUiBuiltInKeywords.selectOptionByValue(WebUiBuiltInKeywords.groovy:1138)
	at com.kms.katalon.core.webui.keyword.WebUiBuiltInKeywords$selectOptionByValue$7.call(Unknown Source)
	at Script1558572291261.run(Script1558572291261.groovy:38)
	... 13 more
"/>
         <system-out><![CDATA[2019-05-23 10:53:03 - [TEST_CASE][FAILED] - Test Cases/20 Data-driven test case/Up Posts use Internal Data: Test Cases/20 Data-driven test case/Up Posts use Internal Data FAILED.
Reason:
com.kms.katalon.core.exception.StepFailedException: Unable to select option by value '1815d581-d824-4937-830d-d0c746093540' of object 'Object Repository/Page_abc community/chon_channel_cuong'  using regular expression
	at com.kms.katalon.core.webui.keyword.internal.WebUIKeywordMain.stepFailed(WebUIKeywordMain.groovy:64)
	at com.kms.katalon.core.webui.keyword.internal.WebUIKeywordMain.runKeyword(WebUIKeywordMain.groovy:26)
	at com.kms.katalon.core.webui.keyword.builtin.SelectOptionByValueKeyword.selectOptionByValue(SelectOptionByValueKeyword.groovy:99)
	at com.kms.katalon.core.webui.keyword.builtin.SelectOptionByValueKeyword.execute(SelectOptionByValueKeyword.groovy:71)
	at com.kms.katalon.core.keyword.internal.KeywordExecutor.executeKeywordForPlatform(KeywordExecutor.groovy:56)
	at com.kms.katalon.core.webui.keyword.WebUiBuiltInKeywords.selectOptionByValue(WebUiBuiltInKeywords.groovy:1138)
	at com.kms.katalon.core.webui.keyword.WebUiBuiltInKeywords$selectOptionByValue$7.call(Unknown Source)
	at Up Posts use Internal Data.run(Up Posts use Internal Data:38)
	at com.kms.katalon.core.main.ScriptEngine.run(ScriptEngine.java:194)
	at com.kms.katalon.core.main.ScriptEngine.runScriptAsRawText(ScriptEngine.java:119)
	at com.kms.katalon.core.main.TestCaseExecutor.runScript(TestCaseExecutor.java:336)
	at com.kms.katalon.core.main.TestCaseExecutor.doExecute(TestCaseExecutor.java:327)
	at com.kms.katalon.core.main.TestCaseExecutor.processExecutionPhase(TestCaseExecutor.java:306)
	at com.kms.katalon.core.main.TestCaseExecutor.accessMainPhase(TestCaseExecutor.java:298)
	at com.kms.katalon.core.main.TestCaseExecutor.execute(TestCaseExecutor.java:232)
	at com.kms.katalon.core.main.TestSuiteExecutor.accessTestCaseMainPhase(TestSuiteExecutor.java:129)
	at com.kms.katalon.core.main.TestSuiteExecutor.accessTestSuiteMainPhase(TestSuiteExecutor.java:112)
	at com.kms.katalon.core.main.TestSuiteExecutor.execute(TestSuiteExecutor.java:81)
	at com.kms.katalon.core.main.TestCaseMain.startTestSuite(TestCaseMain.java:157)
	at com.kms.katalon.core.main.TestCaseMain$startTestSuite$0.call(Unknown Source)
	at TempTestSuite1558580976607.run(TempTestSuite1558580976607.groovy:35)
Caused by: com.kms.katalon.core.webui.exception.WebElementNotFoundException: Web element with id: 'Object Repository/Page_abc community/chon_channel_cuong' located by 'By.xpath: //select[@id='3f2e58e3-9735-45f6-a76e-7e6e204f22fb']' not found
	at com.kms.katalon.core.webui.common.WebUiCommonHelper.findWebElement(WebUiCommonHelper.java:1097)
	at com.kms.katalon.core.webui.keyword.internal.WebUIAbstractKeyword.findWebElement(WebUIAbstractKeyword.groovy:27)
	at com.kms.katalon.core.webui.keyword.internal.WebUIAbstractKeyword.findWebElement(WebUIAbstractKeyword.groovy:26)
	at com.kms.katalon.core.webui.keyword.builtin.SelectOptionByValueKeyword$_selectOptionByValue_closure1.doCall(SelectOptionByValueKeyword.groovy:86)
	at com.kms.katalon.core.webui.keyword.builtin.SelectOptionByValueKeyword$_selectOptionByValue_closure1.call(SelectOptionByValueKeyword.groovy)
	at com.kms.katalon.core.webui.keyword.internal.WebUIKeywordMain.runKeyword(WebUIKeywordMain.groovy:20)
	at com.kms.katalon.core.webui.keyword.builtin.SelectOptionByValueKeyword.selectOptionByValue(SelectOptionByValueKeyword.groovy:99)
	at com.kms.katalon.core.webui.keyword.builtin.SelectOptionByValueKeyword.execute(SelectOptionByValueKeyword.groovy:71)
	at com.kms.katalon.core.keyword.internal.KeywordExecutor.executeKeywordForPlatform(KeywordExecutor.groovy:56)
	at com.kms.katalon.core.webui.keyword.WebUiBuiltInKeywords.selectOptionByValue(WebUiBuiltInKeywords.groovy:1138)
	at com.kms.katalon.core.webui.keyword.WebUiBuiltInKeywords$selectOptionByValue$7.call(Unknown Source)
	at Script1558572291261.run(Script1558572291261.groovy:38)
	... 13 more


2019-05-23 10:53:03 - [TEST_STEP][PASSED] - openBrowser(""): Browser is opened with url: ''

2019-05-23 10:53:03 - [MESSAGE][WARNING] - A browser is already opened. Closing browser and opening a new one

2019-05-23 10:53:04 - [MESSAGE][INFO] - Starting 'Firefox' driver

2019-05-23 10:53:07 - [MESSAGE][PASSED] - Browser is opened with url: ''

2019-05-23 10:53:07 - [TEST_STEP][PASSED] - navigateToUrl("http://localhost:3000/"): Navigate to 'http://localhost:3000/' successfully

2019-05-23 10:53:09 - [MESSAGE][PASSED] - Navigate to 'http://localhost:3000/' successfully

2019-05-23 10:53:09 - [TEST_STEP][PASSED] - click(findTestObject("Page_Spectrum/button_Log in or sign up")): Object: 'Object Repository/Page_Spectrum/button_Log in or sign up' is clicked on

2019-05-23 10:53:11 - [MESSAGE][PASSED] - Object: 'Object Repository/Page_Spectrum/button_Log in or sign up' is clicked on

2019-05-23 10:53:11 - [TEST_STEP][PASSED] - click(findTestObject("Page_Spectrum/span_Sign in with GitHub")): Object: 'Object Repository/Page_Spectrum/span_Sign in with GitHub' is clicked on

2019-05-23 10:53:13 - [MESSAGE][PASSED] - Object: 'Object Repository/Page_Spectrum/span_Sign in with GitHub' is clicked on

2019-05-23 10:53:13 - [TEST_STEP][PASSED] - setText(findTestObject("Page_Sign in to GitHub  GitHub/input_Username or email address_login"), "minhcuongit"): Text 'minhcuongit' is set on object 'Object Repository/Page_Sign in to GitHub  GitHub/input_Username or email address_login'

2019-05-23 10:53:13 - [MESSAGE][PASSED] - Text 'minhcuongit' is set on object 'Object Repository/Page_Sign in to GitHub  GitHub/input_Username or email address_login'

2019-05-23 10:53:13 - [TEST_STEP][PASSED] - setEncryptedText(findTestObject("Page_Sign in to GitHub  GitHub/input_Forgot password_password"), "9e5/e4jZbrkRPxL/am/6uYGu2iBUrIMS"): Text ****** has been set on object 'Object Repository/Page_Sign in to GitHub  GitHub/input_Forgot password_password'

2019-05-23 10:53:13 - [MESSAGE][PASSED] - Text ****** has been set on object 'Object Repository/Page_Sign in to GitHub  GitHub/input_Forgot password_password'

2019-05-23 10:53:13 - [TEST_STEP][PASSED] - click(findTestObject("Page_Sign in to GitHub  GitHub/input_Forgot password_commit")): Object: 'Object Repository/Page_Sign in to GitHub  GitHub/input_Forgot password_commit' is clicked on

2019-05-23 10:53:17 - [MESSAGE][PASSED] - Object: 'Object Repository/Page_Sign in to GitHub  GitHub/input_Forgot password_commit' is clicked on

2019-05-23 10:53:17 - [TEST_STEP][PASSED] - navigateToUrl("http://localhost:3000/abc?tab=posts"): Navigate to 'http://localhost:3000/abc?tab=posts' successfully

2019-05-23 10:53:19 - [MESSAGE][PASSED] - Navigate to 'http://localhost:3000/abc?tab=posts' successfully

2019-05-23 10:53:19 - [TEST_STEP][PASSED] - click(findTestObject("Object Repository/Page_abc community/div_click_de_hien_khung")): Object: 'Object Repository/Page_abc community/div_click_de_hien_khung' is clicked on

2019-05-23 10:53:21 - [MESSAGE][PASSED] - Object: 'Object Repository/Page_abc community/div_click_de_hien_khung' is clicked on

2019-05-23 10:53:21 - [TEST_STEP][PASSED] - setText(findTestObject("Object Repository/Page_abc community/input_tieu_de"), message): Text 'Still I don't remember' is set on object 'Object Repository/Page_abc community/input_tieu_de'

2019-05-23 10:53:22 - [MESSAGE][PASSED] - Text 'Still I don't remember' is set on object 'Object Repository/Page_abc community/input_tieu_de'

2019-05-23 10:53:22 - [TEST_STEP][PASSED] - setText(findTestObject("Object Repository/Page_abc community/textarea_detail"), detail): Text 'Still I don't remember' is set on object 'Object Repository/Page_abc community/textarea_detail'

2019-05-23 10:53:23 - [MESSAGE][PASSED] - Text 'Still I don't remember' is set on object 'Object Repository/Page_abc community/textarea_detail'

2019-05-23 10:53:23 - [TEST_STEP][FAILED] - selectOptionByValue(findTestObject("Object Repository/Page_abc community/chon_channel_cuong"), "1815d581-d824-4937-830d-d0c746093540", true): Unable to select option by value '1815d581-d824-4937-830d-d0c746093540' of object 'Object Repository/Page_abc community/chon_channel_cuong'  using regular expression (Root cause: com.kms.katalon.core.exception.StepFailedException: Unable to select option by value '1815d581-d824-4937-830d-d0c746093540' of object 'Object Repository/Page_abc community/chon_channel_cuong'  using regular expression
	at com.kms.katalon.core.webui.keyword.internal.WebUIKeywordMain.stepFailed(WebUIKeywordMain.groovy:64)
	at com.kms.katalon.core.webui.keyword.internal.WebUIKeywordMain.runKeyword(WebUIKeywordMain.groovy:26)
	at com.kms.katalon.core.webui.keyword.builtin.SelectOptionByValueKeyword.selectOptionByValue(SelectOptionByValueKeyword.groovy:99)
	at com.kms.katalon.core.webui.keyword.builtin.SelectOptionByValueKeyword.execute(SelectOptionByValueKeyword.groovy:71)
	at com.kms.katalon.core.keyword.internal.KeywordExecutor.executeKeywordForPlatform(KeywordExecutor.groovy:56)
	at com.kms.katalon.core.webui.keyword.WebUiBuiltInKeywords.selectOptionByValue(WebUiBuiltInKeywords.groovy:1138)
	at com.kms.katalon.core.webui.keyword.WebUiBuiltInKeywords$selectOptionByValue$7.call(Unknown Source)
	at Up Posts use Internal Data.run(Up Posts use Internal Data:38)
	at com.kms.katalon.core.main.ScriptEngine.run(ScriptEngine.java:194)
	at com.kms.katalon.core.main.ScriptEngine.runScriptAsRawText(ScriptEngine.java:119)
	at com.kms.katalon.core.main.TestCaseExecutor.runScript(TestCaseExecutor.java:336)
	at com.kms.katalon.core.main.TestCaseExecutor.doExecute(TestCaseExecutor.java:327)
	at com.kms.katalon.core.main.TestCaseExecutor.processExecutionPhase(TestCaseExecutor.java:306)
	at com.kms.katalon.core.main.TestCaseExecutor.accessMainPhase(TestCaseExecutor.java:298)
	at com.kms.katalon.core.main.TestCaseExecutor.execute(TestCaseExecutor.java:232)
	at com.kms.katalon.core.main.TestSuiteExecutor.accessTestCaseMainPhase(TestSuiteExecutor.java:129)
	at com.kms.katalon.core.main.TestSuiteExecutor.accessTestSuiteMainPhase(TestSuiteExecutor.java:112)
	at com.kms.katalon.core.main.TestSuiteExecutor.execute(TestSuiteExecutor.java:81)
	at com.kms.katalon.core.main.TestCaseMain.startTestSuite(TestCaseMain.java:157)
	at com.kms.katalon.core.main.TestCaseMain$startTestSuite$0.call(Unknown Source)
	at TempTestSuite1558580976607.run(TempTestSuite1558580976607.groovy:35)
Caused by: com.kms.katalon.core.webui.exception.WebElementNotFoundException: Web element with id: 'Object Repository/Page_abc community/chon_channel_cuong' located by 'By.xpath: //select[@id='3f2e58e3-9735-45f6-a76e-7e6e204f22fb']' not found
	at com.kms.katalon.core.webui.common.WebUiCommonHelper.findWebElement(WebUiCommonHelper.java:1097)
	at com.kms.katalon.core.webui.keyword.internal.WebUIAbstractKeyword.findWebElement(WebUIAbstractKeyword.groovy:27)
	at com.kms.katalon.core.webui.keyword.internal.WebUIAbstractKeyword.findWebElement(WebUIAbstractKeyword.groovy:26)
	at com.kms.katalon.core.webui.keyword.builtin.SelectOptionByValueKeyword$_selectOptionByValue_closure1.doCall(SelectOptionByValueKeyword.groovy:86)
	at com.kms.katalon.core.webui.keyword.builtin.SelectOptionByValueKeyword$_selectOptionByValue_closure1.call(SelectOptionByValueKeyword.groovy)
	at com.kms.katalon.core.webui.keyword.internal.WebUIKeywordMain.runKeyword(WebUIKeywordMain.groovy:20)
	at com.kms.katalon.core.webui.keyword.builtin.SelectOptionByValueKeyword.selectOptionByValue(SelectOptionByValueKeyword.groovy:99)
	at com.kms.katalon.core.webui.keyword.builtin.SelectOptionByValueKeyword.execute(SelectOptionByValueKeyword.groovy:71)
	at com.kms.katalon.core.keyword.internal.KeywordExecutor.executeKeywordForPlatform(KeywordExecutor.groovy:56)
	at com.kms.katalon.core.webui.keyword.WebUiBuiltInKeywords.selectOptionByValue(WebUiBuiltInKeywords.groovy:1138)
	at com.kms.katalon.core.webui.keyword.WebUiBuiltInKeywords$selectOptionByValue$7.call(Unknown Source)
	at Script1558572291261.run(Script1558572291261.groovy:38)
	... 13 more
)

2019-05-23 10:53:54 - [MESSAGE][INFO] - Unable to find the element located by 'By.xpath: //select[@id='3f2e58e3-9735-45f6-a76e-7e6e204f22fb']'. Please recheck the objects properties to make sure the desired element is located. 

2019-05-23 10:53:54 - [MESSAGE][FAILED] - Unable to select option by value '1815d581-d824-4937-830d-d0c746093540' of object 'Object Repository/Page_abc community/chon_channel_cuong'  using regular expression (Root cause: com.kms.katalon.core.exception.StepFailedException: Unable to select option by value '1815d581-d824-4937-830d-d0c746093540' of object 'Object Repository/Page_abc community/chon_channel_cuong'  using regular expression
	at com.kms.katalon.core.webui.keyword.internal.WebUIKeywordMain.stepFailed(WebUIKeywordMain.groovy:64)
	at com.kms.katalon.core.webui.keyword.internal.WebUIKeywordMain.runKeyword(WebUIKeywordMain.groovy:26)
	at com.kms.katalon.core.webui.keyword.builtin.SelectOptionByValueKeyword.selectOptionByValue(SelectOptionByValueKeyword.groovy:99)
	at com.kms.katalon.core.webui.keyword.builtin.SelectOptionByValueKeyword.execute(SelectOptionByValueKeyword.groovy:71)
	at com.kms.katalon.core.keyword.internal.KeywordExecutor.executeKeywordForPlatform(KeywordExecutor.groovy:56)
	at com.kms.katalon.core.webui.keyword.WebUiBuiltInKeywords.selectOptionByValue(WebUiBuiltInKeywords.groovy:1138)
	at com.kms.katalon.core.webui.keyword.WebUiBuiltInKeywords$selectOptionByValue$7.call(Unknown Source)
	at Up Posts use Internal Data.run(Up Posts use Internal Data:38)
	at com.kms.katalon.core.main.ScriptEngine.run(ScriptEngine.java:194)
	at com.kms.katalon.core.main.ScriptEngine.runScriptAsRawText(ScriptEngine.java:119)
	at com.kms.katalon.core.main.TestCaseExecutor.runScript(TestCaseExecutor.java:336)
	at com.kms.katalon.core.main.TestCaseExecutor.doExecute(TestCaseExecutor.java:327)
	at com.kms.katalon.core.main.TestCaseExecutor.processExecutionPhase(TestCaseExecutor.java:306)
	at com.kms.katalon.core.main.TestCaseExecutor.accessMainPhase(TestCaseExecutor.java:298)
	at com.kms.katalon.core.main.TestCaseExecutor.execute(TestCaseExecutor.java:232)
	at com.kms.katalon.core.main.TestSuiteExecutor.accessTestCaseMainPhase(TestSuiteExecutor.java:129)
	at com.kms.katalon.core.main.TestSuiteExecutor.accessTestSuiteMainPhase(TestSuiteExecutor.java:112)
	at com.kms.katalon.core.main.TestSuiteExecutor.execute(TestSuiteExecutor.java:81)
	at com.kms.katalon.core.main.TestCaseMain.startTestSuite(TestCaseMain.java:157)
	at com.kms.katalon.core.main.TestCaseMain$startTestSuite$0.call(Unknown Source)
	at TempTestSuite1558580976607.run(TempTestSuite1558580976607.groovy:35)
Caused by: com.kms.katalon.core.webui.exception.WebElementNotFoundException: Web element with id: 'Object Repository/Page_abc community/chon_channel_cuong' located by 'By.xpath: //select[@id='3f2e58e3-9735-45f6-a76e-7e6e204f22fb']' not found
	at com.kms.katalon.core.webui.common.WebUiCommonHelper.findWebElement(WebUiCommonHelper.java:1097)
	at com.kms.katalon.core.webui.keyword.internal.WebUIAbstractKeyword.findWebElement(WebUIAbstractKeyword.groovy:27)
	at com.kms.katalon.core.webui.keyword.internal.WebUIAbstractKeyword.findWebElement(WebUIAbstractKeyword.groovy:26)
	at com.kms.katalon.core.webui.keyword.builtin.SelectOptionByValueKeyword$_selectOptionByValue_closure1.doCall(SelectOptionByValueKeyword.groovy:86)
	at com.kms.katalon.core.webui.keyword.builtin.SelectOptionByValueKeyword$_selectOptionByValue_closure1.call(SelectOptionByValueKeyword.groovy)
	at com.kms.katalon.core.webui.keyword.internal.WebUIKeywordMain.runKeyword(WebUIKeywordMain.groovy:20)
	at com.kms.katalon.core.webui.keyword.builtin.SelectOptionByValueKeyword.selectOptionByValue(SelectOptionByValueKeyword.groovy:99)
	at com.kms.katalon.core.webui.keyword.builtin.SelectOptionByValueKeyword.execute(SelectOptionByValueKeyword.groovy:71)
	at com.kms.katalon.core.keyword.internal.KeywordExecutor.executeKeywordForPlatform(KeywordExecutor.groovy:56)
	at com.kms.katalon.core.webui.keyword.WebUiBuiltInKeywords.selectOptionByValue(WebUiBuiltInKeywords.groovy:1138)
	at com.kms.katalon.core.webui.keyword.WebUiBuiltInKeywords$selectOptionByValue$7.call(Unknown Source)
	at Script1558572291261.run(Script1558572291261.groovy:38)
	... 13 more
)
[[ATTACHMENT|D:\\HCMUS DATA\\Tern2-4th\\CCDNCTPTPM\\BT\\HW2\\Project\\TED_Team-Test_Project\\TED_Team-Test_Project\\Reports\\Run all test cases\\20190523_100936\\1558583634463.png]]]]></system-out>
         <system-err><![CDATA[2019-05-23 10:53:03 - [TEST_CASE][FAILED] - Test Cases/20 Data-driven test case/Up Posts use Internal Data: Test Cases/20 Data-driven test case/Up Posts use Internal Data FAILED.
Reason:
com.kms.katalon.core.exception.StepFailedException: Unable to select option by value '1815d581-d824-4937-830d-d0c746093540' of object 'Object Repository/Page_abc community/chon_channel_cuong'  using regular expression
	at com.kms.katalon.core.webui.keyword.internal.WebUIKeywordMain.stepFailed(WebUIKeywordMain.groovy:64)
	at com.kms.katalon.core.webui.keyword.internal.WebUIKeywordMain.runKeyword(WebUIKeywordMain.groovy:26)
	at com.kms.katalon.core.webui.keyword.builtin.SelectOptionByValueKeyword.selectOptionByValue(SelectOptionByValueKeyword.groovy:99)
	at com.kms.katalon.core.webui.keyword.builtin.SelectOptionByValueKeyword.execute(SelectOptionByValueKeyword.groovy:71)
	at com.kms.katalon.core.keyword.internal.KeywordExecutor.executeKeywordForPlatform(KeywordExecutor.groovy:56)
	at com.kms.katalon.core.webui.keyword.WebUiBuiltInKeywords.selectOptionByValue(WebUiBuiltInKeywords.groovy:1138)
	at com.kms.katalon.core.webui.keyword.WebUiBuiltInKeywords$selectOptionByValue$7.call(Unknown Source)
	at Up Posts use Internal Data.run(Up Posts use Internal Data:38)
	at com.kms.katalon.core.main.ScriptEngine.run(ScriptEngine.java:194)
	at com.kms.katalon.core.main.ScriptEngine.runScriptAsRawText(ScriptEngine.java:119)
	at com.kms.katalon.core.main.TestCaseExecutor.runScript(TestCaseExecutor.java:336)
	at com.kms.katalon.core.main.TestCaseExecutor.doExecute(TestCaseExecutor.java:327)
	at com.kms.katalon.core.main.TestCaseExecutor.processExecutionPhase(TestCaseExecutor.java:306)
	at com.kms.katalon.core.main.TestCaseExecutor.accessMainPhase(TestCaseExecutor.java:298)
	at com.kms.katalon.core.main.TestCaseExecutor.execute(TestCaseExecutor.java:232)
	at com.kms.katalon.core.main.TestSuiteExecutor.accessTestCaseMainPhase(TestSuiteExecutor.java:129)
	at com.kms.katalon.core.main.TestSuiteExecutor.accessTestSuiteMainPhase(TestSuiteExecutor.java:112)
	at com.kms.katalon.core.main.TestSuiteExecutor.execute(TestSuiteExecutor.java:81)
	at com.kms.katalon.core.main.TestCaseMain.startTestSuite(TestCaseMain.java:157)
	at com.kms.katalon.core.main.TestCaseMain$startTestSuite$0.call(Unknown Source)
	at TempTestSuite1558580976607.run(TempTestSuite1558580976607.groovy:35)
Caused by: com.kms.katalon.core.webui.exception.WebElementNotFoundException: Web element with id: 'Object Repository/Page_abc community/chon_channel_cuong' located by 'By.xpath: //select[@id='3f2e58e3-9735-45f6-a76e-7e6e204f22fb']' not found
	at com.kms.katalon.core.webui.common.WebUiCommonHelper.findWebElement(WebUiCommonHelper.java:1097)
	at com.kms.katalon.core.webui.keyword.internal.WebUIAbstractKeyword.findWebElement(WebUIAbstractKeyword.groovy:27)
	at com.kms.katalon.core.webui.keyword.internal.WebUIAbstractKeyword.findWebElement(WebUIAbstractKeyword.groovy:26)
	at com.kms.katalon.core.webui.keyword.builtin.SelectOptionByValueKeyword$_selectOptionByValue_closure1.doCall(SelectOptionByValueKeyword.groovy:86)
	at com.kms.katalon.core.webui.keyword.builtin.SelectOptionByValueKeyword$_selectOptionByValue_closure1.call(SelectOptionByValueKeyword.groovy)
	at com.kms.katalon.core.webui.keyword.internal.WebUIKeywordMain.runKeyword(WebUIKeywordMain.groovy:20)
	at com.kms.katalon.core.webui.keyword.builtin.SelectOptionByValueKeyword.selectOptionByValue(SelectOptionByValueKeyword.groovy:99)
	at com.kms.katalon.core.webui.keyword.builtin.SelectOptionByValueKeyword.execute(SelectOptionByValueKeyword.groovy:71)
	at com.kms.katalon.core.keyword.internal.KeywordExecutor.executeKeywordForPlatform(KeywordExecutor.groovy:56)
	at com.kms.katalon.core.webui.keyword.WebUiBuiltInKeywords.selectOptionByValue(WebUiBuiltInKeywords.groovy:1138)
	at com.kms.katalon.core.webui.keyword.WebUiBuiltInKeywords$selectOptionByValue$7.call(Unknown Source)
	at Script1558572291261.run(Script1558572291261.groovy:38)
	... 13 more]]></system-err>
      </testcase>
      <testcase name="Test Cases/20 Data-driven test case/Up Posts use Internal Data" classname="Test Cases/20 Data-driven test case/Up Posts use Internal Data" status="FAILED">
         <failure type="FAILED" message="Test Cases/20 Data-driven test case/Up Posts use Internal Data FAILED.
Reason:
com.kms.katalon.core.exception.StepFailedException: Unable to select option by value '1815d581-d824-4937-830d-d0c746093540' of object 'Object Repository/Page_abc community/chon_channel_cuong'  using regular expression
	at com.kms.katalon.core.webui.keyword.internal.WebUIKeywordMain.stepFailed(WebUIKeywordMain.groovy:64)
	at com.kms.katalon.core.webui.keyword.internal.WebUIKeywordMain.runKeyword(WebUIKeywordMain.groovy:26)
	at com.kms.katalon.core.webui.keyword.builtin.SelectOptionByValueKeyword.selectOptionByValue(SelectOptionByValueKeyword.groovy:99)
	at com.kms.katalon.core.webui.keyword.builtin.SelectOptionByValueKeyword.execute(SelectOptionByValueKeyword.groovy:71)
	at com.kms.katalon.core.keyword.internal.KeywordExecutor.executeKeywordForPlatform(KeywordExecutor.groovy:56)
	at com.kms.katalon.core.webui.keyword.WebUiBuiltInKeywords.selectOptionByValue(WebUiBuiltInKeywords.groovy:1138)
	at com.kms.katalon.core.webui.keyword.WebUiBuiltInKeywords$selectOptionByValue$7.call(Unknown Source)
	at Up Posts use Internal Data.run(Up Posts use Internal Data:38)
	at com.kms.katalon.core.main.ScriptEngine.run(ScriptEngine.java:194)
	at com.kms.katalon.core.main.ScriptEngine.runScriptAsRawText(ScriptEngine.java:119)
	at com.kms.katalon.core.main.TestCaseExecutor.runScript(TestCaseExecutor.java:336)
	at com.kms.katalon.core.main.TestCaseExecutor.doExecute(TestCaseExecutor.java:327)
	at com.kms.katalon.core.main.TestCaseExecutor.processExecutionPhase(TestCaseExecutor.java:306)
	at com.kms.katalon.core.main.TestCaseExecutor.accessMainPhase(TestCaseExecutor.java:298)
	at com.kms.katalon.core.main.TestCaseExecutor.execute(TestCaseExecutor.java:232)
	at com.kms.katalon.core.main.TestSuiteExecutor.accessTestCaseMainPhase(TestSuiteExecutor.java:129)
	at com.kms.katalon.core.main.TestSuiteExecutor.accessTestSuiteMainPhase(TestSuiteExecutor.java:112)
	at com.kms.katalon.core.main.TestSuiteExecutor.execute(TestSuiteExecutor.java:81)
	at com.kms.katalon.core.main.TestCaseMain.startTestSuite(TestCaseMain.java:157)
	at com.kms.katalon.core.main.TestCaseMain$startTestSuite$0.call(Unknown Source)
	at TempTestSuite1558580976607.run(TempTestSuite1558580976607.groovy:35)
Caused by: com.kms.katalon.core.webui.exception.WebElementNotFoundException: Web element with id: 'Object Repository/Page_abc community/chon_channel_cuong' located by 'By.xpath: //select[@id='3f2e58e3-9735-45f6-a76e-7e6e204f22fb']' not found
	at com.kms.katalon.core.webui.common.WebUiCommonHelper.findWebElement(WebUiCommonHelper.java:1097)
	at com.kms.katalon.core.webui.keyword.internal.WebUIAbstractKeyword.findWebElement(WebUIAbstractKeyword.groovy:27)
	at com.kms.katalon.core.webui.keyword.internal.WebUIAbstractKeyword.findWebElement(WebUIAbstractKeyword.groovy:26)
	at com.kms.katalon.core.webui.keyword.builtin.SelectOptionByValueKeyword$_selectOptionByValue_closure1.doCall(SelectOptionByValueKeyword.groovy:86)
	at com.kms.katalon.core.webui.keyword.builtin.SelectOptionByValueKeyword$_selectOptionByValue_closure1.call(SelectOptionByValueKeyword.groovy)
	at com.kms.katalon.core.webui.keyword.internal.WebUIKeywordMain.runKeyword(WebUIKeywordMain.groovy:20)
	at com.kms.katalon.core.webui.keyword.builtin.SelectOptionByValueKeyword.selectOptionByValue(SelectOptionByValueKeyword.groovy:99)
	at com.kms.katalon.core.webui.keyword.builtin.SelectOptionByValueKeyword.execute(SelectOptionByValueKeyword.groovy:71)
	at com.kms.katalon.core.keyword.internal.KeywordExecutor.executeKeywordForPlatform(KeywordExecutor.groovy:56)
	at com.kms.katalon.core.webui.keyword.WebUiBuiltInKeywords.selectOptionByValue(WebUiBuiltInKeywords.groovy:1138)
	at com.kms.katalon.core.webui.keyword.WebUiBuiltInKeywords$selectOptionByValue$7.call(Unknown Source)
	at Script1558572291261.run(Script1558572291261.groovy:38)
	... 13 more
"/>
         <system-out><![CDATA[2019-05-23 10:53:54 - [TEST_CASE][FAILED] - Test Cases/20 Data-driven test case/Up Posts use Internal Data: Test Cases/20 Data-driven test case/Up Posts use Internal Data FAILED.
Reason:
com.kms.katalon.core.exception.StepFailedException: Unable to select option by value '1815d581-d824-4937-830d-d0c746093540' of object 'Object Repository/Page_abc community/chon_channel_cuong'  using regular expression
	at com.kms.katalon.core.webui.keyword.internal.WebUIKeywordMain.stepFailed(WebUIKeywordMain.groovy:64)
	at com.kms.katalon.core.webui.keyword.internal.WebUIKeywordMain.runKeyword(WebUIKeywordMain.groovy:26)
	at com.kms.katalon.core.webui.keyword.builtin.SelectOptionByValueKeyword.selectOptionByValue(SelectOptionByValueKeyword.groovy:99)
	at com.kms.katalon.core.webui.keyword.builtin.SelectOptionByValueKeyword.execute(SelectOptionByValueKeyword.groovy:71)
	at com.kms.katalon.core.keyword.internal.KeywordExecutor.executeKeywordForPlatform(KeywordExecutor.groovy:56)
	at com.kms.katalon.core.webui.keyword.WebUiBuiltInKeywords.selectOptionByValue(WebUiBuiltInKeywords.groovy:1138)
	at com.kms.katalon.core.webui.keyword.WebUiBuiltInKeywords$selectOptionByValue$7.call(Unknown Source)
	at Up Posts use Internal Data.run(Up Posts use Internal Data:38)
	at com.kms.katalon.core.main.ScriptEngine.run(ScriptEngine.java:194)
	at com.kms.katalon.core.main.ScriptEngine.runScriptAsRawText(ScriptEngine.java:119)
	at com.kms.katalon.core.main.TestCaseExecutor.runScript(TestCaseExecutor.java:336)
	at com.kms.katalon.core.main.TestCaseExecutor.doExecute(TestCaseExecutor.java:327)
	at com.kms.katalon.core.main.TestCaseExecutor.processExecutionPhase(TestCaseExecutor.java:306)
	at com.kms.katalon.core.main.TestCaseExecutor.accessMainPhase(TestCaseExecutor.java:298)
	at com.kms.katalon.core.main.TestCaseExecutor.execute(TestCaseExecutor.java:232)
	at com.kms.katalon.core.main.TestSuiteExecutor.accessTestCaseMainPhase(TestSuiteExecutor.java:129)
	at com.kms.katalon.core.main.TestSuiteExecutor.accessTestSuiteMainPhase(TestSuiteExecutor.java:112)
	at com.kms.katalon.core.main.TestSuiteExecutor.execute(TestSuiteExecutor.java:81)
	at com.kms.katalon.core.main.TestCaseMain.startTestSuite(TestCaseMain.java:157)
	at com.kms.katalon.core.main.TestCaseMain$startTestSuite$0.call(Unknown Source)
	at TempTestSuite1558580976607.run(TempTestSuite1558580976607.groovy:35)
Caused by: com.kms.katalon.core.webui.exception.WebElementNotFoundException: Web element with id: 'Object Repository/Page_abc community/chon_channel_cuong' located by 'By.xpath: //select[@id='3f2e58e3-9735-45f6-a76e-7e6e204f22fb']' not found
	at com.kms.katalon.core.webui.common.WebUiCommonHelper.findWebElement(WebUiCommonHelper.java:1097)
	at com.kms.katalon.core.webui.keyword.internal.WebUIAbstractKeyword.findWebElement(WebUIAbstractKeyword.groovy:27)
	at com.kms.katalon.core.webui.keyword.internal.WebUIAbstractKeyword.findWebElement(WebUIAbstractKeyword.groovy:26)
	at com.kms.katalon.core.webui.keyword.builtin.SelectOptionByValueKeyword$_selectOptionByValue_closure1.doCall(SelectOptionByValueKeyword.groovy:86)
	at com.kms.katalon.core.webui.keyword.builtin.SelectOptionByValueKeyword$_selectOptionByValue_closure1.call(SelectOptionByValueKeyword.groovy)
	at com.kms.katalon.core.webui.keyword.internal.WebUIKeywordMain.runKeyword(WebUIKeywordMain.groovy:20)
	at com.kms.katalon.core.webui.keyword.builtin.SelectOptionByValueKeyword.selectOptionByValue(SelectOptionByValueKeyword.groovy:99)
	at com.kms.katalon.core.webui.keyword.builtin.SelectOptionByValueKeyword.execute(SelectOptionByValueKeyword.groovy:71)
	at com.kms.katalon.core.keyword.internal.KeywordExecutor.executeKeywordForPlatform(KeywordExecutor.groovy:56)
	at com.kms.katalon.core.webui.keyword.WebUiBuiltInKeywords.selectOptionByValue(WebUiBuiltInKeywords.groovy:1138)
	at com.kms.katalon.core.webui.keyword.WebUiBuiltInKeywords$selectOptionByValue$7.call(Unknown Source)
	at Script1558572291261.run(Script1558572291261.groovy:38)
	... 13 more


2019-05-23 10:53:54 - [TEST_STEP][PASSED] - openBrowser(""): Browser is opened with url: ''

2019-05-23 10:53:54 - [MESSAGE][WARNING] - A browser is already opened. Closing browser and opening a new one

2019-05-23 10:53:55 - [MESSAGE][INFO] - Starting 'Firefox' driver

2019-05-23 10:53:59 - [MESSAGE][PASSED] - Browser is opened with url: ''

2019-05-23 10:53:59 - [TEST_STEP][PASSED] - navigateToUrl("http://localhost:3000/"): Navigate to 'http://localhost:3000/' successfully

2019-05-23 10:54:00 - [MESSAGE][PASSED] - Navigate to 'http://localhost:3000/' successfully

2019-05-23 10:54:00 - [TEST_STEP][PASSED] - click(findTestObject("Page_Spectrum/button_Log in or sign up")): Object: 'Object Repository/Page_Spectrum/button_Log in or sign up' is clicked on

2019-05-23 10:54:03 - [MESSAGE][PASSED] - Object: 'Object Repository/Page_Spectrum/button_Log in or sign up' is clicked on

2019-05-23 10:54:03 - [TEST_STEP][PASSED] - click(findTestObject("Page_Spectrum/span_Sign in with GitHub")): Object: 'Object Repository/Page_Spectrum/span_Sign in with GitHub' is clicked on

2019-05-23 10:54:04 - [MESSAGE][PASSED] - Object: 'Object Repository/Page_Spectrum/span_Sign in with GitHub' is clicked on

2019-05-23 10:54:04 - [TEST_STEP][PASSED] - setText(findTestObject("Page_Sign in to GitHub  GitHub/input_Username or email address_login"), "minhcuongit"): Text 'minhcuongit' is set on object 'Object Repository/Page_Sign in to GitHub  GitHub/input_Username or email address_login'

2019-05-23 10:54:04 - [MESSAGE][PASSED] - Text 'minhcuongit' is set on object 'Object Repository/Page_Sign in to GitHub  GitHub/input_Username or email address_login'

2019-05-23 10:54:04 - [TEST_STEP][PASSED] - setEncryptedText(findTestObject("Page_Sign in to GitHub  GitHub/input_Forgot password_password"), "9e5/e4jZbrkRPxL/am/6uYGu2iBUrIMS"): Text ****** has been set on object 'Object Repository/Page_Sign in to GitHub  GitHub/input_Forgot password_password'

2019-05-23 10:54:05 - [MESSAGE][PASSED] - Text ****** has been set on object 'Object Repository/Page_Sign in to GitHub  GitHub/input_Forgot password_password'

2019-05-23 10:54:05 - [TEST_STEP][PASSED] - click(findTestObject("Page_Sign in to GitHub  GitHub/input_Forgot password_commit")): Object: 'Object Repository/Page_Sign in to GitHub  GitHub/input_Forgot password_commit' is clicked on

2019-05-23 10:54:09 - [MESSAGE][PASSED] - Object: 'Object Repository/Page_Sign in to GitHub  GitHub/input_Forgot password_commit' is clicked on

2019-05-23 10:54:09 - [TEST_STEP][PASSED] - navigateToUrl("http://localhost:3000/abc?tab=posts"): Navigate to 'http://localhost:3000/abc?tab=posts' successfully

2019-05-23 10:54:11 - [MESSAGE][PASSED] - Navigate to 'http://localhost:3000/abc?tab=posts' successfully

2019-05-23 10:54:11 - [TEST_STEP][PASSED] - click(findTestObject("Object Repository/Page_abc community/div_click_de_hien_khung")): Object: 'Object Repository/Page_abc community/div_click_de_hien_khung' is clicked on

2019-05-23 10:54:13 - [MESSAGE][PASSED] - Object: 'Object Repository/Page_abc community/div_click_de_hien_khung' is clicked on

2019-05-23 10:54:13 - [TEST_STEP][PASSED] - setText(findTestObject("Object Repository/Page_abc community/input_tieu_de"), message): Text ''Cause it was us baby, way before then' is set on object 'Object Repository/Page_abc community/input_tieu_de'

2019-05-23 10:54:15 - [MESSAGE][PASSED] - Text ''Cause it was us baby, way before then' is set on object 'Object Repository/Page_abc community/input_tieu_de'

2019-05-23 10:54:15 - [TEST_STEP][PASSED] - setText(findTestObject("Object Repository/Page_abc community/textarea_detail"), detail): Text ''Cause it was us baby, way before then' is set on object 'Object Repository/Page_abc community/textarea_detail'

2019-05-23 10:54:18 - [MESSAGE][PASSED] - Text ''Cause it was us baby, way before then' is set on object 'Object Repository/Page_abc community/textarea_detail'

2019-05-23 10:54:18 - [TEST_STEP][FAILED] - selectOptionByValue(findTestObject("Object Repository/Page_abc community/chon_channel_cuong"), "1815d581-d824-4937-830d-d0c746093540", true): Unable to select option by value '1815d581-d824-4937-830d-d0c746093540' of object 'Object Repository/Page_abc community/chon_channel_cuong'  using regular expression (Root cause: com.kms.katalon.core.exception.StepFailedException: Unable to select option by value '1815d581-d824-4937-830d-d0c746093540' of object 'Object Repository/Page_abc community/chon_channel_cuong'  using regular expression
	at com.kms.katalon.core.webui.keyword.internal.WebUIKeywordMain.stepFailed(WebUIKeywordMain.groovy:64)
	at com.kms.katalon.core.webui.keyword.internal.WebUIKeywordMain.runKeyword(WebUIKeywordMain.groovy:26)
	at com.kms.katalon.core.webui.keyword.builtin.SelectOptionByValueKeyword.selectOptionByValue(SelectOptionByValueKeyword.groovy:99)
	at com.kms.katalon.core.webui.keyword.builtin.SelectOptionByValueKeyword.execute(SelectOptionByValueKeyword.groovy:71)
	at com.kms.katalon.core.keyword.internal.KeywordExecutor.executeKeywordForPlatform(KeywordExecutor.groovy:56)
	at com.kms.katalon.core.webui.keyword.WebUiBuiltInKeywords.selectOptionByValue(WebUiBuiltInKeywords.groovy:1138)
	at com.kms.katalon.core.webui.keyword.WebUiBuiltInKeywords$selectOptionByValue$7.call(Unknown Source)
	at Up Posts use Internal Data.run(Up Posts use Internal Data:38)
	at com.kms.katalon.core.main.ScriptEngine.run(ScriptEngine.java:194)
	at com.kms.katalon.core.main.ScriptEngine.runScriptAsRawText(ScriptEngine.java:119)
	at com.kms.katalon.core.main.TestCaseExecutor.runScript(TestCaseExecutor.java:336)
	at com.kms.katalon.core.main.TestCaseExecutor.doExecute(TestCaseExecutor.java:327)
	at com.kms.katalon.core.main.TestCaseExecutor.processExecutionPhase(TestCaseExecutor.java:306)
	at com.kms.katalon.core.main.TestCaseExecutor.accessMainPhase(TestCaseExecutor.java:298)
	at com.kms.katalon.core.main.TestCaseExecutor.execute(TestCaseExecutor.java:232)
	at com.kms.katalon.core.main.TestSuiteExecutor.accessTestCaseMainPhase(TestSuiteExecutor.java:129)
	at com.kms.katalon.core.main.TestSuiteExecutor.accessTestSuiteMainPhase(TestSuiteExecutor.java:112)
	at com.kms.katalon.core.main.TestSuiteExecutor.execute(TestSuiteExecutor.java:81)
	at com.kms.katalon.core.main.TestCaseMain.startTestSuite(TestCaseMain.java:157)
	at com.kms.katalon.core.main.TestCaseMain$startTestSuite$0.call(Unknown Source)
	at TempTestSuite1558580976607.run(TempTestSuite1558580976607.groovy:35)
Caused by: com.kms.katalon.core.webui.exception.WebElementNotFoundException: Web element with id: 'Object Repository/Page_abc community/chon_channel_cuong' located by 'By.xpath: //select[@id='3f2e58e3-9735-45f6-a76e-7e6e204f22fb']' not found
	at com.kms.katalon.core.webui.common.WebUiCommonHelper.findWebElement(WebUiCommonHelper.java:1097)
	at com.kms.katalon.core.webui.keyword.internal.WebUIAbstractKeyword.findWebElement(WebUIAbstractKeyword.groovy:27)
	at com.kms.katalon.core.webui.keyword.internal.WebUIAbstractKeyword.findWebElement(WebUIAbstractKeyword.groovy:26)
	at com.kms.katalon.core.webui.keyword.builtin.SelectOptionByValueKeyword$_selectOptionByValue_closure1.doCall(SelectOptionByValueKeyword.groovy:86)
	at com.kms.katalon.core.webui.keyword.builtin.SelectOptionByValueKeyword$_selectOptionByValue_closure1.call(SelectOptionByValueKeyword.groovy)
	at com.kms.katalon.core.webui.keyword.internal.WebUIKeywordMain.runKeyword(WebUIKeywordMain.groovy:20)
	at com.kms.katalon.core.webui.keyword.builtin.SelectOptionByValueKeyword.selectOptionByValue(SelectOptionByValueKeyword.groovy:99)
	at com.kms.katalon.core.webui.keyword.builtin.SelectOptionByValueKeyword.execute(SelectOptionByValueKeyword.groovy:71)
	at com.kms.katalon.core.keyword.internal.KeywordExecutor.executeKeywordForPlatform(KeywordExecutor.groovy:56)
	at com.kms.katalon.core.webui.keyword.WebUiBuiltInKeywords.selectOptionByValue(WebUiBuiltInKeywords.groovy:1138)
	at com.kms.katalon.core.webui.keyword.WebUiBuiltInKeywords$selectOptionByValue$7.call(Unknown Source)
	at Script1558572291261.run(Script1558572291261.groovy:38)
	... 13 more
)

2019-05-23 10:54:49 - [MESSAGE][INFO] - Unable to find the element located by 'By.xpath: //select[@id='3f2e58e3-9735-45f6-a76e-7e6e204f22fb']'. Please recheck the objects properties to make sure the desired element is located. 

2019-05-23 10:54:49 - [MESSAGE][FAILED] - Unable to select option by value '1815d581-d824-4937-830d-d0c746093540' of object 'Object Repository/Page_abc community/chon_channel_cuong'  using regular expression (Root cause: com.kms.katalon.core.exception.StepFailedException: Unable to select option by value '1815d581-d824-4937-830d-d0c746093540' of object 'Object Repository/Page_abc community/chon_channel_cuong'  using regular expression
	at com.kms.katalon.core.webui.keyword.internal.WebUIKeywordMain.stepFailed(WebUIKeywordMain.groovy:64)
	at com.kms.katalon.core.webui.keyword.internal.WebUIKeywordMain.runKeyword(WebUIKeywordMain.groovy:26)
	at com.kms.katalon.core.webui.keyword.builtin.SelectOptionByValueKeyword.selectOptionByValue(SelectOptionByValueKeyword.groovy:99)
	at com.kms.katalon.core.webui.keyword.builtin.SelectOptionByValueKeyword.execute(SelectOptionByValueKeyword.groovy:71)
	at com.kms.katalon.core.keyword.internal.KeywordExecutor.executeKeywordForPlatform(KeywordExecutor.groovy:56)
	at com.kms.katalon.core.webui.keyword.WebUiBuiltInKeywords.selectOptionByValue(WebUiBuiltInKeywords.groovy:1138)
	at com.kms.katalon.core.webui.keyword.WebUiBuiltInKeywords$selectOptionByValue$7.call(Unknown Source)
	at Up Posts use Internal Data.run(Up Posts use Internal Data:38)
	at com.kms.katalon.core.main.ScriptEngine.run(ScriptEngine.java:194)
	at com.kms.katalon.core.main.ScriptEngine.runScriptAsRawText(ScriptEngine.java:119)
	at com.kms.katalon.core.main.TestCaseExecutor.runScript(TestCaseExecutor.java:336)
	at com.kms.katalon.core.main.TestCaseExecutor.doExecute(TestCaseExecutor.java:327)
	at com.kms.katalon.core.main.TestCaseExecutor.processExecutionPhase(TestCaseExecutor.java:306)
	at com.kms.katalon.core.main.TestCaseExecutor.accessMainPhase(TestCaseExecutor.java:298)
	at com.kms.katalon.core.main.TestCaseExecutor.execute(TestCaseExecutor.java:232)
	at com.kms.katalon.core.main.TestSuiteExecutor.accessTestCaseMainPhase(TestSuiteExecutor.java:129)
	at com.kms.katalon.core.main.TestSuiteExecutor.accessTestSuiteMainPhase(TestSuiteExecutor.java:112)
	at com.kms.katalon.core.main.TestSuiteExecutor.execute(TestSuiteExecutor.java:81)
	at com.kms.katalon.core.main.TestCaseMain.startTestSuite(TestCaseMain.java:157)
	at com.kms.katalon.core.main.TestCaseMain$startTestSuite$0.call(Unknown Source)
	at TempTestSuite1558580976607.run(TempTestSuite1558580976607.groovy:35)
Caused by: com.kms.katalon.core.webui.exception.WebElementNotFoundException: Web element with id: 'Object Repository/Page_abc community/chon_channel_cuong' located by 'By.xpath: //select[@id='3f2e58e3-9735-45f6-a76e-7e6e204f22fb']' not found
	at com.kms.katalon.core.webui.common.WebUiCommonHelper.findWebElement(WebUiCommonHelper.java:1097)
	at com.kms.katalon.core.webui.keyword.internal.WebUIAbstractKeyword.findWebElement(WebUIAbstractKeyword.groovy:27)
	at com.kms.katalon.core.webui.keyword.internal.WebUIAbstractKeyword.findWebElement(WebUIAbstractKeyword.groovy:26)
	at com.kms.katalon.core.webui.keyword.builtin.SelectOptionByValueKeyword$_selectOptionByValue_closure1.doCall(SelectOptionByValueKeyword.groovy:86)
	at com.kms.katalon.core.webui.keyword.builtin.SelectOptionByValueKeyword$_selectOptionByValue_closure1.call(SelectOptionByValueKeyword.groovy)
	at com.kms.katalon.core.webui.keyword.internal.WebUIKeywordMain.runKeyword(WebUIKeywordMain.groovy:20)
	at com.kms.katalon.core.webui.keyword.builtin.SelectOptionByValueKeyword.selectOptionByValue(SelectOptionByValueKeyword.groovy:99)
	at com.kms.katalon.core.webui.keyword.builtin.SelectOptionByValueKeyword.execute(SelectOptionByValueKeyword.groovy:71)
	at com.kms.katalon.core.keyword.internal.KeywordExecutor.executeKeywordForPlatform(KeywordExecutor.groovy:56)
	at com.kms.katalon.core.webui.keyword.WebUiBuiltInKeywords.selectOptionByValue(WebUiBuiltInKeywords.groovy:1138)
	at com.kms.katalon.core.webui.keyword.WebUiBuiltInKeywords$selectOptionByValue$7.call(Unknown Source)
	at Script1558572291261.run(Script1558572291261.groovy:38)
	... 13 more
)
[[ATTACHMENT|D:\\HCMUS DATA\\Tern2-4th\\CCDNCTPTPM\\BT\\HW2\\Project\\TED_Team-Test_Project\\TED_Team-Test_Project\\Reports\\Run all test cases\\20190523_100936\\1558583689331.png]]]]></system-out>
         <system-err><![CDATA[2019-05-23 10:53:54 - [TEST_CASE][FAILED] - Test Cases/20 Data-driven test case/Up Posts use Internal Data: Test Cases/20 Data-driven test case/Up Posts use Internal Data FAILED.
Reason:
com.kms.katalon.core.exception.StepFailedException: Unable to select option by value '1815d581-d824-4937-830d-d0c746093540' of object 'Object Repository/Page_abc community/chon_channel_cuong'  using regular expression
	at com.kms.katalon.core.webui.keyword.internal.WebUIKeywordMain.stepFailed(WebUIKeywordMain.groovy:64)
	at com.kms.katalon.core.webui.keyword.internal.WebUIKeywordMain.runKeyword(WebUIKeywordMain.groovy:26)
	at com.kms.katalon.core.webui.keyword.builtin.SelectOptionByValueKeyword.selectOptionByValue(SelectOptionByValueKeyword.groovy:99)
	at com.kms.katalon.core.webui.keyword.builtin.SelectOptionByValueKeyword.execute(SelectOptionByValueKeyword.groovy:71)
	at com.kms.katalon.core.keyword.internal.KeywordExecutor.executeKeywordForPlatform(KeywordExecutor.groovy:56)
	at com.kms.katalon.core.webui.keyword.WebUiBuiltInKeywords.selectOptionByValue(WebUiBuiltInKeywords.groovy:1138)
	at com.kms.katalon.core.webui.keyword.WebUiBuiltInKeywords$selectOptionByValue$7.call(Unknown Source)
	at Up Posts use Internal Data.run(Up Posts use Internal Data:38)
	at com.kms.katalon.core.main.ScriptEngine.run(ScriptEngine.java:194)
	at com.kms.katalon.core.main.ScriptEngine.runScriptAsRawText(ScriptEngine.java:119)
	at com.kms.katalon.core.main.TestCaseExecutor.runScript(TestCaseExecutor.java:336)
	at com.kms.katalon.core.main.TestCaseExecutor.doExecute(TestCaseExecutor.java:327)
	at com.kms.katalon.core.main.TestCaseExecutor.processExecutionPhase(TestCaseExecutor.java:306)
	at com.kms.katalon.core.main.TestCaseExecutor.accessMainPhase(TestCaseExecutor.java:298)
	at com.kms.katalon.core.main.TestCaseExecutor.execute(TestCaseExecutor.java:232)
	at com.kms.katalon.core.main.TestSuiteExecutor.accessTestCaseMainPhase(TestSuiteExecutor.java:129)
	at com.kms.katalon.core.main.TestSuiteExecutor.accessTestSuiteMainPhase(TestSuiteExecutor.java:112)
	at com.kms.katalon.core.main.TestSuiteExecutor.execute(TestSuiteExecutor.java:81)
	at com.kms.katalon.core.main.TestCaseMain.startTestSuite(TestCaseMain.java:157)
	at com.kms.katalon.core.main.TestCaseMain$startTestSuite$0.call(Unknown Source)
	at TempTestSuite1558580976607.run(TempTestSuite1558580976607.groovy:35)
Caused by: com.kms.katalon.core.webui.exception.WebElementNotFoundException: Web element with id: 'Object Repository/Page_abc community/chon_channel_cuong' located by 'By.xpath: //select[@id='3f2e58e3-9735-45f6-a76e-7e6e204f22fb']' not found
	at com.kms.katalon.core.webui.common.WebUiCommonHelper.findWebElement(WebUiCommonHelper.java:1097)
	at com.kms.katalon.core.webui.keyword.internal.WebUIAbstractKeyword.findWebElement(WebUIAbstractKeyword.groovy:27)
	at com.kms.katalon.core.webui.keyword.internal.WebUIAbstractKeyword.findWebElement(WebUIAbstractKeyword.groovy:26)
	at com.kms.katalon.core.webui.keyword.builtin.SelectOptionByValueKeyword$_selectOptionByValue_closure1.doCall(SelectOptionByValueKeyword.groovy:86)
	at com.kms.katalon.core.webui.keyword.builtin.SelectOptionByValueKeyword$_selectOptionByValue_closure1.call(SelectOptionByValueKeyword.groovy)
	at com.kms.katalon.core.webui.keyword.internal.WebUIKeywordMain.runKeyword(WebUIKeywordMain.groovy:20)
	at com.kms.katalon.core.webui.keyword.builtin.SelectOptionByValueKeyword.selectOptionByValue(SelectOptionByValueKeyword.groovy:99)
	at com.kms.katalon.core.webui.keyword.builtin.SelectOptionByValueKeyword.execute(SelectOptionByValueKeyword.groovy:71)
	at com.kms.katalon.core.keyword.internal.KeywordExecutor.executeKeywordForPlatform(KeywordExecutor.groovy:56)
	at com.kms.katalon.core.webui.keyword.WebUiBuiltInKeywords.selectOptionByValue(WebUiBuiltInKeywords.groovy:1138)
	at com.kms.katalon.core.webui.keyword.WebUiBuiltInKeywords$selectOptionByValue$7.call(Unknown Source)
	at Script1558572291261.run(Script1558572291261.groovy:38)
	... 13 more]]></system-err>
      </testcase>
      <testcase name="Test Cases/20 Data-driven test case/Up Posts use Internal Data" classname="Test Cases/20 Data-driven test case/Up Posts use Internal Data" status="FAILED">
         <failure type="FAILED" message="Test Cases/20 Data-driven test case/Up Posts use Internal Data FAILED.
Reason:
com.kms.katalon.core.exception.StepFailedException: Unable to select option by value '1815d581-d824-4937-830d-d0c746093540' of object 'Object Repository/Page_abc community/chon_channel_cuong'  using regular expression
	at com.kms.katalon.core.webui.keyword.internal.WebUIKeywordMain.stepFailed(WebUIKeywordMain.groovy:64)
	at com.kms.katalon.core.webui.keyword.internal.WebUIKeywordMain.runKeyword(WebUIKeywordMain.groovy:26)
	at com.kms.katalon.core.webui.keyword.builtin.SelectOptionByValueKeyword.selectOptionByValue(SelectOptionByValueKeyword.groovy:99)
	at com.kms.katalon.core.webui.keyword.builtin.SelectOptionByValueKeyword.execute(SelectOptionByValueKeyword.groovy:71)
	at com.kms.katalon.core.keyword.internal.KeywordExecutor.executeKeywordForPlatform(KeywordExecutor.groovy:56)
	at com.kms.katalon.core.webui.keyword.WebUiBuiltInKeywords.selectOptionByValue(WebUiBuiltInKeywords.groovy:1138)
	at com.kms.katalon.core.webui.keyword.WebUiBuiltInKeywords$selectOptionByValue$7.call(Unknown Source)
	at Up Posts use Internal Data.run(Up Posts use Internal Data:38)
	at com.kms.katalon.core.main.ScriptEngine.run(ScriptEngine.java:194)
	at com.kms.katalon.core.main.ScriptEngine.runScriptAsRawText(ScriptEngine.java:119)
	at com.kms.katalon.core.main.TestCaseExecutor.runScript(TestCaseExecutor.java:336)
	at com.kms.katalon.core.main.TestCaseExecutor.doExecute(TestCaseExecutor.java:327)
	at com.kms.katalon.core.main.TestCaseExecutor.processExecutionPhase(TestCaseExecutor.java:306)
	at com.kms.katalon.core.main.TestCaseExecutor.accessMainPhase(TestCaseExecutor.java:298)
	at com.kms.katalon.core.main.TestCaseExecutor.execute(TestCaseExecutor.java:232)
	at com.kms.katalon.core.main.TestSuiteExecutor.accessTestCaseMainPhase(TestSuiteExecutor.java:129)
	at com.kms.katalon.core.main.TestSuiteExecutor.accessTestSuiteMainPhase(TestSuiteExecutor.java:112)
	at com.kms.katalon.core.main.TestSuiteExecutor.execute(TestSuiteExecutor.java:81)
	at com.kms.katalon.core.main.TestCaseMain.startTestSuite(TestCaseMain.java:157)
	at com.kms.katalon.core.main.TestCaseMain$startTestSuite$0.call(Unknown Source)
	at TempTestSuite1558580976607.run(TempTestSuite1558580976607.groovy:35)
Caused by: com.kms.katalon.core.webui.exception.WebElementNotFoundException: Web element with id: 'Object Repository/Page_abc community/chon_channel_cuong' located by 'By.xpath: //select[@id='3f2e58e3-9735-45f6-a76e-7e6e204f22fb']' not found
	at com.kms.katalon.core.webui.common.WebUiCommonHelper.findWebElement(WebUiCommonHelper.java:1097)
	at com.kms.katalon.core.webui.keyword.internal.WebUIAbstractKeyword.findWebElement(WebUIAbstractKeyword.groovy:27)
	at com.kms.katalon.core.webui.keyword.internal.WebUIAbstractKeyword.findWebElement(WebUIAbstractKeyword.groovy:26)
	at com.kms.katalon.core.webui.keyword.builtin.SelectOptionByValueKeyword$_selectOptionByValue_closure1.doCall(SelectOptionByValueKeyword.groovy:86)
	at com.kms.katalon.core.webui.keyword.builtin.SelectOptionByValueKeyword$_selectOptionByValue_closure1.call(SelectOptionByValueKeyword.groovy)
	at com.kms.katalon.core.webui.keyword.internal.WebUIKeywordMain.runKeyword(WebUIKeywordMain.groovy:20)
	at com.kms.katalon.core.webui.keyword.builtin.SelectOptionByValueKeyword.selectOptionByValue(SelectOptionByValueKeyword.groovy:99)
	at com.kms.katalon.core.webui.keyword.builtin.SelectOptionByValueKeyword.execute(SelectOptionByValueKeyword.groovy:71)
	at com.kms.katalon.core.keyword.internal.KeywordExecutor.executeKeywordForPlatform(KeywordExecutor.groovy:56)
	at com.kms.katalon.core.webui.keyword.WebUiBuiltInKeywords.selectOptionByValue(WebUiBuiltInKeywords.groovy:1138)
	at com.kms.katalon.core.webui.keyword.WebUiBuiltInKeywords$selectOptionByValue$7.call(Unknown Source)
	at Script1558572291261.run(Script1558572291261.groovy:38)
	... 13 more
"/>
         <system-out><![CDATA[2019-05-23 10:54:49 - [TEST_CASE][FAILED] - Test Cases/20 Data-driven test case/Up Posts use Internal Data: Test Cases/20 Data-driven test case/Up Posts use Internal Data FAILED.
Reason:
com.kms.katalon.core.exception.StepFailedException: Unable to select option by value '1815d581-d824-4937-830d-d0c746093540' of object 'Object Repository/Page_abc community/chon_channel_cuong'  using regular expression
	at com.kms.katalon.core.webui.keyword.internal.WebUIKeywordMain.stepFailed(WebUIKeywordMain.groovy:64)
	at com.kms.katalon.core.webui.keyword.internal.WebUIKeywordMain.runKeyword(WebUIKeywordMain.groovy:26)
	at com.kms.katalon.core.webui.keyword.builtin.SelectOptionByValueKeyword.selectOptionByValue(SelectOptionByValueKeyword.groovy:99)
	at com.kms.katalon.core.webui.keyword.builtin.SelectOptionByValueKeyword.execute(SelectOptionByValueKeyword.groovy:71)
	at com.kms.katalon.core.keyword.internal.KeywordExecutor.executeKeywordForPlatform(KeywordExecutor.groovy:56)
	at com.kms.katalon.core.webui.keyword.WebUiBuiltInKeywords.selectOptionByValue(WebUiBuiltInKeywords.groovy:1138)
	at com.kms.katalon.core.webui.keyword.WebUiBuiltInKeywords$selectOptionByValue$7.call(Unknown Source)
	at Up Posts use Internal Data.run(Up Posts use Internal Data:38)
	at com.kms.katalon.core.main.ScriptEngine.run(ScriptEngine.java:194)
	at com.kms.katalon.core.main.ScriptEngine.runScriptAsRawText(ScriptEngine.java:119)
	at com.kms.katalon.core.main.TestCaseExecutor.runScript(TestCaseExecutor.java:336)
	at com.kms.katalon.core.main.TestCaseExecutor.doExecute(TestCaseExecutor.java:327)
	at com.kms.katalon.core.main.TestCaseExecutor.processExecutionPhase(TestCaseExecutor.java:306)
	at com.kms.katalon.core.main.TestCaseExecutor.accessMainPhase(TestCaseExecutor.java:298)
	at com.kms.katalon.core.main.TestCaseExecutor.execute(TestCaseExecutor.java:232)
	at com.kms.katalon.core.main.TestSuiteExecutor.accessTestCaseMainPhase(TestSuiteExecutor.java:129)
	at com.kms.katalon.core.main.TestSuiteExecutor.accessTestSuiteMainPhase(TestSuiteExecutor.java:112)
	at com.kms.katalon.core.main.TestSuiteExecutor.execute(TestSuiteExecutor.java:81)
	at com.kms.katalon.core.main.TestCaseMain.startTestSuite(TestCaseMain.java:157)
	at com.kms.katalon.core.main.TestCaseMain$startTestSuite$0.call(Unknown Source)
	at TempTestSuite1558580976607.run(TempTestSuite1558580976607.groovy:35)
Caused by: com.kms.katalon.core.webui.exception.WebElementNotFoundException: Web element with id: 'Object Repository/Page_abc community/chon_channel_cuong' located by 'By.xpath: //select[@id='3f2e58e3-9735-45f6-a76e-7e6e204f22fb']' not found
	at com.kms.katalon.core.webui.common.WebUiCommonHelper.findWebElement(WebUiCommonHelper.java:1097)
	at com.kms.katalon.core.webui.keyword.internal.WebUIAbstractKeyword.findWebElement(WebUIAbstractKeyword.groovy:27)
	at com.kms.katalon.core.webui.keyword.internal.WebUIAbstractKeyword.findWebElement(WebUIAbstractKeyword.groovy:26)
	at com.kms.katalon.core.webui.keyword.builtin.SelectOptionByValueKeyword$_selectOptionByValue_closure1.doCall(SelectOptionByValueKeyword.groovy:86)
	at com.kms.katalon.core.webui.keyword.builtin.SelectOptionByValueKeyword$_selectOptionByValue_closure1.call(SelectOptionByValueKeyword.groovy)
	at com.kms.katalon.core.webui.keyword.internal.WebUIKeywordMain.runKeyword(WebUIKeywordMain.groovy:20)
	at com.kms.katalon.core.webui.keyword.builtin.SelectOptionByValueKeyword.selectOptionByValue(SelectOptionByValueKeyword.groovy:99)
	at com.kms.katalon.core.webui.keyword.builtin.SelectOptionByValueKeyword.execute(SelectOptionByValueKeyword.groovy:71)
	at com.kms.katalon.core.keyword.internal.KeywordExecutor.executeKeywordForPlatform(KeywordExecutor.groovy:56)
	at com.kms.katalon.core.webui.keyword.WebUiBuiltInKeywords.selectOptionByValue(WebUiBuiltInKeywords.groovy:1138)
	at com.kms.katalon.core.webui.keyword.WebUiBuiltInKeywords$selectOptionByValue$7.call(Unknown Source)
	at Script1558572291261.run(Script1558572291261.groovy:38)
	... 13 more


2019-05-23 10:54:49 - [TEST_STEP][PASSED] - openBrowser(""): Browser is opened with url: ''

2019-05-23 10:54:49 - [MESSAGE][WARNING] - A browser is already opened. Closing browser and opening a new one

2019-05-23 10:54:50 - [MESSAGE][INFO] - Starting 'Firefox' driver

2019-05-23 10:54:54 - [MESSAGE][PASSED] - Browser is opened with url: ''

2019-05-23 10:54:54 - [TEST_STEP][PASSED] - navigateToUrl("http://localhost:3000/"): Navigate to 'http://localhost:3000/' successfully

2019-05-23 10:54:56 - [MESSAGE][PASSED] - Navigate to 'http://localhost:3000/' successfully

2019-05-23 10:54:56 - [TEST_STEP][PASSED] - click(findTestObject("Page_Spectrum/button_Log in or sign up")): Object: 'Object Repository/Page_Spectrum/button_Log in or sign up' is clicked on

2019-05-23 10:54:58 - [MESSAGE][PASSED] - Object: 'Object Repository/Page_Spectrum/button_Log in or sign up' is clicked on

2019-05-23 10:54:58 - [TEST_STEP][PASSED] - click(findTestObject("Page_Spectrum/span_Sign in with GitHub")): Object: 'Object Repository/Page_Spectrum/span_Sign in with GitHub' is clicked on

2019-05-23 10:54:59 - [MESSAGE][PASSED] - Object: 'Object Repository/Page_Spectrum/span_Sign in with GitHub' is clicked on

2019-05-23 10:54:59 - [TEST_STEP][PASSED] - setText(findTestObject("Page_Sign in to GitHub  GitHub/input_Username or email address_login"), "minhcuongit"): Text 'minhcuongit' is set on object 'Object Repository/Page_Sign in to GitHub  GitHub/input_Username or email address_login'

2019-05-23 10:54:59 - [MESSAGE][PASSED] - Text 'minhcuongit' is set on object 'Object Repository/Page_Sign in to GitHub  GitHub/input_Username or email address_login'

2019-05-23 10:54:59 - [TEST_STEP][PASSED] - setEncryptedText(findTestObject("Page_Sign in to GitHub  GitHub/input_Forgot password_password"), "9e5/e4jZbrkRPxL/am/6uYGu2iBUrIMS"): Text ****** has been set on object 'Object Repository/Page_Sign in to GitHub  GitHub/input_Forgot password_password'

2019-05-23 10:54:59 - [MESSAGE][PASSED] - Text ****** has been set on object 'Object Repository/Page_Sign in to GitHub  GitHub/input_Forgot password_password'

2019-05-23 10:54:59 - [TEST_STEP][PASSED] - click(findTestObject("Page_Sign in to GitHub  GitHub/input_Forgot password_commit")): Object: 'Object Repository/Page_Sign in to GitHub  GitHub/input_Forgot password_commit' is clicked on

2019-05-23 10:55:05 - [MESSAGE][PASSED] - Object: 'Object Repository/Page_Sign in to GitHub  GitHub/input_Forgot password_commit' is clicked on

2019-05-23 10:55:05 - [TEST_STEP][PASSED] - navigateToUrl("http://localhost:3000/abc?tab=posts"): Navigate to 'http://localhost:3000/abc?tab=posts' successfully

2019-05-23 10:55:07 - [MESSAGE][PASSED] - Navigate to 'http://localhost:3000/abc?tab=posts' successfully

2019-05-23 10:55:07 - [TEST_STEP][PASSED] - click(findTestObject("Object Repository/Page_abc community/div_click_de_hien_khung")): Object: 'Object Repository/Page_abc community/div_click_de_hien_khung' is clicked on

2019-05-23 10:55:09 - [MESSAGE][PASSED] - Object: 'Object Repository/Page_abc community/div_click_de_hien_khung' is clicked on

2019-05-23 10:55:09 - [TEST_STEP][PASSED] - setText(findTestObject("Object Repository/Page_abc community/input_tieu_de"), message): Text 'And we're still together' is set on object 'Object Repository/Page_abc community/input_tieu_de'

2019-05-23 10:55:10 - [MESSAGE][PASSED] - Text 'And we're still together' is set on object 'Object Repository/Page_abc community/input_tieu_de'

2019-05-23 10:55:10 - [TEST_STEP][PASSED] - setText(findTestObject("Object Repository/Page_abc community/textarea_detail"), detail): Text 'And we're still together' is set on object 'Object Repository/Page_abc community/textarea_detail'

2019-05-23 10:55:11 - [MESSAGE][PASSED] - Text 'And we're still together' is set on object 'Object Repository/Page_abc community/textarea_detail'

2019-05-23 10:55:11 - [TEST_STEP][FAILED] - selectOptionByValue(findTestObject("Object Repository/Page_abc community/chon_channel_cuong"), "1815d581-d824-4937-830d-d0c746093540", true): Unable to select option by value '1815d581-d824-4937-830d-d0c746093540' of object 'Object Repository/Page_abc community/chon_channel_cuong'  using regular expression (Root cause: com.kms.katalon.core.exception.StepFailedException: Unable to select option by value '1815d581-d824-4937-830d-d0c746093540' of object 'Object Repository/Page_abc community/chon_channel_cuong'  using regular expression
	at com.kms.katalon.core.webui.keyword.internal.WebUIKeywordMain.stepFailed(WebUIKeywordMain.groovy:64)
	at com.kms.katalon.core.webui.keyword.internal.WebUIKeywordMain.runKeyword(WebUIKeywordMain.groovy:26)
	at com.kms.katalon.core.webui.keyword.builtin.SelectOptionByValueKeyword.selectOptionByValue(SelectOptionByValueKeyword.groovy:99)
	at com.kms.katalon.core.webui.keyword.builtin.SelectOptionByValueKeyword.execute(SelectOptionByValueKeyword.groovy:71)
	at com.kms.katalon.core.keyword.internal.KeywordExecutor.executeKeywordForPlatform(KeywordExecutor.groovy:56)
	at com.kms.katalon.core.webui.keyword.WebUiBuiltInKeywords.selectOptionByValue(WebUiBuiltInKeywords.groovy:1138)
	at com.kms.katalon.core.webui.keyword.WebUiBuiltInKeywords$selectOptionByValue$7.call(Unknown Source)
	at Up Posts use Internal Data.run(Up Posts use Internal Data:38)
	at com.kms.katalon.core.main.ScriptEngine.run(ScriptEngine.java:194)
	at com.kms.katalon.core.main.ScriptEngine.runScriptAsRawText(ScriptEngine.java:119)
	at com.kms.katalon.core.main.TestCaseExecutor.runScript(TestCaseExecutor.java:336)
	at com.kms.katalon.core.main.TestCaseExecutor.doExecute(TestCaseExecutor.java:327)
	at com.kms.katalon.core.main.TestCaseExecutor.processExecutionPhase(TestCaseExecutor.java:306)
	at com.kms.katalon.core.main.TestCaseExecutor.accessMainPhase(TestCaseExecutor.java:298)
	at com.kms.katalon.core.main.TestCaseExecutor.execute(TestCaseExecutor.java:232)
	at com.kms.katalon.core.main.TestSuiteExecutor.accessTestCaseMainPhase(TestSuiteExecutor.java:129)
	at com.kms.katalon.core.main.TestSuiteExecutor.accessTestSuiteMainPhase(TestSuiteExecutor.java:112)
	at com.kms.katalon.core.main.TestSuiteExecutor.execute(TestSuiteExecutor.java:81)
	at com.kms.katalon.core.main.TestCaseMain.startTestSuite(TestCaseMain.java:157)
	at com.kms.katalon.core.main.TestCaseMain$startTestSuite$0.call(Unknown Source)
	at TempTestSuite1558580976607.run(TempTestSuite1558580976607.groovy:35)
Caused by: com.kms.katalon.core.webui.exception.WebElementNotFoundException: Web element with id: 'Object Repository/Page_abc community/chon_channel_cuong' located by 'By.xpath: //select[@id='3f2e58e3-9735-45f6-a76e-7e6e204f22fb']' not found
	at com.kms.katalon.core.webui.common.WebUiCommonHelper.findWebElement(WebUiCommonHelper.java:1097)
	at com.kms.katalon.core.webui.keyword.internal.WebUIAbstractKeyword.findWebElement(WebUIAbstractKeyword.groovy:27)
	at com.kms.katalon.core.webui.keyword.internal.WebUIAbstractKeyword.findWebElement(WebUIAbstractKeyword.groovy:26)
	at com.kms.katalon.core.webui.keyword.builtin.SelectOptionByValueKeyword$_selectOptionByValue_closure1.doCall(SelectOptionByValueKeyword.groovy:86)
	at com.kms.katalon.core.webui.keyword.builtin.SelectOptionByValueKeyword$_selectOptionByValue_closure1.call(SelectOptionByValueKeyword.groovy)
	at com.kms.katalon.core.webui.keyword.internal.WebUIKeywordMain.runKeyword(WebUIKeywordMain.groovy:20)
	at com.kms.katalon.core.webui.keyword.builtin.SelectOptionByValueKeyword.selectOptionByValue(SelectOptionByValueKeyword.groovy:99)
	at com.kms.katalon.core.webui.keyword.builtin.SelectOptionByValueKeyword.execute(SelectOptionByValueKeyword.groovy:71)
	at com.kms.katalon.core.keyword.internal.KeywordExecutor.executeKeywordForPlatform(KeywordExecutor.groovy:56)
	at com.kms.katalon.core.webui.keyword.WebUiBuiltInKeywords.selectOptionByValue(WebUiBuiltInKeywords.groovy:1138)
	at com.kms.katalon.core.webui.keyword.WebUiBuiltInKeywords$selectOptionByValue$7.call(Unknown Source)
	at Script1558572291261.run(Script1558572291261.groovy:38)
	... 13 more
)

2019-05-23 10:55:42 - [MESSAGE][INFO] - Unable to find the element located by 'By.xpath: //select[@id='3f2e58e3-9735-45f6-a76e-7e6e204f22fb']'. Please recheck the objects properties to make sure the desired element is located. 

2019-05-23 10:55:42 - [MESSAGE][FAILED] - Unable to select option by value '1815d581-d824-4937-830d-d0c746093540' of object 'Object Repository/Page_abc community/chon_channel_cuong'  using regular expression (Root cause: com.kms.katalon.core.exception.StepFailedException: Unable to select option by value '1815d581-d824-4937-830d-d0c746093540' of object 'Object Repository/Page_abc community/chon_channel_cuong'  using regular expression
	at com.kms.katalon.core.webui.keyword.internal.WebUIKeywordMain.stepFailed(WebUIKeywordMain.groovy:64)
	at com.kms.katalon.core.webui.keyword.internal.WebUIKeywordMain.runKeyword(WebUIKeywordMain.groovy:26)
	at com.kms.katalon.core.webui.keyword.builtin.SelectOptionByValueKeyword.selectOptionByValue(SelectOptionByValueKeyword.groovy:99)
	at com.kms.katalon.core.webui.keyword.builtin.SelectOptionByValueKeyword.execute(SelectOptionByValueKeyword.groovy:71)
	at com.kms.katalon.core.keyword.internal.KeywordExecutor.executeKeywordForPlatform(KeywordExecutor.groovy:56)
	at com.kms.katalon.core.webui.keyword.WebUiBuiltInKeywords.selectOptionByValue(WebUiBuiltInKeywords.groovy:1138)
	at com.kms.katalon.core.webui.keyword.WebUiBuiltInKeywords$selectOptionByValue$7.call(Unknown Source)
	at Up Posts use Internal Data.run(Up Posts use Internal Data:38)
	at com.kms.katalon.core.main.ScriptEngine.run(ScriptEngine.java:194)
	at com.kms.katalon.core.main.ScriptEngine.runScriptAsRawText(ScriptEngine.java:119)
	at com.kms.katalon.core.main.TestCaseExecutor.runScript(TestCaseExecutor.java:336)
	at com.kms.katalon.core.main.TestCaseExecutor.doExecute(TestCaseExecutor.java:327)
	at com.kms.katalon.core.main.TestCaseExecutor.processExecutionPhase(TestCaseExecutor.java:306)
	at com.kms.katalon.core.main.TestCaseExecutor.accessMainPhase(TestCaseExecutor.java:298)
	at com.kms.katalon.core.main.TestCaseExecutor.execute(TestCaseExecutor.java:232)
	at com.kms.katalon.core.main.TestSuiteExecutor.accessTestCaseMainPhase(TestSuiteExecutor.java:129)
	at com.kms.katalon.core.main.TestSuiteExecutor.accessTestSuiteMainPhase(TestSuiteExecutor.java:112)
	at com.kms.katalon.core.main.TestSuiteExecutor.execute(TestSuiteExecutor.java:81)
	at com.kms.katalon.core.main.TestCaseMain.startTestSuite(TestCaseMain.java:157)
	at com.kms.katalon.core.main.TestCaseMain$startTestSuite$0.call(Unknown Source)
	at TempTestSuite1558580976607.run(TempTestSuite1558580976607.groovy:35)
Caused by: com.kms.katalon.core.webui.exception.WebElementNotFoundException: Web element with id: 'Object Repository/Page_abc community/chon_channel_cuong' located by 'By.xpath: //select[@id='3f2e58e3-9735-45f6-a76e-7e6e204f22fb']' not found
	at com.kms.katalon.core.webui.common.WebUiCommonHelper.findWebElement(WebUiCommonHelper.java:1097)
	at com.kms.katalon.core.webui.keyword.internal.WebUIAbstractKeyword.findWebElement(WebUIAbstractKeyword.groovy:27)
	at com.kms.katalon.core.webui.keyword.internal.WebUIAbstractKeyword.findWebElement(WebUIAbstractKeyword.groovy:26)
	at com.kms.katalon.core.webui.keyword.builtin.SelectOptionByValueKeyword$_selectOptionByValue_closure1.doCall(SelectOptionByValueKeyword.groovy:86)
	at com.kms.katalon.core.webui.keyword.builtin.SelectOptionByValueKeyword$_selectOptionByValue_closure1.call(SelectOptionByValueKeyword.groovy)
	at com.kms.katalon.core.webui.keyword.internal.WebUIKeywordMain.runKeyword(WebUIKeywordMain.groovy:20)
	at com.kms.katalon.core.webui.keyword.builtin.SelectOptionByValueKeyword.selectOptionByValue(SelectOptionByValueKeyword.groovy:99)
	at com.kms.katalon.core.webui.keyword.builtin.SelectOptionByValueKeyword.execute(SelectOptionByValueKeyword.groovy:71)
	at com.kms.katalon.core.keyword.internal.KeywordExecutor.executeKeywordForPlatform(KeywordExecutor.groovy:56)
	at com.kms.katalon.core.webui.keyword.WebUiBuiltInKeywords.selectOptionByValue(WebUiBuiltInKeywords.groovy:1138)
	at com.kms.katalon.core.webui.keyword.WebUiBuiltInKeywords$selectOptionByValue$7.call(Unknown Source)
	at Script1558572291261.run(Script1558572291261.groovy:38)
	... 13 more
)
[[ATTACHMENT|D:\\HCMUS DATA\\Tern2-4th\\CCDNCTPTPM\\BT\\HW2\\Project\\TED_Team-Test_Project\\TED_Team-Test_Project\\Reports\\Run all test cases\\20190523_100936\\1558583742643.png]]]]></system-out>
         <system-err><![CDATA[2019-05-23 10:54:49 - [TEST_CASE][FAILED] - Test Cases/20 Data-driven test case/Up Posts use Internal Data: Test Cases/20 Data-driven test case/Up Posts use Internal Data FAILED.
Reason:
com.kms.katalon.core.exception.StepFailedException: Unable to select option by value '1815d581-d824-4937-830d-d0c746093540' of object 'Object Repository/Page_abc community/chon_channel_cuong'  using regular expression
	at com.kms.katalon.core.webui.keyword.internal.WebUIKeywordMain.stepFailed(WebUIKeywordMain.groovy:64)
	at com.kms.katalon.core.webui.keyword.internal.WebUIKeywordMain.runKeyword(WebUIKeywordMain.groovy:26)
	at com.kms.katalon.core.webui.keyword.builtin.SelectOptionByValueKeyword.selectOptionByValue(SelectOptionByValueKeyword.groovy:99)
	at com.kms.katalon.core.webui.keyword.builtin.SelectOptionByValueKeyword.execute(SelectOptionByValueKeyword.groovy:71)
	at com.kms.katalon.core.keyword.internal.KeywordExecutor.executeKeywordForPlatform(KeywordExecutor.groovy:56)
	at com.kms.katalon.core.webui.keyword.WebUiBuiltInKeywords.selectOptionByValue(WebUiBuiltInKeywords.groovy:1138)
	at com.kms.katalon.core.webui.keyword.WebUiBuiltInKeywords$selectOptionByValue$7.call(Unknown Source)
	at Up Posts use Internal Data.run(Up Posts use Internal Data:38)
	at com.kms.katalon.core.main.ScriptEngine.run(ScriptEngine.java:194)
	at com.kms.katalon.core.main.ScriptEngine.runScriptAsRawText(ScriptEngine.java:119)
	at com.kms.katalon.core.main.TestCaseExecutor.runScript(TestCaseExecutor.java:336)
	at com.kms.katalon.core.main.TestCaseExecutor.doExecute(TestCaseExecutor.java:327)
	at com.kms.katalon.core.main.TestCaseExecutor.processExecutionPhase(TestCaseExecutor.java:306)
	at com.kms.katalon.core.main.TestCaseExecutor.accessMainPhase(TestCaseExecutor.java:298)
	at com.kms.katalon.core.main.TestCaseExecutor.execute(TestCaseExecutor.java:232)
	at com.kms.katalon.core.main.TestSuiteExecutor.accessTestCaseMainPhase(TestSuiteExecutor.java:129)
	at com.kms.katalon.core.main.TestSuiteExecutor.accessTestSuiteMainPhase(TestSuiteExecutor.java:112)
	at com.kms.katalon.core.main.TestSuiteExecutor.execute(TestSuiteExecutor.java:81)
	at com.kms.katalon.core.main.TestCaseMain.startTestSuite(TestCaseMain.java:157)
	at com.kms.katalon.core.main.TestCaseMain$startTestSuite$0.call(Unknown Source)
	at TempTestSuite1558580976607.run(TempTestSuite1558580976607.groovy:35)
Caused by: com.kms.katalon.core.webui.exception.WebElementNotFoundException: Web element with id: 'Object Repository/Page_abc community/chon_channel_cuong' located by 'By.xpath: //select[@id='3f2e58e3-9735-45f6-a76e-7e6e204f22fb']' not found
	at com.kms.katalon.core.webui.common.WebUiCommonHelper.findWebElement(WebUiCommonHelper.java:1097)
	at com.kms.katalon.core.webui.keyword.internal.WebUIAbstractKeyword.findWebElement(WebUIAbstractKeyword.groovy:27)
	at com.kms.katalon.core.webui.keyword.internal.WebUIAbstractKeyword.findWebElement(WebUIAbstractKeyword.groovy:26)
	at com.kms.katalon.core.webui.keyword.builtin.SelectOptionByValueKeyword$_selectOptionByValue_closure1.doCall(SelectOptionByValueKeyword.groovy:86)
	at com.kms.katalon.core.webui.keyword.builtin.SelectOptionByValueKeyword$_selectOptionByValue_closure1.call(SelectOptionByValueKeyword.groovy)
	at com.kms.katalon.core.webui.keyword.internal.WebUIKeywordMain.runKeyword(WebUIKeywordMain.groovy:20)
	at com.kms.katalon.core.webui.keyword.builtin.SelectOptionByValueKeyword.selectOptionByValue(SelectOptionByValueKeyword.groovy:99)
	at com.kms.katalon.core.webui.keyword.builtin.SelectOptionByValueKeyword.execute(SelectOptionByValueKeyword.groovy:71)
	at com.kms.katalon.core.keyword.internal.KeywordExecutor.executeKeywordForPlatform(KeywordExecutor.groovy:56)
	at com.kms.katalon.core.webui.keyword.WebUiBuiltInKeywords.selectOptionByValue(WebUiBuiltInKeywords.groovy:1138)
	at com.kms.katalon.core.webui.keyword.WebUiBuiltInKeywords$selectOptionByValue$7.call(Unknown Source)
	at Script1558572291261.run(Script1558572291261.groovy:38)
	... 13 more]]></system-err>
      </testcase>
      <testcase name="Test Cases/20 Data-driven test case/Up Posts use Internal Data" classname="Test Cases/20 Data-driven test case/Up Posts use Internal Data" status="FAILED">
         <failure type="FAILED" message="Test Cases/20 Data-driven test case/Up Posts use Internal Data FAILED.
Reason:
com.kms.katalon.core.exception.StepFailedException: Unable to select option by value '1815d581-d824-4937-830d-d0c746093540' of object 'Object Repository/Page_abc community/chon_channel_cuong'  using regular expression
	at com.kms.katalon.core.webui.keyword.internal.WebUIKeywordMain.stepFailed(WebUIKeywordMain.groovy:64)
	at com.kms.katalon.core.webui.keyword.internal.WebUIKeywordMain.runKeyword(WebUIKeywordMain.groovy:26)
	at com.kms.katalon.core.webui.keyword.builtin.SelectOptionByValueKeyword.selectOptionByValue(SelectOptionByValueKeyword.groovy:99)
	at com.kms.katalon.core.webui.keyword.builtin.SelectOptionByValueKeyword.execute(SelectOptionByValueKeyword.groovy:71)
	at com.kms.katalon.core.keyword.internal.KeywordExecutor.executeKeywordForPlatform(KeywordExecutor.groovy:56)
	at com.kms.katalon.core.webui.keyword.WebUiBuiltInKeywords.selectOptionByValue(WebUiBuiltInKeywords.groovy:1138)
	at com.kms.katalon.core.webui.keyword.WebUiBuiltInKeywords$selectOptionByValue$7.call(Unknown Source)
	at Up Posts use Internal Data.run(Up Posts use Internal Data:38)
	at com.kms.katalon.core.main.ScriptEngine.run(ScriptEngine.java:194)
	at com.kms.katalon.core.main.ScriptEngine.runScriptAsRawText(ScriptEngine.java:119)
	at com.kms.katalon.core.main.TestCaseExecutor.runScript(TestCaseExecutor.java:336)
	at com.kms.katalon.core.main.TestCaseExecutor.doExecute(TestCaseExecutor.java:327)
	at com.kms.katalon.core.main.TestCaseExecutor.processExecutionPhase(TestCaseExecutor.java:306)
	at com.kms.katalon.core.main.TestCaseExecutor.accessMainPhase(TestCaseExecutor.java:298)
	at com.kms.katalon.core.main.TestCaseExecutor.execute(TestCaseExecutor.java:232)
	at com.kms.katalon.core.main.TestSuiteExecutor.accessTestCaseMainPhase(TestSuiteExecutor.java:129)
	at com.kms.katalon.core.main.TestSuiteExecutor.accessTestSuiteMainPhase(TestSuiteExecutor.java:112)
	at com.kms.katalon.core.main.TestSuiteExecutor.execute(TestSuiteExecutor.java:81)
	at com.kms.katalon.core.main.TestCaseMain.startTestSuite(TestCaseMain.java:157)
	at com.kms.katalon.core.main.TestCaseMain$startTestSuite$0.call(Unknown Source)
	at TempTestSuite1558580976607.run(TempTestSuite1558580976607.groovy:35)
Caused by: com.kms.katalon.core.webui.exception.WebElementNotFoundException: Web element with id: 'Object Repository/Page_abc community/chon_channel_cuong' located by 'By.xpath: //select[@id='3f2e58e3-9735-45f6-a76e-7e6e204f22fb']' not found
	at com.kms.katalon.core.webui.common.WebUiCommonHelper.findWebElement(WebUiCommonHelper.java:1097)
	at com.kms.katalon.core.webui.keyword.internal.WebUIAbstractKeyword.findWebElement(WebUIAbstractKeyword.groovy:27)
	at com.kms.katalon.core.webui.keyword.internal.WebUIAbstractKeyword.findWebElement(WebUIAbstractKeyword.groovy:26)
	at com.kms.katalon.core.webui.keyword.builtin.SelectOptionByValueKeyword$_selectOptionByValue_closure1.doCall(SelectOptionByValueKeyword.groovy:86)
	at com.kms.katalon.core.webui.keyword.builtin.SelectOptionByValueKeyword$_selectOptionByValue_closure1.call(SelectOptionByValueKeyword.groovy)
	at com.kms.katalon.core.webui.keyword.internal.WebUIKeywordMain.runKeyword(WebUIKeywordMain.groovy:20)
	at com.kms.katalon.core.webui.keyword.builtin.SelectOptionByValueKeyword.selectOptionByValue(SelectOptionByValueKeyword.groovy:99)
	at com.kms.katalon.core.webui.keyword.builtin.SelectOptionByValueKeyword.execute(SelectOptionByValueKeyword.groovy:71)
	at com.kms.katalon.core.keyword.internal.KeywordExecutor.executeKeywordForPlatform(KeywordExecutor.groovy:56)
	at com.kms.katalon.core.webui.keyword.WebUiBuiltInKeywords.selectOptionByValue(WebUiBuiltInKeywords.groovy:1138)
	at com.kms.katalon.core.webui.keyword.WebUiBuiltInKeywords$selectOptionByValue$7.call(Unknown Source)
	at Script1558572291261.run(Script1558572291261.groovy:38)
	... 13 more
"/>
         <system-out><![CDATA[2019-05-23 10:55:42 - [TEST_CASE][FAILED] - Test Cases/20 Data-driven test case/Up Posts use Internal Data: Test Cases/20 Data-driven test case/Up Posts use Internal Data FAILED.
Reason:
com.kms.katalon.core.exception.StepFailedException: Unable to select option by value '1815d581-d824-4937-830d-d0c746093540' of object 'Object Repository/Page_abc community/chon_channel_cuong'  using regular expression
	at com.kms.katalon.core.webui.keyword.internal.WebUIKeywordMain.stepFailed(WebUIKeywordMain.groovy:64)
	at com.kms.katalon.core.webui.keyword.internal.WebUIKeywordMain.runKeyword(WebUIKeywordMain.groovy:26)
	at com.kms.katalon.core.webui.keyword.builtin.SelectOptionByValueKeyword.selectOptionByValue(SelectOptionByValueKeyword.groovy:99)
	at com.kms.katalon.core.webui.keyword.builtin.SelectOptionByValueKeyword.execute(SelectOptionByValueKeyword.groovy:71)
	at com.kms.katalon.core.keyword.internal.KeywordExecutor.executeKeywordForPlatform(KeywordExecutor.groovy:56)
	at com.kms.katalon.core.webui.keyword.WebUiBuiltInKeywords.selectOptionByValue(WebUiBuiltInKeywords.groovy:1138)
	at com.kms.katalon.core.webui.keyword.WebUiBuiltInKeywords$selectOptionByValue$7.call(Unknown Source)
	at Up Posts use Internal Data.run(Up Posts use Internal Data:38)
	at com.kms.katalon.core.main.ScriptEngine.run(ScriptEngine.java:194)
	at com.kms.katalon.core.main.ScriptEngine.runScriptAsRawText(ScriptEngine.java:119)
	at com.kms.katalon.core.main.TestCaseExecutor.runScript(TestCaseExecutor.java:336)
	at com.kms.katalon.core.main.TestCaseExecutor.doExecute(TestCaseExecutor.java:327)
	at com.kms.katalon.core.main.TestCaseExecutor.processExecutionPhase(TestCaseExecutor.java:306)
	at com.kms.katalon.core.main.TestCaseExecutor.accessMainPhase(TestCaseExecutor.java:298)
	at com.kms.katalon.core.main.TestCaseExecutor.execute(TestCaseExecutor.java:232)
	at com.kms.katalon.core.main.TestSuiteExecutor.accessTestCaseMainPhase(TestSuiteExecutor.java:129)
	at com.kms.katalon.core.main.TestSuiteExecutor.accessTestSuiteMainPhase(TestSuiteExecutor.java:112)
	at com.kms.katalon.core.main.TestSuiteExecutor.execute(TestSuiteExecutor.java:81)
	at com.kms.katalon.core.main.TestCaseMain.startTestSuite(TestCaseMain.java:157)
	at com.kms.katalon.core.main.TestCaseMain$startTestSuite$0.call(Unknown Source)
	at TempTestSuite1558580976607.run(TempTestSuite1558580976607.groovy:35)
Caused by: com.kms.katalon.core.webui.exception.WebElementNotFoundException: Web element with id: 'Object Repository/Page_abc community/chon_channel_cuong' located by 'By.xpath: //select[@id='3f2e58e3-9735-45f6-a76e-7e6e204f22fb']' not found
	at com.kms.katalon.core.webui.common.WebUiCommonHelper.findWebElement(WebUiCommonHelper.java:1097)
	at com.kms.katalon.core.webui.keyword.internal.WebUIAbstractKeyword.findWebElement(WebUIAbstractKeyword.groovy:27)
	at com.kms.katalon.core.webui.keyword.internal.WebUIAbstractKeyword.findWebElement(WebUIAbstractKeyword.groovy:26)
	at com.kms.katalon.core.webui.keyword.builtin.SelectOptionByValueKeyword$_selectOptionByValue_closure1.doCall(SelectOptionByValueKeyword.groovy:86)
	at com.kms.katalon.core.webui.keyword.builtin.SelectOptionByValueKeyword$_selectOptionByValue_closure1.call(SelectOptionByValueKeyword.groovy)
	at com.kms.katalon.core.webui.keyword.internal.WebUIKeywordMain.runKeyword(WebUIKeywordMain.groovy:20)
	at com.kms.katalon.core.webui.keyword.builtin.SelectOptionByValueKeyword.selectOptionByValue(SelectOptionByValueKeyword.groovy:99)
	at com.kms.katalon.core.webui.keyword.builtin.SelectOptionByValueKeyword.execute(SelectOptionByValueKeyword.groovy:71)
	at com.kms.katalon.core.keyword.internal.KeywordExecutor.executeKeywordForPlatform(KeywordExecutor.groovy:56)
	at com.kms.katalon.core.webui.keyword.WebUiBuiltInKeywords.selectOptionByValue(WebUiBuiltInKeywords.groovy:1138)
	at com.kms.katalon.core.webui.keyword.WebUiBuiltInKeywords$selectOptionByValue$7.call(Unknown Source)
	at Script1558572291261.run(Script1558572291261.groovy:38)
	... 13 more


2019-05-23 10:55:42 - [TEST_STEP][PASSED] - openBrowser(""): Browser is opened with url: ''

2019-05-23 10:55:42 - [MESSAGE][WARNING] - A browser is already opened. Closing browser and opening a new one

2019-05-23 10:55:43 - [MESSAGE][INFO] - Starting 'Firefox' driver

2019-05-23 10:55:47 - [MESSAGE][PASSED] - Browser is opened with url: ''

2019-05-23 10:55:47 - [TEST_STEP][PASSED] - navigateToUrl("http://localhost:3000/"): Navigate to 'http://localhost:3000/' successfully

2019-05-23 10:55:49 - [MESSAGE][PASSED] - Navigate to 'http://localhost:3000/' successfully

2019-05-23 10:55:49 - [TEST_STEP][PASSED] - click(findTestObject("Page_Spectrum/button_Log in or sign up")): Object: 'Object Repository/Page_Spectrum/button_Log in or sign up' is clicked on

2019-05-23 10:55:51 - [MESSAGE][PASSED] - Object: 'Object Repository/Page_Spectrum/button_Log in or sign up' is clicked on

2019-05-23 10:55:51 - [TEST_STEP][PASSED] - click(findTestObject("Page_Spectrum/span_Sign in with GitHub")): Object: 'Object Repository/Page_Spectrum/span_Sign in with GitHub' is clicked on

2019-05-23 10:55:53 - [MESSAGE][PASSED] - Object: 'Object Repository/Page_Spectrum/span_Sign in with GitHub' is clicked on

2019-05-23 10:55:53 - [TEST_STEP][PASSED] - setText(findTestObject("Page_Sign in to GitHub  GitHub/input_Username or email address_login"), "minhcuongit"): Text 'minhcuongit' is set on object 'Object Repository/Page_Sign in to GitHub  GitHub/input_Username or email address_login'

2019-05-23 10:55:53 - [MESSAGE][PASSED] - Text 'minhcuongit' is set on object 'Object Repository/Page_Sign in to GitHub  GitHub/input_Username or email address_login'

2019-05-23 10:55:53 - [TEST_STEP][PASSED] - setEncryptedText(findTestObject("Page_Sign in to GitHub  GitHub/input_Forgot password_password"), "9e5/e4jZbrkRPxL/am/6uYGu2iBUrIMS"): Text ****** has been set on object 'Object Repository/Page_Sign in to GitHub  GitHub/input_Forgot password_password'

2019-05-23 10:55:53 - [MESSAGE][PASSED] - Text ****** has been set on object 'Object Repository/Page_Sign in to GitHub  GitHub/input_Forgot password_password'

2019-05-23 10:55:53 - [TEST_STEP][PASSED] - click(findTestObject("Page_Sign in to GitHub  GitHub/input_Forgot password_commit")): Object: 'Object Repository/Page_Sign in to GitHub  GitHub/input_Forgot password_commit' is clicked on

2019-05-23 10:55:57 - [MESSAGE][PASSED] - Object: 'Object Repository/Page_Sign in to GitHub  GitHub/input_Forgot password_commit' is clicked on

2019-05-23 10:55:57 - [TEST_STEP][PASSED] - navigateToUrl("http://localhost:3000/abc?tab=posts"): Navigate to 'http://localhost:3000/abc?tab=posts' successfully

2019-05-23 10:55:59 - [MESSAGE][PASSED] - Navigate to 'http://localhost:3000/abc?tab=posts' successfully

2019-05-23 10:55:59 - [TEST_STEP][PASSED] - click(findTestObject("Object Repository/Page_abc community/div_click_de_hien_khung")): Object: 'Object Repository/Page_abc community/div_click_de_hien_khung' is clicked on

2019-05-23 10:56:01 - [MESSAGE][PASSED] - Object: 'Object Repository/Page_abc community/div_click_de_hien_khung' is clicked on

2019-05-23 10:56:01 - [TEST_STEP][PASSED] - setText(findTestObject("Object Repository/Page_abc community/input_tieu_de"), message): Text 'And I meant, every word I said' is set on object 'Object Repository/Page_abc community/input_tieu_de'

2019-05-23 10:56:02 - [MESSAGE][PASSED] - Text 'And I meant, every word I said' is set on object 'Object Repository/Page_abc community/input_tieu_de'

2019-05-23 10:56:02 - [TEST_STEP][PASSED] - setText(findTestObject("Object Repository/Page_abc community/textarea_detail"), detail): Text 'And I meant, every word I said' is set on object 'Object Repository/Page_abc community/textarea_detail'

2019-05-23 10:56:04 - [MESSAGE][PASSED] - Text 'And I meant, every word I said' is set on object 'Object Repository/Page_abc community/textarea_detail'

2019-05-23 10:56:04 - [TEST_STEP][FAILED] - selectOptionByValue(findTestObject("Object Repository/Page_abc community/chon_channel_cuong"), "1815d581-d824-4937-830d-d0c746093540", true): Unable to select option by value '1815d581-d824-4937-830d-d0c746093540' of object 'Object Repository/Page_abc community/chon_channel_cuong'  using regular expression (Root cause: com.kms.katalon.core.exception.StepFailedException: Unable to select option by value '1815d581-d824-4937-830d-d0c746093540' of object 'Object Repository/Page_abc community/chon_channel_cuong'  using regular expression
	at com.kms.katalon.core.webui.keyword.internal.WebUIKeywordMain.stepFailed(WebUIKeywordMain.groovy:64)
	at com.kms.katalon.core.webui.keyword.internal.WebUIKeywordMain.runKeyword(WebUIKeywordMain.groovy:26)
	at com.kms.katalon.core.webui.keyword.builtin.SelectOptionByValueKeyword.selectOptionByValue(SelectOptionByValueKeyword.groovy:99)
	at com.kms.katalon.core.webui.keyword.builtin.SelectOptionByValueKeyword.execute(SelectOptionByValueKeyword.groovy:71)
	at com.kms.katalon.core.keyword.internal.KeywordExecutor.executeKeywordForPlatform(KeywordExecutor.groovy:56)
	at com.kms.katalon.core.webui.keyword.WebUiBuiltInKeywords.selectOptionByValue(WebUiBuiltInKeywords.groovy:1138)
	at com.kms.katalon.core.webui.keyword.WebUiBuiltInKeywords$selectOptionByValue$7.call(Unknown Source)
	at Up Posts use Internal Data.run(Up Posts use Internal Data:38)
	at com.kms.katalon.core.main.ScriptEngine.run(ScriptEngine.java:194)
	at com.kms.katalon.core.main.ScriptEngine.runScriptAsRawText(ScriptEngine.java:119)
	at com.kms.katalon.core.main.TestCaseExecutor.runScript(TestCaseExecutor.java:336)
	at com.kms.katalon.core.main.TestCaseExecutor.doExecute(TestCaseExecutor.java:327)
	at com.kms.katalon.core.main.TestCaseExecutor.processExecutionPhase(TestCaseExecutor.java:306)
	at com.kms.katalon.core.main.TestCaseExecutor.accessMainPhase(TestCaseExecutor.java:298)
	at com.kms.katalon.core.main.TestCaseExecutor.execute(TestCaseExecutor.java:232)
	at com.kms.katalon.core.main.TestSuiteExecutor.accessTestCaseMainPhase(TestSuiteExecutor.java:129)
	at com.kms.katalon.core.main.TestSuiteExecutor.accessTestSuiteMainPhase(TestSuiteExecutor.java:112)
	at com.kms.katalon.core.main.TestSuiteExecutor.execute(TestSuiteExecutor.java:81)
	at com.kms.katalon.core.main.TestCaseMain.startTestSuite(TestCaseMain.java:157)
	at com.kms.katalon.core.main.TestCaseMain$startTestSuite$0.call(Unknown Source)
	at TempTestSuite1558580976607.run(TempTestSuite1558580976607.groovy:35)
Caused by: com.kms.katalon.core.webui.exception.WebElementNotFoundException: Web element with id: 'Object Repository/Page_abc community/chon_channel_cuong' located by 'By.xpath: //select[@id='3f2e58e3-9735-45f6-a76e-7e6e204f22fb']' not found
	at com.kms.katalon.core.webui.common.WebUiCommonHelper.findWebElement(WebUiCommonHelper.java:1097)
	at com.kms.katalon.core.webui.keyword.internal.WebUIAbstractKeyword.findWebElement(WebUIAbstractKeyword.groovy:27)
	at com.kms.katalon.core.webui.keyword.internal.WebUIAbstractKeyword.findWebElement(WebUIAbstractKeyword.groovy:26)
	at com.kms.katalon.core.webui.keyword.builtin.SelectOptionByValueKeyword$_selectOptionByValue_closure1.doCall(SelectOptionByValueKeyword.groovy:86)
	at com.kms.katalon.core.webui.keyword.builtin.SelectOptionByValueKeyword$_selectOptionByValue_closure1.call(SelectOptionByValueKeyword.groovy)
	at com.kms.katalon.core.webui.keyword.internal.WebUIKeywordMain.runKeyword(WebUIKeywordMain.groovy:20)
	at com.kms.katalon.core.webui.keyword.builtin.SelectOptionByValueKeyword.selectOptionByValue(SelectOptionByValueKeyword.groovy:99)
	at com.kms.katalon.core.webui.keyword.builtin.SelectOptionByValueKeyword.execute(SelectOptionByValueKeyword.groovy:71)
	at com.kms.katalon.core.keyword.internal.KeywordExecutor.executeKeywordForPlatform(KeywordExecutor.groovy:56)
	at com.kms.katalon.core.webui.keyword.WebUiBuiltInKeywords.selectOptionByValue(WebUiBuiltInKeywords.groovy:1138)
	at com.kms.katalon.core.webui.keyword.WebUiBuiltInKeywords$selectOptionByValue$7.call(Unknown Source)
	at Script1558572291261.run(Script1558572291261.groovy:38)
	... 13 more
)

2019-05-23 10:56:35 - [MESSAGE][INFO] - Unable to find the element located by 'By.xpath: //select[@id='3f2e58e3-9735-45f6-a76e-7e6e204f22fb']'. Please recheck the objects properties to make sure the desired element is located. 

2019-05-23 10:56:35 - [MESSAGE][FAILED] - Unable to select option by value '1815d581-d824-4937-830d-d0c746093540' of object 'Object Repository/Page_abc community/chon_channel_cuong'  using regular expression (Root cause: com.kms.katalon.core.exception.StepFailedException: Unable to select option by value '1815d581-d824-4937-830d-d0c746093540' of object 'Object Repository/Page_abc community/chon_channel_cuong'  using regular expression
	at com.kms.katalon.core.webui.keyword.internal.WebUIKeywordMain.stepFailed(WebUIKeywordMain.groovy:64)
	at com.kms.katalon.core.webui.keyword.internal.WebUIKeywordMain.runKeyword(WebUIKeywordMain.groovy:26)
	at com.kms.katalon.core.webui.keyword.builtin.SelectOptionByValueKeyword.selectOptionByValue(SelectOptionByValueKeyword.groovy:99)
	at com.kms.katalon.core.webui.keyword.builtin.SelectOptionByValueKeyword.execute(SelectOptionByValueKeyword.groovy:71)
	at com.kms.katalon.core.keyword.internal.KeywordExecutor.executeKeywordForPlatform(KeywordExecutor.groovy:56)
	at com.kms.katalon.core.webui.keyword.WebUiBuiltInKeywords.selectOptionByValue(WebUiBuiltInKeywords.groovy:1138)
	at com.kms.katalon.core.webui.keyword.WebUiBuiltInKeywords$selectOptionByValue$7.call(Unknown Source)
	at Up Posts use Internal Data.run(Up Posts use Internal Data:38)
	at com.kms.katalon.core.main.ScriptEngine.run(ScriptEngine.java:194)
	at com.kms.katalon.core.main.ScriptEngine.runScriptAsRawText(ScriptEngine.java:119)
	at com.kms.katalon.core.main.TestCaseExecutor.runScript(TestCaseExecutor.java:336)
	at com.kms.katalon.core.main.TestCaseExecutor.doExecute(TestCaseExecutor.java:327)
	at com.kms.katalon.core.main.TestCaseExecutor.processExecutionPhase(TestCaseExecutor.java:306)
	at com.kms.katalon.core.main.TestCaseExecutor.accessMainPhase(TestCaseExecutor.java:298)
	at com.kms.katalon.core.main.TestCaseExecutor.execute(TestCaseExecutor.java:232)
	at com.kms.katalon.core.main.TestSuiteExecutor.accessTestCaseMainPhase(TestSuiteExecutor.java:129)
	at com.kms.katalon.core.main.TestSuiteExecutor.accessTestSuiteMainPhase(TestSuiteExecutor.java:112)
	at com.kms.katalon.core.main.TestSuiteExecutor.execute(TestSuiteExecutor.java:81)
	at com.kms.katalon.core.main.TestCaseMain.startTestSuite(TestCaseMain.java:157)
	at com.kms.katalon.core.main.TestCaseMain$startTestSuite$0.call(Unknown Source)
	at TempTestSuite1558580976607.run(TempTestSuite1558580976607.groovy:35)
Caused by: com.kms.katalon.core.webui.exception.WebElementNotFoundException: Web element with id: 'Object Repository/Page_abc community/chon_channel_cuong' located by 'By.xpath: //select[@id='3f2e58e3-9735-45f6-a76e-7e6e204f22fb']' not found
	at com.kms.katalon.core.webui.common.WebUiCommonHelper.findWebElement(WebUiCommonHelper.java:1097)
	at com.kms.katalon.core.webui.keyword.internal.WebUIAbstractKeyword.findWebElement(WebUIAbstractKeyword.groovy:27)
	at com.kms.katalon.core.webui.keyword.internal.WebUIAbstractKeyword.findWebElement(WebUIAbstractKeyword.groovy:26)
	at com.kms.katalon.core.webui.keyword.builtin.SelectOptionByValueKeyword$_selectOptionByValue_closure1.doCall(SelectOptionByValueKeyword.groovy:86)
	at com.kms.katalon.core.webui.keyword.builtin.SelectOptionByValueKeyword$_selectOptionByValue_closure1.call(SelectOptionByValueKeyword.groovy)
	at com.kms.katalon.core.webui.keyword.internal.WebUIKeywordMain.runKeyword(WebUIKeywordMain.groovy:20)
	at com.kms.katalon.core.webui.keyword.builtin.SelectOptionByValueKeyword.selectOptionByValue(SelectOptionByValueKeyword.groovy:99)
	at com.kms.katalon.core.webui.keyword.builtin.SelectOptionByValueKeyword.execute(SelectOptionByValueKeyword.groovy:71)
	at com.kms.katalon.core.keyword.internal.KeywordExecutor.executeKeywordForPlatform(KeywordExecutor.groovy:56)
	at com.kms.katalon.core.webui.keyword.WebUiBuiltInKeywords.selectOptionByValue(WebUiBuiltInKeywords.groovy:1138)
	at com.kms.katalon.core.webui.keyword.WebUiBuiltInKeywords$selectOptionByValue$7.call(Unknown Source)
	at Script1558572291261.run(Script1558572291261.groovy:38)
	... 13 more
)
[[ATTACHMENT|D:\\HCMUS DATA\\Tern2-4th\\CCDNCTPTPM\\BT\\HW2\\Project\\TED_Team-Test_Project\\TED_Team-Test_Project\\Reports\\Run all test cases\\20190523_100936\\1558583795290.png]]]]></system-out>
         <system-err><![CDATA[2019-05-23 10:55:42 - [TEST_CASE][FAILED] - Test Cases/20 Data-driven test case/Up Posts use Internal Data: Test Cases/20 Data-driven test case/Up Posts use Internal Data FAILED.
Reason:
com.kms.katalon.core.exception.StepFailedException: Unable to select option by value '1815d581-d824-4937-830d-d0c746093540' of object 'Object Repository/Page_abc community/chon_channel_cuong'  using regular expression
	at com.kms.katalon.core.webui.keyword.internal.WebUIKeywordMain.stepFailed(WebUIKeywordMain.groovy:64)
	at com.kms.katalon.core.webui.keyword.internal.WebUIKeywordMain.runKeyword(WebUIKeywordMain.groovy:26)
	at com.kms.katalon.core.webui.keyword.builtin.SelectOptionByValueKeyword.selectOptionByValue(SelectOptionByValueKeyword.groovy:99)
	at com.kms.katalon.core.webui.keyword.builtin.SelectOptionByValueKeyword.execute(SelectOptionByValueKeyword.groovy:71)
	at com.kms.katalon.core.keyword.internal.KeywordExecutor.executeKeywordForPlatform(KeywordExecutor.groovy:56)
	at com.kms.katalon.core.webui.keyword.WebUiBuiltInKeywords.selectOptionByValue(WebUiBuiltInKeywords.groovy:1138)
	at com.kms.katalon.core.webui.keyword.WebUiBuiltInKeywords$selectOptionByValue$7.call(Unknown Source)
	at Up Posts use Internal Data.run(Up Posts use Internal Data:38)
	at com.kms.katalon.core.main.ScriptEngine.run(ScriptEngine.java:194)
	at com.kms.katalon.core.main.ScriptEngine.runScriptAsRawText(ScriptEngine.java:119)
	at com.kms.katalon.core.main.TestCaseExecutor.runScript(TestCaseExecutor.java:336)
	at com.kms.katalon.core.main.TestCaseExecutor.doExecute(TestCaseExecutor.java:327)
	at com.kms.katalon.core.main.TestCaseExecutor.processExecutionPhase(TestCaseExecutor.java:306)
	at com.kms.katalon.core.main.TestCaseExecutor.accessMainPhase(TestCaseExecutor.java:298)
	at com.kms.katalon.core.main.TestCaseExecutor.execute(TestCaseExecutor.java:232)
	at com.kms.katalon.core.main.TestSuiteExecutor.accessTestCaseMainPhase(TestSuiteExecutor.java:129)
	at com.kms.katalon.core.main.TestSuiteExecutor.accessTestSuiteMainPhase(TestSuiteExecutor.java:112)
	at com.kms.katalon.core.main.TestSuiteExecutor.execute(TestSuiteExecutor.java:81)
	at com.kms.katalon.core.main.TestCaseMain.startTestSuite(TestCaseMain.java:157)
	at com.kms.katalon.core.main.TestCaseMain$startTestSuite$0.call(Unknown Source)
	at TempTestSuite1558580976607.run(TempTestSuite1558580976607.groovy:35)
Caused by: com.kms.katalon.core.webui.exception.WebElementNotFoundException: Web element with id: 'Object Repository/Page_abc community/chon_channel_cuong' located by 'By.xpath: //select[@id='3f2e58e3-9735-45f6-a76e-7e6e204f22fb']' not found
	at com.kms.katalon.core.webui.common.WebUiCommonHelper.findWebElement(WebUiCommonHelper.java:1097)
	at com.kms.katalon.core.webui.keyword.internal.WebUIAbstractKeyword.findWebElement(WebUIAbstractKeyword.groovy:27)
	at com.kms.katalon.core.webui.keyword.internal.WebUIAbstractKeyword.findWebElement(WebUIAbstractKeyword.groovy:26)
	at com.kms.katalon.core.webui.keyword.builtin.SelectOptionByValueKeyword$_selectOptionByValue_closure1.doCall(SelectOptionByValueKeyword.groovy:86)
	at com.kms.katalon.core.webui.keyword.builtin.SelectOptionByValueKeyword$_selectOptionByValue_closure1.call(SelectOptionByValueKeyword.groovy)
	at com.kms.katalon.core.webui.keyword.internal.WebUIKeywordMain.runKeyword(WebUIKeywordMain.groovy:20)
	at com.kms.katalon.core.webui.keyword.builtin.SelectOptionByValueKeyword.selectOptionByValue(SelectOptionByValueKeyword.groovy:99)
	at com.kms.katalon.core.webui.keyword.builtin.SelectOptionByValueKeyword.execute(SelectOptionByValueKeyword.groovy:71)
	at com.kms.katalon.core.keyword.internal.KeywordExecutor.executeKeywordForPlatform(KeywordExecutor.groovy:56)
	at com.kms.katalon.core.webui.keyword.WebUiBuiltInKeywords.selectOptionByValue(WebUiBuiltInKeywords.groovy:1138)
	at com.kms.katalon.core.webui.keyword.WebUiBuiltInKeywords$selectOptionByValue$7.call(Unknown Source)
	at Script1558572291261.run(Script1558572291261.groovy:38)
	... 13 more]]></system-err>
      </testcase>
      <system-out><![CDATA[2019-05-23 10:09:39 - [TEST_SUITE][FAILED] - Run all test cases: Test Cases/5 Test case using For/Create Chanel FAILED.
Reason:
com.kms.katalon.core.exception.StepFailedException: Unable to click on object 'Object Repository/Page_New community/button_Skip this step'
	at com.kms.katalon.core.webui.keyword.internal.WebUIKeywordMain.stepFailed(WebUIKeywordMain.groovy:64)
	at com.kms.katalon.core.webui.keyword.internal.WebUIKeywordMain.runKeyword(WebUIKeywordMain.groovy:26)
	at com.kms.katalon.core.webui.keyword.builtin.ClickKeyword.click(ClickKeyword.groovy:86)
	at com.kms.katalon.core.webui.keyword.builtin.ClickKeyword.execute(ClickKeyword.groovy:67)
	at com.kms.katalon.core.keyword.internal.KeywordExecutor.executeKeywordForPlatform(KeywordExecutor.groovy:56)
	at com.kms.katalon.core.webui.keyword.WebUiBuiltInKeywords.click(WebUiBuiltInKeywords.groovy:616)
	at com.kms.katalon.core.webui.keyword.WebUiBuiltInKeywords$click$1.call(Unknown Source)
	at Create Chanel.run(Create Chanel:47)
	at com.kms.katalon.core.main.ScriptEngine.run(ScriptEngine.java:194)
	at com.kms.katalon.core.main.ScriptEngine.runScriptAsRawText(ScriptEngine.java:119)
	at com.kms.katalon.core.main.TestCaseExecutor.runScript(TestCaseExecutor.java:336)
	at com.kms.katalon.core.main.TestCaseExecutor.doExecute(TestCaseExecutor.java:327)
	at com.kms.katalon.core.main.TestCaseExecutor.processExecutionPhase(TestCaseExecutor.java:306)
	at com.kms.katalon.core.main.TestCaseExecutor.accessMainPhase(TestCaseExecutor.java:298)
	at com.kms.katalon.core.main.TestCaseExecutor.execute(TestCaseExecutor.java:232)
	at com.kms.katalon.core.main.TestSuiteExecutor.accessTestCaseMainPhase(TestSuiteExecutor.java:129)
	at com.kms.katalon.core.main.TestSuiteExecutor.accessTestSuiteMainPhase(TestSuiteExecutor.java:112)
	at com.kms.katalon.core.main.TestSuiteExecutor.execute(TestSuiteExecutor.java:81)
	at com.kms.katalon.core.main.TestCaseMain.startTestSuite(TestCaseMain.java:157)
	at com.kms.katalon.core.main.TestCaseMain$startTestSuite$0.call(Unknown Source)
	at TempTestSuite1558580976607.run(TempTestSuite1558580976607.groovy:35)
Caused by: com.kms.katalon.core.webui.exception.WebElementNotFoundException: Web element with id: 'Object Repository/Page_New community/button_Skip this step' located by 'By.xpath: //main[@id='main']/div/div/div[3]/button[2]' not found
	at com.kms.katalon.core.webui.common.WebUiCommonHelper.findWebElement(WebUiCommonHelper.java:1097)
	at com.kms.katalon.core.webui.keyword.internal.WebUIAbstractKeyword.findWebElement(WebUIAbstractKeyword.groovy:27)
	at com.kms.katalon.core.webui.keyword.internal.WebUIAbstractKeyword.findWebElement(WebUIAbstractKeyword.groovy:26)
	at com.kms.katalon.core.webui.keyword.builtin.ClickKeyword$_click_closure1.doCall(ClickKeyword.groovy:77)
	at com.kms.katalon.core.webui.keyword.builtin.ClickKeyword$_click_closure1.call(ClickKeyword.groovy)
	at com.kms.katalon.core.webui.keyword.internal.WebUIKeywordMain.runKeyword(WebUIKeywordMain.groovy:20)
	at com.kms.katalon.core.webui.keyword.builtin.ClickKeyword.click(ClickKeyword.groovy:86)
	at com.kms.katalon.core.webui.keyword.builtin.ClickKeyword.execute(ClickKeyword.groovy:67)
	at com.kms.katalon.core.keyword.internal.KeywordExecutor.executeKeywordForPlatform(KeywordExecutor.groovy:56)
	at com.kms.katalon.core.webui.keyword.WebUiBuiltInKeywords.click(WebUiBuiltInKeywords.groovy:616)
	at com.kms.katalon.core.webui.keyword.WebUiBuiltInKeywords$click$1.call(Unknown Source)
	at Script1557850473974.run(Script1557850473974.groovy:47)
	... 13 more]]></system-out>
      <system-err><![CDATA[2019-05-23 10:09:39 - [TEST_SUITE][FAILED] - Run all test cases: Test Cases/5 Test case using For/Create Chanel FAILED.
Reason:
com.kms.katalon.core.exception.StepFailedException: Unable to click on object 'Object Repository/Page_New community/button_Skip this step'
	at com.kms.katalon.core.webui.keyword.internal.WebUIKeywordMain.stepFailed(WebUIKeywordMain.groovy:64)
	at com.kms.katalon.core.webui.keyword.internal.WebUIKeywordMain.runKeyword(WebUIKeywordMain.groovy:26)
	at com.kms.katalon.core.webui.keyword.builtin.ClickKeyword.click(ClickKeyword.groovy:86)
	at com.kms.katalon.core.webui.keyword.builtin.ClickKeyword.execute(ClickKeyword.groovy:67)
	at com.kms.katalon.core.keyword.internal.KeywordExecutor.executeKeywordForPlatform(KeywordExecutor.groovy:56)
	at com.kms.katalon.core.webui.keyword.WebUiBuiltInKeywords.click(WebUiBuiltInKeywords.groovy:616)
	at com.kms.katalon.core.webui.keyword.WebUiBuiltInKeywords$click$1.call(Unknown Source)
	at Create Chanel.run(Create Chanel:47)
	at com.kms.katalon.core.main.ScriptEngine.run(ScriptEngine.java:194)
	at com.kms.katalon.core.main.ScriptEngine.runScriptAsRawText(ScriptEngine.java:119)
	at com.kms.katalon.core.main.TestCaseExecutor.runScript(TestCaseExecutor.java:336)
	at com.kms.katalon.core.main.TestCaseExecutor.doExecute(TestCaseExecutor.java:327)
	at com.kms.katalon.core.main.TestCaseExecutor.processExecutionPhase(TestCaseExecutor.java:306)
	at com.kms.katalon.core.main.TestCaseExecutor.accessMainPhase(TestCaseExecutor.java:298)
	at com.kms.katalon.core.main.TestCaseExecutor.execute(TestCaseExecutor.java:232)
	at com.kms.katalon.core.main.TestSuiteExecutor.accessTestCaseMainPhase(TestSuiteExecutor.java:129)
	at com.kms.katalon.core.main.TestSuiteExecutor.accessTestSuiteMainPhase(TestSuiteExecutor.java:112)
	at com.kms.katalon.core.main.TestSuiteExecutor.execute(TestSuiteExecutor.java:81)
	at com.kms.katalon.core.main.TestCaseMain.startTestSuite(TestCaseMain.java:157)
	at com.kms.katalon.core.main.TestCaseMain$startTestSuite$0.call(Unknown Source)
	at TempTestSuite1558580976607.run(TempTestSuite1558580976607.groovy:35)
Caused by: com.kms.katalon.core.webui.exception.WebElementNotFoundException: Web element with id: 'Object Repository/Page_New community/button_Skip this step' located by 'By.xpath: //main[@id='main']/div/div/div[3]/button[2]' not found
	at com.kms.katalon.core.webui.common.WebUiCommonHelper.findWebElement(WebUiCommonHelper.java:1097)
	at com.kms.katalon.core.webui.keyword.internal.WebUIAbstractKeyword.findWebElement(WebUIAbstractKeyword.groovy:27)
	at com.kms.katalon.core.webui.keyword.internal.WebUIAbstractKeyword.findWebElement(WebUIAbstractKeyword.groovy:26)
	at com.kms.katalon.core.webui.keyword.builtin.ClickKeyword$_click_closure1.doCall(ClickKeyword.groovy:77)
	at com.kms.katalon.core.webui.keyword.builtin.ClickKeyword$_click_closure1.call(ClickKeyword.groovy)
	at com.kms.katalon.core.webui.keyword.internal.WebUIKeywordMain.runKeyword(WebUIKeywordMain.groovy:20)
	at com.kms.katalon.core.webui.keyword.builtin.ClickKeyword.click(ClickKeyword.groovy:86)
	at com.kms.katalon.core.webui.keyword.builtin.ClickKeyword.execute(ClickKeyword.groovy:67)
	at com.kms.katalon.core.keyword.internal.KeywordExecutor.executeKeywordForPlatform(KeywordExecutor.groovy:56)
	at com.kms.katalon.core.webui.keyword.WebUiBuiltInKeywords.click(WebUiBuiltInKeywords.groovy:616)
	at com.kms.katalon.core.webui.keyword.WebUiBuiltInKeywords$click$1.call(Unknown Source)
	at Script1557850473974.run(Script1557850473974.groovy:47)
	... 13 more]]></system-err>
   </testsuite>
</testsuites>
