<?xml version="1.0" encoding="UTF-8"?>
<testsuites name="Test Suite Create Communities CSV" time="155" tests="5" failures="0" errors="0">
   <testsuite name="Test Suite Create Communities CSV" tests="5" failures="0" errors="0" time="155" timestamp="2019-05-22 23:34:31" hostname="MinhCuong - 192.168.112.29" id="Test Suites/Driven Test Create Communies CSV/Test Suite Create Communities CSV">
      <properties>
         <property name="deviceName" value=""/>
         <property name="devicePlatform" value=""/>
         <property name="logFolder" value="D:\\HCMUS DATA\\Tern2-4th\\CCDNCTPTPM\\BT\\HW2\\Project\\TED_Team-Test_Project\\TED_Team-Test_Project\\Reports\\Driven Test Create Communies CSV\\Test Suite Create Communities CSV\\20190522_233429"/>
         <property name="logFiles" value="D:\\HCMUS DATA\\Tern2-4th\\CCDNCTPTPM\\BT\\HW2\\Project\\TED_Team-Test_Project\\TED_Team-Test_Project\\Reports\\Driven Test Create Communies CSV\\Test Suite Create Communities CSV\\20190522_233429\\execution0.log"/>
         <property name="attachments" value=""/>
         <property name="hostName" value="MinhCuong - 192.168.112.29"/>
         <property name="os" value="Windows 10 64bit"/>
         <property name="katalonVersion" value="6.1.2.2"/>
         <property name="browser" value="Firefox 66.0"/>
         <property name="hostAddress" value="192.168.112.29"/>
         <property name="sessionId" value="ce9a2b3b-02ce-4127-b9a2-efa2bd307020"/>
         <property name="seleniumVersion" value="3.7.1"/>
         <property name="proxyInformation" value="ProxyInformation{proxyOption=NO_PROXY, proxyServerType=HTTP, password=, proxyServerAddress=, proxyServerPort=0}"/>
         <property name="platform" value="Windows 10"/>
      </properties>
      <testcase name="Test Cases/Data-driven test case/Create Community use CSV" classname="Test Cases/Data-driven test case/Create Community use CSV" status="PASSED">
         <system-out><![CDATA[2019-05-22 23:34:31 - [TEST_CASE][PASSED] - Test Cases/Data-driven test case/Create Community use CSV: Test Cases/Data-driven test case/Create Community use CSV

2019-05-22 23:34:32 - [TEST_STEP][PASSED] - openBrowser(""): Browser is opened with url: ''

2019-05-22 23:34:32 - [MESSAGE][INFO] - Starting 'Firefox' driver

2019-05-22 23:34:32 - [MESSAGE][INFO] - Action delay is set to 0 seconds

2019-05-22 23:34:37 - [MESSAGE][PASSED] - Browser is opened with url: ''

2019-05-22 23:34:37 - [TEST_STEP][PASSED] - navigateToUrl("http://localhost:3000/"): Navigate to 'http://localhost:3000/' successfully

2019-05-22 23:34:39 - [MESSAGE][PASSED] - Navigate to 'http://localhost:3000/' successfully

2019-05-22 23:34:39 - [TEST_STEP][PASSED] - click(findTestObject("Page_Spectrum/button_Log in or sign up")): Object: 'Object Repository/Page_Spectrum/button_Log in or sign up' is clicked on

2019-05-22 23:34:41 - [MESSAGE][PASSED] - Object: 'Object Repository/Page_Spectrum/button_Log in or sign up' is clicked on

2019-05-22 23:34:41 - [TEST_STEP][PASSED] - click(findTestObject("Page_Spectrum/span_Sign in with GitHub")): Object: 'Object Repository/Page_Spectrum/span_Sign in with GitHub' is clicked on

2019-05-22 23:34:45 - [MESSAGE][PASSED] - Object: 'Object Repository/Page_Spectrum/span_Sign in with GitHub' is clicked on

2019-05-22 23:34:45 - [TEST_STEP][PASSED] - setText(findTestObject("Page_Sign in to GitHub  GitHub/input_Username or email address_login"), "minhcuongit"): Text 'minhcuongit' is set on object 'Object Repository/Page_Sign in to GitHub  GitHub/input_Username or email address_login'

2019-05-22 23:34:45 - [MESSAGE][PASSED] - Text 'minhcuongit' is set on object 'Object Repository/Page_Sign in to GitHub  GitHub/input_Username or email address_login'

2019-05-22 23:34:45 - [TEST_STEP][PASSED] - setEncryptedText(findTestObject("Page_Sign in to GitHub  GitHub/input_Forgot password_password"), "9e5/e4jZbrkRPxL/am/6uYGu2iBUrIMS"): Text ****** has been set on object 'Object Repository/Page_Sign in to GitHub  GitHub/input_Forgot password_password'

2019-05-22 23:34:45 - [MESSAGE][PASSED] - Text ****** has been set on object 'Object Repository/Page_Sign in to GitHub  GitHub/input_Forgot password_password'

2019-05-22 23:34:45 - [TEST_STEP][PASSED] - click(findTestObject("Page_Sign in to GitHub  GitHub/input_Forgot password_commit")): Object: 'Object Repository/Page_Sign in to GitHub  GitHub/input_Forgot password_commit' is clicked on

2019-05-22 23:34:51 - [MESSAGE][PASSED] - Object: 'Object Repository/Page_Sign in to GitHub  GitHub/input_Forgot password_commit' is clicked on

2019-05-22 23:34:51 - [TEST_STEP][PASSED] - click(findTestObject("Page_Spectrum community/img_Explore_style__Img-u3znqr-3 kJsvJN")): Object: 'Object Repository/Page_Spectrum community/img_Explore_style__Img-u3znqr-3 kJsvJN' is clicked on

2019-05-22 23:34:55 - [MESSAGE][PASSED] - Object: 'Object Repository/Page_Spectrum community/img_Explore_style__Img-u3znqr-3 kJsvJN' is clicked on

2019-05-22 23:34:55 - [TEST_STEP][PASSED] - navigateToUrl("http://localhost:3000/new/community"): Navigate to 'http://localhost:3000/new/community' successfully

2019-05-22 23:34:56 - [MESSAGE][PASSED] - Navigate to 'http://localhost:3000/new/community' successfully

2019-05-22 23:34:56 - [TEST_STEP][PASSED] - setText(findTestObject("Object Repository/Page_New community/input_What is your community called_style__StyledInput-sc-17zryot-2 jHXlSy"), community_name): Text 'My community 01' is set on object 'Object Repository/Page_New community/input_What is your community called_style__StyledInput-sc-17zryot-2 jHXlSy'

2019-05-22 23:34:58 - [MESSAGE][PASSED] - Text 'My community 01' is set on object 'Object Repository/Page_New community/input_What is your community called_style__StyledInput-sc-17zryot-2 jHXlSy'

2019-05-22 23:34:58 - [TEST_STEP][PASSED] - setText(findTestObject("Object Repository/Page_New community/textarea_dd"), describe): Text 'This is decribe for community 01' is set on object 'Object Repository/Page_New community/textarea_dd'

2019-05-22 23:34:59 - [MESSAGE][PASSED] - Text 'This is decribe for community 01' is set on object 'Object Repository/Page_New community/textarea_dd'

2019-05-22 23:34:59 - [TEST_STEP][PASSED] - setText(findTestObject("Object Repository/Page_New community/input_Optional Add your communitys website_style__StyledInput-sc-17zryot-2 jHXlSy"), website): Text 'www.community01.com' is set on object 'Object Repository/Page_New community/input_Optional Add your communitys website_style__StyledInput-sc-17zryot-2 jHXlSy'

2019-05-22 23:34:59 - [MESSAGE][PASSED] - Text 'www.community01.com' is set on object 'Object Repository/Page_New community/input_Optional Add your communitys website_style__StyledInput-sc-17zryot-2 jHXlSy'

2019-05-22 23:34:59 - [TEST_STEP][PASSED] - click(findTestObject("Object Repository/Page_New community/div_checkboxI have read the Spectrum Code of Conduct and agree to enforce it in my community")): Object: 'Object Repository/Page_New community/div_checkboxI have read the Spectrum Code of Conduct and agree to enforce it in my community' is clicked on

2019-05-22 23:34:59 - [MESSAGE][PASSED] - Object: 'Object Repository/Page_New community/div_checkboxI have read the Spectrum Code of Conduct and agree to enforce it in my community' is clicked on

2019-05-22 23:34:59 - [TEST_STEP][PASSED] - click(findTestObject("Object Repository/Page_New community/button_Create Community  Continue")): Object: 'Object Repository/Page_New community/button_Create Community  Continue' is clicked on

2019-05-22 23:35:00 - [MESSAGE][PASSED] - Object: 'Object Repository/Page_New community/button_Create Community  Continue' is clicked on

2019-05-22 23:35:00 - [TEST_STEP][PASSED] - click(findTestObject("Object Repository/Page_New community/button_Skip this step")): Object: 'Object Repository/Page_New community/button_Skip this step' is clicked on

2019-05-22 23:35:01 - [MESSAGE][PASSED] - Object: 'Object Repository/Page_New community/button_Skip this step' is clicked on

2019-05-22 23:35:01 - [TEST_STEP][PASSED] - click(findTestObject("Object Repository/Page_New community/button_Go to my community")): Object: 'Object Repository/Page_New community/button_Go to my community' is clicked on

2019-05-22 23:35:02 - [MESSAGE][PASSED] - Object: 'Object Repository/Page_New community/button_Go to my community' is clicked on]]></system-out>
         <system-err><![CDATA[]]></system-err>
      </testcase>
      <testcase name="Test Cases/Data-driven test case/Create Community use CSV" classname="Test Cases/Data-driven test case/Create Community use CSV" status="PASSED">
         <system-out><![CDATA[2019-05-22 23:35:02 - [TEST_CASE][PASSED] - Test Cases/Data-driven test case/Create Community use CSV: Test Cases/Data-driven test case/Create Community use CSV

2019-05-22 23:35:02 - [TEST_STEP][PASSED] - openBrowser(""): Browser is opened with url: ''

2019-05-22 23:35:03 - [MESSAGE][WARNING] - A browser is already opened. Closing browser and opening a new one

2019-05-22 23:35:04 - [MESSAGE][INFO] - Starting 'Firefox' driver

2019-05-22 23:35:07 - [MESSAGE][PASSED] - Browser is opened with url: ''

2019-05-22 23:35:07 - [TEST_STEP][PASSED] - navigateToUrl("http://localhost:3000/"): Navigate to 'http://localhost:3000/' successfully

2019-05-22 23:35:09 - [MESSAGE][PASSED] - Navigate to 'http://localhost:3000/' successfully

2019-05-22 23:35:09 - [TEST_STEP][PASSED] - click(findTestObject("Page_Spectrum/button_Log in or sign up")): Object: 'Object Repository/Page_Spectrum/button_Log in or sign up' is clicked on

2019-05-22 23:35:11 - [MESSAGE][PASSED] - Object: 'Object Repository/Page_Spectrum/button_Log in or sign up' is clicked on

2019-05-22 23:35:11 - [TEST_STEP][PASSED] - click(findTestObject("Page_Spectrum/span_Sign in with GitHub")): Object: 'Object Repository/Page_Spectrum/span_Sign in with GitHub' is clicked on

2019-05-22 23:35:13 - [MESSAGE][PASSED] - Object: 'Object Repository/Page_Spectrum/span_Sign in with GitHub' is clicked on

2019-05-22 23:35:13 - [TEST_STEP][PASSED] - setText(findTestObject("Page_Sign in to GitHub  GitHub/input_Username or email address_login"), "minhcuongit"): Text 'minhcuongit' is set on object 'Object Repository/Page_Sign in to GitHub  GitHub/input_Username or email address_login'

2019-05-22 23:35:13 - [MESSAGE][PASSED] - Text 'minhcuongit' is set on object 'Object Repository/Page_Sign in to GitHub  GitHub/input_Username or email address_login'

2019-05-22 23:35:13 - [TEST_STEP][PASSED] - setEncryptedText(findTestObject("Page_Sign in to GitHub  GitHub/input_Forgot password_password"), "9e5/e4jZbrkRPxL/am/6uYGu2iBUrIMS"): Text ****** has been set on object 'Object Repository/Page_Sign in to GitHub  GitHub/input_Forgot password_password'

2019-05-22 23:35:13 - [MESSAGE][PASSED] - Text ****** has been set on object 'Object Repository/Page_Sign in to GitHub  GitHub/input_Forgot password_password'

2019-05-22 23:35:13 - [TEST_STEP][PASSED] - click(findTestObject("Page_Sign in to GitHub  GitHub/input_Forgot password_commit")): Object: 'Object Repository/Page_Sign in to GitHub  GitHub/input_Forgot password_commit' is clicked on

2019-05-22 23:35:26 - [MESSAGE][PASSED] - Object: 'Object Repository/Page_Sign in to GitHub  GitHub/input_Forgot password_commit' is clicked on

2019-05-22 23:35:26 - [TEST_STEP][PASSED] - click(findTestObject("Page_Spectrum community/img_Explore_style__Img-u3znqr-3 kJsvJN")): Object: 'Object Repository/Page_Spectrum community/img_Explore_style__Img-u3znqr-3 kJsvJN' is clicked on

2019-05-22 23:35:29 - [MESSAGE][PASSED] - Object: 'Object Repository/Page_Spectrum community/img_Explore_style__Img-u3znqr-3 kJsvJN' is clicked on

2019-05-22 23:35:29 - [TEST_STEP][PASSED] - navigateToUrl("http://localhost:3000/new/community"): Navigate to 'http://localhost:3000/new/community' successfully

2019-05-22 23:35:31 - [MESSAGE][PASSED] - Navigate to 'http://localhost:3000/new/community' successfully

2019-05-22 23:35:31 - [TEST_STEP][PASSED] - setText(findTestObject("Object Repository/Page_New community/input_What is your community called_style__StyledInput-sc-17zryot-2 jHXlSy"), community_name): Text 'My community 02' is set on object 'Object Repository/Page_New community/input_What is your community called_style__StyledInput-sc-17zryot-2 jHXlSy'

2019-05-22 23:35:32 - [MESSAGE][PASSED] - Text 'My community 02' is set on object 'Object Repository/Page_New community/input_What is your community called_style__StyledInput-sc-17zryot-2 jHXlSy'

2019-05-22 23:35:32 - [TEST_STEP][PASSED] - setText(findTestObject("Object Repository/Page_New community/textarea_dd"), describe): Text 'This is decribe for community 02' is set on object 'Object Repository/Page_New community/textarea_dd'

2019-05-22 23:35:33 - [MESSAGE][PASSED] - Text 'This is decribe for community 02' is set on object 'Object Repository/Page_New community/textarea_dd'

2019-05-22 23:35:33 - [TEST_STEP][PASSED] - setText(findTestObject("Object Repository/Page_New community/input_Optional Add your communitys website_style__StyledInput-sc-17zryot-2 jHXlSy"), website): Text 'www.community02.com' is set on object 'Object Repository/Page_New community/input_Optional Add your communitys website_style__StyledInput-sc-17zryot-2 jHXlSy'

2019-05-22 23:35:33 - [MESSAGE][PASSED] - Text 'www.community02.com' is set on object 'Object Repository/Page_New community/input_Optional Add your communitys website_style__StyledInput-sc-17zryot-2 jHXlSy'

2019-05-22 23:35:33 - [TEST_STEP][PASSED] - click(findTestObject("Object Repository/Page_New community/div_checkboxI have read the Spectrum Code of Conduct and agree to enforce it in my community")): Object: 'Object Repository/Page_New community/div_checkboxI have read the Spectrum Code of Conduct and agree to enforce it in my community' is clicked on

2019-05-22 23:35:33 - [MESSAGE][PASSED] - Object: 'Object Repository/Page_New community/div_checkboxI have read the Spectrum Code of Conduct and agree to enforce it in my community' is clicked on

2019-05-22 23:35:33 - [TEST_STEP][PASSED] - click(findTestObject("Object Repository/Page_New community/button_Create Community  Continue")): Object: 'Object Repository/Page_New community/button_Create Community  Continue' is clicked on

2019-05-22 23:35:34 - [MESSAGE][PASSED] - Object: 'Object Repository/Page_New community/button_Create Community  Continue' is clicked on

2019-05-22 23:35:34 - [TEST_STEP][PASSED] - click(findTestObject("Object Repository/Page_New community/button_Skip this step")): Object: 'Object Repository/Page_New community/button_Skip this step' is clicked on

2019-05-22 23:35:35 - [MESSAGE][PASSED] - Object: 'Object Repository/Page_New community/button_Skip this step' is clicked on

2019-05-22 23:35:35 - [TEST_STEP][PASSED] - click(findTestObject("Object Repository/Page_New community/button_Go to my community")): Object: 'Object Repository/Page_New community/button_Go to my community' is clicked on

2019-05-22 23:35:37 - [MESSAGE][PASSED] - Object: 'Object Repository/Page_New community/button_Go to my community' is clicked on]]></system-out>
         <system-err><![CDATA[]]></system-err>
      </testcase>
      <testcase name="Test Cases/Data-driven test case/Create Community use CSV" classname="Test Cases/Data-driven test case/Create Community use CSV" status="PASSED">
         <system-out><![CDATA[2019-05-22 23:35:37 - [TEST_CASE][PASSED] - Test Cases/Data-driven test case/Create Community use CSV: Test Cases/Data-driven test case/Create Community use CSV

2019-05-22 23:35:37 - [TEST_STEP][PASSED] - openBrowser(""): Browser is opened with url: ''

2019-05-22 23:35:37 - [MESSAGE][WARNING] - A browser is already opened. Closing browser and opening a new one

2019-05-22 23:35:38 - [MESSAGE][INFO] - Starting 'Firefox' driver

2019-05-22 23:35:41 - [MESSAGE][PASSED] - Browser is opened with url: ''

2019-05-22 23:35:41 - [TEST_STEP][PASSED] - navigateToUrl("http://localhost:3000/"): Navigate to 'http://localhost:3000/' successfully

2019-05-22 23:35:43 - [MESSAGE][PASSED] - Navigate to 'http://localhost:3000/' successfully

2019-05-22 23:35:43 - [TEST_STEP][PASSED] - click(findTestObject("Page_Spectrum/button_Log in or sign up")): Object: 'Object Repository/Page_Spectrum/button_Log in or sign up' is clicked on

2019-05-22 23:35:45 - [MESSAGE][PASSED] - Object: 'Object Repository/Page_Spectrum/button_Log in or sign up' is clicked on

2019-05-22 23:35:45 - [TEST_STEP][PASSED] - click(findTestObject("Page_Spectrum/span_Sign in with GitHub")): Object: 'Object Repository/Page_Spectrum/span_Sign in with GitHub' is clicked on

2019-05-22 23:35:48 - [MESSAGE][PASSED] - Object: 'Object Repository/Page_Spectrum/span_Sign in with GitHub' is clicked on

2019-05-22 23:35:48 - [TEST_STEP][PASSED] - setText(findTestObject("Page_Sign in to GitHub  GitHub/input_Username or email address_login"), "minhcuongit"): Text 'minhcuongit' is set on object 'Object Repository/Page_Sign in to GitHub  GitHub/input_Username or email address_login'

2019-05-22 23:35:48 - [MESSAGE][PASSED] - Text 'minhcuongit' is set on object 'Object Repository/Page_Sign in to GitHub  GitHub/input_Username or email address_login'

2019-05-22 23:35:48 - [TEST_STEP][PASSED] - setEncryptedText(findTestObject("Page_Sign in to GitHub  GitHub/input_Forgot password_password"), "9e5/e4jZbrkRPxL/am/6uYGu2iBUrIMS"): Text ****** has been set on object 'Object Repository/Page_Sign in to GitHub  GitHub/input_Forgot password_password'

2019-05-22 23:35:48 - [MESSAGE][PASSED] - Text ****** has been set on object 'Object Repository/Page_Sign in to GitHub  GitHub/input_Forgot password_password'

2019-05-22 23:35:48 - [TEST_STEP][PASSED] - click(findTestObject("Page_Sign in to GitHub  GitHub/input_Forgot password_commit")): Object: 'Object Repository/Page_Sign in to GitHub  GitHub/input_Forgot password_commit' is clicked on

2019-05-22 23:35:54 - [MESSAGE][PASSED] - Object: 'Object Repository/Page_Sign in to GitHub  GitHub/input_Forgot password_commit' is clicked on

2019-05-22 23:35:54 - [TEST_STEP][PASSED] - click(findTestObject("Page_Spectrum community/img_Explore_style__Img-u3znqr-3 kJsvJN")): Object: 'Object Repository/Page_Spectrum community/img_Explore_style__Img-u3znqr-3 kJsvJN' is clicked on

2019-05-22 23:36:00 - [MESSAGE][PASSED] - Object: 'Object Repository/Page_Spectrum community/img_Explore_style__Img-u3znqr-3 kJsvJN' is clicked on

2019-05-22 23:36:00 - [TEST_STEP][PASSED] - navigateToUrl("http://localhost:3000/new/community"): Navigate to 'http://localhost:3000/new/community' successfully

2019-05-22 23:36:01 - [MESSAGE][PASSED] - Navigate to 'http://localhost:3000/new/community' successfully

2019-05-22 23:36:01 - [TEST_STEP][PASSED] - setText(findTestObject("Object Repository/Page_New community/input_What is your community called_style__StyledInput-sc-17zryot-2 jHXlSy"), community_name): Text 'My community 03' is set on object 'Object Repository/Page_New community/input_What is your community called_style__StyledInput-sc-17zryot-2 jHXlSy'

2019-05-22 23:36:03 - [MESSAGE][PASSED] - Text 'My community 03' is set on object 'Object Repository/Page_New community/input_What is your community called_style__StyledInput-sc-17zryot-2 jHXlSy'

2019-05-22 23:36:03 - [TEST_STEP][PASSED] - setText(findTestObject("Object Repository/Page_New community/textarea_dd"), describe): Text 'This is decribe for community 03' is set on object 'Object Repository/Page_New community/textarea_dd'

2019-05-22 23:36:03 - [MESSAGE][PASSED] - Text 'This is decribe for community 03' is set on object 'Object Repository/Page_New community/textarea_dd'

2019-05-22 23:36:03 - [TEST_STEP][PASSED] - setText(findTestObject("Object Repository/Page_New community/input_Optional Add your communitys website_style__StyledInput-sc-17zryot-2 jHXlSy"), website): Text 'www.community03.com' is set on object 'Object Repository/Page_New community/input_Optional Add your communitys website_style__StyledInput-sc-17zryot-2 jHXlSy'

2019-05-22 23:36:03 - [MESSAGE][PASSED] - Text 'www.community03.com' is set on object 'Object Repository/Page_New community/input_Optional Add your communitys website_style__StyledInput-sc-17zryot-2 jHXlSy'

2019-05-22 23:36:03 - [TEST_STEP][PASSED] - click(findTestObject("Object Repository/Page_New community/div_checkboxI have read the Spectrum Code of Conduct and agree to enforce it in my community")): Object: 'Object Repository/Page_New community/div_checkboxI have read the Spectrum Code of Conduct and agree to enforce it in my community' is clicked on

2019-05-22 23:36:04 - [MESSAGE][PASSED] - Object: 'Object Repository/Page_New community/div_checkboxI have read the Spectrum Code of Conduct and agree to enforce it in my community' is clicked on

2019-05-22 23:36:04 - [TEST_STEP][PASSED] - click(findTestObject("Object Repository/Page_New community/button_Create Community  Continue")): Object: 'Object Repository/Page_New community/button_Create Community  Continue' is clicked on

2019-05-22 23:36:04 - [MESSAGE][PASSED] - Object: 'Object Repository/Page_New community/button_Create Community  Continue' is clicked on

2019-05-22 23:36:04 - [TEST_STEP][PASSED] - click(findTestObject("Object Repository/Page_New community/button_Skip this step")): Object: 'Object Repository/Page_New community/button_Skip this step' is clicked on

2019-05-22 23:36:06 - [MESSAGE][PASSED] - Object: 'Object Repository/Page_New community/button_Skip this step' is clicked on

2019-05-22 23:36:06 - [TEST_STEP][PASSED] - click(findTestObject("Object Repository/Page_New community/button_Go to my community")): Object: 'Object Repository/Page_New community/button_Go to my community' is clicked on

2019-05-22 23:36:08 - [MESSAGE][PASSED] - Object: 'Object Repository/Page_New community/button_Go to my community' is clicked on]]></system-out>
         <system-err><![CDATA[]]></system-err>
      </testcase>
      <testcase name="Test Cases/Data-driven test case/Create Community use CSV" classname="Test Cases/Data-driven test case/Create Community use CSV" status="PASSED">
         <system-out><![CDATA[2019-05-22 23:36:08 - [TEST_CASE][PASSED] - Test Cases/Data-driven test case/Create Community use CSV: Test Cases/Data-driven test case/Create Community use CSV

2019-05-22 23:36:08 - [TEST_STEP][PASSED] - openBrowser(""): Browser is opened with url: ''

2019-05-22 23:36:08 - [MESSAGE][WARNING] - A browser is already opened. Closing browser and opening a new one

2019-05-22 23:36:09 - [MESSAGE][INFO] - Starting 'Firefox' driver

2019-05-22 23:36:12 - [MESSAGE][PASSED] - Browser is opened with url: ''

2019-05-22 23:36:12 - [TEST_STEP][PASSED] - navigateToUrl("http://localhost:3000/"): Navigate to 'http://localhost:3000/' successfully

2019-05-22 23:36:14 - [MESSAGE][PASSED] - Navigate to 'http://localhost:3000/' successfully

2019-05-22 23:36:14 - [TEST_STEP][PASSED] - click(findTestObject("Page_Spectrum/button_Log in or sign up")): Object: 'Object Repository/Page_Spectrum/button_Log in or sign up' is clicked on

2019-05-22 23:36:15 - [MESSAGE][PASSED] - Object: 'Object Repository/Page_Spectrum/button_Log in or sign up' is clicked on

2019-05-22 23:36:15 - [TEST_STEP][PASSED] - click(findTestObject("Page_Spectrum/span_Sign in with GitHub")): Object: 'Object Repository/Page_Spectrum/span_Sign in with GitHub' is clicked on

2019-05-22 23:36:18 - [MESSAGE][PASSED] - Object: 'Object Repository/Page_Spectrum/span_Sign in with GitHub' is clicked on

2019-05-22 23:36:18 - [TEST_STEP][PASSED] - setText(findTestObject("Page_Sign in to GitHub  GitHub/input_Username or email address_login"), "minhcuongit"): Text 'minhcuongit' is set on object 'Object Repository/Page_Sign in to GitHub  GitHub/input_Username or email address_login'

2019-05-22 23:36:18 - [MESSAGE][PASSED] - Text 'minhcuongit' is set on object 'Object Repository/Page_Sign in to GitHub  GitHub/input_Username or email address_login'

2019-05-22 23:36:18 - [TEST_STEP][PASSED] - setEncryptedText(findTestObject("Page_Sign in to GitHub  GitHub/input_Forgot password_password"), "9e5/e4jZbrkRPxL/am/6uYGu2iBUrIMS"): Text ****** has been set on object 'Object Repository/Page_Sign in to GitHub  GitHub/input_Forgot password_password'

2019-05-22 23:36:18 - [MESSAGE][PASSED] - Text ****** has been set on object 'Object Repository/Page_Sign in to GitHub  GitHub/input_Forgot password_password'

2019-05-22 23:36:18 - [TEST_STEP][PASSED] - click(findTestObject("Page_Sign in to GitHub  GitHub/input_Forgot password_commit")): Object: 'Object Repository/Page_Sign in to GitHub  GitHub/input_Forgot password_commit' is clicked on

2019-05-22 23:36:24 - [MESSAGE][PASSED] - Object: 'Object Repository/Page_Sign in to GitHub  GitHub/input_Forgot password_commit' is clicked on

2019-05-22 23:36:24 - [TEST_STEP][PASSED] - click(findTestObject("Page_Spectrum community/img_Explore_style__Img-u3znqr-3 kJsvJN")): Object: 'Object Repository/Page_Spectrum community/img_Explore_style__Img-u3znqr-3 kJsvJN' is clicked on

2019-05-22 23:36:29 - [MESSAGE][PASSED] - Object: 'Object Repository/Page_Spectrum community/img_Explore_style__Img-u3znqr-3 kJsvJN' is clicked on

2019-05-22 23:36:29 - [TEST_STEP][PASSED] - navigateToUrl("http://localhost:3000/new/community"): Navigate to 'http://localhost:3000/new/community' successfully

2019-05-22 23:36:30 - [MESSAGE][PASSED] - Navigate to 'http://localhost:3000/new/community' successfully

2019-05-22 23:36:30 - [TEST_STEP][PASSED] - setText(findTestObject("Object Repository/Page_New community/input_What is your community called_style__StyledInput-sc-17zryot-2 jHXlSy"), community_name): Text 'My community 04' is set on object 'Object Repository/Page_New community/input_What is your community called_style__StyledInput-sc-17zryot-2 jHXlSy'

2019-05-22 23:36:33 - [MESSAGE][PASSED] - Text 'My community 04' is set on object 'Object Repository/Page_New community/input_What is your community called_style__StyledInput-sc-17zryot-2 jHXlSy'

2019-05-22 23:36:33 - [TEST_STEP][PASSED] - setText(findTestObject("Object Repository/Page_New community/textarea_dd"), describe): Text 'This is decribe for community 04' is set on object 'Object Repository/Page_New community/textarea_dd'

2019-05-22 23:36:33 - [MESSAGE][PASSED] - Text 'This is decribe for community 04' is set on object 'Object Repository/Page_New community/textarea_dd'

2019-05-22 23:36:33 - [TEST_STEP][PASSED] - setText(findTestObject("Object Repository/Page_New community/input_Optional Add your communitys website_style__StyledInput-sc-17zryot-2 jHXlSy"), website): Text 'www.community04.com' is set on object 'Object Repository/Page_New community/input_Optional Add your communitys website_style__StyledInput-sc-17zryot-2 jHXlSy'

2019-05-22 23:36:33 - [MESSAGE][PASSED] - Text 'www.community04.com' is set on object 'Object Repository/Page_New community/input_Optional Add your communitys website_style__StyledInput-sc-17zryot-2 jHXlSy'

2019-05-22 23:36:33 - [TEST_STEP][PASSED] - click(findTestObject("Object Repository/Page_New community/div_checkboxI have read the Spectrum Code of Conduct and agree to enforce it in my community")): Object: 'Object Repository/Page_New community/div_checkboxI have read the Spectrum Code of Conduct and agree to enforce it in my community' is clicked on

2019-05-22 23:36:34 - [MESSAGE][PASSED] - Object: 'Object Repository/Page_New community/div_checkboxI have read the Spectrum Code of Conduct and agree to enforce it in my community' is clicked on

2019-05-22 23:36:34 - [TEST_STEP][PASSED] - click(findTestObject("Object Repository/Page_New community/button_Create Community  Continue")): Object: 'Object Repository/Page_New community/button_Create Community  Continue' is clicked on

2019-05-22 23:36:34 - [MESSAGE][PASSED] - Object: 'Object Repository/Page_New community/button_Create Community  Continue' is clicked on

2019-05-22 23:36:34 - [TEST_STEP][PASSED] - click(findTestObject("Object Repository/Page_New community/button_Skip this step")): Object: 'Object Repository/Page_New community/button_Skip this step' is clicked on

2019-05-22 23:36:35 - [MESSAGE][PASSED] - Object: 'Object Repository/Page_New community/button_Skip this step' is clicked on

2019-05-22 23:36:35 - [TEST_STEP][PASSED] - click(findTestObject("Object Repository/Page_New community/button_Go to my community")): Object: 'Object Repository/Page_New community/button_Go to my community' is clicked on

2019-05-22 23:36:37 - [MESSAGE][PASSED] - Object: 'Object Repository/Page_New community/button_Go to my community' is clicked on]]></system-out>
         <system-err><![CDATA[]]></system-err>
      </testcase>
      <testcase name="Test Cases/Data-driven test case/Create Community use CSV" classname="Test Cases/Data-driven test case/Create Community use CSV" status="PASSED">
         <system-out><![CDATA[2019-05-22 23:36:37 - [TEST_CASE][PASSED] - Test Cases/Data-driven test case/Create Community use CSV: Test Cases/Data-driven test case/Create Community use CSV

2019-05-22 23:36:37 - [TEST_STEP][PASSED] - openBrowser(""): Browser is opened with url: ''

2019-05-22 23:36:37 - [MESSAGE][WARNING] - A browser is already opened. Closing browser and opening a new one

2019-05-22 23:36:38 - [MESSAGE][INFO] - Starting 'Firefox' driver

2019-05-22 23:36:42 - [MESSAGE][PASSED] - Browser is opened with url: ''

2019-05-22 23:36:42 - [TEST_STEP][PASSED] - navigateToUrl("http://localhost:3000/"): Navigate to 'http://localhost:3000/' successfully

2019-05-22 23:36:44 - [MESSAGE][PASSED] - Navigate to 'http://localhost:3000/' successfully

2019-05-22 23:36:44 - [TEST_STEP][PASSED] - click(findTestObject("Page_Spectrum/button_Log in or sign up")): Object: 'Object Repository/Page_Spectrum/button_Log in or sign up' is clicked on

2019-05-22 23:36:45 - [MESSAGE][PASSED] - Object: 'Object Repository/Page_Spectrum/button_Log in or sign up' is clicked on

2019-05-22 23:36:45 - [TEST_STEP][PASSED] - click(findTestObject("Page_Spectrum/span_Sign in with GitHub")): Object: 'Object Repository/Page_Spectrum/span_Sign in with GitHub' is clicked on

2019-05-22 23:36:48 - [MESSAGE][PASSED] - Object: 'Object Repository/Page_Spectrum/span_Sign in with GitHub' is clicked on

2019-05-22 23:36:48 - [TEST_STEP][PASSED] - setText(findTestObject("Page_Sign in to GitHub  GitHub/input_Username or email address_login"), "minhcuongit"): Text 'minhcuongit' is set on object 'Object Repository/Page_Sign in to GitHub  GitHub/input_Username or email address_login'

2019-05-22 23:36:48 - [MESSAGE][PASSED] - Text 'minhcuongit' is set on object 'Object Repository/Page_Sign in to GitHub  GitHub/input_Username or email address_login'

2019-05-22 23:36:48 - [TEST_STEP][PASSED] - setEncryptedText(findTestObject("Page_Sign in to GitHub  GitHub/input_Forgot password_password"), "9e5/e4jZbrkRPxL/am/6uYGu2iBUrIMS"): Text ****** has been set on object 'Object Repository/Page_Sign in to GitHub  GitHub/input_Forgot password_password'

2019-05-22 23:36:48 - [MESSAGE][PASSED] - Text ****** has been set on object 'Object Repository/Page_Sign in to GitHub  GitHub/input_Forgot password_password'

2019-05-22 23:36:48 - [TEST_STEP][PASSED] - click(findTestObject("Page_Sign in to GitHub  GitHub/input_Forgot password_commit")): Object: 'Object Repository/Page_Sign in to GitHub  GitHub/input_Forgot password_commit' is clicked on

2019-05-22 23:36:53 - [MESSAGE][PASSED] - Object: 'Object Repository/Page_Sign in to GitHub  GitHub/input_Forgot password_commit' is clicked on

2019-05-22 23:36:53 - [TEST_STEP][PASSED] - click(findTestObject("Page_Spectrum community/img_Explore_style__Img-u3znqr-3 kJsvJN")): Object: 'Object Repository/Page_Spectrum community/img_Explore_style__Img-u3znqr-3 kJsvJN' is clicked on

2019-05-22 23:36:58 - [MESSAGE][PASSED] - Object: 'Object Repository/Page_Spectrum community/img_Explore_style__Img-u3znqr-3 kJsvJN' is clicked on

2019-05-22 23:36:58 - [TEST_STEP][PASSED] - navigateToUrl("http://localhost:3000/new/community"): Navigate to 'http://localhost:3000/new/community' successfully

2019-05-22 23:36:59 - [MESSAGE][PASSED] - Navigate to 'http://localhost:3000/new/community' successfully

2019-05-22 23:36:59 - [TEST_STEP][PASSED] - setText(findTestObject("Object Repository/Page_New community/input_What is your community called_style__StyledInput-sc-17zryot-2 jHXlSy"), community_name): Text 'My community 05' is set on object 'Object Repository/Page_New community/input_What is your community called_style__StyledInput-sc-17zryot-2 jHXlSy'

2019-05-22 23:37:01 - [MESSAGE][PASSED] - Text 'My community 05' is set on object 'Object Repository/Page_New community/input_What is your community called_style__StyledInput-sc-17zryot-2 jHXlSy'

2019-05-22 23:37:01 - [TEST_STEP][PASSED] - setText(findTestObject("Object Repository/Page_New community/textarea_dd"), describe): Text 'This is decribe for community 05' is set on object 'Object Repository/Page_New community/textarea_dd'

2019-05-22 23:37:02 - [MESSAGE][PASSED] - Text 'This is decribe for community 05' is set on object 'Object Repository/Page_New community/textarea_dd'

2019-05-22 23:37:02 - [TEST_STEP][PASSED] - setText(findTestObject("Object Repository/Page_New community/input_Optional Add your communitys website_style__StyledInput-sc-17zryot-2 jHXlSy"), website): Text 'www.community05.com' is set on object 'Object Repository/Page_New community/input_Optional Add your communitys website_style__StyledInput-sc-17zryot-2 jHXlSy'

2019-05-22 23:37:02 - [MESSAGE][PASSED] - Text 'www.community05.com' is set on object 'Object Repository/Page_New community/input_Optional Add your communitys website_style__StyledInput-sc-17zryot-2 jHXlSy'

2019-05-22 23:37:02 - [TEST_STEP][PASSED] - click(findTestObject("Object Repository/Page_New community/div_checkboxI have read the Spectrum Code of Conduct and agree to enforce it in my community")): Object: 'Object Repository/Page_New community/div_checkboxI have read the Spectrum Code of Conduct and agree to enforce it in my community' is clicked on

2019-05-22 23:37:02 - [MESSAGE][PASSED] - Object: 'Object Repository/Page_New community/div_checkboxI have read the Spectrum Code of Conduct and agree to enforce it in my community' is clicked on

2019-05-22 23:37:02 - [TEST_STEP][PASSED] - click(findTestObject("Object Repository/Page_New community/button_Create Community  Continue")): Object: 'Object Repository/Page_New community/button_Create Community  Continue' is clicked on

2019-05-22 23:37:03 - [MESSAGE][PASSED] - Object: 'Object Repository/Page_New community/button_Create Community  Continue' is clicked on

2019-05-22 23:37:03 - [TEST_STEP][PASSED] - click(findTestObject("Object Repository/Page_New community/button_Skip this step")): Object: 'Object Repository/Page_New community/button_Skip this step' is clicked on

2019-05-22 23:37:04 - [MESSAGE][PASSED] - Object: 'Object Repository/Page_New community/button_Skip this step' is clicked on

2019-05-22 23:37:04 - [TEST_STEP][PASSED] - click(findTestObject("Object Repository/Page_New community/button_Go to my community")): Object: 'Object Repository/Page_New community/button_Go to my community' is clicked on

2019-05-22 23:37:06 - [MESSAGE][PASSED] - Object: 'Object Repository/Page_New community/button_Go to my community' is clicked on]]></system-out>
         <system-err><![CDATA[]]></system-err>
      </testcase>
      <system-out><![CDATA[2019-05-22 23:34:31 - [TEST_SUITE][PASSED] - Test Suite Create Communities CSV: Test Cases/Data-driven test case/Create Community use CSV]]></system-out>
      <system-err><![CDATA[]]></system-err>
   </testsuite>
</testsuites>
